=== TestU01 BigCrush ===
xxxxxxxxxxxxxxxxxxxxxxxxxxxxxxxxxxxxxxxxxxxxxxxxxxxxxxxxxxx
                 Starting BigCrush
                 Version: TestU01 1.2.3
xxxxxxxxxxxxxxxxxxxxxxxxxxxxxxxxxxxxxxxxxxxxxxxxxxxxxxxxxxx


***********************************************************
Test smarsa_SerialOver calling smultin_MultinomialOver

***********************************************************
HOST = LAPTOP-JUCO3OMC, CYGWIN_NT-10.0-26200

4-cmul Tempest v3


smultin_MultinomialOver test:
-----------------------------------------------
   N =  1,  n = 1000000000,  r =  0,   d =  256,   t =  3,
       Sparse =  FALSE

       GenerCell = smultin_GenerCellSerial
       Number of cells = d^t =           16777216
       Expected number per cell =   59.604645
       Hashing =  FALSE

   For Delta > -1, we use the ChiSquare approximation
   Correction factor of the ChiSquare: 
       Delta =     1,    Mu =   0.0083558402,    Sigma =          1

-----------------------------------------------
Test Results for Delta =   1.0000

Number of degrees of freedom          : 16711680
Value of the statistic                : 1.67e+7
p-value of test                       :    0.07


-----------------------------------------------
CPU time used                    :  00:01:02.75

Generator state:
 4-cmul Tempest v3\n



***********************************************************
Test smarsa_SerialOver calling smultin_MultinomialOver

***********************************************************
HOST = LAPTOP-JUCO3OMC, CYGWIN_NT-10.0-26200

4-cmul Tempest v3


smultin_MultinomialOver test:
-----------------------------------------------
   N =  1,  n = 1000000000,  r = 22,   d =  256,   t =  3,
       Sparse =  FALSE

       GenerCell = smultin_GenerCellSerial
       Number of cells = d^t =           16777216
       Expected number per cell =   59.604645
       Hashing =  FALSE

   For Delta > -1, we use the ChiSquare approximation
   Correction factor of the ChiSquare: 
       Delta =     1,    Mu =   0.0083558402,    Sigma =          1

-----------------------------------------------
Test Results for Delta =   1.0000

Number of degrees of freedom          : 16711680
Value of the statistic                : 1.67e+7
p-value of test                       :    0.58


-----------------------------------------------
CPU time used                    :  00:01:03.59

Generator state:
 4-cmul Tempest v3\n



***********************************************************
Test smarsa_CollisionOver calling smultin_MultinomialOver

***********************************************************
HOST = LAPTOP-JUCO3OMC, CYGWIN_NT-10.0-26200

4-cmul Tempest v3


smultin_MultinomialOver test:
-----------------------------------------------
   N = 30,  n = 20000000,  r =  0,   d = 2097152,   t =  2,
       Sparse =   TRUE

       GenerCell = smultin_GenerCellSerial
       Number of cells = d^t =      4398046511104
       Expected number per cell =  1 /  219902.33
       EColl = n^2 / (2k) =  45.47473509
       Hashing =   TRUE

       Collision test

       CollisionOver:   density = n / k =  1 /  219902.33
       Expected number of collisions = Mu =      45.47


-----------------------------------------------
Results of CollisionOver test:

POISSON approximation                 :
Expected number of collisions = N*Mu  :     1364.24
Observed number of collisions         :     1339
p-value of test                       :    0.75

-----------------------------
Total number of cells containing j balls

  j =  0                              :  131940795334459
  j =  1                              :        599997322
  j =  2                              :             1339
  j =  3                              :                0
  j =  4                              :                0
  j =  5                              :                0

-----------------------------------------------
CPU time used                    :  00:01:40.45

Generator state:
 4-cmul Tempest v3\n



***********************************************************
Test smarsa_CollisionOver calling smultin_MultinomialOver

***********************************************************
HOST = LAPTOP-JUCO3OMC, CYGWIN_NT-10.0-26200

4-cmul Tempest v3


smultin_MultinomialOver test:
-----------------------------------------------
   N = 30,  n = 20000000,  r =  9,   d = 2097152,   t =  2,
       Sparse =   TRUE

       GenerCell = smultin_GenerCellSerial
       Number of cells = d^t =      4398046511104
       Expected number per cell =  1 /  219902.33
       EColl = n^2 / (2k) =  45.47473509
       Hashing =   TRUE

       Collision test

       CollisionOver:   density = n / k =  1 /  219902.33
       Expected number of collisions = Mu =      45.47


-----------------------------------------------
Results of CollisionOver test:

POISSON approximation                 :
Expected number of collisions = N*Mu  :     1364.24
Observed number of collisions         :     1373
p-value of test                       :    0.41

-----------------------------
Total number of cells containing j balls

  j =  0                              :  131940795334493
  j =  1                              :        599997254
  j =  2                              :             1373
  j =  3                              :                0
  j =  4                              :                0
  j =  5                              :                0

-----------------------------------------------
CPU time used                    :  00:01:42.60

Generator state:
 4-cmul Tempest v3\n



***********************************************************
Test smarsa_CollisionOver calling smultin_MultinomialOver

***********************************************************
HOST = LAPTOP-JUCO3OMC, CYGWIN_NT-10.0-26200

4-cmul Tempest v3


smultin_MultinomialOver test:
-----------------------------------------------
   N = 30,  n = 20000000,  r =  0,   d = 16384,   t =  3,
       Sparse =   TRUE

       GenerCell = smultin_GenerCellSerial
       Number of cells = d^t =      4398046511104
       Expected number per cell =  1 /  219902.33
       EColl = n^2 / (2k) =  45.47473509
       Hashing =   TRUE

       Collision test

       CollisionOver:   density = n / k =  1 /  219902.33
       Expected number of collisions = Mu =      45.47


-----------------------------------------------
Results of CollisionOver test:

POISSON approximation                 :
Expected number of collisions = N*Mu  :     1364.24
Observed number of collisions         :     1440
p-value of test                       :    0.02

-----------------------------
Total number of cells containing j balls

  j =  0                              :  131940795334560
  j =  1                              :        599997120
  j =  2                              :             1440
  j =  3                              :                0
  j =  4                              :                0
  j =  5                              :                0

-----------------------------------------------
CPU time used                    :  00:02:06.25

Generator state:
 4-cmul Tempest v3\n



***********************************************************
Test smarsa_CollisionOver calling smultin_MultinomialOver

***********************************************************
HOST = LAPTOP-JUCO3OMC, CYGWIN_NT-10.0-26200

4-cmul Tempest v3


smultin_MultinomialOver test:
-----------------------------------------------
   N = 30,  n = 20000000,  r = 16,   d = 16384,   t =  3,
       Sparse =   TRUE

       GenerCell = smultin_GenerCellSerial
       Number of cells = d^t =      4398046511104
       Expected number per cell =  1 /  219902.33
       EColl = n^2 / (2k) =  45.47473509
       Hashing =   TRUE

       Collision test

       CollisionOver:   density = n / k =  1 /  219902.33
       Expected number of collisions = Mu =      45.47


-----------------------------------------------
Results of CollisionOver test:

POISSON approximation                 :
Expected number of collisions = N*Mu  :     1364.24
Observed number of collisions         :     1311
p-value of test                       :    0.92

-----------------------------
Total number of cells containing j balls

  j =  0                              :  131940795334431
  j =  1                              :        599997378
  j =  2                              :             1311
  j =  3                              :                0
  j =  4                              :                0
  j =  5                              :                0

-----------------------------------------------
CPU time used                    :  00:02:22.26

Generator state:
 4-cmul Tempest v3\n



***********************************************************
Test smarsa_CollisionOver calling smultin_MultinomialOver

***********************************************************
HOST = LAPTOP-JUCO3OMC, CYGWIN_NT-10.0-26200

4-cmul Tempest v3


smultin_MultinomialOver test:
-----------------------------------------------
   N = 30,  n = 20000000,  r =  0,   d =   64,   t =  7,
       Sparse =   TRUE

       GenerCell = smultin_GenerCellSerial
       Number of cells = d^t =      4398046511104
       Expected number per cell =  1 /  219902.33
       EColl = n^2 / (2k) =  45.47473509
       Hashing =   TRUE

       Collision test

       CollisionOver:   density = n / k =  1 /  219902.33
       Expected number of collisions = Mu =      45.47


-----------------------------------------------
Results of CollisionOver test:

POISSON approximation                 :
Expected number of collisions = N*Mu  :     1364.24
Observed number of collisions         :     1348
p-value of test                       :    0.66

-----------------------------
Total number of cells containing j balls

  j =  0                              :  131940795334468
  j =  1                              :        599997304
  j =  2                              :             1348
  j =  3                              :                0
  j =  4                              :                0
  j =  5                              :                0

-----------------------------------------------
CPU time used                    :  00:02:30.14

Generator state:
 4-cmul Tempest v3\n



***********************************************************
Test smarsa_CollisionOver calling smultin_MultinomialOver

***********************************************************
HOST = LAPTOP-JUCO3OMC, CYGWIN_NT-10.0-26200

4-cmul Tempest v3


smultin_MultinomialOver test:
-----------------------------------------------
   N = 30,  n = 20000000,  r = 24,   d =   64,   t =  7,
       Sparse =   TRUE

       GenerCell = smultin_GenerCellSerial
       Number of cells = d^t =      4398046511104
       Expected number per cell =  1 /  219902.33
       EColl = n^2 / (2k) =  45.47473509
       Hashing =   TRUE

       Collision test

       CollisionOver:   density = n / k =  1 /  219902.33
       Expected number of collisions = Mu =      45.47


-----------------------------------------------
Results of CollisionOver test:

POISSON approximation                 :
Expected number of collisions = N*Mu  :     1364.24
Observed number of collisions         :     1315
p-value of test                       :    0.91

-----------------------------
Total number of cells containing j balls

  j =  0                              :  131940795334435
  j =  1                              :        599997370
  j =  2                              :             1315
  j =  3                              :                0
  j =  4                              :                0
  j =  5                              :                0

-----------------------------------------------
CPU time used                    :  00:02:44.54

Generator state:
 4-cmul Tempest v3\n



***********************************************************
Test smarsa_CollisionOver calling smultin_MultinomialOver

***********************************************************
HOST = LAPTOP-JUCO3OMC, CYGWIN_NT-10.0-26200

4-cmul Tempest v3


smultin_MultinomialOver test:
-----------------------------------------------
   N = 30,  n = 20000000,  r =  0,   d =    8,   t = 14,
       Sparse =   TRUE

       GenerCell = smultin_GenerCellSerial
       Number of cells = d^t =      4398046511104
       Expected number per cell =  1 /  219902.33
       EColl = n^2 / (2k) =  45.47473509
       Hashing =   TRUE

       Collision test

       CollisionOver:   density = n / k =  1 /  219902.33
       Expected number of collisions = Mu =      45.47


-----------------------------------------------
Results of CollisionOver test:

POISSON approximation                 :
Expected number of collisions = N*Mu  :     1364.24
Observed number of collisions         :     1352
p-value of test                       :    0.62

-----------------------------
Total number of cells containing j balls

  j =  0                              :  131940795334472
  j =  1                              :        599997296
  j =  2                              :             1352
  j =  3                              :                0
  j =  4                              :                0
  j =  5                              :                0

-----------------------------------------------
CPU time used                    :  00:02:42.39

Generator state:
 4-cmul Tempest v3\n



***********************************************************
Test smarsa_CollisionOver calling smultin_MultinomialOver

***********************************************************
HOST = LAPTOP-JUCO3OMC, CYGWIN_NT-10.0-26200

4-cmul Tempest v3


smultin_MultinomialOver test:
-----------------------------------------------
   N = 30,  n = 20000000,  r = 27,   d =    8,   t = 14,
       Sparse =   TRUE

       GenerCell = smultin_GenerCellSerial
       Number of cells = d^t =      4398046511104
       Expected number per cell =  1 /  219902.33
       EColl = n^2 / (2k) =  45.47473509
       Hashing =   TRUE

       Collision test

       CollisionOver:   density = n / k =  1 /  219902.33
       Expected number of collisions = Mu =      45.47


-----------------------------------------------
Results of CollisionOver test:

POISSON approximation                 :
Expected number of collisions = N*Mu  :     1364.24
Observed number of collisions         :     1346
p-value of test                       :    0.68

-----------------------------
Total number of cells containing j balls

  j =  0                              :  131940795334466
  j =  1                              :        599997308
  j =  2                              :             1346
  j =  3                              :                0
  j =  4                              :                0
  j =  5                              :                0

-----------------------------------------------
CPU time used                    :  00:02:45.14

Generator state:
 4-cmul Tempest v3\n



***********************************************************
Test smarsa_CollisionOver calling smultin_MultinomialOver

***********************************************************
HOST = LAPTOP-JUCO3OMC, CYGWIN_NT-10.0-26200

4-cmul Tempest v3


smultin_MultinomialOver test:
-----------------------------------------------
   N = 30,  n = 20000000,  r =  0,   d =    4,   t = 21,
       Sparse =   TRUE

       GenerCell = smultin_GenerCellSerial
       Number of cells = d^t =      4398046511104
       Expected number per cell =  1 /  219902.33
       EColl = n^2 / (2k) =  45.47473509
       Hashing =   TRUE

       Collision test

       CollisionOver:   density = n / k =  1 /  219902.33
       Expected number of collisions = Mu =      45.47


-----------------------------------------------
Results of CollisionOver test:

POISSON approximation                 :
Expected number of collisions = N*Mu  :     1364.24
Observed number of collisions         :     1381
p-value of test                       :    0.33

-----------------------------
Total number of cells containing j balls

  j =  0                              :  131940795334501
  j =  1                              :        599997238
  j =  2                              :             1381
  j =  3                              :                0
  j =  4                              :                0
  j =  5                              :                0

-----------------------------------------------
CPU time used                    :  00:02:42.06

Generator state:
 4-cmul Tempest v3\n



***********************************************************
Test smarsa_CollisionOver calling smultin_MultinomialOver

***********************************************************
HOST = LAPTOP-JUCO3OMC, CYGWIN_NT-10.0-26200

4-cmul Tempest v3


smultin_MultinomialOver test:
-----------------------------------------------
   N = 30,  n = 20000000,  r = 28,   d =    4,   t = 21,
       Sparse =   TRUE

       GenerCell = smultin_GenerCellSerial
       Number of cells = d^t =      4398046511104
       Expected number per cell =  1 /  219902.33
       EColl = n^2 / (2k) =  45.47473509
       Hashing =   TRUE

       Collision test

       CollisionOver:   density = n / k =  1 /  219902.33
       Expected number of collisions = Mu =      45.47


-----------------------------------------------
Results of CollisionOver test:

POISSON approximation                 :
Expected number of collisions = N*Mu  :     1364.24
Observed number of collisions         :     1321
p-value of test                       :    0.88

-----------------------------
Total number of cells containing j balls

  j =  0                              :  131940795334441
  j =  1                              :        599997358
  j =  2                              :             1321
  j =  3                              :                0
  j =  4                              :                0
  j =  5                              :                0

-----------------------------------------------
CPU time used                    :  00:02:35.92

Generator state:
 4-cmul Tempest v3\n



***********************************************************
HOST = LAPTOP-JUCO3OMC, CYGWIN_NT-10.0-26200

4-cmul Tempest v3


smarsa_BirthdaySpacings test:
-----------------------------------------------
   N = 100,  n = 10000000,  r =  0,    d = 2147483648,    t = 2,    p = 1


      Number of cells = d^t = 4611686018427387904
      Lambda = Poisson mean =      54.2101


----------------------------------------------------
Total expected number = N*Lambda      :    5421.01
Total observed number                 :    5350
p-value of test                       :    0.83


-----------------------------------------------
CPU time used                    :  00:02:29.82

Generator state:
 4-cmul Tempest v3\n



***********************************************************
HOST = LAPTOP-JUCO3OMC, CYGWIN_NT-10.0-26200

4-cmul Tempest v3


smarsa_BirthdaySpacings test:
-----------------------------------------------
   N = 20,  n = 20000000,  r =  0,    d = 2097152,    t = 3,    p = 1


      Number of cells = d^t = 9223372036854775808
      Lambda = Poisson mean =     216.8404


----------------------------------------------------
Total expected number = N*Lambda      :    4336.81
Total observed number                 :    4252
p-value of test                       :    0.90


-----------------------------------------------
CPU time used                    :  00:01:12.46

Generator state:
 4-cmul Tempest v3\n



***********************************************************
HOST = LAPTOP-JUCO3OMC, CYGWIN_NT-10.0-26200

4-cmul Tempest v3


smarsa_BirthdaySpacings test:
-----------------------------------------------
   N = 20,  n = 30000000,  r = 14,    d = 65536,    t = 4,    p = 1


      Number of cells = d^t = 18446744073709551616
      Lambda = Poisson mean =     365.9182


----------------------------------------------------
Total expected number = N*Lambda      :    7318.36
Total observed number                 :    7235
p-value of test                       :    0.83


-----------------------------------------------
CPU time used                    :  00:02:00.01

Generator state:
 4-cmul Tempest v3\n



***********************************************************
HOST = LAPTOP-JUCO3OMC, CYGWIN_NT-10.0-26200

4-cmul Tempest v3


smarsa_BirthdaySpacings test:
-----------------------------------------------
   N = 20,  n = 20000000,  r =  0,    d = 512,    t = 7,    p = 1


      Number of cells = d^t = 9223372036854775808
      Lambda = Poisson mean =     216.8404


----------------------------------------------------
Total expected number = N*Lambda      :    4336.81
Total observed number                 :    4336
p-value of test                       :    0.50


-----------------------------------------------
CPU time used                    :  00:01:29.15

Generator state:
 4-cmul Tempest v3\n



***********************************************************
HOST = LAPTOP-JUCO3OMC, CYGWIN_NT-10.0-26200

4-cmul Tempest v3


smarsa_BirthdaySpacings test:
-----------------------------------------------
   N = 20,  n = 20000000,  r =  7,    d = 512,    t = 7,    p = 1


      Number of cells = d^t = 9223372036854775808
      Lambda = Poisson mean =     216.8404


----------------------------------------------------
Total expected number = N*Lambda      :    4336.81
Total observed number                 :    4306
p-value of test                       :    0.68


-----------------------------------------------
CPU time used                    :  00:01:25.32

Generator state:
 4-cmul Tempest v3\n



***********************************************************
HOST = LAPTOP-JUCO3OMC, CYGWIN_NT-10.0-26200

4-cmul Tempest v3


smarsa_BirthdaySpacings test:
-----------------------------------------------
   N = 20,  n = 30000000,  r = 14,    d = 256,    t = 8,    p = 1


      Number of cells = d^t = 18446744073709551616
      Lambda = Poisson mean =     365.9182


----------------------------------------------------
Total expected number = N*Lambda      :    7318.36
Total observed number                 :    7336
p-value of test                       :    0.42


-----------------------------------------------
CPU time used                    :  00:02:25.59

Generator state:
 4-cmul Tempest v3\n



***********************************************************
HOST = LAPTOP-JUCO3OMC, CYGWIN_NT-10.0-26200

4-cmul Tempest v3


smarsa_BirthdaySpacings test:
-----------------------------------------------
   N = 20,  n = 30000000,  r = 22,    d = 256,    t = 8,    p = 1


      Number of cells = d^t = 18446744073709551616
      Lambda = Poisson mean =     365.9182


----------------------------------------------------
Total expected number = N*Lambda      :    7318.36
Total observed number                 :    7388
p-value of test                       :    0.21


-----------------------------------------------
CPU time used                    :  00:02:27.51

Generator state:
 4-cmul Tempest v3\n



***********************************************************
HOST = LAPTOP-JUCO3OMC, CYGWIN_NT-10.0-26200

4-cmul Tempest v3


smarsa_BirthdaySpacings test:
-----------------------------------------------
   N = 20,  n = 30000000,  r =  0,    d = 16,    t = 16,    p = 1


      Number of cells = d^t = 18446744073709551616
      Lambda = Poisson mean =     365.9182


----------------------------------------------------
Total expected number = N*Lambda      :    7318.36
Total observed number                 :    7343
p-value of test                       :    0.39


-----------------------------------------------
CPU time used                    :  00:03:13.46

Generator state:
 4-cmul Tempest v3\n



***********************************************************
HOST = LAPTOP-JUCO3OMC, CYGWIN_NT-10.0-26200

4-cmul Tempest v3


smarsa_BirthdaySpacings test:
-----------------------------------------------
   N = 20,  n = 30000000,  r = 26,    d = 16,    t = 16,    p = 1


      Number of cells = d^t = 18446744073709551616
      Lambda = Poisson mean =     365.9182


----------------------------------------------------
Total expected number = N*Lambda      :    7318.36
Total observed number                 :    7388
p-value of test                       :    0.21


-----------------------------------------------
CPU time used                    :  00:03:16.35

Generator state:
 4-cmul Tempest v3\n



***********************************************************
HOST = LAPTOP-JUCO3OMC, CYGWIN_NT-10.0-26200

4-cmul Tempest v3


snpair_ClosePairs test:
-----------------------------------------------
   N = 30,  n = 6000000,  r =  0,  t = 3,  p = 0,  m = 30,  Torus =  TRUE


---------------------------------------
Test based on the 2 nearest points (NP):

Stat. AD on the N values (NP)         :    0.66
p-value of test                       :    0.59


A2 test based on the spacings between the
   successive jump times of process Y_n(t):

A2 test on the values of A2 (m-NP)    :    0.54
p-value of test                       :    0.70

Test on the Nm values of W_{n,i}(mNP1):    1.29
p-value of test                       :    0.24

Test on the jump times of Y
   (superposition of Yn):

Expected number of jumps of Y = mN    :     900
Number of jumps of Y                  :     921
p-value of test                       :    0.25

Stat. AD (mNP2)                       :    0.58
p-value of test                       :    0.66

Stat. AD after spacings (mNP2-S)      :    1.88
p-value of test                       :    0.11

-----------------------------------------------
CPU time used                    :  00:01:05.95

Generator state:
 4-cmul Tempest v3\n



***********************************************************
HOST = LAPTOP-JUCO3OMC, CYGWIN_NT-10.0-26200

4-cmul Tempest v3


snpair_ClosePairs test:
-----------------------------------------------
   N = 20,  n = 4000000,  r =  0,  t = 5,  p = 0,  m = 30,  Torus =  TRUE


---------------------------------------
Test based on the 2 nearest points (NP):

Stat. AD on the N values (NP)         :    0.81
p-value of test                       :    0.47


A2 test based on the spacings between the
   successive jump times of process Y_n(t):

A2 test on the values of A2 (m-NP)    :    0.82
p-value of test                       :    0.46

Test on the Nm values of W_{n,i}(mNP1):    0.42
p-value of test                       :    0.83

Test on the jump times of Y
   (superposition of Yn):

Expected number of jumps of Y = mN    :     600
Number of jumps of Y                  :     587
p-value of test                       :    0.69

Stat. AD (mNP2)                       :    0.93
p-value of test                       :    0.40

Stat. AD after spacings (mNP2-S)      :    1.23
p-value of test                       :    0.26

-----------------------------------------------
CPU time used                    :  00:00:44.71

Generator state:
 4-cmul Tempest v3\n



***********************************************************
HOST = LAPTOP-JUCO3OMC, CYGWIN_NT-10.0-26200

4-cmul Tempest v3


snpair_ClosePairs test:
-----------------------------------------------
   N = 10,  n = 3000000,  r =  0,  t = 9,  p = 0,  m = 30,  Torus =  TRUE


---------------------------------------
Test based on the 2 nearest points (NP):

Stat. AD on the N values (NP)         :    0.59
p-value of test                       :    0.66


A2 test based on the spacings between the
   successive jump times of process Y_n(t):

A2 test on the values of A2 (m-NP)    :    0.97
p-value of test                       :    0.37

Test on the Nm values of W_{n,i}(mNP1):    0.91
p-value of test                       :    0.41

Test on the jump times of Y
   (superposition of Yn):

Expected number of jumps of Y = mN    :     300
Number of jumps of Y                  :     323
p-value of test                       :    0.10

Stat. AD (mNP2)                       :    0.50
p-value of test                       :    0.75

Stat. AD after spacings (mNP2-S)      :    2.01
p-value of test                       :    0.09

-----------------------------------------------
CPU time used                    :  00:01:17.59

Generator state:
 4-cmul Tempest v3\n



***********************************************************
HOST = LAPTOP-JUCO3OMC, CYGWIN_NT-10.0-26200

4-cmul Tempest v3


snpair_ClosePairs test:
-----------------------------------------------
   N =  5,  n = 2000000,  r =  0,  t = 16,  p = 0,  m = 30,  Torus =  TRUE


---------------------------------------
Test based on the 2 nearest points (NP):

Stat. AD on the N values (NP)         :    0.58
p-value of test                       :    0.66


A2 test based on the spacings between the
   successive jump times of process Y_n(t):

A2 test on the values of A2 (m-NP)    :    0.44
p-value of test                       :    0.80

Test on the Nm values of W_{n,i}(mNP1):    1.88
p-value of test                       :    0.11

Test on the jump times of Y
   (superposition of Yn):

Expected number of jumps of Y = mN    :     150
Number of jumps of Y                  :     129
p-value of test                       :    0.96

Stat. AD (mNP2)                       :    1.25
p-value of test                       :    0.25

Stat. AD after spacings (mNP2-S)      :    1.93
p-value of test                       :    0.10

-----------------------------------------------
CPU time used                    :  00:01:41.34

Generator state:
 4-cmul Tempest v3\n



***********************************************************
HOST = LAPTOP-JUCO3OMC, CYGWIN_NT-10.0-26200

4-cmul Tempest v3


sknuth_SimpPoker test:
-----------------------------------------------
   N =  1,  n = 400000000,  r =  0,   d =    8,   k =    8


-----------------------------------------------
Number of degrees of freedom          :    7
Chi-square statistic                  :    3.50
p-value of test                       :    0.84

-----------------------------------------------
CPU time used                    :  00:00:36.92

Generator state:
 4-cmul Tempest v3\n



***********************************************************
HOST = LAPTOP-JUCO3OMC, CYGWIN_NT-10.0-26200

4-cmul Tempest v3


sknuth_SimpPoker test:
-----------------------------------------------
   N =  1,  n = 400000000,  r = 27,   d =    8,   k =    8


-----------------------------------------------
Number of degrees of freedom          :    7
Chi-square statistic                  :    6.53
p-value of test                       :    0.48

-----------------------------------------------
CPU time used                    :  00:00:43.64

Generator state:
 4-cmul Tempest v3\n



***********************************************************
HOST = LAPTOP-JUCO3OMC, CYGWIN_NT-10.0-26200

4-cmul Tempest v3


sknuth_SimpPoker test:
-----------------------------------------------
   N =  1,  n = 100000000,  r =  0,   d =   32,   k =   32


-----------------------------------------------
Number of degrees of freedom          :   18
Chi-square statistic                  :   16.10
p-value of test                       :    0.59

-----------------------------------------------
CPU time used                    :  00:00:38.96

Generator state:
 4-cmul Tempest v3\n



***********************************************************
HOST = LAPTOP-JUCO3OMC, CYGWIN_NT-10.0-26200

4-cmul Tempest v3


sknuth_SimpPoker test:
-----------------------------------------------
   N =  1,  n = 100000000,  r = 25,   d =   32,   k =   32


-----------------------------------------------
Number of degrees of freedom          :   18
Chi-square statistic                  :   10.06
p-value of test                       :    0.93

-----------------------------------------------
CPU time used                    :  00:00:46.79

Generator state:
 4-cmul Tempest v3\n



***********************************************************
HOST = LAPTOP-JUCO3OMC, CYGWIN_NT-10.0-26200

4-cmul Tempest v3


sknuth_CouponCollector test:
-----------------------------------------------
   N =  1,  n = 200000000,  r =  0,   d =    8


-----------------------------------------------
Number of degrees of freedom          :   54
Chi-square statistic                  :   38.88
p-value of test                       :    0.94

-----------------------------------------------
CPU time used                    :  00:00:46.21

Generator state:
 4-cmul Tempest v3\n



***********************************************************
HOST = LAPTOP-JUCO3OMC, CYGWIN_NT-10.0-26200

4-cmul Tempest v3


sknuth_CouponCollector test:
-----------------------------------------------
   N =  1,  n = 200000000,  r = 10,   d =    8


-----------------------------------------------
Number of degrees of freedom          :   54
Chi-square statistic                  :   53.04
p-value of test                       :    0.51

-----------------------------------------------
CPU time used                    :  00:00:54.00

Generator state:
 4-cmul Tempest v3\n



***********************************************************
HOST = LAPTOP-JUCO3OMC, CYGWIN_NT-10.0-26200

4-cmul Tempest v3


sknuth_CouponCollector test:
-----------------------------------------------
   N =  1,  n = 200000000,  r = 20,   d =    8


-----------------------------------------------
Number of degrees of freedom          :   54
Chi-square statistic                  :   47.00
p-value of test                       :    0.74

-----------------------------------------------
CPU time used                    :  00:00:54.10

Generator state:
 4-cmul Tempest v3\n



***********************************************************
HOST = LAPTOP-JUCO3OMC, CYGWIN_NT-10.0-26200

4-cmul Tempest v3


sknuth_CouponCollector test:
-----------------------------------------------
   N =  1,  n = 200000000,  r = 27,   d =    8


-----------------------------------------------
Number of degrees of freedom          :   54
Chi-square statistic                  :   50.35
p-value of test                       :    0.62

-----------------------------------------------
CPU time used                    :  00:00:53.93

Generator state:
 4-cmul Tempest v3\n



***********************************************************
HOST = LAPTOP-JUCO3OMC, CYGWIN_NT-10.0-26200

4-cmul Tempest v3


sknuth_Gap test:
-----------------------------------------------
   N =  1,  n = 500000000,  r =  0,   Alpha =        0,   Beta  =   0.0625


-----------------------------------------------
Number of degrees of freedom          :  232
Chi-square statistic                  :  221.75
p-value of test                       :    0.67

-----------------------------------------------
CPU time used                    :  00:00:55.57

Generator state:
 4-cmul Tempest v3\n



***********************************************************
HOST = LAPTOP-JUCO3OMC, CYGWIN_NT-10.0-26200

4-cmul Tempest v3


sknuth_Gap test:
-----------------------------------------------
   N =  1,  n = 300000000,  r = 25,   Alpha =        0,   Beta  =  0.03125


-----------------------------------------------
Number of degrees of freedom          :  434
Chi-square statistic                  :  408.52
p-value of test                       :    0.80

-----------------------------------------------
CPU time used                    :  00:01:12.76

Generator state:
 4-cmul Tempest v3\n



***********************************************************
HOST = LAPTOP-JUCO3OMC, CYGWIN_NT-10.0-26200

4-cmul Tempest v3


sknuth_Gap test:
-----------------------------------------------
   N =  1,  n = 100000000,  r =  0,   Alpha =        0,   Beta  = 0.0078125


-----------------------------------------------
Number of degrees of freedom          : 1437
Chi-square statistic                  : 1490.18
p-value of test                       :    0.16

-----------------------------------------------
CPU time used                    :  00:01:20.14

Generator state:
 4-cmul Tempest v3\n



***********************************************************
HOST = LAPTOP-JUCO3OMC, CYGWIN_NT-10.0-26200

4-cmul Tempest v3


sknuth_Gap test:
-----------------------------------------------
   N =  1,  n = 10000000,  r = 20,   Alpha =        0,   Beta  = 0.000976562


-----------------------------------------------
Number of degrees of freedom          : 7046
Chi-square statistic                  : 7364.81
p-value of test                       :  4.0e-3

-----------------------------------------------
CPU time used                    :  00:01:12.51

Generator state:
 4-cmul Tempest v3\n



***********************************************************
HOST = LAPTOP-JUCO3OMC, CYGWIN_NT-10.0-26200

4-cmul Tempest v3


sknuth_Run test:
-----------------------------------------------
   N =  5,  n = 1000000000,  r =  0,   Up = FALSE


-----------------------------------------------

Kolmogorov-Smirnov+ statistic = D+    :    0.17
p-value of test                       :    0.69

Kolmogorov-Smirnov- statistic = D-    :    0.29
p-value of test                       :    0.38

Anderson-Darling statistic = A2       :    0.35
p-value of test                       :    0.89

Test on the sum of all N observations
Number of degrees of freedom          :   30
Chi-square statistic                  :   29.95
p-value of test                       :    0.47

-----------------------------------------------
CPU time used                    :  00:00:53.15

Generator state:
 4-cmul Tempest v3\n



***********************************************************
HOST = LAPTOP-JUCO3OMC, CYGWIN_NT-10.0-26200

4-cmul Tempest v3


sknuth_Run test:
-----------------------------------------------
   N = 10,  n = 1000000000,  r = 15,   Up =  TRUE


-----------------------------------------------

Kolmogorov-Smirnov+ statistic = D+    : 1.29e-3
p-value of test                       :    0.9987

Kolmogorov-Smirnov- statistic = D-    :    0.39
p-value of test                       :    0.03

Anderson-Darling statistic = A2       :    3.51
p-value of test                       :    0.02

Test on the sum of all N observations
Number of degrees of freedom          :   60
Chi-square statistic                  :   95.71
p-value of test                       :  2.3e-3

-----------------------------------------------
CPU time used                    :  00:02:08.67

Generator state:
 4-cmul Tempest v3\n



***********************************************************
Test sknuth_Permutation calling smultin_Multinomial

***********************************************************
HOST = LAPTOP-JUCO3OMC, CYGWIN_NT-10.0-26200

4-cmul Tempest v3


smultin_Multinomial test:
-----------------------------------------------
   N =  1,  n = 1000000000,  r =  5,   t =  3,
       Sparse =  FALSE

       GenerCell = smultin_GenerCellPermut
       Number of cells = t! =                  6
       Expected number per cell =  1.6666667e+08
       Hashing =  FALSE

   For Delta > -1, we use the ChiSquare approximation
   Correction factor of the ChiSquare: 
       Delta =     1,    Mu =  2.5000002e-09,    Sigma =          1

-----------------------------------------------
Test Results for Delta =   1.0000

Number of degrees of freedom          :    5
Value of the statistic                :    1.55
p-value of test                       :    0.91


-----------------------------------------------
CPU time used                    :  00:00:40.81

Generator state:
 4-cmul Tempest v3\n



***********************************************************
Test sknuth_Permutation calling smultin_Multinomial

***********************************************************
HOST = LAPTOP-JUCO3OMC, CYGWIN_NT-10.0-26200

4-cmul Tempest v3


smultin_Multinomial test:
-----------------------------------------------
   N =  1,  n = 1000000000,  r =  5,   t =  5,
       Sparse =  FALSE

       GenerCell = smultin_GenerCellPermut
       Number of cells = t! =                120
       Expected number per cell =   8333333.3
       Hashing =  FALSE

   For Delta > -1, we use the ChiSquare approximation
   Correction factor of the ChiSquare: 
       Delta =     1,    Mu =  5.9500005e-08,    Sigma =          1

-----------------------------------------------
Test Results for Delta =   1.0000

Number of degrees of freedom          :  119
Value of the statistic                :  109.26
p-value of test                       :    0.73


-----------------------------------------------
CPU time used                    :  00:01:07.64

Generator state:
 4-cmul Tempest v3\n



***********************************************************
Test sknuth_Permutation calling smultin_Multinomial

***********************************************************
HOST = LAPTOP-JUCO3OMC, CYGWIN_NT-10.0-26200

4-cmul Tempest v3


smultin_Multinomial test:
-----------------------------------------------
   N =  1,  n = 500000000,  r =  5,   t =  7,
       Sparse =  FALSE

       GenerCell = smultin_GenerCellPermut
       Number of cells = t! =               5040
       Expected number per cell =   99206.349
       Hashing =  FALSE

   For Delta > -1, we use the ChiSquare approximation
   Correction factor of the ChiSquare: 
       Delta =     1,    Mu =  5.0390004e-06,    Sigma =          1

-----------------------------------------------
Test Results for Delta =   1.0000

Number of degrees of freedom          : 5039
Value of the statistic                : 5000.54
p-value of test                       :    0.65


-----------------------------------------------
CPU time used                    :  00:00:50.09

Generator state:
 4-cmul Tempest v3\n



***********************************************************
Test sknuth_Permutation calling smultin_Multinomial

***********************************************************
HOST = LAPTOP-JUCO3OMC, CYGWIN_NT-10.0-26200

4-cmul Tempest v3


smultin_Multinomial test:
-----------------------------------------------
   N =  1,  n = 500000000,  r = 10,   t = 10,
       Sparse =  FALSE

       GenerCell = smultin_GenerCellPermut
       Number of cells = t! =            3628800
       Expected number per cell =    137.7866
       Hashing =  FALSE

   For Delta > -1, we use the ChiSquare approximation
   Correction factor of the ChiSquare: 
       Delta =     1,    Mu =   0.0036287993,    Sigma =          1

-----------------------------------------------
Test Results for Delta =   1.0000

Number of degrees of freedom          : 3628799
Value of the statistic                : 3.63e+6
p-value of test                       :    0.17


-----------------------------------------------
CPU time used                    :  00:01:46.84

Generator state:
 4-cmul Tempest v3\n



***********************************************************
Test sknuth_CollisionPermut calling smultin_Multinomial

***********************************************************
HOST = LAPTOP-JUCO3OMC, CYGWIN_NT-10.0-26200

4-cmul Tempest v3


smultin_Multinomial test:
-----------------------------------------------
   N = 20,  n = 20000000,  r =  0,   t = 14,
       Sparse =   TRUE

       GenerCell = smultin_GenerCellPermut
       Number of cells = t! =        87178291200
       Expected number per cell =  1 /  4358.9146
       EColl = n^2 / (2k) =   2294.14912
       Hashing =   TRUE

       Collision test,    Mu =      2293.9736,    Sigma =    47.8841

-----------------------------------------------
Test Results for Collisions

For the total number of collisions, we use
      the Poisson approximation:
Expected number of collisions = N*Mu  :    45879.47
Observed number of collisions         :    45849
p-value of test                       :    0.56


-----------------------------
Total number of cells containing j balls

  j =  0                              :    1743165869849
  j =  1                              :        399908303
  j =  2                              :            45847
  j =  3                              :                1
  j =  4                              :                0
  j =  5                              :                0

-----------------------------------------------
CPU time used                    :  00:02:58.82

Generator state:
 4-cmul Tempest v3\n



***********************************************************
Test sknuth_CollisionPermut calling smultin_Multinomial

***********************************************************
HOST = LAPTOP-JUCO3OMC, CYGWIN_NT-10.0-26200

4-cmul Tempest v3


smultin_Multinomial test:
-----------------------------------------------
   N = 20,  n = 20000000,  r = 10,   t = 14,
       Sparse =   TRUE

       GenerCell = smultin_GenerCellPermut
       Number of cells = t! =        87178291200
       Expected number per cell =  1 /  4358.9146
       EColl = n^2 / (2k) =   2294.14912
       Hashing =   TRUE

       Collision test,    Mu =      2293.9736,    Sigma =    47.8841

-----------------------------------------------
Test Results for Collisions

For the total number of collisions, we use
      the Poisson approximation:
Expected number of collisions = N*Mu  :    45879.47
Observed number of collisions         :    45978
p-value of test                       :    0.32


-----------------------------
Total number of cells containing j balls

  j =  0                              :    1743165869978
  j =  1                              :        399908048
  j =  2                              :            45970
  j =  3                              :                4
  j =  4                              :                0
  j =  5                              :                0

-----------------------------------------------
CPU time used                    :  00:03:05.20

Generator state:
 4-cmul Tempest v3\n



***********************************************************
HOST = LAPTOP-JUCO3OMC, CYGWIN_NT-10.0-26200

4-cmul Tempest v3


sknuth_MaxOft test:
-----------------------------------------------
   N = 40,  n = 10000000,  r =  0,   d = 100000,   t =  8

      Number of categories = 100000
      Expected number per category  = 100.00


-----------------------------------------------
Test results for chi2 with 99999 degrees of freedom:

Kolmogorov-Smirnov+ statistic = D+    :    0.20
p-value of test                       :    0.04

Kolmogorov-Smirnov- statistic = D-    :   0.032
p-value of test                       :    0.90

Anderson-Darling statistic = A2       :    1.60
p-value of test                       :    0.15

Test on the sum of all N observations
Number of degrees of freedom          : 3999960
Chi-square statistic                  : 4.00e+6
p-value of test                       :    0.91


-----------------------------------------------
Test results for Anderson-Darling:

Kolmogorov-Smirnov+ statistic = D+    :   0.062
p-value of test                       :    0.71

Kolmogorov-Smirnov- statistic = D-    :    0.17
p-value of test                       :    0.08

Anderson-Darling statistic = A2       :    1.99
p-value of test                       :    0.09


-----------------------------------------------
CPU time used                    :  00:01:10.45

Generator state:
 4-cmul Tempest v3\n



***********************************************************
HOST = LAPTOP-JUCO3OMC, CYGWIN_NT-10.0-26200

4-cmul Tempest v3


sknuth_MaxOft test:
-----------------------------------------------
   N = 30,  n = 10000000,  r =  0,   d = 100000,   t = 16

      Number of categories = 100000
      Expected number per category  = 100.00


-----------------------------------------------
Test results for chi2 with 99999 degrees of freedom:

Kolmogorov-Smirnov+ statistic = D+    :   0.010
p-value of test                       :    0.99

Kolmogorov-Smirnov- statistic = D-    :    0.18
p-value of test                       :    0.12

Anderson-Darling statistic = A2       :    1.19
p-value of test                       :    0.27

Test on the sum of all N observations
Number of degrees of freedom          : 2999970
Chi-square statistic                  : 3.00e+6
p-value of test                       :    0.07


-----------------------------------------------
Test results for Anderson-Darling:

Kolmogorov-Smirnov+ statistic = D+    :    0.12
p-value of test                       :    0.36

Kolmogorov-Smirnov- statistic = D-    :   0.054
p-value of test                       :    0.81

Anderson-Darling statistic = A2       :    0.65
p-value of test                       :    0.60


-----------------------------------------------
CPU time used                    :  00:01:07.10

Generator state:
 4-cmul Tempest v3\n



***********************************************************
HOST = LAPTOP-JUCO3OMC, CYGWIN_NT-10.0-26200

4-cmul Tempest v3


sknuth_MaxOft test:
-----------------------------------------------
   N = 20,  n = 10000000,  r =  0,   d = 100000,   t = 24

      Number of categories = 100000
      Expected number per category  = 100.00


-----------------------------------------------
Test results for chi2 with 99999 degrees of freedom:

Kolmogorov-Smirnov+ statistic = D+    :    0.11
p-value of test                       :    0.56

Kolmogorov-Smirnov- statistic = D-    :    0.13
p-value of test                       :    0.45

Anderson-Darling statistic = A2       :    0.55
p-value of test                       :    0.70

Test on the sum of all N observations
Number of degrees of freedom          : 1999980
Chi-square statistic                  : 2.00e+6
p-value of test                       :    0.27


-----------------------------------------------
Test results for Anderson-Darling:

Kolmogorov-Smirnov+ statistic = D+    :   0.091
p-value of test                       :    0.68

Kolmogorov-Smirnov- statistic = D-    :   0.079
p-value of test                       :    0.74

Anderson-Darling statistic = A2       :    0.30
p-value of test                       :    0.94


-----------------------------------------------
CPU time used                    :  00:00:54.48

Generator state:
 4-cmul Tempest v3\n



***********************************************************
HOST = LAPTOP-JUCO3OMC, CYGWIN_NT-10.0-26200

4-cmul Tempest v3


sknuth_MaxOft test:
-----------------------------------------------
   N = 20,  n = 10000000,  r =  0,   d = 100000,   t = 32

      Number of categories = 100000
      Expected number per category  = 100.00


-----------------------------------------------
Test results for chi2 with 99999 degrees of freedom:

Kolmogorov-Smirnov+ statistic = D+    :   0.076
p-value of test                       :    0.76

Kolmogorov-Smirnov- statistic = D-    :    0.31
p-value of test                       :    0.01

Anderson-Darling statistic = A2       :    2.03
p-value of test                       :    0.09

Test on the sum of all N observations
Number of degrees of freedom          : 1999980
Chi-square statistic                  : 2.00e+6
p-value of test                       :    0.10


-----------------------------------------------
Test results for Anderson-Darling:

Kolmogorov-Smirnov+ statistic = D+    :   0.025
p-value of test                       :    0.96

Kolmogorov-Smirnov- statistic = D-    :    0.18
p-value of test                       :    0.24

Anderson-Darling statistic = A2       :    0.83
p-value of test                       :    0.46


-----------------------------------------------
CPU time used                    :  00:01:04.59

Generator state:
 4-cmul Tempest v3\n



***********************************************************
HOST = LAPTOP-JUCO3OMC, CYGWIN_NT-10.0-26200

4-cmul Tempest v3


svaria_SampleProd test:
-----------------------------------------------
   N = 40,  n = 10000000,  r =  0,   t = 8


-----------------------------------------------

Kolmogorov-Smirnov+ statistic = D+    :    0.15
p-value of test                       :    0.15

Kolmogorov-Smirnov- statistic = D-    :   0.066
p-value of test                       :    0.67

Anderson-Darling statistic = A2       :    1.01
p-value of test                       :    0.35

-----------------------------------------------
CPU time used                    :  00:00:58.64

Generator state:
 4-cmul Tempest v3\n



***********************************************************
HOST = LAPTOP-JUCO3OMC, CYGWIN_NT-10.0-26200

4-cmul Tempest v3


svaria_SampleProd test:
-----------------------------------------------
   N = 20,  n = 10000000,  r =  0,   t = 16


-----------------------------------------------

Kolmogorov-Smirnov+ statistic = D+    :   0.042
p-value of test                       :    0.91

Kolmogorov-Smirnov- statistic = D-    :    0.28
p-value of test                       :    0.04

Anderson-Darling statistic = A2       :    3.31
p-value of test                       :    0.02

-----------------------------------------------
CPU time used                    :  00:00:40.76

Generator state:
 4-cmul Tempest v3\n



***********************************************************
HOST = LAPTOP-JUCO3OMC, CYGWIN_NT-10.0-26200

4-cmul Tempest v3


svaria_SampleProd test:
-----------------------------------------------
   N = 20,  n = 10000000,  r =  0,   t = 24


-----------------------------------------------

Kolmogorov-Smirnov+ statistic = D+    :    0.25
p-value of test                       :    0.07

Kolmogorov-Smirnov- statistic = D-    :   0.063
p-value of test                       :    0.82

Anderson-Darling statistic = A2       :    1.07
p-value of test                       :    0.32

-----------------------------------------------
CPU time used                    :  00:00:51.70

Generator state:
 4-cmul Tempest v3\n



***********************************************************
HOST = LAPTOP-JUCO3OMC, CYGWIN_NT-10.0-26200

4-cmul Tempest v3


svaria_SampleMean test:
-----------------------------------------------
   N = 20000000,  n = 30,  r =  0


-----------------------------------------------

Kolmogorov-Smirnov+ statistic = D+    : 1.76e-4
p-value of test                       :    0.29

Kolmogorov-Smirnov- statistic = D-    : 8.64e-5
p-value of test                       :    0.74

Anderson-Darling statistic = A2       :    0.59
p-value of test                       :    0.66

-----------------------------------------------
CPU time used                    :  00:00:08.79

Generator state:
 4-cmul Tempest v3\n



***********************************************************
HOST = LAPTOP-JUCO3OMC, CYGWIN_NT-10.0-26200

4-cmul Tempest v3


svaria_SampleMean test:
-----------------------------------------------
   N = 20000000,  n = 30,  r = 10


-----------------------------------------------

Kolmogorov-Smirnov+ statistic = D+    : 1.78e-4
p-value of test                       :    0.28

Kolmogorov-Smirnov- statistic = D-    : 6.56e-5
p-value of test                       :    0.84

Anderson-Darling statistic = A2       :    0.46
p-value of test                       :    0.79

-----------------------------------------------
CPU time used                    :  00:00:09.07

Generator state:
 4-cmul Tempest v3\n



***********************************************************
HOST = LAPTOP-JUCO3OMC, CYGWIN_NT-10.0-26200

4-cmul Tempest v3


svaria_SampleCorr test:
-----------------------------------------------
   N =  1,  n = 2000000000,  r =  0,   k = 1


-----------------------------------------------
Normal statistic                      :   -0.49
p-value of test                       :    0.69

-----------------------------------------------
CPU time used                    :  00:00:12.65

Generator state:
 4-cmul Tempest v3\n



***********************************************************
HOST = LAPTOP-JUCO3OMC, CYGWIN_NT-10.0-26200

4-cmul Tempest v3


svaria_SampleCorr test:
-----------------------------------------------
   N =  1,  n = 2000000000,  r =  0,   k = 2


-----------------------------------------------
Normal statistic                      :  -0.054
p-value of test                       :    0.52

-----------------------------------------------
CPU time used                    :  00:00:12.78

Generator state:
 4-cmul Tempest v3\n



***********************************************************
HOST = LAPTOP-JUCO3OMC, CYGWIN_NT-10.0-26200

4-cmul Tempest v3


svaria_AppearanceSpacings test:
-----------------------------------------------
   N =  1,   Q = 10000000,   K = 1000000000,   r = 0,   s = 3,   L = 15

   Sequences of n = (K + Q)L =  15150000000 bits
   Q = 10000000 initialization blocks
   K = 1000000000 blocks for the test
   the blocks have L = 15 bits



-----------------------------------------------
Normal statistic                      :   -0.70
p-value of test                       :    0.76

-----------------------------------------------
CPU time used                    :  00:00:41.70

Generator state:
 4-cmul Tempest v3\n



***********************************************************
HOST = LAPTOP-JUCO3OMC, CYGWIN_NT-10.0-26200

4-cmul Tempest v3


svaria_AppearanceSpacings test:
-----------------------------------------------
   N =  1,   Q = 10000000,   K = 1000000000,   r = 27,   s = 3,   L = 15

   Sequences of n = (K + Q)L =  15150000000 bits
   Q = 10000000 initialization blocks
   K = 1000000000 blocks for the test
   the blocks have L = 15 bits



-----------------------------------------------
Normal statistic                      :   -0.95
p-value of test                       :    0.83

-----------------------------------------------
CPU time used                    :  00:00:42.00

Generator state:
 4-cmul Tempest v3\n



***********************************************************
HOST = LAPTOP-JUCO3OMC, CYGWIN_NT-10.0-26200

4-cmul Tempest v3


svaria_WeightDistrib test:
-----------------------------------------------
   N =  1,  n = 20000000,  r =  0,  k = 256,  Alpha =      0,  Beta =   0.25


-----------------------------------------------
Number of degrees of freedom          :   67
Chi-square statistic                  :   63.85
p-value of test                       :    0.59

-----------------------------------------------
CPU time used                    :  00:00:31.67

Generator state:
 4-cmul Tempest v3\n



***********************************************************
HOST = LAPTOP-JUCO3OMC, CYGWIN_NT-10.0-26200

4-cmul Tempest v3


svaria_WeightDistrib test:
-----------------------------------------------
   N =  1,  n = 20000000,  r = 20,  k = 256,  Alpha =      0,  Beta =   0.25


-----------------------------------------------
Number of degrees of freedom          :   67
Chi-square statistic                  :   57.10
p-value of test                       :    0.80

-----------------------------------------------
CPU time used                    :  00:00:36.10

Generator state:
 4-cmul Tempest v3\n



***********************************************************
HOST = LAPTOP-JUCO3OMC, CYGWIN_NT-10.0-26200

4-cmul Tempest v3


svaria_WeightDistrib test:
-----------------------------------------------
   N =  1,  n = 20000000,  r = 28,  k = 256,  Alpha =      0,  Beta =   0.25


-----------------------------------------------
Number of degrees of freedom          :   67
Chi-square statistic                  :   75.73
p-value of test                       :    0.22

-----------------------------------------------
CPU time used                    :  00:00:36.42

Generator state:
 4-cmul Tempest v3\n



***********************************************************
HOST = LAPTOP-JUCO3OMC, CYGWIN_NT-10.0-26200

4-cmul Tempest v3


svaria_WeightDistrib test:
-----------------------------------------------
   N =  1,  n = 20000000,  r =  0,  k = 256,  Alpha =      0,  Beta = 0.0625


-----------------------------------------------
Number of degrees of freedom          :   37
Chi-square statistic                  :   21.22
p-value of test                       :    0.98

-----------------------------------------------
CPU time used                    :  00:00:31.87

Generator state:
 4-cmul Tempest v3\n



***********************************************************
HOST = LAPTOP-JUCO3OMC, CYGWIN_NT-10.0-26200

4-cmul Tempest v3


svaria_WeightDistrib test:
-----------------------------------------------
   N =  1,  n = 20000000,  r = 10,  k = 256,  Alpha =      0,  Beta = 0.0625


-----------------------------------------------
Number of degrees of freedom          :   37
Chi-square statistic                  :   41.14
p-value of test                       :    0.29

-----------------------------------------------
CPU time used                    :  00:00:35.98

Generator state:
 4-cmul Tempest v3\n



***********************************************************
HOST = LAPTOP-JUCO3OMC, CYGWIN_NT-10.0-26200

4-cmul Tempest v3


svaria_WeightDistrib test:
-----------------------------------------------
   N =  1,  n = 20000000,  r = 26,  k = 256,  Alpha =      0,  Beta = 0.0625


-----------------------------------------------
Number of degrees of freedom          :   37
Chi-square statistic                  :   51.58
p-value of test                       :    0.06

-----------------------------------------------
CPU time used                    :  00:00:36.09

Generator state:
 4-cmul Tempest v3\n



***********************************************************
HOST = LAPTOP-JUCO3OMC, CYGWIN_NT-10.0-26200

4-cmul Tempest v3


svaria_SumCollector test:
-----------------------------------------------
   N =  1,  n = 500000000,  r =  0,   g = 10


-----------------------------------------------
Number of degrees of freedom          :   29
Chi-square statistic                  :   21.17
p-value of test                       :    0.85

-----------------------------------------------
CPU time used                    :  00:01:08.48

Generator state:
 4-cmul Tempest v3\n



***********************************************************
HOST = LAPTOP-JUCO3OMC, CYGWIN_NT-10.0-26200

4-cmul Tempest v3


smarsa_MatrixRank test:
-----------------------------------------------
   N = 10,  n = 1000000,  r =  0,    s = 5,    L = 30,    k = 30


-----------------------------------------------

Kolmogorov-Smirnov+ statistic = D+    :   0.091
p-value of test                       :    0.80

Kolmogorov-Smirnov- statistic = D-    :    0.30
p-value of test                       :    0.14

Anderson-Darling statistic = A2       :    1.13
p-value of test                       :    0.29

Test on the sum of all N observations
Number of degrees of freedom          :   40
Chi-square statistic                  :   54.87
p-value of test                       :    0.06

-----------------------------------------------
CPU time used                    :  00:00:35.73

Generator state:
 4-cmul Tempest v3\n



***********************************************************
HOST = LAPTOP-JUCO3OMC, CYGWIN_NT-10.0-26200

4-cmul Tempest v3


smarsa_MatrixRank test:
-----------------------------------------------
   N = 10,  n = 1000000,  r = 25,    s = 5,    L = 30,    k = 30


-----------------------------------------------

Kolmogorov-Smirnov+ statistic = D+    :   0.035
p-value of test                       :    0.95

Kolmogorov-Smirnov- statistic = D-    :    0.42
p-value of test                       :    0.02

Anderson-Darling statistic = A2       :    4.02
p-value of test                       :  8.9e-3

Test on the sum of all N observations
Number of degrees of freedom          :   40
Chi-square statistic                  :   68.00
p-value of test                       :  3.8e-3

-----------------------------------------------
CPU time used                    :  00:00:35.87

Generator state:
 4-cmul Tempest v3\n



***********************************************************
HOST = LAPTOP-JUCO3OMC, CYGWIN_NT-10.0-26200

4-cmul Tempest v3


smarsa_MatrixRank test:
-----------------------------------------------
   N =  1,  n = 5000,  r =  0,    s = 4,    L = 1000,    k = 1000


-----------------------------------------------
Number of degrees of freedom          :    3
Chi-square statistic                  :    1.92
p-value of test                       :    0.59

-----------------------------------------------
CPU time used                    :  00:00:55.68

Generator state:
 4-cmul Tempest v3\n



***********************************************************
HOST = LAPTOP-JUCO3OMC, CYGWIN_NT-10.0-26200

4-cmul Tempest v3


smarsa_MatrixRank test:
-----------------------------------------------
   N =  1,  n = 5000,  r = 26,    s = 4,    L = 1000,    k = 1000


-----------------------------------------------
Number of degrees of freedom          :    3
Chi-square statistic                  :    3.35
p-value of test                       :    0.34

-----------------------------------------------
CPU time used                    :  00:00:55.98

Generator state:
 4-cmul Tempest v3\n



***********************************************************
HOST = LAPTOP-JUCO3OMC, CYGWIN_NT-10.0-26200

4-cmul Tempest v3


smarsa_MatrixRank test:
-----------------------------------------------
   N =  1,  n = 80,  r = 15,    s = 15,    L = 5000,    k = 5000


-----------------------------------------------
Number of degrees of freedom          :    2
Chi-square statistic                  :    0.59
p-value of test                       :    0.74

-----------------------------------------------
CPU time used                    :  00:00:51.60

Generator state:
 4-cmul Tempest v3\n



***********************************************************
HOST = LAPTOP-JUCO3OMC, CYGWIN_NT-10.0-26200

4-cmul Tempest v3


smarsa_MatrixRank test:
-----------------------------------------------
   N =  1,  n = 80,  r =  0,    s = 30,    L = 5000,    k = 5000


-----------------------------------------------
Number of degrees of freedom          :    2
Chi-square statistic                  :    0.49
p-value of test                       :    0.78

-----------------------------------------------
CPU time used                    :  00:00:46.76

Generator state:
 4-cmul Tempest v3\n



***********************************************************
HOST = LAPTOP-JUCO3OMC, CYGWIN_NT-10.0-26200

4-cmul Tempest v3


smarsa_Savir2 test:
-----------------------------------------------
   N = 10,  n = 10000000,  r = 10,    m = 1048576,    t = 30


-----------------------------------------------

Kolmogorov-Smirnov+ statistic = D+    :    0.15
p-value of test                       :    0.59

Kolmogorov-Smirnov- statistic = D-    :    0.21
p-value of test                       :    0.36

Anderson-Darling statistic = A2       :    0.44
p-value of test                       :    0.81

Test on the sum of all N observations
Number of degrees of freedom          :  130
Chi-square statistic                  :  132.82
p-value of test                       :    0.41

-----------------------------------------------
CPU time used                    :  00:00:20.68

Generator state:
 4-cmul Tempest v3\n



***********************************************************
HOST = LAPTOP-JUCO3OMC, CYGWIN_NT-10.0-26200

4-cmul Tempest v3


smarsa_GCD test:
-----------------------------------------------
   N = 10,  n = 50000000,  r =  0,   s = 30


-----------------------------------------------
Test results for GCD values:

Kolmogorov-Smirnov+ statistic = D+    :   0.078
p-value of test                       :    0.85

Kolmogorov-Smirnov- statistic = D-    :    0.39
p-value of test                       :    0.04

Anderson-Darling statistic = A2       :    2.03
p-value of test                       :    0.09

Test on the sum of all N observations
Number of degrees of freedom          : 17430
Chi-square statistic                  :17708.47
p-value of test                       :    0.07



-----------------------------------------------
CPU time used                    :  00:00:27.89

Generator state:
 4-cmul Tempest v3\n



***********************************************************
HOST = LAPTOP-JUCO3OMC, CYGWIN_NT-10.0-26200

4-cmul Tempest v3


swalk_RandomWalk1 test:
-----------------------------------------------
   N =  1,  n = 100000000,  r =  0,   s = 5,   L0 =   50,   L1 =   50



-----------------------------------------------
Test on the values of the Statistic H

Number of degrees of freedom          :   36
ChiSquare statistic                   :   30.48
p-value of test                       :    0.73


-----------------------------------------------
Test on the values of the Statistic M

Number of degrees of freedom          :   35
ChiSquare statistic                   :   38.32
p-value of test                       :    0.32


-----------------------------------------------
Test on the values of the Statistic J

Number of degrees of freedom          :   25
ChiSquare statistic                   :   21.06
p-value of test                       :    0.69


-----------------------------------------------
Test on the values of the Statistic R

Number of degrees of freedom          :   24
ChiSquare statistic                   :   19.84
p-value of test                       :    0.71


-----------------------------------------------
Test on the values of the Statistic C

Number of degrees of freedom          :   17
ChiSquare statistic                   :   15.06
p-value of test                       :    0.59


-----------------------------------------------
CPU time used                    :  00:00:22.98

Generator state:
 4-cmul Tempest v3\n



***********************************************************
HOST = LAPTOP-JUCO3OMC, CYGWIN_NT-10.0-26200

4-cmul Tempest v3


swalk_RandomWalk1 test:
-----------------------------------------------
   N =  1,  n = 100000000,  r = 25,   s = 5,   L0 =   50,   L1 =   50



-----------------------------------------------
Test on the values of the Statistic H

Number of degrees of freedom          :   36
ChiSquare statistic                   :   29.51
p-value of test                       :    0.77


-----------------------------------------------
Test on the values of the Statistic M

Number of degrees of freedom          :   35
ChiSquare statistic                   :   24.72
p-value of test                       :    0.90


-----------------------------------------------
Test on the values of the Statistic J

Number of degrees of freedom          :   25
ChiSquare statistic                   :   24.67
p-value of test                       :    0.48


-----------------------------------------------
Test on the values of the Statistic R

Number of degrees of freedom          :   24
ChiSquare statistic                   :   20.27
p-value of test                       :    0.68


-----------------------------------------------
Test on the values of the Statistic C

Number of degrees of freedom          :   17
ChiSquare statistic                   :   15.74
p-value of test                       :    0.54


-----------------------------------------------
CPU time used                    :  00:00:23.25

Generator state:
 4-cmul Tempest v3\n



***********************************************************
HOST = LAPTOP-JUCO3OMC, CYGWIN_NT-10.0-26200

4-cmul Tempest v3


swalk_RandomWalk1 test:
-----------------------------------------------
   N =  1,  n = 10000000,  r =  0,   s = 10,   L0 = 1000,   L1 = 1000



-----------------------------------------------
Test on the values of the Statistic H

Number of degrees of freedom          :  146
ChiSquare statistic                   :  132.24
p-value of test                       :    0.79


-----------------------------------------------
Test on the values of the Statistic M

Number of degrees of freedom          :  146
ChiSquare statistic                   :  132.64
p-value of test                       :    0.78


-----------------------------------------------
Test on the values of the Statistic J

Number of degrees of freedom          :  500
ChiSquare statistic                   :  539.73
p-value of test                       :    0.11


-----------------------------------------------
Test on the values of the Statistic R

Number of degrees of freedom          :  136
ChiSquare statistic                   :  117.53
p-value of test                       :    0.87


-----------------------------------------------
Test on the values of the Statistic C

Number of degrees of freedom          :   74
ChiSquare statistic                   :   63.32
p-value of test                       :    0.81


-----------------------------------------------
CPU time used                    :  00:00:24.09

Generator state:
 4-cmul Tempest v3\n



***********************************************************
HOST = LAPTOP-JUCO3OMC, CYGWIN_NT-10.0-26200

4-cmul Tempest v3


swalk_RandomWalk1 test:
-----------------------------------------------
   N =  1,  n = 10000000,  r = 20,   s = 10,   L0 = 1000,   L1 = 1000



-----------------------------------------------
Test on the values of the Statistic H

Number of degrees of freedom          :  146
ChiSquare statistic                   :  141.01
p-value of test                       :    0.60


-----------------------------------------------
Test on the values of the Statistic M

Number of degrees of freedom          :  146
ChiSquare statistic                   :  146.56
p-value of test                       :    0.47


-----------------------------------------------
Test on the values of the Statistic J

Number of degrees of freedom          :  500
ChiSquare statistic                   :  492.01
p-value of test                       :    0.59


-----------------------------------------------
Test on the values of the Statistic R

Number of degrees of freedom          :  136
ChiSquare statistic                   :  121.57
p-value of test                       :    0.81


-----------------------------------------------
Test on the values of the Statistic C

Number of degrees of freedom          :   74
ChiSquare statistic                   :   59.73
p-value of test                       :    0.89


-----------------------------------------------
CPU time used                    :  00:00:24.26

Generator state:
 4-cmul Tempest v3\n



***********************************************************
HOST = LAPTOP-JUCO3OMC, CYGWIN_NT-10.0-26200

4-cmul Tempest v3


swalk_RandomWalk1 test:
-----------------------------------------------
   N =  1,  n = 1000000,  r =  0,   s = 15,   L0 = 10000,   L1 = 10000



-----------------------------------------------
Test on the values of the Statistic H

Number of degrees of freedom          :  384
ChiSquare statistic                   :  371.31
p-value of test                       :    0.67


-----------------------------------------------
Test on the values of the Statistic M

Number of degrees of freedom          :  384
ChiSquare statistic                   :  346.31
p-value of test                       :    0.92


-----------------------------------------------
Test on the values of the Statistic J

Number of degrees of freedom          : 5000
ChiSquare statistic                   : 4844.61
p-value of test                       :    0.94


-----------------------------------------------
Test on the values of the Statistic R

Number of degrees of freedom          :  378
ChiSquare statistic                   :  358.69
p-value of test                       :    0.76


-----------------------------------------------
Test on the values of the Statistic C

Number of degrees of freedom          :  200
ChiSquare statistic                   :  192.20
p-value of test                       :    0.64


-----------------------------------------------
CPU time used                    :  00:00:18.68

Generator state:
 4-cmul Tempest v3\n



***********************************************************
HOST = LAPTOP-JUCO3OMC, CYGWIN_NT-10.0-26200

4-cmul Tempest v3


swalk_RandomWalk1 test:
-----------------------------------------------
   N =  1,  n = 1000000,  r = 15,   s = 15,   L0 = 10000,   L1 = 10000



-----------------------------------------------
Test on the values of the Statistic H

Number of degrees of freedom          :  384
ChiSquare statistic                   :  384.34
p-value of test                       :    0.49


-----------------------------------------------
Test on the values of the Statistic M

Number of degrees of freedom          :  384
ChiSquare statistic                   :  415.93
p-value of test                       :    0.13


-----------------------------------------------
Test on the values of the Statistic J

Number of degrees of freedom          : 5000
ChiSquare statistic                   : 5004.66
p-value of test                       :    0.48


-----------------------------------------------
Test on the values of the Statistic R

Number of degrees of freedom          :  378
ChiSquare statistic                   :  398.06
p-value of test                       :    0.23


-----------------------------------------------
Test on the values of the Statistic C

Number of degrees of freedom          :  200
ChiSquare statistic                   :  157.83
p-value of test                       :    0.99


-----------------------------------------------
CPU time used                    :  00:00:18.81

Generator state:
 4-cmul Tempest v3\n



***********************************************************
HOST = LAPTOP-JUCO3OMC, CYGWIN_NT-10.0-26200

4-cmul Tempest v3


scomp_LinearComp test:
-----------------------------------------------
   N =  1,  n = 400020,  r =  0,    s = 1



-----------------------------------------------
Number of degrees of freedom          :   12
Chi2 statistic for size of jumps      :   15.40
p-value of test                       :    0.22


-----------------------------------------------
Normal statistic for number of jumps  :   -0.55
p-value of test                       :    0.71



-----------------------------------------------
CPU time used                    :  00:01:17.87

Generator state:
 4-cmul Tempest v3\n



***********************************************************
HOST = LAPTOP-JUCO3OMC, CYGWIN_NT-10.0-26200

4-cmul Tempest v3


scomp_LinearComp test:
-----------------------------------------------
   N =  1,  n = 400020,  r = 29,    s = 1



-----------------------------------------------
Number of degrees of freedom          :   12
Chi2 statistic for size of jumps      :    8.60
p-value of test                       :    0.74


-----------------------------------------------
Normal statistic for number of jumps  :   -0.35
p-value of test                       :    0.64



-----------------------------------------------
CPU time used                    :  00:01:18.53

Generator state:
 4-cmul Tempest v3\n



***********************************************************
HOST = LAPTOP-JUCO3OMC, CYGWIN_NT-10.0-26200

4-cmul Tempest v3


scomp_LempelZiv test:
-----------------------------------------------
   N = 10,  n = 134217728,  r =  0,   s =   30,   k =   27


-----------------------------------------------

Kolmogorov-Smirnov+ statistic = D+    :    0.15
p-value of test                       :    0.57

Kolmogorov-Smirnov- statistic = D-    :    0.22
p-value of test                       :    0.33

Anderson-Darling statistic = A2       :    0.49
p-value of test                       :    0.75

Tests on the sum of all N observations
Standardized normal statistic         :    0.34
p-value of test                       :    0.37

Sample variance                       :    1.02
p-value of test                       :    0.42

-----------------------------------------------
CPU time used                    :  00:00:42.59

Generator state:
 4-cmul Tempest v3\n



***********************************************************
HOST = LAPTOP-JUCO3OMC, CYGWIN_NT-10.0-26200

4-cmul Tempest v3


scomp_LempelZiv test:
-----------------------------------------------
   N = 10,  n = 134217728,  r = 15,   s =   15,   k =   27


-----------------------------------------------

Kolmogorov-Smirnov+ statistic = D+    :    0.23
p-value of test                       :    0.31

Kolmogorov-Smirnov- statistic = D-    :    0.13
p-value of test                       :    0.68

Anderson-Darling statistic = A2       :    0.57
p-value of test                       :    0.67

Tests on the sum of all N observations
Standardized normal statistic         :   -0.43
p-value of test                       :    0.67

Sample variance                       :    1.20
p-value of test                       :    0.29

-----------------------------------------------
CPU time used                    :  00:00:43.00

Generator state:
 4-cmul Tempest v3\n



***********************************************************
HOST = LAPTOP-JUCO3OMC, CYGWIN_NT-10.0-26200

4-cmul Tempest v3


sspectral_Fourier3 test:
-----------------------------------------------
   N = 100000,  n = 16384,  r =  0,   s =    3,   k =   14


-----------------------------------------------

Kolmogorov-Smirnov+ statistic = D+    : 8.71e-3
p-value of test                       :    0.53

Kolmogorov-Smirnov- statistic = D-    :   0.020
p-value of test                       :    0.04

Anderson-Darling statistic = A2       :    0.96
p-value of test                       :    0.38

-----------------------------------------------
CPU time used                    :  00:00:25.93

Generator state:
 4-cmul Tempest v3\n



***********************************************************
HOST = LAPTOP-JUCO3OMC, CYGWIN_NT-10.0-26200

4-cmul Tempest v3


sspectral_Fourier3 test:
-----------------------------------------------
   N = 100000,  n = 16384,  r = 27,   s =    3,   k =   14


-----------------------------------------------

Kolmogorov-Smirnov+ statistic = D+    : 9.07e-3
p-value of test                       :    0.51

Kolmogorov-Smirnov- statistic = D-    :   0.014
p-value of test                       :    0.19

Anderson-Darling statistic = A2       :    1.06
p-value of test                       :    0.33

-----------------------------------------------
CPU time used                    :  00:00:26.84

Generator state:
 4-cmul Tempest v3\n



***********************************************************
HOST = LAPTOP-JUCO3OMC, CYGWIN_NT-10.0-26200

4-cmul Tempest v3


sstring_LongestHeadRun test:
-----------------------------------------------
   N =  1,  n = 1000,  r =  0,   s = 3,   L = 10000020


-----------------------------------------------
Number of degrees of freedom          :    8
Chi-square statistic                  :    3.80
p-value of test                       :    0.87

-----------------------------------------------
Global longest run of 1               :   33.00
p-value of test                       :    0.44



-----------------------------------------------
CPU time used                    :  00:00:58.96

Generator state:
 4-cmul Tempest v3\n



***********************************************************
HOST = LAPTOP-JUCO3OMC, CYGWIN_NT-10.0-26200

4-cmul Tempest v3


sstring_LongestHeadRun test:
-----------------------------------------------
   N =  1,  n = 1000,  r = 27,   s = 3,   L = 10000020


-----------------------------------------------
Number of degrees of freedom          :    8
Chi-square statistic                  :    3.84
p-value of test                       :    0.87

-----------------------------------------------
Global longest run of 1               :   33.00
p-value of test                       :    0.44



-----------------------------------------------
CPU time used                    :  00:00:59.87

Generator state:
 4-cmul Tempest v3\n



***********************************************************
HOST = LAPTOP-JUCO3OMC, CYGWIN_NT-10.0-26200

4-cmul Tempest v3


sstring_PeriodsInStrings test:
-----------------------------------------------
   N = 10,  n = 500000000,  r =  0,   s =   10


-----------------------------------------------

Kolmogorov-Smirnov+ statistic = D+    :    0.28
p-value of test                       :    0.17

Kolmogorov-Smirnov- statistic = D-    :    0.15
p-value of test                       :    0.58

Anderson-Darling statistic = A2       :    0.79
p-value of test                       :    0.49

Test on the sum of all N observations
Number of degrees of freedom          :  200
Chi-square statistic                  :  194.56
p-value of test                       :    0.60

-----------------------------------------------
CPU time used                    :  00:01:39.12

Generator state:
 4-cmul Tempest v3\n



***********************************************************
HOST = LAPTOP-JUCO3OMC, CYGWIN_NT-10.0-26200

4-cmul Tempest v3


sstring_PeriodsInStrings test:
-----------------------------------------------
   N = 10,  n = 500000000,  r = 20,   s =   10


-----------------------------------------------

Kolmogorov-Smirnov+ statistic = D+    :    0.25
p-value of test                       :    0.24

Kolmogorov-Smirnov- statistic = D-    :    0.17
p-value of test                       :    0.52

Anderson-Darling statistic = A2       :    0.55
p-value of test                       :    0.69

Test on the sum of all N observations
Number of degrees of freedom          :  200
Chi-square statistic                  :  190.96
p-value of test                       :    0.66

-----------------------------------------------
CPU time used                    :  00:01:28.70

Generator state:
 4-cmul Tempest v3\n



***********************************************************
HOST = LAPTOP-JUCO3OMC, CYGWIN_NT-10.0-26200

4-cmul Tempest v3


sstring_HammingWeight2 test:
-----------------------------------------------
   N = 10,  n = 1000000000,  r =  0,   s = 3,   L = 1000000


-----------------------------------------------

Kolmogorov-Smirnov+ statistic = D+    :    0.16
p-value of test                       :    0.54

Kolmogorov-Smirnov- statistic = D-    :    0.18
p-value of test                       :    0.45

Anderson-Darling statistic = A2       :    0.50
p-value of test                       :    0.74

Test on the sum of all N observations
Number of degrees of freedom          : 10000
Chi-square statistic                  : 9956.74
p-value of test                       :    0.62

-----------------------------------------------
CPU time used                    :  00:00:40.82

Generator state:
 4-cmul Tempest v3\n



***********************************************************
HOST = LAPTOP-JUCO3OMC, CYGWIN_NT-10.0-26200

4-cmul Tempest v3


sstring_HammingWeight2 test:
-----------------------------------------------
   N = 10,  n = 1000000000,  r = 27,   s = 3,   L = 1000000


-----------------------------------------------

Kolmogorov-Smirnov+ statistic = D+    :    0.13
p-value of test                       :    0.67

Kolmogorov-Smirnov- statistic = D-    :    0.23
p-value of test                       :    0.31

Anderson-Darling statistic = A2       :    0.63
p-value of test                       :    0.61

Test on the sum of all N observations
Number of degrees of freedom          : 10000
Chi-square statistic                  :10028.23
p-value of test                       :    0.42

-----------------------------------------------
CPU time used                    :  00:00:41.82

Generator state:
 4-cmul Tempest v3\n



***********************************************************
HOST = LAPTOP-JUCO3OMC, CYGWIN_NT-10.0-26200

4-cmul Tempest v3


sstring_HammingCorr test:
-----------------------------------------------
   N =  1,  n = 1000000000,  r = 10,   s = 10,   L = 30



-----------------------------------------------
Normal statistic                      :    0.43
p-value of test                       :    0.33

-----------------------------------------------
CPU time used                    :  00:00:48.25

Generator state:
 4-cmul Tempest v3\n



***********************************************************
HOST = LAPTOP-JUCO3OMC, CYGWIN_NT-10.0-26200

4-cmul Tempest v3


sstring_HammingCorr test:
-----------------------------------------------
   N =  1,  n = 100000000,  r = 10,   s = 10,   L = 300



-----------------------------------------------
Normal statistic                      :    0.94
p-value of test                       :    0.17

-----------------------------------------------
CPU time used                    :  00:00:47.87

Generator state:
 4-cmul Tempest v3\n



***********************************************************
HOST = LAPTOP-JUCO3OMC, CYGWIN_NT-10.0-26200

4-cmul Tempest v3


sstring_HammingCorr test:
-----------------------------------------------
   N =  1,  n = 100000000,  r = 10,   s = 10,   L = 1200



-----------------------------------------------
Normal statistic                      :   -1.16
p-value of test                       :    0.88

-----------------------------------------------
CPU time used                    :  00:03:09.89

Generator state:
 4-cmul Tempest v3\n



***********************************************************
HOST = LAPTOP-JUCO3OMC, CYGWIN_NT-10.0-26200

4-cmul Tempest v3


sstring_HammingIndep test:
-----------------------------------------------
   N = 10,  n = 30000000,  r =  0,   s = 3,   L = 30,   d = 0



Counters with expected numbers >= 10
-----------------------------------------------

Kolmogorov-Smirnov+ statistic = D+    :    0.14
p-value of test                       :    0.62

Kolmogorov-Smirnov- statistic = D-    :    0.22
p-value of test                       :    0.34

Anderson-Darling statistic = A2       :    0.41
p-value of test                       :    0.84

Test on the sum of all N observations
Number of degrees of freedom          : 4890
Chi-square statistic                  : 4907.28
p-value of test                       :    0.43

-----------------------------------------------
CPU time used                    :  00:01:15.92

Generator state:
 4-cmul Tempest v3\n



***********************************************************
HOST = LAPTOP-JUCO3OMC, CYGWIN_NT-10.0-26200

4-cmul Tempest v3


sstring_HammingIndep test:
-----------------------------------------------
   N = 10,  n = 30000000,  r = 27,   s = 3,   L = 30,   d = 0



Counters with expected numbers >= 10
-----------------------------------------------

Kolmogorov-Smirnov+ statistic = D+    :    0.30
p-value of test                       :    0.14

Kolmogorov-Smirnov- statistic = D-    :    0.16
p-value of test                       :    0.56

Anderson-Darling statistic = A2       :    0.82
p-value of test                       :    0.46

Test on the sum of all N observations
Number of degrees of freedom          : 4890
Chi-square statistic                  : 4847.02
p-value of test                       :    0.67

-----------------------------------------------
CPU time used                    :  00:01:18.53

Generator state:
 4-cmul Tempest v3\n



***********************************************************
HOST = LAPTOP-JUCO3OMC, CYGWIN_NT-10.0-26200

4-cmul Tempest v3


sstring_HammingIndep test:
-----------------------------------------------
   N =  1,  n = 30000000,  r =  0,   s = 4,   L = 300,   d = 0



Counters with expected numbers >= 10
-----------------------------------------------
Number of degrees of freedom          : 4117
Chi-square statistic                  : 4141.83
p-value of test                       :    0.39

-----------------------------------------------
CPU time used                    :  00:00:57.42

Generator state:
 4-cmul Tempest v3\n



***********************************************************
HOST = LAPTOP-JUCO3OMC, CYGWIN_NT-10.0-26200

4-cmul Tempest v3


sstring_HammingIndep test:
-----------------------------------------------
   N =  1,  n = 30000000,  r = 26,   s = 4,   L = 300,   d = 0



Counters with expected numbers >= 10
-----------------------------------------------
Number of degrees of freedom          : 4117
Chi-square statistic                  : 4115.99
p-value of test                       :    0.50

-----------------------------------------------
CPU time used                    :  00:00:59.48

Generator state:
 4-cmul Tempest v3\n



***********************************************************
HOST = LAPTOP-JUCO3OMC, CYGWIN_NT-10.0-26200

4-cmul Tempest v3


sstring_HammingIndep test:
-----------------------------------------------
   N =  1,  n = 10000000,  r =  0,   s = 5,   L = 1200,   d = 0



Counters with expected numbers >= 10
-----------------------------------------------
Number of degrees of freedom          : 11825
Chi-square statistic                  :11716.49
p-value of test                       :    0.76

-----------------------------------------------
CPU time used                    :  00:01:03.59

Generator state:
 4-cmul Tempest v3\n



***********************************************************
HOST = LAPTOP-JUCO3OMC, CYGWIN_NT-10.0-26200

4-cmul Tempest v3


sstring_HammingIndep test:
-----------------------------------------------
   N =  1,  n = 10000000,  r = 25,   s = 5,   L = 1200,   d = 0



Counters with expected numbers >= 10
-----------------------------------------------
Number of degrees of freedom          : 11825
Chi-square statistic                  :11916.82
p-value of test                       :    0.27

-----------------------------------------------
CPU time used                    :  00:01:06.03

Generator state:
 4-cmul Tempest v3\n



***********************************************************
HOST = LAPTOP-JUCO3OMC, CYGWIN_NT-10.0-26200

4-cmul Tempest v3


sstring_Run test:
-----------------------------------------------
   N =  1,  n = 2000000000,  r =  0,   s =    3


-----------------------------------------------
Total number of 1 runs:  2000000000

Number of degrees of freedom          :   54
Chi2 statistic for number of runs     :   92.92
p-value of test                       :  7.9e-4    *****


-----------------------------------------------
Total number of bits:  8000041992

Normal statistic for number of bits   :    0.33
p-value of test                       :    0.37



-----------------------------------------------
CPU time used                    :  00:00:47.03

Generator state:
 4-cmul Tempest v3\n



***********************************************************
HOST = LAPTOP-JUCO3OMC, CYGWIN_NT-10.0-26200

4-cmul Tempest v3


sstring_Run test:
-----------------------------------------------
   N =  1,  n = 2000000000,  r = 27,   s =    3


-----------------------------------------------
Total number of 1 runs:  2000000000

Number of degrees of freedom          :   54
Chi2 statistic for number of runs     :   70.49
p-value of test                       :    0.07


-----------------------------------------------
Total number of bits:  8000199015

Normal statistic for number of bits   :    1.57
p-value of test                       :    0.06



-----------------------------------------------
CPU time used                    :  00:00:47.62

Generator state:
 4-cmul Tempest v3\n



***********************************************************
HOST = LAPTOP-JUCO3OMC, CYGWIN_NT-10.0-26200

4-cmul Tempest v3


sstring_AutoCor test:
-----------------------------------------------
   N = 10,  n = 1000000030,  r =  0,   s = 3,   d = 1


-----------------------------------------------

Kolmogorov-Smirnov+ statistic = D+    :   0.100
p-value of test                       :    0.77

Kolmogorov-Smirnov- statistic = D-    :    0.27
p-value of test                       :    0.21

Anderson-Darling statistic = A2       :    1.07
p-value of test                       :    0.32

Tests on the sum of all N observations
Standardized normal statistic         :    0.40
p-value of test                       :    0.34

Sample variance                       :    2.41
p-value of test                       :  9.9e-3

-----------------------------------------------
CPU time used                    :  00:00:51.17

Generator state:
 4-cmul Tempest v3\n



***********************************************************
HOST = LAPTOP-JUCO3OMC, CYGWIN_NT-10.0-26200

4-cmul Tempest v3


sstring_AutoCor test:
-----------------------------------------------
   N = 10,  n = 1000000029,  r =  0,   s = 3,   d = 3


-----------------------------------------------

Kolmogorov-Smirnov+ statistic = D+    :    0.12
p-value of test                       :    0.71

Kolmogorov-Smirnov- statistic = D-    :    0.28
p-value of test                       :    0.18

Anderson-Darling statistic = A2       :    1.15
p-value of test                       :    0.29

Tests on the sum of all N observations
Standardized normal statistic         :    0.77
p-value of test                       :    0.22

Sample variance                       :    1.94
p-value of test                       :    0.04

-----------------------------------------------
CPU time used                    :  00:00:41.54

Generator state:
 4-cmul Tempest v3\n



***********************************************************
HOST = LAPTOP-JUCO3OMC, CYGWIN_NT-10.0-26200

4-cmul Tempest v3


sstring_AutoCor test:
-----------------------------------------------
   N = 10,  n = 1000000030,  r = 27,   s = 3,   d = 1


-----------------------------------------------

Kolmogorov-Smirnov+ statistic = D+    :   0.086
p-value of test                       :    0.82

Kolmogorov-Smirnov- statistic = D-    :    0.30
p-value of test                       :    0.14

Anderson-Darling statistic = A2       :    0.99
p-value of test                       :    0.36

Tests on the sum of all N observations
Standardized normal statistic         :    1.12
p-value of test                       :    0.13

Sample variance                       :    0.78
p-value of test                       :    0.64

-----------------------------------------------
CPU time used                    :  00:00:51.62

Generator state:
 4-cmul Tempest v3\n



***********************************************************
HOST = LAPTOP-JUCO3OMC, CYGWIN_NT-10.0-26200

4-cmul Tempest v3


sstring_AutoCor test:
-----------------------------------------------
   N = 10,  n = 1000000029,  r = 27,   s = 3,   d = 3


-----------------------------------------------

Kolmogorov-Smirnov+ statistic = D+    :    0.10
p-value of test                       :    0.76

Kolmogorov-Smirnov- statistic = D-    :    0.16
p-value of test                       :    0.55

Anderson-Darling statistic = A2       :    0.31
p-value of test                       :    0.93

Tests on the sum of all N observations
Standardized normal statistic         :    0.52
p-value of test                       :    0.30

Sample variance                       :    0.72
p-value of test                       :    0.69

-----------------------------------------------
CPU time used                    :  00:00:41.92

Generator state:
 4-cmul Tempest v3\n




========= Summary results of BigCrush =========

 Version:          TestU01 1.2.3
 Generator:        4-cmul Tempest v3
 Number of statistics:  160
 Total CPU time:   02:04:02.39
 The following tests gave p-values outside [0.001, 0.9990]:
 (eps  means a value < 1.0e-300):
 (eps1 means a value < 1.0e-15):

       Test                          p-value
 ----------------------------------------------
 101  Run of bits, r = 0              7.9e-4
 ----------------------------------------------
 All other tests were passed



