============================================================
  TestU01 BigCrush (106 tests, ~10^11 bits)
============================================================

Algorithm: ADC-Bolt
This test will take several hours...

xxxxxxxxxxxxxxxxxxxxxxxxxxxxxxxxxxxxxxxxxxxxxxxxxxxxxxxxxxx
                 Starting BigCrush
                 Version: TestU01 1.2.3
xxxxxxxxxxxxxxxxxxxxxxxxxxxxxxxxxxxxxxxxxxxxxxxxxxxxxxxxxxx


***********************************************************
Test smarsa_SerialOver calling smultin_MultinomialOver

***********************************************************
HOST = LAPTOP-JUCO3OMC, CYGWIN_NT-10.0-26200

ADC-Bolt


smultin_MultinomialOver test:
-----------------------------------------------
   N =  1,  n = 1000000000,  r =  0,   d =  256,   t =  3,
       Sparse =  FALSE

       GenerCell = smultin_GenerCellSerial
       Number of cells = d^t =           16777216
       Expected number per cell =   59.604645
       Hashing =  FALSE

   For Delta > -1, we use the ChiSquare approximation
   Correction factor of the ChiSquare: 
       Delta =     1,    Mu =   0.0083558402,    Sigma =          1

-----------------------------------------------
Test Results for Delta =   1.0000

Number of degrees of freedom          : 16711680
Value of the statistic                : 1.67e+7
p-value of test                       :    0.89


-----------------------------------------------
CPU time used                    :  00:00:28.10

Generator state:
 ADC-Bolt (ADD+ADD, 70.3 Gbit/s)




***********************************************************
Test smarsa_SerialOver calling smultin_MultinomialOver

***********************************************************
HOST = LAPTOP-JUCO3OMC, CYGWIN_NT-10.0-26200

ADC-Bolt


smultin_MultinomialOver test:
-----------------------------------------------
   N =  1,  n = 1000000000,  r = 22,   d =  256,   t =  3,
       Sparse =  FALSE

       GenerCell = smultin_GenerCellSerial
       Number of cells = d^t =           16777216
       Expected number per cell =   59.604645
       Hashing =  FALSE

   For Delta > -1, we use the ChiSquare approximation
   Correction factor of the ChiSquare: 
       Delta =     1,    Mu =   0.0083558402,    Sigma =          1

-----------------------------------------------
Test Results for Delta =   1.0000

Number of degrees of freedom          : 16711680
Value of the statistic                : 1.67e+7
p-value of test                       :    0.90


-----------------------------------------------
CPU time used                    :  00:00:34.54

Generator state:
 ADC-Bolt (ADD+ADD, 70.3 Gbit/s)




***********************************************************
Test smarsa_CollisionOver calling smultin_MultinomialOver

***********************************************************
HOST = LAPTOP-JUCO3OMC, CYGWIN_NT-10.0-26200

ADC-Bolt


smultin_MultinomialOver test:
-----------------------------------------------
   N = 30,  n = 20000000,  r =  0,   d = 2097152,   t =  2,
       Sparse =   TRUE

       GenerCell = smultin_GenerCellSerial
       Number of cells = d^t =      4398046511104
       Expected number per cell =  1 /  219902.33
       EColl = n^2 / (2k) =  45.47473509
       Hashing =   TRUE

       Collision test

       CollisionOver:   density = n / k =  1 /  219902.33
       Expected number of collisions = Mu =      45.47


-----------------------------------------------
Results of CollisionOver test:

POISSON approximation                 :
Expected number of collisions = N*Mu  :     1364.24
Observed number of collisions         :     1425
p-value of test                       :    0.05

-----------------------------
Total number of cells containing j balls

  j =  0                              :  131940795334545
  j =  1                              :        599997150
  j =  2                              :             1425
  j =  3                              :                0
  j =  4                              :                0
  j =  5                              :                0

-----------------------------------------------
CPU time used                    :  00:01:29.32

Generator state:
 ADC-Bolt (ADD+ADD, 70.3 Gbit/s)




***********************************************************
Test smarsa_CollisionOver calling smultin_MultinomialOver

***********************************************************
HOST = LAPTOP-JUCO3OMC, CYGWIN_NT-10.0-26200

ADC-Bolt


smultin_MultinomialOver test:
-----------------------------------------------
   N = 30,  n = 20000000,  r =  9,   d = 2097152,   t =  2,
       Sparse =   TRUE

       GenerCell = smultin_GenerCellSerial
       Number of cells = d^t =      4398046511104
       Expected number per cell =  1 /  219902.33
       EColl = n^2 / (2k) =  45.47473509
       Hashing =   TRUE

       Collision test

       CollisionOver:   density = n / k =  1 /  219902.33
       Expected number of collisions = Mu =      45.47


-----------------------------------------------
Results of CollisionOver test:

POISSON approximation                 :
Expected number of collisions = N*Mu  :     1364.24
Observed number of collisions         :     1322
p-value of test                       :    0.87

-----------------------------
Total number of cells containing j balls

  j =  0                              :  131940795334442
  j =  1                              :        599997356
  j =  2                              :             1322
  j =  3                              :                0
  j =  4                              :                0
  j =  5                              :                0

-----------------------------------------------
CPU time used                    :  00:01:45.98

Generator state:
 ADC-Bolt (ADD+ADD, 70.3 Gbit/s)




***********************************************************
Test smarsa_CollisionOver calling smultin_MultinomialOver

***********************************************************
HOST = LAPTOP-JUCO3OMC, CYGWIN_NT-10.0-26200

ADC-Bolt


smultin_MultinomialOver test:
-----------------------------------------------
   N = 30,  n = 20000000,  r =  0,   d = 16384,   t =  3,
       Sparse =   TRUE

       GenerCell = smultin_GenerCellSerial
       Number of cells = d^t =      4398046511104
       Expected number per cell =  1 /  219902.33
       EColl = n^2 / (2k) =  45.47473509
       Hashing =   TRUE

       Collision test

       CollisionOver:   density = n / k =  1 /  219902.33
       Expected number of collisions = Mu =      45.47


-----------------------------------------------
Results of CollisionOver test:

POISSON approximation                 :
Expected number of collisions = N*Mu  :     1364.24
Observed number of collisions         :     1401
p-value of test                       :    0.16

-----------------------------
Total number of cells containing j balls

  j =  0                              :  131940795334521
  j =  1                              :        599997198
  j =  2                              :             1401
  j =  3                              :                0
  j =  4                              :                0
  j =  5                              :                0

-----------------------------------------------
CPU time used                    :  00:02:45.71

Generator state:
 ADC-Bolt (ADD+ADD, 70.3 Gbit/s)




***********************************************************
Test smarsa_CollisionOver calling smultin_MultinomialOver

***********************************************************
HOST = LAPTOP-JUCO3OMC, CYGWIN_NT-10.0-26200

ADC-Bolt


smultin_MultinomialOver test:
-----------------------------------------------
   N = 30,  n = 20000000,  r = 16,   d = 16384,   t =  3,
       Sparse =   TRUE

       GenerCell = smultin_GenerCellSerial
       Number of cells = d^t =      4398046511104
       Expected number per cell =  1 /  219902.33
       EColl = n^2 / (2k) =  45.47473509
       Hashing =   TRUE

       Collision test

       CollisionOver:   density = n / k =  1 /  219902.33
       Expected number of collisions = Mu =      45.47


-----------------------------------------------
Results of CollisionOver test:

POISSON approximation                 :
Expected number of collisions = N*Mu  :     1364.24
Observed number of collisions         :     1392
p-value of test                       :    0.23

-----------------------------
Total number of cells containing j balls

  j =  0                              :  131940795334512
  j =  1                              :        599997216
  j =  2                              :             1392
  j =  3                              :                0
  j =  4                              :                0
  j =  5                              :                0

-----------------------------------------------
CPU time used                    :  00:02:50.60

Generator state:
 ADC-Bolt (ADD+ADD, 70.3 Gbit/s)




***********************************************************
Test smarsa_CollisionOver calling smultin_MultinomialOver

***********************************************************
HOST = LAPTOP-JUCO3OMC, CYGWIN_NT-10.0-26200

ADC-Bolt


smultin_MultinomialOver test:
-----------------------------------------------
   N = 30,  n = 20000000,  r =  0,   d =   64,   t =  7,
       Sparse =   TRUE

       GenerCell = smultin_GenerCellSerial
       Number of cells = d^t =      4398046511104
       Expected number per cell =  1 /  219902.33
       EColl = n^2 / (2k) =  45.47473509
       Hashing =   TRUE

       Collision test

       CollisionOver:   density = n / k =  1 /  219902.33
       Expected number of collisions = Mu =      45.47


-----------------------------------------------
Results of CollisionOver test:

POISSON approximation                 :
Expected number of collisions = N*Mu  :     1364.24
Observed number of collisions         :     1327
p-value of test                       :    0.84

-----------------------------
Total number of cells containing j balls

  j =  0                              :  131940795334447
  j =  1                              :        599997346
  j =  2                              :             1327
  j =  3                              :                0
  j =  4                              :                0
  j =  5                              :                0

-----------------------------------------------
CPU time used                    :  00:02:49.57

Generator state:
 ADC-Bolt (ADD+ADD, 70.3 Gbit/s)




***********************************************************
Test smarsa_CollisionOver calling smultin_MultinomialOver

***********************************************************
HOST = LAPTOP-JUCO3OMC, CYGWIN_NT-10.0-26200

ADC-Bolt


smultin_MultinomialOver test:
-----------------------------------------------
   N = 30,  n = 20000000,  r = 24,   d =   64,   t =  7,
       Sparse =   TRUE

       GenerCell = smultin_GenerCellSerial
       Number of cells = d^t =      4398046511104
       Expected number per cell =  1 /  219902.33
       EColl = n^2 / (2k) =  45.47473509
       Hashing =   TRUE

       Collision test

       CollisionOver:   density = n / k =  1 /  219902.33
       Expected number of collisions = Mu =      45.47


-----------------------------------------------
Results of CollisionOver test:

POISSON approximation                 :
Expected number of collisions = N*Mu  :     1364.24
Observed number of collisions         :     1396
p-value of test                       :    0.20

-----------------------------
Total number of cells containing j balls

  j =  0                              :  131940795334516
  j =  1                              :        599997208
  j =  2                              :             1396
  j =  3                              :                0
  j =  4                              :                0
  j =  5                              :                0

-----------------------------------------------
CPU time used                    :  00:02:47.17

Generator state:
 ADC-Bolt (ADD+ADD, 70.3 Gbit/s)




***********************************************************
Test smarsa_CollisionOver calling smultin_MultinomialOver

***********************************************************
HOST = LAPTOP-JUCO3OMC, CYGWIN_NT-10.0-26200

ADC-Bolt


smultin_MultinomialOver test:
-----------------------------------------------
   N = 30,  n = 20000000,  r =  0,   d =    8,   t = 14,
       Sparse =   TRUE

       GenerCell = smultin_GenerCellSerial
       Number of cells = d^t =      4398046511104
       Expected number per cell =  1 /  219902.33
       EColl = n^2 / (2k) =  45.47473509
       Hashing =   TRUE

       Collision test

       CollisionOver:   density = n / k =  1 /  219902.33
       Expected number of collisions = Mu =      45.47


-----------------------------------------------
Results of CollisionOver test:

POISSON approximation                 :
Expected number of collisions = N*Mu  :     1364.24
Observed number of collisions         :     1271
p-value of test                       :    0.9944

-----------------------------
Total number of cells containing j balls

  j =  0                              :  131940795334391
  j =  1                              :        599997458
  j =  2                              :             1271
  j =  3                              :                0
  j =  4                              :                0
  j =  5                              :                0

-----------------------------------------------
CPU time used                    :  00:02:44.57

Generator state:
 ADC-Bolt (ADD+ADD, 70.3 Gbit/s)




***********************************************************
Test smarsa_CollisionOver calling smultin_MultinomialOver

***********************************************************
HOST = LAPTOP-JUCO3OMC, CYGWIN_NT-10.0-26200

ADC-Bolt


smultin_MultinomialOver test:
-----------------------------------------------
   N = 30,  n = 20000000,  r = 27,   d =    8,   t = 14,
       Sparse =   TRUE

       GenerCell = smultin_GenerCellSerial
       Number of cells = d^t =      4398046511104
       Expected number per cell =  1 /  219902.33
       EColl = n^2 / (2k) =  45.47473509
       Hashing =   TRUE

       Collision test

       CollisionOver:   density = n / k =  1 /  219902.33
       Expected number of collisions = Mu =      45.47


-----------------------------------------------
Results of CollisionOver test:

POISSON approximation                 :
Expected number of collisions = N*Mu  :     1364.24
Observed number of collisions         :     1368
p-value of test                       :    0.46

-----------------------------
Total number of cells containing j balls

  j =  0                              :  131940795334488
  j =  1                              :        599997264
  j =  2                              :             1368
  j =  3                              :                0
  j =  4                              :                0
  j =  5                              :                0

-----------------------------------------------
CPU time used                    :  00:02:50.25

Generator state:
 ADC-Bolt (ADD+ADD, 70.3 Gbit/s)




***********************************************************
Test smarsa_CollisionOver calling smultin_MultinomialOver

***********************************************************
HOST = LAPTOP-JUCO3OMC, CYGWIN_NT-10.0-26200

ADC-Bolt


smultin_MultinomialOver test:
-----------------------------------------------
   N = 30,  n = 20000000,  r =  0,   d =    4,   t = 21,
       Sparse =   TRUE

       GenerCell = smultin_GenerCellSerial
       Number of cells = d^t =      4398046511104
       Expected number per cell =  1 /  219902.33
       EColl = n^2 / (2k) =  45.47473509
       Hashing =   TRUE

       Collision test

       CollisionOver:   density = n / k =  1 /  219902.33
       Expected number of collisions = Mu =      45.47


-----------------------------------------------
Results of CollisionOver test:

POISSON approximation                 :
Expected number of collisions = N*Mu  :     1364.24
Observed number of collisions         :     1352
p-value of test                       :    0.62

-----------------------------
Total number of cells containing j balls

  j =  0                              :  131940795334472
  j =  1                              :        599997296
  j =  2                              :             1352
  j =  3                              :                0
  j =  4                              :                0
  j =  5                              :                0

-----------------------------------------------
CPU time used                    :  00:02:48.79

Generator state:
 ADC-Bolt (ADD+ADD, 70.3 Gbit/s)




***********************************************************
Test smarsa_CollisionOver calling smultin_MultinomialOver

***********************************************************
HOST = LAPTOP-JUCO3OMC, CYGWIN_NT-10.0-26200

ADC-Bolt


smultin_MultinomialOver test:
-----------------------------------------------
   N = 30,  n = 20000000,  r = 28,   d =    4,   t = 21,
       Sparse =   TRUE

       GenerCell = smultin_GenerCellSerial
       Number of cells = d^t =      4398046511104
       Expected number per cell =  1 /  219902.33
       EColl = n^2 / (2k) =  45.47473509
       Hashing =   TRUE

       Collision test

       CollisionOver:   density = n / k =  1 /  219902.33
       Expected number of collisions = Mu =      45.47


-----------------------------------------------
Results of CollisionOver test:

POISSON approximation                 :
Expected number of collisions = N*Mu  :     1364.24
Observed number of collisions         :     1400
p-value of test                       :    0.17

-----------------------------
Total number of cells containing j balls

  j =  0                              :  131940795334520
  j =  1                              :        599997200
  j =  2                              :             1400
  j =  3                              :                0
  j =  4                              :                0
  j =  5                              :                0

-----------------------------------------------
CPU time used                    :  00:02:50.62

Generator state:
 ADC-Bolt (ADD+ADD, 70.3 Gbit/s)




***********************************************************
HOST = LAPTOP-JUCO3OMC, CYGWIN_NT-10.0-26200

ADC-Bolt


smarsa_BirthdaySpacings test:
-----------------------------------------------
   N = 100,  n = 10000000,  r =  0,    d = 2147483648,    t = 2,    p = 1


      Number of cells = d^t = 4611686018427387904
      Lambda = Poisson mean =      54.2101


----------------------------------------------------
Total expected number = N*Lambda      :    5421.01
Total observed number                 :    5404
p-value of test                       :    0.59


-----------------------------------------------
CPU time used                    :  00:02:12.18

Generator state:
 ADC-Bolt (ADD+ADD, 70.3 Gbit/s)




***********************************************************
HOST = LAPTOP-JUCO3OMC, CYGWIN_NT-10.0-26200

ADC-Bolt


smarsa_BirthdaySpacings test:
-----------------------------------------------
   N = 20,  n = 20000000,  r =  0,    d = 2097152,    t = 3,    p = 1


      Number of cells = d^t = 9223372036854775808
      Lambda = Poisson mean =     216.8404


----------------------------------------------------
Total expected number = N*Lambda      :    4336.81
Total observed number                 :    4259
p-value of test                       :    0.88


-----------------------------------------------
CPU time used                    :  00:00:56.51

Generator state:
 ADC-Bolt (ADD+ADD, 70.3 Gbit/s)




***********************************************************
HOST = LAPTOP-JUCO3OMC, CYGWIN_NT-10.0-26200

ADC-Bolt


smarsa_BirthdaySpacings test:
-----------------------------------------------
   N = 20,  n = 30000000,  r = 14,    d = 65536,    t = 4,    p = 1


      Number of cells = d^t = 18446744073709551616
      Lambda = Poisson mean =     365.9182


----------------------------------------------------
Total expected number = N*Lambda      :    7318.36
Total observed number                 :    7297
p-value of test                       :    0.60


-----------------------------------------------
CPU time used                    :  00:01:39.29

Generator state:
 ADC-Bolt (ADD+ADD, 70.3 Gbit/s)




***********************************************************
HOST = LAPTOP-JUCO3OMC, CYGWIN_NT-10.0-26200

ADC-Bolt


smarsa_BirthdaySpacings test:
-----------------------------------------------
   N = 20,  n = 20000000,  r =  0,    d = 512,    t = 7,    p = 1


      Number of cells = d^t = 9223372036854775808
      Lambda = Poisson mean =     216.8404


----------------------------------------------------
Total expected number = N*Lambda      :    4336.81
Total observed number                 :    4200
p-value of test                       :    0.98


-----------------------------------------------
CPU time used                    :  00:01:12.79

Generator state:
 ADC-Bolt (ADD+ADD, 70.3 Gbit/s)




***********************************************************
HOST = LAPTOP-JUCO3OMC, CYGWIN_NT-10.0-26200

ADC-Bolt


smarsa_BirthdaySpacings test:
-----------------------------------------------
   N = 20,  n = 20000000,  r =  7,    d = 512,    t = 7,    p = 1


      Number of cells = d^t = 9223372036854775808
      Lambda = Poisson mean =     216.8404


----------------------------------------------------
Total expected number = N*Lambda      :    4336.81
Total observed number                 :    4372
p-value of test                       :    0.30


-----------------------------------------------
CPU time used                    :  00:01:14.95

Generator state:
 ADC-Bolt (ADD+ADD, 70.3 Gbit/s)




***********************************************************
HOST = LAPTOP-JUCO3OMC, CYGWIN_NT-10.0-26200

ADC-Bolt


smarsa_BirthdaySpacings test:
-----------------------------------------------
   N = 20,  n = 30000000,  r = 14,    d = 256,    t = 8,    p = 1


      Number of cells = d^t = 18446744073709551616
      Lambda = Poisson mean =     365.9182


----------------------------------------------------
Total expected number = N*Lambda      :    7318.36
Total observed number                 :    7364
p-value of test                       :    0.30


-----------------------------------------------
CPU time used                    :  00:01:58.48

Generator state:
 ADC-Bolt (ADD+ADD, 70.3 Gbit/s)




***********************************************************
HOST = LAPTOP-JUCO3OMC, CYGWIN_NT-10.0-26200

ADC-Bolt


smarsa_BirthdaySpacings test:
-----------------------------------------------
   N = 20,  n = 30000000,  r = 22,    d = 256,    t = 8,    p = 1


      Number of cells = d^t = 18446744073709551616
      Lambda = Poisson mean =     365.9182


----------------------------------------------------
Total expected number = N*Lambda      :    7318.36
Total observed number                 :    7283
p-value of test                       :    0.66


-----------------------------------------------
CPU time used                    :  00:01:57.18

Generator state:
 ADC-Bolt (ADD+ADD, 70.3 Gbit/s)




***********************************************************
HOST = LAPTOP-JUCO3OMC, CYGWIN_NT-10.0-26200

ADC-Bolt


smarsa_BirthdaySpacings test:
-----------------------------------------------
   N = 20,  n = 30000000,  r =  0,    d = 16,    t = 16,    p = 1


      Number of cells = d^t = 18446744073709551616
      Lambda = Poisson mean =     365.9182


----------------------------------------------------
Total expected number = N*Lambda      :    7318.36
Total observed number                 :    7324
p-value of test                       :    0.48


-----------------------------------------------
CPU time used                    :  00:02:19.00

Generator state:
 ADC-Bolt (ADD+ADD, 70.3 Gbit/s)




***********************************************************
HOST = LAPTOP-JUCO3OMC, CYGWIN_NT-10.0-26200

ADC-Bolt


smarsa_BirthdaySpacings test:
-----------------------------------------------
   N = 20,  n = 30000000,  r = 26,    d = 16,    t = 16,    p = 1


      Number of cells = d^t = 18446744073709551616
      Lambda = Poisson mean =     365.9182


----------------------------------------------------
Total expected number = N*Lambda      :    7318.36
Total observed number                 :    7265
p-value of test                       :    0.73


-----------------------------------------------
CPU time used                    :  00:02:26.87

Generator state:
 ADC-Bolt (ADD+ADD, 70.3 Gbit/s)




***********************************************************
HOST = LAPTOP-JUCO3OMC, CYGWIN_NT-10.0-26200

ADC-Bolt


snpair_ClosePairs test:
-----------------------------------------------
   N = 30,  n = 6000000,  r =  0,  t = 3,  p = 0,  m = 30,  Torus =  TRUE


---------------------------------------
Test based on the 2 nearest points (NP):

Stat. AD on the N values (NP)         :    1.32
p-value of test                       :    0.22


A2 test based on the spacings between the
   successive jump times of process Y_n(t):

A2 test on the values of A2 (m-NP)    :    1.39
p-value of test                       :    0.21

Test on the Nm values of W_{n,i}(mNP1):    0.70
p-value of test                       :    0.56

Test on the jump times of Y
   (superposition of Yn):

Expected number of jumps of Y = mN    :     900
Number of jumps of Y                  :     919
p-value of test                       :    0.27

Stat. AD (mNP2)                       :    0.85
p-value of test                       :    0.45

Stat. AD after spacings (mNP2-S)      :    3.01
p-value of test                       :    0.03

-----------------------------------------------
CPU time used                    :  00:01:15.75

Generator state:
 ADC-Bolt (ADD+ADD, 70.3 Gbit/s)




***********************************************************
HOST = LAPTOP-JUCO3OMC, CYGWIN_NT-10.0-26200

ADC-Bolt


snpair_ClosePairs test:
-----------------------------------------------
   N = 20,  n = 4000000,  r =  0,  t = 5,  p = 0,  m = 30,  Torus =  TRUE


---------------------------------------
Test based on the 2 nearest points (NP):

Stat. AD on the N values (NP)         :    1.39
p-value of test                       :    0.20


A2 test based on the spacings between the
   successive jump times of process Y_n(t):

A2 test on the values of A2 (m-NP)    :    1.88
p-value of test                       :    0.11

Test on the Nm values of W_{n,i}(mNP1):    1.00
p-value of test                       :    0.36

Test on the jump times of Y
   (superposition of Yn):

Expected number of jumps of Y = mN    :     600
Number of jumps of Y                  :     585
p-value of test                       :    0.72

Stat. AD (mNP2)                       :    3.30
p-value of test                       :    0.02

Stat. AD after spacings (mNP2-S)      :    0.90
p-value of test                       :    0.41

-----------------------------------------------
CPU time used                    :  00:00:52.23

Generator state:
 ADC-Bolt (ADD+ADD, 70.3 Gbit/s)




***********************************************************
HOST = LAPTOP-JUCO3OMC, CYGWIN_NT-10.0-26200

ADC-Bolt


snpair_ClosePairs test:
-----------------------------------------------
   N = 10,  n = 3000000,  r =  0,  t = 9,  p = 0,  m = 30,  Torus =  TRUE


---------------------------------------
Test based on the 2 nearest points (NP):

Stat. AD on the N values (NP)         :    0.87
p-value of test                       :    0.43


A2 test based on the spacings between the
   successive jump times of process Y_n(t):

A2 test on the values of A2 (m-NP)    :    0.37
p-value of test                       :    0.88

Test on the Nm values of W_{n,i}(mNP1):    0.51
p-value of test                       :    0.74

Test on the jump times of Y
   (superposition of Yn):

Expected number of jumps of Y = mN    :     300
Number of jumps of Y                  :     311
p-value of test                       :    0.27

Stat. AD (mNP2)                       :    1.19
p-value of test                       :    0.27

Stat. AD after spacings (mNP2-S)      :    0.77
p-value of test                       :    0.51

-----------------------------------------------
CPU time used                    :  00:01:28.59

Generator state:
 ADC-Bolt (ADD+ADD, 70.3 Gbit/s)




***********************************************************
HOST = LAPTOP-JUCO3OMC, CYGWIN_NT-10.0-26200

ADC-Bolt


snpair_ClosePairs test:
-----------------------------------------------
   N =  5,  n = 2000000,  r =  0,  t = 16,  p = 0,  m = 30,  Torus =  TRUE


---------------------------------------
Test based on the 2 nearest points (NP):

Stat. AD on the N values (NP)         :    1.11
p-value of test                       :    0.30


A2 test based on the spacings between the
   successive jump times of process Y_n(t):

A2 test on the values of A2 (m-NP)    :    0.60
p-value of test                       :    0.64

Test on the Nm values of W_{n,i}(mNP1):    1.74
p-value of test                       :    0.13

Test on the jump times of Y
   (superposition of Yn):

Expected number of jumps of Y = mN    :     150
Number of jumps of Y                  :     137
p-value of test                       :    0.85

Stat. AD (mNP2)                       :    0.44
p-value of test                       :    0.81

Stat. AD after spacings (mNP2-S)      :    2.56
p-value of test                       :    0.05

-----------------------------------------------
CPU time used                    :  00:01:43.43

Generator state:
 ADC-Bolt (ADD+ADD, 70.3 Gbit/s)




***********************************************************
HOST = LAPTOP-JUCO3OMC, CYGWIN_NT-10.0-26200

ADC-Bolt


sknuth_SimpPoker test:
-----------------------------------------------
   N =  1,  n = 400000000,  r =  0,   d =    8,   k =    8


-----------------------------------------------
Number of degrees of freedom          :    7
Chi-square statistic                  :    5.87
p-value of test                       :    0.56

-----------------------------------------------
CPU time used                    :  00:00:20.18

Generator state:
 ADC-Bolt (ADD+ADD, 70.3 Gbit/s)




***********************************************************
HOST = LAPTOP-JUCO3OMC, CYGWIN_NT-10.0-26200

ADC-Bolt


sknuth_SimpPoker test:
-----------------------------------------------
   N =  1,  n = 400000000,  r = 27,   d =    8,   k =    8


-----------------------------------------------
Number of degrees of freedom          :    7
Chi-square statistic                  :    8.43
p-value of test                       :    0.30

-----------------------------------------------
CPU time used                    :  00:00:26.70

Generator state:
 ADC-Bolt (ADD+ADD, 70.3 Gbit/s)




***********************************************************
HOST = LAPTOP-JUCO3OMC, CYGWIN_NT-10.0-26200

ADC-Bolt


sknuth_SimpPoker test:
-----------------------------------------------
   N =  1,  n = 100000000,  r =  0,   d =   32,   k =   32


-----------------------------------------------
Number of degrees of freedom          :   18
Chi-square statistic                  :   16.22
p-value of test                       :    0.58

-----------------------------------------------
CPU time used                    :  00:00:21.57

Generator state:
 ADC-Bolt (ADD+ADD, 70.3 Gbit/s)




***********************************************************
HOST = LAPTOP-JUCO3OMC, CYGWIN_NT-10.0-26200

ADC-Bolt


sknuth_SimpPoker test:
-----------------------------------------------
   N =  1,  n = 100000000,  r = 25,   d =   32,   k =   32


-----------------------------------------------
Number of degrees of freedom          :   18
Chi-square statistic                  :    9.15
p-value of test                       :    0.96

-----------------------------------------------
CPU time used                    :  00:00:34.28

Generator state:
 ADC-Bolt (ADD+ADD, 70.3 Gbit/s)




***********************************************************
HOST = LAPTOP-JUCO3OMC, CYGWIN_NT-10.0-26200

ADC-Bolt


sknuth_CouponCollector test:
-----------------------------------------------
   N =  1,  n = 200000000,  r =  0,   d =    8


-----------------------------------------------
Number of degrees of freedom          :   54
Chi-square statistic                  :   41.64
p-value of test                       :    0.89

-----------------------------------------------
CPU time used                    :  00:00:35.21

Generator state:
 ADC-Bolt (ADD+ADD, 70.3 Gbit/s)




***********************************************************
HOST = LAPTOP-JUCO3OMC, CYGWIN_NT-10.0-26200

ADC-Bolt


sknuth_CouponCollector test:
-----------------------------------------------
   N =  1,  n = 200000000,  r = 10,   d =    8


-----------------------------------------------
Number of degrees of freedom          :   54
Chi-square statistic                  :   54.06
p-value of test                       :    0.47

-----------------------------------------------
CPU time used                    :  00:00:39.10

Generator state:
 ADC-Bolt (ADD+ADD, 70.3 Gbit/s)




***********************************************************
HOST = LAPTOP-JUCO3OMC, CYGWIN_NT-10.0-26200

ADC-Bolt


sknuth_CouponCollector test:
-----------------------------------------------
   N =  1,  n = 200000000,  r = 20,   d =    8


-----------------------------------------------
Number of degrees of freedom          :   54
Chi-square statistic                  :   44.83
p-value of test                       :    0.81

-----------------------------------------------
CPU time used                    :  00:00:39.15

Generator state:
 ADC-Bolt (ADD+ADD, 70.3 Gbit/s)




***********************************************************
HOST = LAPTOP-JUCO3OMC, CYGWIN_NT-10.0-26200

ADC-Bolt


sknuth_CouponCollector test:
-----------------------------------------------
   N =  1,  n = 200000000,  r = 27,   d =    8


-----------------------------------------------
Number of degrees of freedom          :   54
Chi-square statistic                  :   46.19
p-value of test                       :    0.77

-----------------------------------------------
CPU time used                    :  00:00:39.46

Generator state:
 ADC-Bolt (ADD+ADD, 70.3 Gbit/s)




***********************************************************
HOST = LAPTOP-JUCO3OMC, CYGWIN_NT-10.0-26200

ADC-Bolt


sknuth_Gap test:
-----------------------------------------------
   N =  1,  n = 500000000,  r =  0,   Alpha =        0,   Beta  =   0.0625


-----------------------------------------------
Number of degrees of freedom          :  232
Chi-square statistic                  :  245.26
p-value of test                       :    0.26

-----------------------------------------------
CPU time used                    :  00:00:37.54

Generator state:
 ADC-Bolt (ADD+ADD, 70.3 Gbit/s)




***********************************************************
HOST = LAPTOP-JUCO3OMC, CYGWIN_NT-10.0-26200

ADC-Bolt


sknuth_Gap test:
-----------------------------------------------
   N =  1,  n = 300000000,  r = 25,   Alpha =        0,   Beta  =  0.03125


-----------------------------------------------
Number of degrees of freedom          :  434
Chi-square statistic                  :  401.12
p-value of test                       :    0.87

-----------------------------------------------
CPU time used                    :  00:00:54.09

Generator state:
 ADC-Bolt (ADD+ADD, 70.3 Gbit/s)




***********************************************************
HOST = LAPTOP-JUCO3OMC, CYGWIN_NT-10.0-26200

ADC-Bolt


sknuth_Gap test:
-----------------------------------------------
   N =  1,  n = 100000000,  r =  0,   Alpha =        0,   Beta  = 0.0078125


-----------------------------------------------
Number of degrees of freedom          : 1437
Chi-square statistic                  : 1400.34
p-value of test                       :    0.75

-----------------------------------------------
CPU time used                    :  00:00:55.40

Generator state:
 ADC-Bolt (ADD+ADD, 70.3 Gbit/s)




***********************************************************
HOST = LAPTOP-JUCO3OMC, CYGWIN_NT-10.0-26200

ADC-Bolt


sknuth_Gap test:
-----------------------------------------------
   N =  1,  n = 10000000,  r = 20,   Alpha =        0,   Beta  = 0.000976562


-----------------------------------------------
Number of degrees of freedom          : 7046
Chi-square statistic                  : 6862.18
p-value of test                       :    0.94

-----------------------------------------------
CPU time used                    :  00:00:51.59

Generator state:
 ADC-Bolt (ADD+ADD, 70.3 Gbit/s)




***********************************************************
HOST = LAPTOP-JUCO3OMC, CYGWIN_NT-10.0-26200

ADC-Bolt


sknuth_Run test:
-----------------------------------------------
   N =  5,  n = 1000000000,  r =  0,   Up = FALSE


-----------------------------------------------

Kolmogorov-Smirnov+ statistic = D+    :    0.18
p-value of test                       :    0.66

Kolmogorov-Smirnov- statistic = D-    :    0.26
p-value of test                       :    0.44

Anderson-Darling statistic = A2       :    0.34
p-value of test                       :    0.90

Test on the sum of all N observations
Number of degrees of freedom          :   30
Chi-square statistic                  :   30.92
p-value of test                       :    0.42

-----------------------------------------------
CPU time used                    :  00:00:35.53

Generator state:
 ADC-Bolt (ADD+ADD, 70.3 Gbit/s)




***********************************************************
HOST = LAPTOP-JUCO3OMC, CYGWIN_NT-10.0-26200

ADC-Bolt


sknuth_Run test:
-----------------------------------------------
   N = 10,  n = 1000000000,  r = 15,   Up =  TRUE


-----------------------------------------------

Kolmogorov-Smirnov+ statistic = D+    :    0.26
p-value of test                       :    0.22

Kolmogorov-Smirnov- statistic = D-    :    0.20
p-value of test                       :    0.40

Anderson-Darling statistic = A2       :    0.73
p-value of test                       :    0.53

Test on the sum of all N observations
Number of degrees of freedom          :   60
Chi-square statistic                  :   54.62
p-value of test                       :    0.67

-----------------------------------------------
CPU time used                    :  00:01:36.34

Generator state:
 ADC-Bolt (ADD+ADD, 70.3 Gbit/s)




***********************************************************
Test sknuth_Permutation calling smultin_Multinomial

***********************************************************
HOST = LAPTOP-JUCO3OMC, CYGWIN_NT-10.0-26200

ADC-Bolt


smultin_Multinomial test:
-----------------------------------------------
   N =  1,  n = 1000000000,  r =  5,   t =  3,
       Sparse =  FALSE

       GenerCell = smultin_GenerCellPermut
       Number of cells = t! =                  6
       Expected number per cell =  1.6666667e+08
       Hashing =  FALSE

   For Delta > -1, we use the ChiSquare approximation
   Correction factor of the ChiSquare: 
       Delta =     1,    Mu =  2.5000002e-09,    Sigma =          1

-----------------------------------------------
Test Results for Delta =   1.0000

Number of degrees of freedom          :    5
Value of the statistic                :    5.73
p-value of test                       :    0.33


-----------------------------------------------
CPU time used                    :  00:00:32.07

Generator state:
 ADC-Bolt (ADD+ADD, 70.3 Gbit/s)




***********************************************************
Test sknuth_Permutation calling smultin_Multinomial

***********************************************************
HOST = LAPTOP-JUCO3OMC, CYGWIN_NT-10.0-26200

ADC-Bolt


smultin_Multinomial test:
-----------------------------------------------
   N =  1,  n = 1000000000,  r =  5,   t =  5,
       Sparse =  FALSE

       GenerCell = smultin_GenerCellPermut
       Number of cells = t! =                120
       Expected number per cell =   8333333.3
       Hashing =  FALSE

   For Delta > -1, we use the ChiSquare approximation
   Correction factor of the ChiSquare: 
       Delta =     1,    Mu =  5.9500005e-08,    Sigma =          1

-----------------------------------------------
Test Results for Delta =   1.0000

Number of degrees of freedom          :  119
Value of the statistic                :  114.98
p-value of test                       :    0.59


-----------------------------------------------
CPU time used                    :  00:00:59.06

Generator state:
 ADC-Bolt (ADD+ADD, 70.3 Gbit/s)




***********************************************************
Test sknuth_Permutation calling smultin_Multinomial

***********************************************************
HOST = LAPTOP-JUCO3OMC, CYGWIN_NT-10.0-26200

ADC-Bolt


smultin_Multinomial test:
-----------------------------------------------
   N =  1,  n = 500000000,  r =  5,   t =  7,
       Sparse =  FALSE

       GenerCell = smultin_GenerCellPermut
       Number of cells = t! =               5040
       Expected number per cell =   99206.349
       Hashing =  FALSE

   For Delta > -1, we use the ChiSquare approximation
   Correction factor of the ChiSquare: 
       Delta =     1,    Mu =  5.0390004e-06,    Sigma =          1

-----------------------------------------------
Test Results for Delta =   1.0000

Number of degrees of freedom          : 5039
Value of the statistic                : 5157.07
p-value of test                       :    0.12


-----------------------------------------------
CPU time used                    :  00:00:45.35

Generator state:
 ADC-Bolt (ADD+ADD, 70.3 Gbit/s)




***********************************************************
Test sknuth_Permutation calling smultin_Multinomial

***********************************************************
HOST = LAPTOP-JUCO3OMC, CYGWIN_NT-10.0-26200

ADC-Bolt


smultin_Multinomial test:
-----------------------------------------------
   N =  1,  n = 500000000,  r = 10,   t = 10,
       Sparse =  FALSE

       GenerCell = smultin_GenerCellPermut
       Number of cells = t! =            3628800
       Expected number per cell =    137.7866
       Hashing =  FALSE

   For Delta > -1, we use the ChiSquare approximation
   Correction factor of the ChiSquare: 
       Delta =     1,    Mu =   0.0036287993,    Sigma =          1

-----------------------------------------------
Test Results for Delta =   1.0000

Number of degrees of freedom          : 3628799
Value of the statistic                : 3.63e+6
p-value of test                       :    0.05


-----------------------------------------------
CPU time used                    :  00:01:07.62

Generator state:
 ADC-Bolt (ADD+ADD, 70.3 Gbit/s)




***********************************************************
Test sknuth_CollisionPermut calling smultin_Multinomial

***********************************************************
HOST = LAPTOP-JUCO3OMC, CYGWIN_NT-10.0-26200

ADC-Bolt


smultin_Multinomial test:
-----------------------------------------------
   N = 20,  n = 20000000,  r =  0,   t = 14,
       Sparse =   TRUE

       GenerCell = smultin_GenerCellPermut
       Number of cells = t! =        87178291200
       Expected number per cell =  1 /  4358.9146
       EColl = n^2 / (2k) =   2294.14912
       Hashing =   TRUE

       Collision test,    Mu =      2293.9736,    Sigma =    47.8841

-----------------------------------------------
Test Results for Collisions

For the total number of collisions, we use
      the Poisson approximation:
Expected number of collisions = N*Mu  :    45879.47
Observed number of collisions         :    45857
p-value of test                       :    0.54


-----------------------------
Total number of cells containing j balls

  j =  0                              :    1743165869857
  j =  1                              :        399908294
  j =  2                              :            45841
  j =  3                              :                8
  j =  4                              :                0
  j =  5                              :                0

-----------------------------------------------
CPU time used                    :  00:02:31.29

Generator state:
 ADC-Bolt (ADD+ADD, 70.3 Gbit/s)




***********************************************************
Test sknuth_CollisionPermut calling smultin_Multinomial

***********************************************************
HOST = LAPTOP-JUCO3OMC, CYGWIN_NT-10.0-26200

ADC-Bolt


smultin_Multinomial test:
-----------------------------------------------
   N = 20,  n = 20000000,  r = 10,   t = 14,
       Sparse =   TRUE

       GenerCell = smultin_GenerCellPermut
       Number of cells = t! =        87178291200
       Expected number per cell =  1 /  4358.9146
       EColl = n^2 / (2k) =   2294.14912
       Hashing =   TRUE

       Collision test,    Mu =      2293.9736,    Sigma =    47.8841

-----------------------------------------------
Test Results for Collisions

For the total number of collisions, we use
      the Poisson approximation:
Expected number of collisions = N*Mu  :    45879.47
Observed number of collisions         :    45742
p-value of test                       :    0.74


-----------------------------
Total number of cells containing j balls

  j =  0                              :    1743165869742
  j =  1                              :        399908519
  j =  2                              :            45736
  j =  3                              :                3
  j =  4                              :                0
  j =  5                              :                0

-----------------------------------------------
CPU time used                    :  00:02:35.59

Generator state:
 ADC-Bolt (ADD+ADD, 70.3 Gbit/s)




***********************************************************
HOST = LAPTOP-JUCO3OMC, CYGWIN_NT-10.0-26200

ADC-Bolt


sknuth_MaxOft test:
-----------------------------------------------
   N = 40,  n = 10000000,  r =  0,   d = 100000,   t =  8

      Number of categories = 100000
      Expected number per category  = 100.00


-----------------------------------------------
Test results for chi2 with 99999 degrees of freedom:

Kolmogorov-Smirnov+ statistic = D+    :   0.097
p-value of test                       :    0.45

Kolmogorov-Smirnov- statistic = D-    :    0.13
p-value of test                       :    0.25

Anderson-Darling statistic = A2       :    0.72
p-value of test                       :    0.54

Test on the sum of all N observations
Number of degrees of freedom          : 3999960
Chi-square statistic                  : 4.00e+6
p-value of test                       :    0.53


-----------------------------------------------
Test results for Anderson-Darling:

Kolmogorov-Smirnov+ statistic = D+    :    0.11
p-value of test                       :    0.37

Kolmogorov-Smirnov- statistic = D-    :   0.056
p-value of test                       :    0.75

Anderson-Darling statistic = A2       :    0.46
p-value of test                       :    0.79


-----------------------------------------------
CPU time used                    :  00:00:54.57

Generator state:
 ADC-Bolt (ADD+ADD, 70.3 Gbit/s)




***********************************************************
HOST = LAPTOP-JUCO3OMC, CYGWIN_NT-10.0-26200

ADC-Bolt


sknuth_MaxOft test:
-----------------------------------------------
   N = 30,  n = 10000000,  r =  0,   d = 100000,   t = 16

      Number of categories = 100000
      Expected number per category  = 100.00


-----------------------------------------------
Test results for chi2 with 99999 degrees of freedom:

Kolmogorov-Smirnov+ statistic = D+    :    0.12
p-value of test                       :    0.42

Kolmogorov-Smirnov- statistic = D-    :    0.18
p-value of test                       :    0.13

Anderson-Darling statistic = A2       :    0.91
p-value of test                       :    0.41

Test on the sum of all N observations
Number of degrees of freedom          : 2999970
Chi-square statistic                  : 3.00e+6
p-value of test                       :    0.28


-----------------------------------------------
Test results for Anderson-Darling:

Kolmogorov-Smirnov+ statistic = D+    :    0.15
p-value of test                       :    0.26

Kolmogorov-Smirnov- statistic = D-    :    0.14
p-value of test                       :    0.27

Anderson-Darling statistic = A2       :    0.70
p-value of test                       :    0.56


-----------------------------------------------
CPU time used                    :  00:00:46.71

Generator state:
 ADC-Bolt (ADD+ADD, 70.3 Gbit/s)




***********************************************************
HOST = LAPTOP-JUCO3OMC, CYGWIN_NT-10.0-26200

ADC-Bolt


sknuth_MaxOft test:
-----------------------------------------------
   N = 20,  n = 10000000,  r =  0,   d = 100000,   t = 24

      Number of categories = 100000
      Expected number per category  = 100.00


-----------------------------------------------
Test results for chi2 with 99999 degrees of freedom:

Kolmogorov-Smirnov+ statistic = D+    :   0.051
p-value of test                       :    0.87

Kolmogorov-Smirnov- statistic = D-    :    0.21
p-value of test                       :    0.16

Anderson-Darling statistic = A2       :    1.01
p-value of test                       :    0.35

Test on the sum of all N observations
Number of degrees of freedom          : 1999980
Chi-square statistic                  : 2.00e+6
p-value of test                       :    0.15


-----------------------------------------------
Test results for Anderson-Darling:

Kolmogorov-Smirnov+ statistic = D+    :    0.19
p-value of test                       :    0.20

Kolmogorov-Smirnov- statistic = D-    :    0.15
p-value of test                       :    0.38

Anderson-Darling statistic = A2       :    0.81
p-value of test                       :    0.47


-----------------------------------------------
CPU time used                    :  00:00:35.28

Generator state:
 ADC-Bolt (ADD+ADD, 70.3 Gbit/s)




***********************************************************
HOST = LAPTOP-JUCO3OMC, CYGWIN_NT-10.0-26200

ADC-Bolt


sknuth_MaxOft test:
-----------------------------------------------
   N = 20,  n = 10000000,  r =  0,   d = 100000,   t = 32

      Number of categories = 100000
      Expected number per category  = 100.00


-----------------------------------------------
Test results for chi2 with 99999 degrees of freedom:

Kolmogorov-Smirnov+ statistic = D+    :    0.11
p-value of test                       :    0.56

Kolmogorov-Smirnov- statistic = D-    :    0.26
p-value of test                       :    0.05

Anderson-Darling statistic = A2       :    2.21
p-value of test                       :    0.07

Test on the sum of all N observations
Number of degrees of freedom          : 1999980
Chi-square statistic                  : 2.00e+6
p-value of test                       :    0.11


-----------------------------------------------
Test results for Anderson-Darling:

Kolmogorov-Smirnov+ statistic = D+    :   0.073
p-value of test                       :    0.77

Kolmogorov-Smirnov- statistic = D-    :    0.19
p-value of test                       :    0.21

Anderson-Darling statistic = A2       :    0.65
p-value of test                       :    0.60


-----------------------------------------------
CPU time used                    :  00:00:38.84

Generator state:
 ADC-Bolt (ADD+ADD, 70.3 Gbit/s)




***********************************************************
HOST = LAPTOP-JUCO3OMC, CYGWIN_NT-10.0-26200

ADC-Bolt


svaria_SampleProd test:
-----------------------------------------------
   N = 40,  n = 10000000,  r =  0,   t = 8


-----------------------------------------------

Kolmogorov-Smirnov+ statistic = D+    :   0.049
p-value of test                       :    0.80

Kolmogorov-Smirnov- statistic = D-    :    0.15
p-value of test                       :    0.13

Anderson-Darling statistic = A2       :    1.40
p-value of test                       :    0.20

-----------------------------------------------
CPU time used                    :  00:00:46.20

Generator state:
 ADC-Bolt (ADD+ADD, 70.3 Gbit/s)




***********************************************************
HOST = LAPTOP-JUCO3OMC, CYGWIN_NT-10.0-26200

ADC-Bolt


svaria_SampleProd test:
-----------------------------------------------
   N = 20,  n = 10000000,  r =  0,   t = 16


-----------------------------------------------

Kolmogorov-Smirnov+ statistic = D+    :    0.15
p-value of test                       :    0.38

Kolmogorov-Smirnov- statistic = D-    :    0.11
p-value of test                       :    0.57

Anderson-Darling statistic = A2       :    0.58
p-value of test                       :    0.66

-----------------------------------------------
CPU time used                    :  00:00:29.15

Generator state:
 ADC-Bolt (ADD+ADD, 70.3 Gbit/s)




***********************************************************
HOST = LAPTOP-JUCO3OMC, CYGWIN_NT-10.0-26200

ADC-Bolt


svaria_SampleProd test:
-----------------------------------------------
   N = 20,  n = 10000000,  r =  0,   t = 24


-----------------------------------------------

Kolmogorov-Smirnov+ statistic = D+    :    0.12
p-value of test                       :    0.50

Kolmogorov-Smirnov- statistic = D-    :    0.12
p-value of test                       :    0.53

Anderson-Darling statistic = A2       :    0.44
p-value of test                       :    0.80

-----------------------------------------------
CPU time used                    :  00:00:35.50

Generator state:
 ADC-Bolt (ADD+ADD, 70.3 Gbit/s)




***********************************************************
HOST = LAPTOP-JUCO3OMC, CYGWIN_NT-10.0-26200

ADC-Bolt


svaria_SampleMean test:
-----------------------------------------------
   N = 20000000,  n = 30,  r =  0


-----------------------------------------------

Kolmogorov-Smirnov+ statistic = D+    : 1.56e-4
p-value of test                       :    0.38

Kolmogorov-Smirnov- statistic = D-    : 1.15e-4
p-value of test                       :    0.59

Anderson-Darling statistic = A2       :    0.69
p-value of test                       :    0.57

-----------------------------------------------
CPU time used                    :  00:00:06.48

Generator state:
 ADC-Bolt (ADD+ADD, 70.3 Gbit/s)




***********************************************************
HOST = LAPTOP-JUCO3OMC, CYGWIN_NT-10.0-26200

ADC-Bolt


svaria_SampleMean test:
-----------------------------------------------
   N = 20000000,  n = 30,  r = 10


-----------------------------------------------

Kolmogorov-Smirnov+ statistic = D+    : 7.09e-5
p-value of test                       :    0.82

Kolmogorov-Smirnov- statistic = D-    : 2.71e-4
p-value of test                       :    0.05

Anderson-Darling statistic = A2       :    1.34
p-value of test                       :    0.22

-----------------------------------------------
CPU time used                    :  00:00:07.04

Generator state:
 ADC-Bolt (ADD+ADD, 70.3 Gbit/s)




***********************************************************
HOST = LAPTOP-JUCO3OMC, CYGWIN_NT-10.0-26200

ADC-Bolt


svaria_SampleCorr test:
-----------------------------------------------
   N =  1,  n = 2000000000,  r =  0,   k = 1


-----------------------------------------------
Normal statistic                      :    1.52
p-value of test                       :    0.06

-----------------------------------------------
CPU time used                    :  00:00:05.50

Generator state:
 ADC-Bolt (ADD+ADD, 70.3 Gbit/s)




***********************************************************
HOST = LAPTOP-JUCO3OMC, CYGWIN_NT-10.0-26200

ADC-Bolt


svaria_SampleCorr test:
-----------------------------------------------
   N =  1,  n = 2000000000,  r =  0,   k = 2


-----------------------------------------------
Normal statistic                      :   -0.41
p-value of test                       :    0.66

-----------------------------------------------
CPU time used                    :  00:00:05.48

Generator state:
 ADC-Bolt (ADD+ADD, 70.3 Gbit/s)




***********************************************************
HOST = LAPTOP-JUCO3OMC, CYGWIN_NT-10.0-26200

ADC-Bolt


svaria_AppearanceSpacings test:
-----------------------------------------------
   N =  1,   Q = 10000000,   K = 1000000000,   r = 0,   s = 3,   L = 15

   Sequences of n = (K + Q)L =  15150000000 bits
   Q = 10000000 initialization blocks
   K = 1000000000 blocks for the test
   the blocks have L = 15 bits



-----------------------------------------------
Normal statistic                      :   -0.52
p-value of test                       :    0.70

-----------------------------------------------
CPU time used                    :  00:00:18.64

Generator state:
 ADC-Bolt (ADD+ADD, 70.3 Gbit/s)




***********************************************************
HOST = LAPTOP-JUCO3OMC, CYGWIN_NT-10.0-26200

ADC-Bolt


svaria_AppearanceSpacings test:
-----------------------------------------------
   N =  1,   Q = 10000000,   K = 1000000000,   r = 27,   s = 3,   L = 15

   Sequences of n = (K + Q)L =  15150000000 bits
   Q = 10000000 initialization blocks
   K = 1000000000 blocks for the test
   the blocks have L = 15 bits



-----------------------------------------------
Normal statistic                      :   -1.44
p-value of test                       :    0.93

-----------------------------------------------
CPU time used                    :  00:00:19.78

Generator state:
 ADC-Bolt (ADD+ADD, 70.3 Gbit/s)




***********************************************************
HOST = LAPTOP-JUCO3OMC, CYGWIN_NT-10.0-26200

ADC-Bolt


svaria_WeightDistrib test:
-----------------------------------------------
   N =  1,  n = 20000000,  r =  0,  k = 256,  Alpha =      0,  Beta =   0.25


-----------------------------------------------
Number of degrees of freedom          :   67
Chi-square statistic                  :   74.62
p-value of test                       :    0.24

-----------------------------------------------
CPU time used                    :  00:00:12.98

Generator state:
 ADC-Bolt (ADD+ADD, 70.3 Gbit/s)




***********************************************************
HOST = LAPTOP-JUCO3OMC, CYGWIN_NT-10.0-26200

ADC-Bolt


svaria_WeightDistrib test:
-----------------------------------------------
   N =  1,  n = 20000000,  r = 20,  k = 256,  Alpha =      0,  Beta =   0.25


-----------------------------------------------
Number of degrees of freedom          :   67
Chi-square statistic                  :   47.69
p-value of test                       :    0.96

-----------------------------------------------
CPU time used                    :  00:00:17.98

Generator state:
 ADC-Bolt (ADD+ADD, 70.3 Gbit/s)




***********************************************************
HOST = LAPTOP-JUCO3OMC, CYGWIN_NT-10.0-26200

ADC-Bolt


svaria_WeightDistrib test:
-----------------------------------------------
   N =  1,  n = 20000000,  r = 28,  k = 256,  Alpha =      0,  Beta =   0.25


-----------------------------------------------
Number of degrees of freedom          :   67
Chi-square statistic                  :   56.60
p-value of test                       :    0.81

-----------------------------------------------
CPU time used                    :  00:00:18.09

Generator state:
 ADC-Bolt (ADD+ADD, 70.3 Gbit/s)




***********************************************************
HOST = LAPTOP-JUCO3OMC, CYGWIN_NT-10.0-26200

ADC-Bolt


svaria_WeightDistrib test:
-----------------------------------------------
   N =  1,  n = 20000000,  r =  0,  k = 256,  Alpha =      0,  Beta = 0.0625


-----------------------------------------------
Number of degrees of freedom          :   37
Chi-square statistic                  :   37.20
p-value of test                       :    0.46

-----------------------------------------------
CPU time used                    :  00:00:12.95

Generator state:
 ADC-Bolt (ADD+ADD, 70.3 Gbit/s)




***********************************************************
HOST = LAPTOP-JUCO3OMC, CYGWIN_NT-10.0-26200

ADC-Bolt


svaria_WeightDistrib test:
-----------------------------------------------
   N =  1,  n = 20000000,  r = 10,  k = 256,  Alpha =      0,  Beta = 0.0625


-----------------------------------------------
Number of degrees of freedom          :   37
Chi-square statistic                  :   37.35
p-value of test                       :    0.45

-----------------------------------------------
CPU time used                    :  00:00:18.20

Generator state:
 ADC-Bolt (ADD+ADD, 70.3 Gbit/s)




***********************************************************
HOST = LAPTOP-JUCO3OMC, CYGWIN_NT-10.0-26200

ADC-Bolt


svaria_WeightDistrib test:
-----------------------------------------------
   N =  1,  n = 20000000,  r = 26,  k = 256,  Alpha =      0,  Beta = 0.0625


-----------------------------------------------
Number of degrees of freedom          :   37
Chi-square statistic                  :   26.64
p-value of test                       :    0.90

-----------------------------------------------
CPU time used                    :  00:00:18.15

Generator state:
 ADC-Bolt (ADD+ADD, 70.3 Gbit/s)




***********************************************************
HOST = LAPTOP-JUCO3OMC, CYGWIN_NT-10.0-26200

ADC-Bolt


svaria_SumCollector test:
-----------------------------------------------
   N =  1,  n = 500000000,  r =  0,   g = 10


-----------------------------------------------
Number of degrees of freedom          :   29
Chi-square statistic                  :   13.94
p-value of test                       :    0.9917

-----------------------------------------------
CPU time used                    :  00:00:30.18

Generator state:
 ADC-Bolt (ADD+ADD, 70.3 Gbit/s)




***********************************************************
HOST = LAPTOP-JUCO3OMC, CYGWIN_NT-10.0-26200

ADC-Bolt


smarsa_MatrixRank test:
-----------------------------------------------
   N = 10,  n = 1000000,  r =  0,    s = 5,    L = 30,    k = 30


-----------------------------------------------

Kolmogorov-Smirnov+ statistic = D+    :    0.17
p-value of test                       :    0.50

Kolmogorov-Smirnov- statistic = D-    :    0.13
p-value of test                       :    0.66

Anderson-Darling statistic = A2       :    0.39
p-value of test                       :    0.85

Test on the sum of all N observations
Number of degrees of freedom          :   40
Chi-square statistic                  :   35.19
p-value of test                       :    0.69

-----------------------------------------------
CPU time used                    :  00:00:30.28

Generator state:
 ADC-Bolt (ADD+ADD, 70.3 Gbit/s)




***********************************************************
HOST = LAPTOP-JUCO3OMC, CYGWIN_NT-10.0-26200

ADC-Bolt


smarsa_MatrixRank test:
-----------------------------------------------
   N = 10,  n = 1000000,  r = 25,    s = 5,    L = 30,    k = 30


-----------------------------------------------

Kolmogorov-Smirnov+ statistic = D+    :    0.41
p-value of test                       :    0.03

Kolmogorov-Smirnov- statistic = D-    :   0.026
p-value of test                       :    0.97

Anderson-Darling statistic = A2       :    4.70
p-value of test                       :  4.2e-3

Test on the sum of all N observations
Number of degrees of freedom          :   40
Chi-square statistic                  :   25.82
p-value of test                       :    0.96

-----------------------------------------------
CPU time used                    :  00:00:30.67

Generator state:
 ADC-Bolt (ADD+ADD, 70.3 Gbit/s)




***********************************************************
HOST = LAPTOP-JUCO3OMC, CYGWIN_NT-10.0-26200

ADC-Bolt


smarsa_MatrixRank test:
-----------------------------------------------
   N =  1,  n = 5000,  r =  0,    s = 4,    L = 1000,    k = 1000


-----------------------------------------------
Number of degrees of freedom          :    3
Chi-square statistic                  :    3.93
p-value of test                       :    0.27

-----------------------------------------------
CPU time used                    :  00:00:51.73

Generator state:
 ADC-Bolt (ADD+ADD, 70.3 Gbit/s)




***********************************************************
HOST = LAPTOP-JUCO3OMC, CYGWIN_NT-10.0-26200

ADC-Bolt


smarsa_MatrixRank test:
-----------------------------------------------
   N =  1,  n = 5000,  r = 26,    s = 4,    L = 1000,    k = 1000


-----------------------------------------------
Number of degrees of freedom          :    3
Chi-square statistic                  :    0.58
p-value of test                       :    0.90

-----------------------------------------------
CPU time used                    :  00:00:51.60

Generator state:
 ADC-Bolt (ADD+ADD, 70.3 Gbit/s)




***********************************************************
HOST = LAPTOP-JUCO3OMC, CYGWIN_NT-10.0-26200

ADC-Bolt


smarsa_MatrixRank test:
-----------------------------------------------
   N =  1,  n = 80,  r = 15,    s = 15,    L = 5000,    k = 5000


-----------------------------------------------
Number of degrees of freedom          :    2
Chi-square statistic                  :    2.42
p-value of test                       :    0.30

-----------------------------------------------
CPU time used                    :  00:00:51.43

Generator state:
 ADC-Bolt (ADD+ADD, 70.3 Gbit/s)




***********************************************************
HOST = LAPTOP-JUCO3OMC, CYGWIN_NT-10.0-26200

ADC-Bolt


smarsa_MatrixRank test:
-----------------------------------------------
   N =  1,  n = 80,  r =  0,    s = 30,    L = 5000,    k = 5000


-----------------------------------------------
Number of degrees of freedom          :    2
Chi-square statistic                  :    5.55
p-value of test                       :    0.06

-----------------------------------------------
CPU time used                    :  00:00:46.71

Generator state:
 ADC-Bolt (ADD+ADD, 70.3 Gbit/s)




***********************************************************
HOST = LAPTOP-JUCO3OMC, CYGWIN_NT-10.0-26200

ADC-Bolt


smarsa_Savir2 test:
-----------------------------------------------
   N = 10,  n = 10000000,  r = 10,    m = 1048576,    t = 30


-----------------------------------------------

Kolmogorov-Smirnov+ statistic = D+    :    0.38
p-value of test                       :    0.04

Kolmogorov-Smirnov- statistic = D-    :   0.057
p-value of test                       :    0.91

Anderson-Darling statistic = A2       :    2.18
p-value of test                       :    0.07

Test on the sum of all N observations
Number of degrees of freedom          :  130
Chi-square statistic                  :  105.78
p-value of test                       :    0.94

-----------------------------------------------
CPU time used                    :  00:00:11.15

Generator state:
 ADC-Bolt (ADD+ADD, 70.3 Gbit/s)




***********************************************************
HOST = LAPTOP-JUCO3OMC, CYGWIN_NT-10.0-26200

ADC-Bolt


smarsa_GCD test:
-----------------------------------------------
   N = 10,  n = 50000000,  r =  0,   s = 30


-----------------------------------------------
Test results for GCD values:

Kolmogorov-Smirnov+ statistic = D+    :    0.18
p-value of test                       :    0.46

Kolmogorov-Smirnov- statistic = D-    :    0.22
p-value of test                       :    0.33

Anderson-Darling statistic = A2       :    0.63
p-value of test                       :    0.62

Test on the sum of all N observations
Number of degrees of freedom          : 17430
Chi-square statistic                  :17487.46
p-value of test                       :    0.38



-----------------------------------------------
CPU time used                    :  00:00:24.73

Generator state:
 ADC-Bolt (ADD+ADD, 70.3 Gbit/s)




***********************************************************
HOST = LAPTOP-JUCO3OMC, CYGWIN_NT-10.0-26200

ADC-Bolt


swalk_RandomWalk1 test:
-----------------------------------------------
   N =  1,  n = 100000000,  r =  0,   s = 5,   L0 =   50,   L1 =   50



-----------------------------------------------
Test on the values of the Statistic H

Number of degrees of freedom          :   36
ChiSquare statistic                   :   42.19
p-value of test                       :    0.22


-----------------------------------------------
Test on the values of the Statistic M

Number of degrees of freedom          :   35
ChiSquare statistic                   :   38.41
p-value of test                       :    0.32


-----------------------------------------------
Test on the values of the Statistic J

Number of degrees of freedom          :   25
ChiSquare statistic                   :   28.47
p-value of test                       :    0.29


-----------------------------------------------
Test on the values of the Statistic R

Number of degrees of freedom          :   24
ChiSquare statistic                   :   16.34
p-value of test                       :    0.88


-----------------------------------------------
Test on the values of the Statistic C

Number of degrees of freedom          :   17
ChiSquare statistic                   :    8.02
p-value of test                       :    0.97


-----------------------------------------------
CPU time used                    :  00:00:17.00

Generator state:
 ADC-Bolt (ADD+ADD, 70.3 Gbit/s)




***********************************************************
HOST = LAPTOP-JUCO3OMC, CYGWIN_NT-10.0-26200

ADC-Bolt


swalk_RandomWalk1 test:
-----------------------------------------------
   N =  1,  n = 100000000,  r = 25,   s = 5,   L0 =   50,   L1 =   50



-----------------------------------------------
Test on the values of the Statistic H

Number of degrees of freedom          :   36
ChiSquare statistic                   :   45.05
p-value of test                       :    0.14


-----------------------------------------------
Test on the values of the Statistic M

Number of degrees of freedom          :   35
ChiSquare statistic                   :   31.80
p-value of test                       :    0.62


-----------------------------------------------
Test on the values of the Statistic J

Number of degrees of freedom          :   25
ChiSquare statistic                   :   11.92
p-value of test                       :    0.99


-----------------------------------------------
Test on the values of the Statistic R

Number of degrees of freedom          :   24
ChiSquare statistic                   :   21.68
p-value of test                       :    0.60


-----------------------------------------------
Test on the values of the Statistic C

Number of degrees of freedom          :   17
ChiSquare statistic                   :    8.65
p-value of test                       :    0.95


-----------------------------------------------
CPU time used                    :  00:00:17.21

Generator state:
 ADC-Bolt (ADD+ADD, 70.3 Gbit/s)




***********************************************************
HOST = LAPTOP-JUCO3OMC, CYGWIN_NT-10.0-26200

ADC-Bolt


swalk_RandomWalk1 test:
-----------------------------------------------
   N =  1,  n = 10000000,  r =  0,   s = 10,   L0 = 1000,   L1 = 1000



-----------------------------------------------
Test on the values of the Statistic H

Number of degrees of freedom          :  146
ChiSquare statistic                   :  158.48
p-value of test                       :    0.23


-----------------------------------------------
Test on the values of the Statistic M

Number of degrees of freedom          :  146
ChiSquare statistic                   :  131.62
p-value of test                       :    0.80


-----------------------------------------------
Test on the values of the Statistic J

Number of degrees of freedom          :  500
ChiSquare statistic                   :  442.88
p-value of test                       :    0.97


-----------------------------------------------
Test on the values of the Statistic R

Number of degrees of freedom          :  136
ChiSquare statistic                   :  131.74
p-value of test                       :    0.59


-----------------------------------------------
Test on the values of the Statistic C

Number of degrees of freedom          :   74
ChiSquare statistic                   :   73.24
p-value of test                       :    0.50


-----------------------------------------------
CPU time used                    :  00:00:19.57

Generator state:
 ADC-Bolt (ADD+ADD, 70.3 Gbit/s)




***********************************************************
HOST = LAPTOP-JUCO3OMC, CYGWIN_NT-10.0-26200

ADC-Bolt


swalk_RandomWalk1 test:
-----------------------------------------------
   N =  1,  n = 10000000,  r = 20,   s = 10,   L0 = 1000,   L1 = 1000



-----------------------------------------------
Test on the values of the Statistic H

Number of degrees of freedom          :  146
ChiSquare statistic                   :  142.07
p-value of test                       :    0.58


-----------------------------------------------
Test on the values of the Statistic M

Number of degrees of freedom          :  146
ChiSquare statistic                   :  156.69
p-value of test                       :    0.26


-----------------------------------------------
Test on the values of the Statistic J

Number of degrees of freedom          :  500
ChiSquare statistic                   :  483.55
p-value of test                       :    0.69


-----------------------------------------------
Test on the values of the Statistic R

Number of degrees of freedom          :  136
ChiSquare statistic                   :  136.03
p-value of test                       :    0.48


-----------------------------------------------
Test on the values of the Statistic C

Number of degrees of freedom          :   74
ChiSquare statistic                   :   72.01
p-value of test                       :    0.54


-----------------------------------------------
CPU time used                    :  00:00:19.87

Generator state:
 ADC-Bolt (ADD+ADD, 70.3 Gbit/s)




***********************************************************
HOST = LAPTOP-JUCO3OMC, CYGWIN_NT-10.0-26200

ADC-Bolt


swalk_RandomWalk1 test:
-----------------------------------------------
   N =  1,  n = 1000000,  r =  0,   s = 15,   L0 = 10000,   L1 = 10000



-----------------------------------------------
Test on the values of the Statistic H

Number of degrees of freedom          :  384
ChiSquare statistic                   :  356.11
p-value of test                       :    0.84


-----------------------------------------------
Test on the values of the Statistic M

Number of degrees of freedom          :  384
ChiSquare statistic                   :  410.67
p-value of test                       :    0.17


-----------------------------------------------
Test on the values of the Statistic J

Number of degrees of freedom          : 5000
ChiSquare statistic                   : 5011.55
p-value of test                       :    0.45


-----------------------------------------------
Test on the values of the Statistic R

Number of degrees of freedom          :  378
ChiSquare statistic                   :  346.80
p-value of test                       :    0.87


-----------------------------------------------
Test on the values of the Statistic C

Number of degrees of freedom          :  200
ChiSquare statistic                   :  220.87
p-value of test                       :    0.15


-----------------------------------------------
CPU time used                    :  00:00:16.89

Generator state:
 ADC-Bolt (ADD+ADD, 70.3 Gbit/s)




***********************************************************
HOST = LAPTOP-JUCO3OMC, CYGWIN_NT-10.0-26200

ADC-Bolt


swalk_RandomWalk1 test:
-----------------------------------------------
   N =  1,  n = 1000000,  r = 15,   s = 15,   L0 = 10000,   L1 = 10000



-----------------------------------------------
Test on the values of the Statistic H

Number of degrees of freedom          :  384
ChiSquare statistic                   :  392.64
p-value of test                       :    0.37


-----------------------------------------------
Test on the values of the Statistic M

Number of degrees of freedom          :  384
ChiSquare statistic                   :  361.92
p-value of test                       :    0.78


-----------------------------------------------
Test on the values of the Statistic J

Number of degrees of freedom          : 5000
ChiSquare statistic                   : 4866.82
p-value of test                       :    0.91


-----------------------------------------------
Test on the values of the Statistic R

Number of degrees of freedom          :  378
ChiSquare statistic                   :  399.74
p-value of test                       :    0.21


-----------------------------------------------
Test on the values of the Statistic C

Number of degrees of freedom          :  200
ChiSquare statistic                   :  171.82
p-value of test                       :    0.93


-----------------------------------------------
CPU time used                    :  00:00:16.75

Generator state:
 ADC-Bolt (ADD+ADD, 70.3 Gbit/s)




***********************************************************
HOST = LAPTOP-JUCO3OMC, CYGWIN_NT-10.0-26200

ADC-Bolt


scomp_LinearComp test:
-----------------------------------------------
   N =  1,  n = 400020,  r =  0,    s = 1



-----------------------------------------------
Number of degrees of freedom          :   12
Chi2 statistic for size of jumps      :   17.79
p-value of test                       :    0.12


-----------------------------------------------
Normal statistic for number of jumps  :   -1.77
p-value of test                       :    0.96



-----------------------------------------------
CPU time used                    :  00:01:18.59

Generator state:
 ADC-Bolt (ADD+ADD, 70.3 Gbit/s)




***********************************************************
HOST = LAPTOP-JUCO3OMC, CYGWIN_NT-10.0-26200

ADC-Bolt


scomp_LinearComp test:
-----------------------------------------------
   N =  1,  n = 400020,  r = 29,    s = 1



-----------------------------------------------
Number of degrees of freedom          :   12
Chi2 statistic for size of jumps      :    4.56
p-value of test                       :    0.97


-----------------------------------------------
Normal statistic for number of jumps  :  -0.024
p-value of test                       :    0.51



-----------------------------------------------
CPU time used                    :  00:01:19.12

Generator state:
 ADC-Bolt (ADD+ADD, 70.3 Gbit/s)




***********************************************************
HOST = LAPTOP-JUCO3OMC, CYGWIN_NT-10.0-26200

ADC-Bolt


scomp_LempelZiv test:
-----------------------------------------------
   N = 10,  n = 134217728,  r =  0,   s =   30,   k =   27


-----------------------------------------------

Kolmogorov-Smirnov+ statistic = D+    :    0.11
p-value of test                       :    0.74

Kolmogorov-Smirnov- statistic = D-    :    0.20
p-value of test                       :    0.38

Anderson-Darling statistic = A2       :    0.55
p-value of test                       :    0.69

Tests on the sum of all N observations
Standardized normal statistic         :    0.70
p-value of test                       :    0.24

Sample variance                       :    1.12
p-value of test                       :    0.35

-----------------------------------------------
CPU time used                    :  00:00:38.68

Generator state:
 ADC-Bolt (ADD+ADD, 70.3 Gbit/s)




***********************************************************
HOST = LAPTOP-JUCO3OMC, CYGWIN_NT-10.0-26200

ADC-Bolt


scomp_LempelZiv test:
-----------------------------------------------
   N = 10,  n = 134217728,  r = 15,   s =   15,   k =   27


-----------------------------------------------

Kolmogorov-Smirnov+ statistic = D+    :   0.084
p-value of test                       :    0.83

Kolmogorov-Smirnov- statistic = D-    :    0.15
p-value of test                       :    0.57

Anderson-Darling statistic = A2       :    0.37
p-value of test                       :    0.88

Tests on the sum of all N observations
Standardized normal statistic         :    0.30
p-value of test                       :    0.38

Sample variance                       :    1.09
p-value of test                       :    0.36

-----------------------------------------------
CPU time used                    :  00:00:38.51

Generator state:
 ADC-Bolt (ADD+ADD, 70.3 Gbit/s)




***********************************************************
HOST = LAPTOP-JUCO3OMC, CYGWIN_NT-10.0-26200

ADC-Bolt


sspectral_Fourier3 test:
-----------------------------------------------
   N = 100000,  n = 16384,  r =  0,   s =    3,   k =   14


-----------------------------------------------

Kolmogorov-Smirnov+ statistic = D+    : 5.95e-3
p-value of test                       :    0.75

Kolmogorov-Smirnov- statistic = D-    :   0.013
p-value of test                       :    0.23

Anderson-Darling statistic = A2       :    0.59
p-value of test                       :    0.66

-----------------------------------------------
CPU time used                    :  00:00:21.01

Generator state:
 ADC-Bolt (ADD+ADD, 70.3 Gbit/s)




***********************************************************
HOST = LAPTOP-JUCO3OMC, CYGWIN_NT-10.0-26200

ADC-Bolt


sspectral_Fourier3 test:
-----------------------------------------------
   N = 100000,  n = 16384,  r = 27,   s =    3,   k =   14


-----------------------------------------------

Kolmogorov-Smirnov+ statistic = D+    : 7.70e-3
p-value of test                       :    0.61

Kolmogorov-Smirnov- statistic = D-    :   0.011
p-value of test                       :    0.35

Anderson-Darling statistic = A2       :    0.58
p-value of test                       :    0.67

-----------------------------------------------
CPU time used                    :  00:00:21.17

Generator state:
 ADC-Bolt (ADD+ADD, 70.3 Gbit/s)




***********************************************************
HOST = LAPTOP-JUCO3OMC, CYGWIN_NT-10.0-26200

ADC-Bolt


sstring_LongestHeadRun test:
-----------------------------------------------
   N =  1,  n = 1000,  r =  0,   s = 3,   L = 10000020


-----------------------------------------------
Number of degrees of freedom          :    8
Chi-square statistic                  :   11.50
p-value of test                       :    0.17

-----------------------------------------------
Global longest run of 1               :   33.00
p-value of test                       :    0.44



-----------------------------------------------
CPU time used                    :  00:00:39.64

Generator state:
 ADC-Bolt (ADD+ADD, 70.3 Gbit/s)




***********************************************************
HOST = LAPTOP-JUCO3OMC, CYGWIN_NT-10.0-26200

ADC-Bolt


sstring_LongestHeadRun test:
-----------------------------------------------
   N =  1,  n = 1000,  r = 27,   s = 3,   L = 10000020


-----------------------------------------------
Number of degrees of freedom          :    8
Chi-square statistic                  :    9.30
p-value of test                       :    0.32

-----------------------------------------------
Global longest run of 1               :   32.00
p-value of test                       :    0.50



-----------------------------------------------
CPU time used                    :  00:00:40.76

Generator state:
 ADC-Bolt (ADD+ADD, 70.3 Gbit/s)




***********************************************************
HOST = LAPTOP-JUCO3OMC, CYGWIN_NT-10.0-26200

ADC-Bolt


sstring_PeriodsInStrings test:
-----------------------------------------------
   N = 10,  n = 500000000,  r =  0,   s =   10


-----------------------------------------------

Kolmogorov-Smirnov+ statistic = D+    :   0.089
p-value of test                       :    0.81

Kolmogorov-Smirnov- statistic = D-    :    0.26
p-value of test                       :    0.23

Anderson-Darling statistic = A2       :    0.72
p-value of test                       :    0.54

Test on the sum of all N observations
Number of degrees of freedom          :  200
Chi-square statistic                  :  216.47
p-value of test                       :    0.20

-----------------------------------------------
CPU time used                    :  00:01:07.90

Generator state:
 ADC-Bolt (ADD+ADD, 70.3 Gbit/s)




***********************************************************
HOST = LAPTOP-JUCO3OMC, CYGWIN_NT-10.0-26200

ADC-Bolt


sstring_PeriodsInStrings test:
-----------------------------------------------
   N = 10,  n = 500000000,  r = 20,   s =   10


-----------------------------------------------

Kolmogorov-Smirnov+ statistic = D+    :    0.18
p-value of test                       :    0.47

Kolmogorov-Smirnov- statistic = D-    :    0.28
p-value of test                       :    0.18

Anderson-Darling statistic = A2       :    1.01
p-value of test                       :    0.35

Test on the sum of all N observations
Number of degrees of freedom          :  200
Chi-square statistic                  :  202.83
p-value of test                       :    0.43

-----------------------------------------------
CPU time used                    :  00:01:01.64

Generator state:
 ADC-Bolt (ADD+ADD, 70.3 Gbit/s)




***********************************************************
HOST = LAPTOP-JUCO3OMC, CYGWIN_NT-10.0-26200

ADC-Bolt


sstring_HammingWeight2 test:
-----------------------------------------------
   N = 10,  n = 1000000000,  r =  0,   s = 3,   L = 1000000


-----------------------------------------------

Kolmogorov-Smirnov+ statistic = D+    :    0.15
p-value of test                       :    0.58

Kolmogorov-Smirnov- statistic = D-    :    0.18
p-value of test                       :    0.49

Anderson-Darling statistic = A2       :    0.46
p-value of test                       :    0.79

Test on the sum of all N observations
Number of degrees of freedom          : 10000
Chi-square statistic                  :10012.50
p-value of test                       :    0.46

-----------------------------------------------
CPU time used                    :  00:00:20.17

Generator state:
 ADC-Bolt (ADD+ADD, 70.3 Gbit/s)




***********************************************************
HOST = LAPTOP-JUCO3OMC, CYGWIN_NT-10.0-26200

ADC-Bolt


sstring_HammingWeight2 test:
-----------------------------------------------
   N = 10,  n = 1000000000,  r = 27,   s = 3,   L = 1000000


-----------------------------------------------

Kolmogorov-Smirnov+ statistic = D+    :    0.26
p-value of test                       :    0.23

Kolmogorov-Smirnov- statistic = D-    :    0.27
p-value of test                       :    0.20

Anderson-Darling statistic = A2       :    0.99
p-value of test                       :    0.36

Test on the sum of all N observations
Number of degrees of freedom          : 10000
Chi-square statistic                  :10044.14
p-value of test                       :    0.38

-----------------------------------------------
CPU time used                    :  00:00:21.46

Generator state:
 ADC-Bolt (ADD+ADD, 70.3 Gbit/s)




***********************************************************
HOST = LAPTOP-JUCO3OMC, CYGWIN_NT-10.0-26200

ADC-Bolt


sstring_HammingCorr test:
-----------------------------------------------
   N =  1,  n = 1000000000,  r = 10,   s = 10,   L = 30



-----------------------------------------------
Normal statistic                      :   -0.48
p-value of test                       :    0.69

-----------------------------------------------
CPU time used                    :  00:00:27.43

Generator state:
 ADC-Bolt (ADD+ADD, 70.3 Gbit/s)




***********************************************************
HOST = LAPTOP-JUCO3OMC, CYGWIN_NT-10.0-26200

ADC-Bolt


sstring_HammingCorr test:
-----------------------------------------------
   N =  1,  n = 100000000,  r = 10,   s = 10,   L = 300



-----------------------------------------------
Normal statistic                      :   -0.36
p-value of test                       :    0.64

-----------------------------------------------
CPU time used                    :  00:00:26.96

Generator state:
 ADC-Bolt (ADD+ADD, 70.3 Gbit/s)




***********************************************************
HOST = LAPTOP-JUCO3OMC, CYGWIN_NT-10.0-26200

ADC-Bolt


sstring_HammingCorr test:
-----------------------------------------------
   N =  1,  n = 100000000,  r = 10,   s = 10,   L = 1200



-----------------------------------------------
Normal statistic                      :    0.28
p-value of test                       :    0.39

-----------------------------------------------
CPU time used                    :  00:01:46.84

Generator state:
 ADC-Bolt (ADD+ADD, 70.3 Gbit/s)




***********************************************************
HOST = LAPTOP-JUCO3OMC, CYGWIN_NT-10.0-26200

ADC-Bolt


sstring_HammingIndep test:
-----------------------------------------------
   N = 10,  n = 30000000,  r =  0,   s = 3,   L = 30,   d = 0



Counters with expected numbers >= 10
-----------------------------------------------

Kolmogorov-Smirnov+ statistic = D+    :    0.39
p-value of test                       :    0.03

Kolmogorov-Smirnov- statistic = D-    :    0.16
p-value of test                       :    0.55

Anderson-Darling statistic = A2       :    2.05
p-value of test                       :    0.09

Test on the sum of all N observations
Number of degrees of freedom          : 4890
Chi-square statistic                  : 4796.98
p-value of test                       :    0.83

-----------------------------------------------
CPU time used                    :  00:00:39.64

Generator state:
 ADC-Bolt (ADD+ADD, 70.3 Gbit/s)




***********************************************************
HOST = LAPTOP-JUCO3OMC, CYGWIN_NT-10.0-26200

ADC-Bolt


sstring_HammingIndep test:
-----------------------------------------------
   N = 10,  n = 30000000,  r = 27,   s = 3,   L = 30,   d = 0



Counters with expected numbers >= 10
-----------------------------------------------

Kolmogorov-Smirnov+ statistic = D+    :    0.19
p-value of test                       :    0.42

Kolmogorov-Smirnov- statistic = D-    :    0.14
p-value of test                       :    0.61

Anderson-Darling statistic = A2       :    0.33
p-value of test                       :    0.91

Test on the sum of all N observations
Number of degrees of freedom          : 4890
Chi-square statistic                  : 4861.10
p-value of test                       :    0.61

-----------------------------------------------
CPU time used                    :  00:00:41.93

Generator state:
 ADC-Bolt (ADD+ADD, 70.3 Gbit/s)




***********************************************************
HOST = LAPTOP-JUCO3OMC, CYGWIN_NT-10.0-26200

ADC-Bolt


sstring_HammingIndep test:
-----------------------------------------------
   N =  1,  n = 30000000,  r =  0,   s = 4,   L = 300,   d = 0



Counters with expected numbers >= 10
-----------------------------------------------
Number of degrees of freedom          : 4117
Chi-square statistic                  : 4196.44
p-value of test                       :    0.19

-----------------------------------------------
CPU time used                    :  00:00:29.82

Generator state:
 ADC-Bolt (ADD+ADD, 70.3 Gbit/s)




***********************************************************
HOST = LAPTOP-JUCO3OMC, CYGWIN_NT-10.0-26200

ADC-Bolt


sstring_HammingIndep test:
-----------------------------------------------
   N =  1,  n = 30000000,  r = 26,   s = 4,   L = 300,   d = 0



Counters with expected numbers >= 10
-----------------------------------------------
Number of degrees of freedom          : 4117
Chi-square statistic                  : 4197.92
p-value of test                       :    0.19

-----------------------------------------------
CPU time used                    :  00:00:31.37

Generator state:
 ADC-Bolt (ADD+ADD, 70.3 Gbit/s)




***********************************************************
HOST = LAPTOP-JUCO3OMC, CYGWIN_NT-10.0-26200

ADC-Bolt


sstring_HammingIndep test:
-----------------------------------------------
   N =  1,  n = 10000000,  r =  0,   s = 5,   L = 1200,   d = 0



Counters with expected numbers >= 10
-----------------------------------------------
Number of degrees of freedom          : 11825
Chi-square statistic                  :11670.61
p-value of test                       :    0.84

-----------------------------------------------
CPU time used                    :  00:00:33.53

Generator state:
 ADC-Bolt (ADD+ADD, 70.3 Gbit/s)




***********************************************************
HOST = LAPTOP-JUCO3OMC, CYGWIN_NT-10.0-26200

ADC-Bolt


sstring_HammingIndep test:
-----------------------------------------------
   N =  1,  n = 10000000,  r = 25,   s = 5,   L = 1200,   d = 0



Counters with expected numbers >= 10
-----------------------------------------------
Number of degrees of freedom          : 11825
Chi-square statistic                  :11904.92
p-value of test                       :    0.30

-----------------------------------------------
CPU time used                    :  00:00:35.07

Generator state:
 ADC-Bolt (ADD+ADD, 70.3 Gbit/s)




***********************************************************
HOST = LAPTOP-JUCO3OMC, CYGWIN_NT-10.0-26200

ADC-Bolt


sstring_Run test:
-----------------------------------------------
   N =  1,  n = 2000000000,  r =  0,   s =    3


-----------------------------------------------
Total number of 1 runs:  2000000000

Number of degrees of freedom          :   54
Chi2 statistic for number of runs     :   57.36
p-value of test                       :    0.35


-----------------------------------------------
Total number of bits:  8000022183

Normal statistic for number of bits   :    0.18
p-value of test                       :    0.43



-----------------------------------------------
CPU time used                    :  00:00:29.95

Generator state:
 ADC-Bolt (ADD+ADD, 70.3 Gbit/s)




***********************************************************
HOST = LAPTOP-JUCO3OMC, CYGWIN_NT-10.0-26200

ADC-Bolt


sstring_Run test:
-----------------------------------------------
   N =  1,  n = 2000000000,  r = 27,   s =    3


-----------------------------------------------
Total number of 1 runs:  2000000000

Number of degrees of freedom          :   54
Chi2 statistic for number of runs     :   57.26
p-value of test                       :    0.36


-----------------------------------------------
Total number of bits:  7999827843

Normal statistic for number of bits   :   -1.36
p-value of test                       :    0.91



-----------------------------------------------
CPU time used                    :  00:00:30.81

Generator state:
 ADC-Bolt (ADD+ADD, 70.3 Gbit/s)




***********************************************************
HOST = LAPTOP-JUCO3OMC, CYGWIN_NT-10.0-26200

ADC-Bolt


sstring_AutoCor test:
-----------------------------------------------
   N = 10,  n = 1000000030,  r =  0,   s = 3,   d = 1


-----------------------------------------------

Kolmogorov-Smirnov+ statistic = D+    :   0.090
p-value of test                       :    0.81

Kolmogorov-Smirnov- statistic = D-    :    0.26
p-value of test                       :    0.22

Anderson-Darling statistic = A2       :    0.84
p-value of test                       :    0.45

Tests on the sum of all N observations
Standardized normal statistic         :    0.58
p-value of test                       :    0.28

Sample variance                       :    0.93
p-value of test                       :    0.49

-----------------------------------------------
CPU time used                    :  00:00:37.96

Generator state:
 ADC-Bolt (ADD+ADD, 70.3 Gbit/s)




***********************************************************
HOST = LAPTOP-JUCO3OMC, CYGWIN_NT-10.0-26200

ADC-Bolt


sstring_AutoCor test:
-----------------------------------------------
   N = 10,  n = 1000000029,  r =  0,   s = 3,   d = 3


-----------------------------------------------

Kolmogorov-Smirnov+ statistic = D+    :   0.073
p-value of test                       :    0.86

Kolmogorov-Smirnov- statistic = D-    :    0.36
p-value of test                       :    0.06

Anderson-Darling statistic = A2       :    1.55
p-value of test                       :    0.17

Tests on the sum of all N observations
Standardized normal statistic         :    1.20
p-value of test                       :    0.12

Sample variance                       :    0.72
p-value of test                       :    0.69

-----------------------------------------------
CPU time used                    :  00:00:30.03

Generator state:
 ADC-Bolt (ADD+ADD, 70.3 Gbit/s)




***********************************************************
HOST = LAPTOP-JUCO3OMC, CYGWIN_NT-10.0-26200

ADC-Bolt


sstring_AutoCor test:
-----------------------------------------------
   N = 10,  n = 1000000030,  r = 27,   s = 3,   d = 1


-----------------------------------------------

Kolmogorov-Smirnov+ statistic = D+    :    0.14
p-value of test                       :    0.61

Kolmogorov-Smirnov- statistic = D-    :    0.20
p-value of test                       :    0.39

Anderson-Darling statistic = A2       :    0.49
p-value of test                       :    0.76

Tests on the sum of all N observations
Standardized normal statistic         :    0.38
p-value of test                       :    0.35

Sample variance                       :    0.53
p-value of test                       :    0.86

-----------------------------------------------
CPU time used                    :  00:00:39.46

Generator state:
 ADC-Bolt (ADD+ADD, 70.3 Gbit/s)




***********************************************************
HOST = LAPTOP-JUCO3OMC, CYGWIN_NT-10.0-26200

ADC-Bolt


sstring_AutoCor test:
-----------------------------------------------
   N = 10,  n = 1000000029,  r = 27,   s = 3,   d = 3


-----------------------------------------------

Kolmogorov-Smirnov+ statistic = D+    :   0.016
p-value of test                       :    0.98

Kolmogorov-Smirnov- statistic = D-    :    0.43
p-value of test                       :    0.02

Anderson-Darling statistic = A2       :    3.56
p-value of test                       :    0.01

Tests on the sum of all N observations
Standardized normal statistic         :    2.39
p-value of test                       :  8.3e-3

Sample variance                       :    1.01
p-value of test                       :    0.43

-----------------------------------------------
CPU time used                    :  00:00:30.53

Generator state:
 ADC-Bolt (ADD+ADD, 70.3 Gbit/s)





========= Summary results of BigCrush =========

 Version:          TestU01 1.2.3
 Generator:        ADC-Bolt
 Number of statistics:  160
 Total CPU time:   01:39:25.79

 All tests were passed




============================================================
  BigCrush completed!
============================================================
