xxxxxxxxxxxxxxxxxxxxxxxxxxxxxxxxxxxxxxxxxxxxxxxxxxxxxxxxxxx
                 Starting BigCrush
                 Version: TestU01 1.2.3
xxxxxxxxxxxxxxxxxxxxxxxxxxxxxxxxxxxxxxxxxxxxxxxxxxxxxxxxxxx


***********************************************************
Test smarsa_SerialOver calling smultin_MultinomialOver

***********************************************************
HOST = LAPTOP-JUCO3OMC, CYGWIN_NT-10.0-26200

Dual-Tempest


smultin_MultinomialOver test:
-----------------------------------------------
   N =  1,  n = 1000000000,  r =  0,   d =  256,   t =  3,
       Sparse =  FALSE

       GenerCell = smultin_GenerCellSerial
       Number of cells = d^t =           16777216
       Expected number per cell =   59.604645
       Hashing =  FALSE

   For Delta > -1, we use the ChiSquare approximation
   Correction factor of the ChiSquare: 
       Delta =     1,    Mu =   0.0083558402,    Sigma =          1

-----------------------------------------------
Test Results for Delta =   1.0000

Number of degrees of freedom          : 16711680
Value of the statistic                : 1.67e+7
p-value of test                       :    0.72


-----------------------------------------------
CPU time used                    :  00:00:40.60

Generator state:
 Dual-output Tempest v7\n



***********************************************************
Test smarsa_SerialOver calling smultin_MultinomialOver

***********************************************************
HOST = LAPTOP-JUCO3OMC, CYGWIN_NT-10.0-26200

Dual-Tempest


smultin_MultinomialOver test:
-----------------------------------------------
   N =  1,  n = 1000000000,  r = 22,   d =  256,   t =  3,
       Sparse =  FALSE

       GenerCell = smultin_GenerCellSerial
       Number of cells = d^t =           16777216
       Expected number per cell =   59.604645
       Hashing =  FALSE

   For Delta > -1, we use the ChiSquare approximation
   Correction factor of the ChiSquare: 
       Delta =     1,    Mu =   0.0083558402,    Sigma =          1

-----------------------------------------------
Test Results for Delta =   1.0000

Number of degrees of freedom          : 16711680
Value of the statistic                : 1.67e+7
p-value of test                       :    0.01


-----------------------------------------------
CPU time used                    :  00:00:41.65

Generator state:
 Dual-output Tempest v7\n



***********************************************************
Test smarsa_CollisionOver calling smultin_MultinomialOver

***********************************************************
HOST = LAPTOP-JUCO3OMC, CYGWIN_NT-10.0-26200

Dual-Tempest


smultin_MultinomialOver test:
-----------------------------------------------
   N = 30,  n = 20000000,  r =  0,   d = 2097152,   t =  2,
       Sparse =   TRUE

       GenerCell = smultin_GenerCellSerial
       Number of cells = d^t =      4398046511104
       Expected number per cell =  1 /  219902.33
       EColl = n^2 / (2k) =  45.47473509
       Hashing =   TRUE

       Collision test

       CollisionOver:   density = n / k =  1 /  219902.33
       Expected number of collisions = Mu =      45.47


-----------------------------------------------
Results of CollisionOver test:

POISSON approximation                 :
Expected number of collisions = N*Mu  :     1364.24
Observed number of collisions         :     1348
p-value of test                       :    0.66

-----------------------------
Total number of cells containing j balls

  j =  0                              :  131940795334468
  j =  1                              :        599997304
  j =  2                              :             1348
  j =  3                              :                0
  j =  4                              :                0
  j =  5                              :                0

-----------------------------------------------
CPU time used                    :  00:01:27.98

Generator state:
 Dual-output Tempest v7\n



***********************************************************
Test smarsa_CollisionOver calling smultin_MultinomialOver

***********************************************************
HOST = LAPTOP-JUCO3OMC, CYGWIN_NT-10.0-26200

Dual-Tempest


smultin_MultinomialOver test:
-----------------------------------------------
   N = 30,  n = 20000000,  r =  9,   d = 2097152,   t =  2,
       Sparse =   TRUE

       GenerCell = smultin_GenerCellSerial
       Number of cells = d^t =      4398046511104
       Expected number per cell =  1 /  219902.33
       EColl = n^2 / (2k) =  45.47473509
       Hashing =   TRUE

       Collision test

       CollisionOver:   density = n / k =  1 /  219902.33
       Expected number of collisions = Mu =      45.47


-----------------------------------------------
Results of CollisionOver test:

POISSON approximation                 :
Expected number of collisions = N*Mu  :     1364.24
Observed number of collisions         :     1328
p-value of test                       :    0.83

-----------------------------
Total number of cells containing j balls

  j =  0                              :  131940795334448
  j =  1                              :        599997344
  j =  2                              :             1328
  j =  3                              :                0
  j =  4                              :                0
  j =  5                              :                0

-----------------------------------------------
CPU time used                    :  00:01:32.25

Generator state:
 Dual-output Tempest v7\n



***********************************************************
Test smarsa_CollisionOver calling smultin_MultinomialOver

***********************************************************
HOST = LAPTOP-JUCO3OMC, CYGWIN_NT-10.0-26200

Dual-Tempest


smultin_MultinomialOver test:
-----------------------------------------------
   N = 30,  n = 20000000,  r =  0,   d = 16384,   t =  3,
       Sparse =   TRUE

       GenerCell = smultin_GenerCellSerial
       Number of cells = d^t =      4398046511104
       Expected number per cell =  1 /  219902.33
       EColl = n^2 / (2k) =  45.47473509
       Hashing =   TRUE

       Collision test

       CollisionOver:   density = n / k =  1 /  219902.33
       Expected number of collisions = Mu =      45.47


-----------------------------------------------
Results of CollisionOver test:

POISSON approximation                 :
Expected number of collisions = N*Mu  :     1364.24
Observed number of collisions         :     1331
p-value of test                       :    0.81

-----------------------------
Total number of cells containing j balls

  j =  0                              :  131940795334451
  j =  1                              :        599997338
  j =  2                              :             1331
  j =  3                              :                0
  j =  4                              :                0
  j =  5                              :                0

-----------------------------------------------
CPU time used                    :  00:01:53.04

Generator state:
 Dual-output Tempest v7\n



***********************************************************
Test smarsa_CollisionOver calling smultin_MultinomialOver

***********************************************************
HOST = LAPTOP-JUCO3OMC, CYGWIN_NT-10.0-26200

Dual-Tempest


smultin_MultinomialOver test:
-----------------------------------------------
   N = 30,  n = 20000000,  r = 16,   d = 16384,   t =  3,
       Sparse =   TRUE

       GenerCell = smultin_GenerCellSerial
       Number of cells = d^t =      4398046511104
       Expected number per cell =  1 /  219902.33
       EColl = n^2 / (2k) =  45.47473509
       Hashing =   TRUE

       Collision test

       CollisionOver:   density = n / k =  1 /  219902.33
       Expected number of collisions = Mu =      45.47


-----------------------------------------------
Results of CollisionOver test:

POISSON approximation                 :
Expected number of collisions = N*Mu  :     1364.24
Observed number of collisions         :     1363
p-value of test                       :    0.51

-----------------------------
Total number of cells containing j balls

  j =  0                              :  131940795334483
  j =  1                              :        599997274
  j =  2                              :             1363
  j =  3                              :                0
  j =  4                              :                0
  j =  5                              :                0

-----------------------------------------------
CPU time used                    :  00:01:57.81

Generator state:
 Dual-output Tempest v7\n



***********************************************************
Test smarsa_CollisionOver calling smultin_MultinomialOver

***********************************************************
HOST = LAPTOP-JUCO3OMC, CYGWIN_NT-10.0-26200

Dual-Tempest


smultin_MultinomialOver test:
-----------------------------------------------
   N = 30,  n = 20000000,  r =  0,   d =   64,   t =  7,
       Sparse =   TRUE

       GenerCell = smultin_GenerCellSerial
       Number of cells = d^t =      4398046511104
       Expected number per cell =  1 /  219902.33
       EColl = n^2 / (2k) =  45.47473509
       Hashing =   TRUE

       Collision test

       CollisionOver:   density = n / k =  1 /  219902.33
       Expected number of collisions = Mu =      45.47


-----------------------------------------------
Results of CollisionOver test:

POISSON approximation                 :
Expected number of collisions = N*Mu  :     1364.24
Observed number of collisions         :     1336
p-value of test                       :    0.77

-----------------------------
Total number of cells containing j balls

  j =  0                              :  131940795334456
  j =  1                              :        599997328
  j =  2                              :             1336
  j =  3                              :                0
  j =  4                              :                0
  j =  5                              :                0

-----------------------------------------------
CPU time used                    :  00:01:54.31

Generator state:
 Dual-output Tempest v7\n



***********************************************************
Test smarsa_CollisionOver calling smultin_MultinomialOver

***********************************************************
HOST = LAPTOP-JUCO3OMC, CYGWIN_NT-10.0-26200

Dual-Tempest


smultin_MultinomialOver test:
-----------------------------------------------
   N = 30,  n = 20000000,  r = 24,   d =   64,   t =  7,
       Sparse =   TRUE

       GenerCell = smultin_GenerCellSerial
       Number of cells = d^t =      4398046511104
       Expected number per cell =  1 /  219902.33
       EColl = n^2 / (2k) =  45.47473509
       Hashing =   TRUE

       Collision test

       CollisionOver:   density = n / k =  1 /  219902.33
       Expected number of collisions = Mu =      45.47


-----------------------------------------------
Results of CollisionOver test:

POISSON approximation                 :
Expected number of collisions = N*Mu  :     1364.24
Observed number of collisions         :     1315
p-value of test                       :    0.91

-----------------------------
Total number of cells containing j balls

  j =  0                              :  131940795334435
  j =  1                              :        599997370
  j =  2                              :             1315
  j =  3                              :                0
  j =  4                              :                0
  j =  5                              :                0

-----------------------------------------------
CPU time used                    :  00:01:57.54

Generator state:
 Dual-output Tempest v7\n



***********************************************************
Test smarsa_CollisionOver calling smultin_MultinomialOver

***********************************************************
HOST = LAPTOP-JUCO3OMC, CYGWIN_NT-10.0-26200

Dual-Tempest


smultin_MultinomialOver test:
-----------------------------------------------
   N = 30,  n = 20000000,  r =  0,   d =    8,   t = 14,
       Sparse =   TRUE

       GenerCell = smultin_GenerCellSerial
       Number of cells = d^t =      4398046511104
       Expected number per cell =  1 /  219902.33
       EColl = n^2 / (2k) =  45.47473509
       Hashing =   TRUE

       Collision test

       CollisionOver:   density = n / k =  1 /  219902.33
       Expected number of collisions = Mu =      45.47


-----------------------------------------------
Results of CollisionOver test:

POISSON approximation                 :
Expected number of collisions = N*Mu  :     1364.24
Observed number of collisions         :     1389
p-value of test                       :    0.25

-----------------------------
Total number of cells containing j balls

  j =  0                              :  131940795334509
  j =  1                              :        599997222
  j =  2                              :             1389
  j =  3                              :                0
  j =  4                              :                0
  j =  5                              :                0

-----------------------------------------------
CPU time used                    :  00:01:52.46

Generator state:
 Dual-output Tempest v7\n



***********************************************************
Test smarsa_CollisionOver calling smultin_MultinomialOver

***********************************************************
HOST = LAPTOP-JUCO3OMC, CYGWIN_NT-10.0-26200

Dual-Tempest


smultin_MultinomialOver test:
-----------------------------------------------
   N = 30,  n = 20000000,  r = 27,   d =    8,   t = 14,
       Sparse =   TRUE

       GenerCell = smultin_GenerCellSerial
       Number of cells = d^t =      4398046511104
       Expected number per cell =  1 /  219902.33
       EColl = n^2 / (2k) =  45.47473509
       Hashing =   TRUE

       Collision test

       CollisionOver:   density = n / k =  1 /  219902.33
       Expected number of collisions = Mu =      45.47


-----------------------------------------------
Results of CollisionOver test:

POISSON approximation                 :
Expected number of collisions = N*Mu  :     1364.24
Observed number of collisions         :     1342
p-value of test                       :    0.72

-----------------------------
Total number of cells containing j balls

  j =  0                              :  131940795334462
  j =  1                              :        599997316
  j =  2                              :             1342
  j =  3                              :                0
  j =  4                              :                0
  j =  5                              :                0

-----------------------------------------------
CPU time used                    :  00:01:57.28

Generator state:
 Dual-output Tempest v7\n



***********************************************************
Test smarsa_CollisionOver calling smultin_MultinomialOver

***********************************************************
HOST = LAPTOP-JUCO3OMC, CYGWIN_NT-10.0-26200

Dual-Tempest


smultin_MultinomialOver test:
-----------------------------------------------
   N = 30,  n = 20000000,  r =  0,   d =    4,   t = 21,
       Sparse =   TRUE

       GenerCell = smultin_GenerCellSerial
       Number of cells = d^t =      4398046511104
       Expected number per cell =  1 /  219902.33
       EColl = n^2 / (2k) =  45.47473509
       Hashing =   TRUE

       Collision test

       CollisionOver:   density = n / k =  1 /  219902.33
       Expected number of collisions = Mu =      45.47


-----------------------------------------------
Results of CollisionOver test:

POISSON approximation                 :
Expected number of collisions = N*Mu  :     1364.24
Observed number of collisions         :     1343
p-value of test                       :    0.71

-----------------------------
Total number of cells containing j balls

  j =  0                              :  131940795334463
  j =  1                              :        599997314
  j =  2                              :             1343
  j =  3                              :                0
  j =  4                              :                0
  j =  5                              :                0

-----------------------------------------------
CPU time used                    :  00:01:51.79

Generator state:
 Dual-output Tempest v7\n



***********************************************************
Test smarsa_CollisionOver calling smultin_MultinomialOver

***********************************************************
HOST = LAPTOP-JUCO3OMC, CYGWIN_NT-10.0-26200

Dual-Tempest


smultin_MultinomialOver test:
-----------------------------------------------
   N = 30,  n = 20000000,  r = 28,   d =    4,   t = 21,
       Sparse =   TRUE

       GenerCell = smultin_GenerCellSerial
       Number of cells = d^t =      4398046511104
       Expected number per cell =  1 /  219902.33
       EColl = n^2 / (2k) =  45.47473509
       Hashing =   TRUE

       Collision test

       CollisionOver:   density = n / k =  1 /  219902.33
       Expected number of collisions = Mu =      45.47


-----------------------------------------------
Results of CollisionOver test:

POISSON approximation                 :
Expected number of collisions = N*Mu  :     1364.24
Observed number of collisions         :     1272
p-value of test                       :    0.9939

-----------------------------
Total number of cells containing j balls

  j =  0                              :  131940795334392
  j =  1                              :        599997456
  j =  2                              :             1272
  j =  3                              :                0
  j =  4                              :                0
  j =  5                              :                0

-----------------------------------------------
CPU time used                    :  00:01:55.48

Generator state:
 Dual-output Tempest v7\n



***********************************************************
HOST = LAPTOP-JUCO3OMC, CYGWIN_NT-10.0-26200

Dual-Tempest


smarsa_BirthdaySpacings test:
-----------------------------------------------
   N = 100,  n = 10000000,  r =  0,    d = 2147483648,    t = 2,    p = 1


      Number of cells = d^t = 4611686018427387904
      Lambda = Poisson mean =      54.2101


----------------------------------------------------
Total expected number = N*Lambda      :    5421.01
Total observed number                 :    5359
p-value of test                       :    0.80


-----------------------------------------------
CPU time used                    :  00:02:03.59

Generator state:
 Dual-output Tempest v7\n



***********************************************************
HOST = LAPTOP-JUCO3OMC, CYGWIN_NT-10.0-26200

Dual-Tempest


smarsa_BirthdaySpacings test:
-----------------------------------------------
   N = 20,  n = 20000000,  r =  0,    d = 2097152,    t = 3,    p = 1


      Number of cells = d^t = 9223372036854775808
      Lambda = Poisson mean =     216.8404


----------------------------------------------------
Total expected number = N*Lambda      :    4336.81
Total observed number                 :    4329
p-value of test                       :    0.54


-----------------------------------------------
CPU time used                    :  00:00:53.32

Generator state:
 Dual-output Tempest v7\n



***********************************************************
HOST = LAPTOP-JUCO3OMC, CYGWIN_NT-10.0-26200

Dual-Tempest


smarsa_BirthdaySpacings test:
-----------------------------------------------
   N = 20,  n = 30000000,  r = 14,    d = 65536,    t = 4,    p = 1


      Number of cells = d^t = 18446744073709551616
      Lambda = Poisson mean =     365.9182


----------------------------------------------------
Total expected number = N*Lambda      :    7318.36
Total observed number                 :    7377
p-value of test                       :    0.25


-----------------------------------------------
CPU time used                    :  00:01:25.68

Generator state:
 Dual-output Tempest v7\n



***********************************************************
HOST = LAPTOP-JUCO3OMC, CYGWIN_NT-10.0-26200

Dual-Tempest


smarsa_BirthdaySpacings test:
-----------------------------------------------
   N = 20,  n = 20000000,  r =  0,    d = 512,    t = 7,    p = 1


      Number of cells = d^t = 9223372036854775808
      Lambda = Poisson mean =     216.8404


----------------------------------------------------
Total expected number = N*Lambda      :    4336.81
Total observed number                 :    4375
p-value of test                       :    0.28


-----------------------------------------------
CPU time used                    :  00:01:01.87

Generator state:
 Dual-output Tempest v7\n



***********************************************************
HOST = LAPTOP-JUCO3OMC, CYGWIN_NT-10.0-26200

Dual-Tempest


smarsa_BirthdaySpacings test:
-----------------------------------------------
   N = 20,  n = 20000000,  r =  7,    d = 512,    t = 7,    p = 1


      Number of cells = d^t = 9223372036854775808
      Lambda = Poisson mean =     216.8404


----------------------------------------------------
Total expected number = N*Lambda      :    4336.81
Total observed number                 :    4413
p-value of test                       :    0.13


-----------------------------------------------
CPU time used                    :  00:01:05.53

Generator state:
 Dual-output Tempest v7\n



***********************************************************
HOST = LAPTOP-JUCO3OMC, CYGWIN_NT-10.0-26200

Dual-Tempest


smarsa_BirthdaySpacings test:
-----------------------------------------------
   N = 20,  n = 30000000,  r = 14,    d = 256,    t = 8,    p = 1


      Number of cells = d^t = 18446744073709551616
      Lambda = Poisson mean =     365.9182


----------------------------------------------------
Total expected number = N*Lambda      :    7318.36
Total observed number                 :    7371
p-value of test                       :    0.27


-----------------------------------------------
CPU time used                    :  00:01:45.07

Generator state:
 Dual-output Tempest v7\n



***********************************************************
HOST = LAPTOP-JUCO3OMC, CYGWIN_NT-10.0-26200

Dual-Tempest


smarsa_BirthdaySpacings test:
-----------------------------------------------
   N = 20,  n = 30000000,  r = 22,    d = 256,    t = 8,    p = 1


      Number of cells = d^t = 18446744073709551616
      Lambda = Poisson mean =     365.9182


----------------------------------------------------
Total expected number = N*Lambda      :    7318.36
Total observed number                 :    7191
p-value of test                       :    0.93


-----------------------------------------------
CPU time used                    :  00:01:45.87

Generator state:
 Dual-output Tempest v7\n



***********************************************************
HOST = LAPTOP-JUCO3OMC, CYGWIN_NT-10.0-26200

Dual-Tempest


smarsa_BirthdaySpacings test:
-----------------------------------------------
   N = 20,  n = 30000000,  r =  0,    d = 16,    t = 16,    p = 1


      Number of cells = d^t = 18446744073709551616
      Lambda = Poisson mean =     365.9182


----------------------------------------------------
Total expected number = N*Lambda      :    7318.36
Total observed number                 :    7298
p-value of test                       :    0.59


-----------------------------------------------
CPU time used                    :  00:02:13.76

Generator state:
 Dual-output Tempest v7\n



***********************************************************
HOST = LAPTOP-JUCO3OMC, CYGWIN_NT-10.0-26200

Dual-Tempest


smarsa_BirthdaySpacings test:
-----------------------------------------------
   N = 20,  n = 30000000,  r = 26,    d = 16,    t = 16,    p = 1


      Number of cells = d^t = 18446744073709551616
      Lambda = Poisson mean =     365.9182


----------------------------------------------------
Total expected number = N*Lambda      :    7318.36
Total observed number                 :    7285
p-value of test                       :    0.65


-----------------------------------------------
CPU time used                    :  00:02:22.62

Generator state:
 Dual-output Tempest v7\n



***********************************************************
HOST = LAPTOP-JUCO3OMC, CYGWIN_NT-10.0-26200

Dual-Tempest


snpair_ClosePairs test:
-----------------------------------------------
   N = 30,  n = 6000000,  r =  0,  t = 3,  p = 0,  m = 30,  Torus =  TRUE


---------------------------------------
Test based on the 2 nearest points (NP):

Stat. AD on the N values (NP)         :    2.56
p-value of test                       :    0.05


A2 test based on the spacings between the
   successive jump times of process Y_n(t):

A2 test on the values of A2 (m-NP)    :    0.62
p-value of test                       :    0.62

Test on the Nm values of W_{n,i}(mNP1):    0.20
p-value of test                       :    0.9909

Test on the jump times of Y
   (superposition of Yn):

Expected number of jumps of Y = mN    :     900
Number of jumps of Y                  :     921
p-value of test                       :    0.25

Stat. AD (mNP2)                       :    1.20
p-value of test                       :    0.27

Stat. AD after spacings (mNP2-S)      :    1.97
p-value of test                       :    0.09

-----------------------------------------------
CPU time used                    :  00:01:02.48

Generator state:
 Dual-output Tempest v7\n



***********************************************************
HOST = LAPTOP-JUCO3OMC, CYGWIN_NT-10.0-26200

Dual-Tempest


snpair_ClosePairs test:
-----------------------------------------------
   N = 20,  n = 4000000,  r =  0,  t = 5,  p = 0,  m = 30,  Torus =  TRUE


---------------------------------------
Test based on the 2 nearest points (NP):

Stat. AD on the N values (NP)         :    2.37
p-value of test                       :    0.06


A2 test based on the spacings between the
   successive jump times of process Y_n(t):

A2 test on the values of A2 (m-NP)    :    0.61
p-value of test                       :    0.64

Test on the Nm values of W_{n,i}(mNP1):    2.32
p-value of test                       :    0.06

Test on the jump times of Y
   (superposition of Yn):

Expected number of jumps of Y = mN    :     600
Number of jumps of Y                  :     626
p-value of test                       :    0.15

Stat. AD (mNP2)                       :    0.64
p-value of test                       :    0.61

Stat. AD after spacings (mNP2-S)      :    1.29
p-value of test                       :    0.24

-----------------------------------------------
CPU time used                    :  00:00:43.23

Generator state:
 Dual-output Tempest v7\n



***********************************************************
HOST = LAPTOP-JUCO3OMC, CYGWIN_NT-10.0-26200

Dual-Tempest


snpair_ClosePairs test:
-----------------------------------------------
   N = 10,  n = 3000000,  r =  0,  t = 9,  p = 0,  m = 30,  Torus =  TRUE


---------------------------------------
Test based on the 2 nearest points (NP):

Stat. AD on the N values (NP)         :    0.73
p-value of test                       :    0.53


A2 test based on the spacings between the
   successive jump times of process Y_n(t):

A2 test on the values of A2 (m-NP)    :    0.60
p-value of test                       :    0.64

Test on the Nm values of W_{n,i}(mNP1):    0.98
p-value of test                       :    0.37

Test on the jump times of Y
   (superposition of Yn):

Expected number of jumps of Y = mN    :     300
Number of jumps of Y                  :     285
p-value of test                       :    0.80

Stat. AD (mNP2)                       :    1.01
p-value of test                       :    0.35

Stat. AD after spacings (mNP2-S)      :    1.18
p-value of test                       :    0.28

-----------------------------------------------
CPU time used                    :  00:01:14.95

Generator state:
 Dual-output Tempest v7\n



***********************************************************
HOST = LAPTOP-JUCO3OMC, CYGWIN_NT-10.0-26200

Dual-Tempest


snpair_ClosePairs test:
-----------------------------------------------
   N =  5,  n = 2000000,  r =  0,  t = 16,  p = 0,  m = 30,  Torus =  TRUE


---------------------------------------
Test based on the 2 nearest points (NP):

Stat. AD on the N values (NP)         :    0.85
p-value of test                       :    0.44


A2 test based on the spacings between the
   successive jump times of process Y_n(t):

A2 test on the values of A2 (m-NP)    :    1.26
p-value of test                       :    0.24

Test on the Nm values of W_{n,i}(mNP1):    0.65
p-value of test                       :    0.60

Test on the jump times of Y
   (superposition of Yn):

Expected number of jumps of Y = mN    :     150
Number of jumps of Y                  :     141
p-value of test                       :    0.75

Stat. AD (mNP2)                       :    0.95
p-value of test                       :    0.38

Stat. AD after spacings (mNP2-S)      :    0.72
p-value of test                       :    0.55

-----------------------------------------------
CPU time used                    :  00:01:37.09

Generator state:
 Dual-output Tempest v7\n



***********************************************************
HOST = LAPTOP-JUCO3OMC, CYGWIN_NT-10.0-26200

Dual-Tempest


sknuth_SimpPoker test:
-----------------------------------------------
   N =  1,  n = 400000000,  r =  0,   d =    8,   k =    8


-----------------------------------------------
Number of degrees of freedom          :    7
Chi-square statistic                  :   11.88
p-value of test                       :    0.10

-----------------------------------------------
CPU time used                    :  00:00:31.23

Generator state:
 Dual-output Tempest v7\n



***********************************************************
HOST = LAPTOP-JUCO3OMC, CYGWIN_NT-10.0-26200

Dual-Tempest


sknuth_SimpPoker test:
-----------------------------------------------
   N =  1,  n = 400000000,  r = 27,   d =    8,   k =    8


-----------------------------------------------
Number of degrees of freedom          :    7
Chi-square statistic                  :    4.38
p-value of test                       :    0.74

-----------------------------------------------
CPU time used                    :  00:00:36.37

Generator state:
 Dual-output Tempest v7\n



***********************************************************
HOST = LAPTOP-JUCO3OMC, CYGWIN_NT-10.0-26200

Dual-Tempest


sknuth_SimpPoker test:
-----------------------------------------------
   N =  1,  n = 100000000,  r =  0,   d =   32,   k =   32


-----------------------------------------------
Number of degrees of freedom          :   18
Chi-square statistic                  :   14.28
p-value of test                       :    0.71

-----------------------------------------------
CPU time used                    :  00:00:32.90

Generator state:
 Dual-output Tempest v7\n



***********************************************************
HOST = LAPTOP-JUCO3OMC, CYGWIN_NT-10.0-26200

Dual-Tempest


sknuth_SimpPoker test:
-----------------------------------------------
   N =  1,  n = 100000000,  r = 25,   d =   32,   k =   32


-----------------------------------------------
Number of degrees of freedom          :   18
Chi-square statistic                  :    8.99
p-value of test                       :    0.96

-----------------------------------------------
CPU time used                    :  00:00:39.20

Generator state:
 Dual-output Tempest v7\n



***********************************************************
HOST = LAPTOP-JUCO3OMC, CYGWIN_NT-10.0-26200

Dual-Tempest


sknuth_CouponCollector test:
-----------------------------------------------
   N =  1,  n = 200000000,  r =  0,   d =    8


-----------------------------------------------
Number of degrees of freedom          :   54
Chi-square statistic                  :   50.46
p-value of test                       :    0.61

-----------------------------------------------
CPU time used                    :  00:00:38.71

Generator state:
 Dual-output Tempest v7\n



***********************************************************
HOST = LAPTOP-JUCO3OMC, CYGWIN_NT-10.0-26200

Dual-Tempest


sknuth_CouponCollector test:
-----------------------------------------------
   N =  1,  n = 200000000,  r = 10,   d =    8


-----------------------------------------------
Number of degrees of freedom          :   54
Chi-square statistic                  :   71.95
p-value of test                       :    0.05

-----------------------------------------------
CPU time used                    :  00:00:45.07

Generator state:
 Dual-output Tempest v7\n



***********************************************************
HOST = LAPTOP-JUCO3OMC, CYGWIN_NT-10.0-26200

Dual-Tempest


sknuth_CouponCollector test:
-----------------------------------------------
   N =  1,  n = 200000000,  r = 20,   d =    8


-----------------------------------------------
Number of degrees of freedom          :   54
Chi-square statistic                  :   62.44
p-value of test                       :    0.20

-----------------------------------------------
CPU time used                    :  00:00:48.43

Generator state:
 Dual-output Tempest v7\n



***********************************************************
HOST = LAPTOP-JUCO3OMC, CYGWIN_NT-10.0-26200

Dual-Tempest


sknuth_CouponCollector test:
-----------------------------------------------
   N =  1,  n = 200000000,  r = 27,   d =    8


-----------------------------------------------
Number of degrees of freedom          :   54
Chi-square statistic                  :   52.40
p-value of test                       :    0.54

-----------------------------------------------
CPU time used                    :  00:00:45.01

Generator state:
 Dual-output Tempest v7\n



***********************************************************
HOST = LAPTOP-JUCO3OMC, CYGWIN_NT-10.0-26200

Dual-Tempest


sknuth_Gap test:
-----------------------------------------------
   N =  1,  n = 500000000,  r =  0,   Alpha =        0,   Beta  =   0.0625


-----------------------------------------------
Number of degrees of freedom          :  232
Chi-square statistic                  :  246.90
p-value of test                       :    0.24

-----------------------------------------------
CPU time used                    :  00:00:46.03

Generator state:
 Dual-output Tempest v7\n



***********************************************************
HOST = LAPTOP-JUCO3OMC, CYGWIN_NT-10.0-26200

Dual-Tempest


sknuth_Gap test:
-----------------------------------------------
   N =  1,  n = 300000000,  r = 25,   Alpha =        0,   Beta  =  0.03125


-----------------------------------------------
Number of degrees of freedom          :  434
Chi-square statistic                  :  434.62
p-value of test                       :    0.48

-----------------------------------------------
CPU time used                    :  00:00:55.93

Generator state:
 Dual-output Tempest v7\n



***********************************************************
HOST = LAPTOP-JUCO3OMC, CYGWIN_NT-10.0-26200

Dual-Tempest


sknuth_Gap test:
-----------------------------------------------
   N =  1,  n = 100000000,  r =  0,   Alpha =        0,   Beta  = 0.0078125


-----------------------------------------------
Number of degrees of freedom          : 1437
Chi-square statistic                  : 1419.74
p-value of test                       :    0.62

-----------------------------------------------
CPU time used                    :  00:01:06.68

Generator state:
 Dual-output Tempest v7\n



***********************************************************
HOST = LAPTOP-JUCO3OMC, CYGWIN_NT-10.0-26200

Dual-Tempest


sknuth_Gap test:
-----------------------------------------------
   N =  1,  n = 10000000,  r = 20,   Alpha =        0,   Beta  = 0.000976562


-----------------------------------------------
Number of degrees of freedom          : 7046
Chi-square statistic                  : 7089.29
p-value of test                       :    0.36

-----------------------------------------------
CPU time used                    :  00:00:57.15

Generator state:
 Dual-output Tempest v7\n



***********************************************************
HOST = LAPTOP-JUCO3OMC, CYGWIN_NT-10.0-26200

Dual-Tempest


sknuth_Run test:
-----------------------------------------------
   N =  5,  n = 1000000000,  r =  0,   Up = FALSE


-----------------------------------------------

Kolmogorov-Smirnov+ statistic = D+    :    0.14
p-value of test                       :    0.77

Kolmogorov-Smirnov- statistic = D-    :    0.20
p-value of test                       :    0.59

Anderson-Darling statistic = A2       :    0.35
p-value of test                       :    0.89

Test on the sum of all N observations
Number of degrees of freedom          :   30
Chi-square statistic                  :   33.24
p-value of test                       :    0.31

-----------------------------------------------
CPU time used                    :  00:00:44.39

Generator state:
 Dual-output Tempest v7\n



***********************************************************
HOST = LAPTOP-JUCO3OMC, CYGWIN_NT-10.0-26200

Dual-Tempest


sknuth_Run test:
-----------------------------------------------
   N = 10,  n = 1000000000,  r = 15,   Up =  TRUE


-----------------------------------------------

Kolmogorov-Smirnov+ statistic = D+    :    0.23
p-value of test                       :    0.29

Kolmogorov-Smirnov- statistic = D-    :    0.12
p-value of test                       :    0.71

Anderson-Darling statistic = A2       :    0.59
p-value of test                       :    0.65

Test on the sum of all N observations
Number of degrees of freedom          :   60
Chi-square statistic                  :   55.52
p-value of test                       :    0.64

-----------------------------------------------
CPU time used                    :  00:01:49.65

Generator state:
 Dual-output Tempest v7\n



***********************************************************
Test sknuth_Permutation calling smultin_Multinomial

***********************************************************
HOST = LAPTOP-JUCO3OMC, CYGWIN_NT-10.0-26200

Dual-Tempest


smultin_Multinomial test:
-----------------------------------------------
   N =  1,  n = 1000000000,  r =  5,   t =  3,
       Sparse =  FALSE

       GenerCell = smultin_GenerCellPermut
       Number of cells = t! =                  6
       Expected number per cell =  1.6666667e+08
       Hashing =  FALSE

   For Delta > -1, we use the ChiSquare approximation
   Correction factor of the ChiSquare: 
       Delta =     1,    Mu =  2.5000002e-09,    Sigma =          1

-----------------------------------------------
Test Results for Delta =   1.0000

Number of degrees of freedom          :    5
Value of the statistic                :    6.93
p-value of test                       :    0.23


-----------------------------------------------
CPU time used                    :  00:00:35.00

Generator state:
 Dual-output Tempest v7\n



***********************************************************
Test sknuth_Permutation calling smultin_Multinomial

***********************************************************
HOST = LAPTOP-JUCO3OMC, CYGWIN_NT-10.0-26200

Dual-Tempest


smultin_Multinomial test:
-----------------------------------------------
   N =  1,  n = 1000000000,  r =  5,   t =  5,
       Sparse =  FALSE

       GenerCell = smultin_GenerCellPermut
       Number of cells = t! =                120
       Expected number per cell =   8333333.3
       Hashing =  FALSE

   For Delta > -1, we use the ChiSquare approximation
   Correction factor of the ChiSquare: 
       Delta =     1,    Mu =  5.9500005e-08,    Sigma =          1

-----------------------------------------------
Test Results for Delta =   1.0000

Number of degrees of freedom          :  119
Value of the statistic                :  136.24
p-value of test                       :    0.13


-----------------------------------------------
CPU time used                    :  00:00:59.29

Generator state:
 Dual-output Tempest v7\n



***********************************************************
Test sknuth_Permutation calling smultin_Multinomial

***********************************************************
HOST = LAPTOP-JUCO3OMC, CYGWIN_NT-10.0-26200

Dual-Tempest


smultin_Multinomial test:
-----------------------------------------------
   N =  1,  n = 500000000,  r =  5,   t =  7,
       Sparse =  FALSE

       GenerCell = smultin_GenerCellPermut
       Number of cells = t! =               5040
       Expected number per cell =   99206.349
       Hashing =  FALSE

   For Delta > -1, we use the ChiSquare approximation
   Correction factor of the ChiSquare: 
       Delta =     1,    Mu =  5.0390004e-06,    Sigma =          1

-----------------------------------------------
Test Results for Delta =   1.0000

Number of degrees of freedom          : 5039
Value of the statistic                : 4936.71
p-value of test                       :    0.85


-----------------------------------------------
CPU time used                    :  00:00:46.29

Generator state:
 Dual-output Tempest v7\n



***********************************************************
Test sknuth_Permutation calling smultin_Multinomial

***********************************************************
HOST = LAPTOP-JUCO3OMC, CYGWIN_NT-10.0-26200

Dual-Tempest


smultin_Multinomial test:
-----------------------------------------------
   N =  1,  n = 500000000,  r = 10,   t = 10,
       Sparse =  FALSE

       GenerCell = smultin_GenerCellPermut
       Number of cells = t! =            3628800
       Expected number per cell =    137.7866
       Hashing =  FALSE

   For Delta > -1, we use the ChiSquare approximation
   Correction factor of the ChiSquare: 
       Delta =     1,    Mu =   0.0036287993,    Sigma =          1

-----------------------------------------------
Test Results for Delta =   1.0000

Number of degrees of freedom          : 3628799
Value of the statistic                : 3.63e+6
p-value of test                       :    0.34


-----------------------------------------------
CPU time used                    :  00:01:20.76

Generator state:
 Dual-output Tempest v7\n



***********************************************************
Test sknuth_CollisionPermut calling smultin_Multinomial

***********************************************************
HOST = LAPTOP-JUCO3OMC, CYGWIN_NT-10.0-26200

Dual-Tempest


smultin_Multinomial test:
-----------------------------------------------
   N = 20,  n = 20000000,  r =  0,   t = 14,
       Sparse =   TRUE

       GenerCell = smultin_GenerCellPermut
       Number of cells = t! =        87178291200
       Expected number per cell =  1 /  4358.9146
       EColl = n^2 / (2k) =   2294.14912
       Hashing =   TRUE

       Collision test,    Mu =      2293.9736,    Sigma =    47.8841

-----------------------------------------------
Test Results for Collisions

For the total number of collisions, we use
      the Poisson approximation:
Expected number of collisions = N*Mu  :    45879.47
Observed number of collisions         :    45995
p-value of test                       :    0.30


-----------------------------
Total number of cells containing j balls

  j =  0                              :    1743165869995
  j =  1                              :        399908011
  j =  2                              :            45993
  j =  3                              :                1
  j =  4                              :                0
  j =  5                              :                0

-----------------------------------------------
CPU time used                    :  00:02:48.48

Generator state:
 Dual-output Tempest v7\n



***********************************************************
Test sknuth_CollisionPermut calling smultin_Multinomial

***********************************************************
HOST = LAPTOP-JUCO3OMC, CYGWIN_NT-10.0-26200

Dual-Tempest


smultin_Multinomial test:
-----------------------------------------------
   N = 20,  n = 20000000,  r = 10,   t = 14,
       Sparse =   TRUE

       GenerCell = smultin_GenerCellPermut
       Number of cells = t! =        87178291200
       Expected number per cell =  1 /  4358.9146
       EColl = n^2 / (2k) =   2294.14912
       Hashing =   TRUE

       Collision test,    Mu =      2293.9736,    Sigma =    47.8841

-----------------------------------------------
Test Results for Collisions

For the total number of collisions, we use
      the Poisson approximation:
Expected number of collisions = N*Mu  :    45879.47
Observed number of collisions         :    46011
p-value of test                       :    0.27


-----------------------------
Total number of cells containing j balls

  j =  0                              :    1743165870011
  j =  1                              :        399907985
  j =  2                              :            45997
  j =  3                              :                7
  j =  4                              :                0
  j =  5                              :                0

-----------------------------------------------
CPU time used                    :  00:02:50.70

Generator state:
 Dual-output Tempest v7\n



***********************************************************
HOST = LAPTOP-JUCO3OMC, CYGWIN_NT-10.0-26200

Dual-Tempest


sknuth_MaxOft test:
-----------------------------------------------
   N = 40,  n = 10000000,  r =  0,   d = 100000,   t =  8

      Number of categories = 100000
      Expected number per category  = 100.00


-----------------------------------------------
Test results for chi2 with 99999 degrees of freedom:

Kolmogorov-Smirnov+ statistic = D+    :    0.11
p-value of test                       :    0.37

Kolmogorov-Smirnov- statistic = D-    :   0.050
p-value of test                       :    0.79

Anderson-Darling statistic = A2       :    0.33
p-value of test                       :    0.92

Test on the sum of all N observations
Number of degrees of freedom          : 3999960
Chi-square statistic                  : 4.00e+6
p-value of test                       :    0.62


-----------------------------------------------
Test results for Anderson-Darling:

Kolmogorov-Smirnov+ statistic = D+    :   0.064
p-value of test                       :    0.70

Kolmogorov-Smirnov- statistic = D-    :   0.086
p-value of test                       :    0.52

Anderson-Darling statistic = A2       :    0.49
p-value of test                       :    0.75


-----------------------------------------------
CPU time used                    :  00:01:04.93

Generator state:
 Dual-output Tempest v7\n



***********************************************************
HOST = LAPTOP-JUCO3OMC, CYGWIN_NT-10.0-26200

Dual-Tempest


sknuth_MaxOft test:
-----------------------------------------------
   N = 30,  n = 10000000,  r =  0,   d = 100000,   t = 16

      Number of categories = 100000
      Expected number per category  = 100.00


-----------------------------------------------
Test results for chi2 with 99999 degrees of freedom:

Kolmogorov-Smirnov+ statistic = D+    :    0.22
p-value of test                       :    0.05

Kolmogorov-Smirnov- statistic = D-    :   0.033
p-value of test                       :    0.92

Anderson-Darling statistic = A2       :    0.95
p-value of test                       :    0.38

Test on the sum of all N observations
Number of degrees of freedom          : 2999970
Chi-square statistic                  : 3.00e+6
p-value of test                       :    0.86


-----------------------------------------------
Test results for Anderson-Darling:

Kolmogorov-Smirnov+ statistic = D+    :   0.026
p-value of test                       :    0.95

Kolmogorov-Smirnov- statistic = D-    :    0.19
p-value of test                       :    0.10

Anderson-Darling statistic = A2       :    2.44
p-value of test                       :    0.05


-----------------------------------------------
CPU time used                    :  00:00:59.04

Generator state:
 Dual-output Tempest v7\n



***********************************************************
HOST = LAPTOP-JUCO3OMC, CYGWIN_NT-10.0-26200

Dual-Tempest


sknuth_MaxOft test:
-----------------------------------------------
   N = 20,  n = 10000000,  r =  0,   d = 100000,   t = 24

      Number of categories = 100000
      Expected number per category  = 100.00


-----------------------------------------------
Test results for chi2 with 99999 degrees of freedom:

Kolmogorov-Smirnov+ statistic = D+    :   0.085
p-value of test                       :    0.71

Kolmogorov-Smirnov- statistic = D-    :   0.085
p-value of test                       :    0.71

Anderson-Darling statistic = A2       :    0.22
p-value of test                       :    0.98

Test on the sum of all N observations
Number of degrees of freedom          : 1999980
Chi-square statistic                  : 2.00e+6
p-value of test                       :    0.48


-----------------------------------------------
Test results for Anderson-Darling:

Kolmogorov-Smirnov+ statistic = D+    :    0.27
p-value of test                       :    0.04

Kolmogorov-Smirnov- statistic = D-    :   0.023
p-value of test                       :    0.97

Anderson-Darling statistic = A2       :    1.37
p-value of test                       :    0.21


-----------------------------------------------
CPU time used                    :  00:00:46.79

Generator state:
 Dual-output Tempest v7\n



***********************************************************
HOST = LAPTOP-JUCO3OMC, CYGWIN_NT-10.0-26200

Dual-Tempest


sknuth_MaxOft test:
-----------------------------------------------
   N = 20,  n = 10000000,  r =  0,   d = 100000,   t = 32

      Number of categories = 100000
      Expected number per category  = 100.00


-----------------------------------------------
Test results for chi2 with 99999 degrees of freedom:

Kolmogorov-Smirnov+ statistic = D+    :   0.082
p-value of test                       :    0.73

Kolmogorov-Smirnov- statistic = D-    :   0.061
p-value of test                       :    0.83

Anderson-Darling statistic = A2       :    0.19
p-value of test                       :    0.9932

Test on the sum of all N observations
Number of degrees of freedom          : 1999980
Chi-square statistic                  : 2.00e+6
p-value of test                       :    0.53


-----------------------------------------------
Test results for Anderson-Darling:

Kolmogorov-Smirnov+ statistic = D+    :    0.12
p-value of test                       :    0.51

Kolmogorov-Smirnov- statistic = D-    :   0.099
p-value of test                       :    0.63

Anderson-Darling statistic = A2       :    0.55
p-value of test                       :    0.69


-----------------------------------------------
CPU time used                    :  00:00:54.93

Generator state:
 Dual-output Tempest v7\n



***********************************************************
HOST = LAPTOP-JUCO3OMC, CYGWIN_NT-10.0-26200

Dual-Tempest


svaria_SampleProd test:
-----------------------------------------------
   N = 40,  n = 10000000,  r =  0,   t = 8


-----------------------------------------------

Kolmogorov-Smirnov+ statistic = D+    :    0.11
p-value of test                       :    0.33

Kolmogorov-Smirnov- statistic = D-    :   0.099
p-value of test                       :    0.43

Anderson-Darling statistic = A2       :    0.41
p-value of test                       :    0.84

-----------------------------------------------
CPU time used                    :  00:00:53.32

Generator state:
 Dual-output Tempest v7\n



***********************************************************
HOST = LAPTOP-JUCO3OMC, CYGWIN_NT-10.0-26200

Dual-Tempest


svaria_SampleProd test:
-----------------------------------------------
   N = 20,  n = 10000000,  r =  0,   t = 16


-----------------------------------------------

Kolmogorov-Smirnov+ statistic = D+    :   0.099
p-value of test                       :    0.63

Kolmogorov-Smirnov- statistic = D-    :    0.13
p-value of test                       :    0.46

Anderson-Darling statistic = A2       :    0.68
p-value of test                       :    0.57

-----------------------------------------------
CPU time used                    :  00:00:35.90

Generator state:
 Dual-output Tempest v7\n



***********************************************************
HOST = LAPTOP-JUCO3OMC, CYGWIN_NT-10.0-26200

Dual-Tempest


svaria_SampleProd test:
-----------------------------------------------
   N = 20,  n = 10000000,  r =  0,   t = 24


-----------------------------------------------

Kolmogorov-Smirnov+ statistic = D+    :    0.18
p-value of test                       :    0.24

Kolmogorov-Smirnov- statistic = D-    :    0.12
p-value of test                       :    0.50

Anderson-Darling statistic = A2       :    0.81
p-value of test                       :    0.47

-----------------------------------------------
CPU time used                    :  00:00:44.68

Generator state:
 Dual-output Tempest v7\n



***********************************************************
HOST = LAPTOP-JUCO3OMC, CYGWIN_NT-10.0-26200

Dual-Tempest


svaria_SampleMean test:
-----------------------------------------------
   N = 20000000,  n = 30,  r =  0


-----------------------------------------------

Kolmogorov-Smirnov+ statistic = D+    : 1.02e-4
p-value of test                       :    0.66

Kolmogorov-Smirnov- statistic = D-    : 1.43e-4
p-value of test                       :    0.44

Anderson-Darling statistic = A2       :    0.49
p-value of test                       :    0.75

-----------------------------------------------
CPU time used                    :  00:00:07.82

Generator state:
 Dual-output Tempest v7\n



***********************************************************
HOST = LAPTOP-JUCO3OMC, CYGWIN_NT-10.0-26200

Dual-Tempest


svaria_SampleMean test:
-----------------------------------------------
   N = 20000000,  n = 30,  r = 10


-----------------------------------------------

Kolmogorov-Smirnov+ statistic = D+    : 7.75e-5
p-value of test                       :    0.79

Kolmogorov-Smirnov- statistic = D-    : 3.63e-4
p-value of test                       :  5.1e-3

Anderson-Darling statistic = A2       :    4.32
p-value of test                       :  6.1e-3

-----------------------------------------------
CPU time used                    :  00:00:08.26

Generator state:
 Dual-output Tempest v7\n



***********************************************************
HOST = LAPTOP-JUCO3OMC, CYGWIN_NT-10.0-26200

Dual-Tempest


svaria_SampleCorr test:
-----------------------------------------------
   N =  1,  n = 2000000000,  r =  0,   k = 1


-----------------------------------------------
Normal statistic                      :   0.090
p-value of test                       :    0.46

-----------------------------------------------
CPU time used                    :  00:00:10.18

Generator state:
 Dual-output Tempest v7\n



***********************************************************
HOST = LAPTOP-JUCO3OMC, CYGWIN_NT-10.0-26200

Dual-Tempest


svaria_SampleCorr test:
-----------------------------------------------
   N =  1,  n = 2000000000,  r =  0,   k = 2


-----------------------------------------------
Normal statistic                      :    2.16
p-value of test                       :    0.02

-----------------------------------------------
CPU time used                    :  00:00:10.15

Generator state:
 Dual-output Tempest v7\n



***********************************************************
HOST = LAPTOP-JUCO3OMC, CYGWIN_NT-10.0-26200

Dual-Tempest


svaria_AppearanceSpacings test:
-----------------------------------------------
   N =  1,   Q = 10000000,   K = 1000000000,   r = 0,   s = 3,   L = 15

   Sequences of n = (K + Q)L =  15150000000 bits
   Q = 10000000 initialization blocks
   K = 1000000000 blocks for the test
   the blocks have L = 15 bits



-----------------------------------------------
Normal statistic                      :    1.77
p-value of test                       :    0.04

-----------------------------------------------
CPU time used                    :  00:00:34.67

Generator state:
 Dual-output Tempest v7\n



***********************************************************
HOST = LAPTOP-JUCO3OMC, CYGWIN_NT-10.0-26200

Dual-Tempest


svaria_AppearanceSpacings test:
-----------------------------------------------
   N =  1,   Q = 10000000,   K = 1000000000,   r = 27,   s = 3,   L = 15

   Sequences of n = (K + Q)L =  15150000000 bits
   Q = 10000000 initialization blocks
   K = 1000000000 blocks for the test
   the blocks have L = 15 bits



-----------------------------------------------
Normal statistic                      :    0.76
p-value of test                       :    0.22

-----------------------------------------------
CPU time used                    :  00:00:35.46

Generator state:
 Dual-output Tempest v7\n



***********************************************************
HOST = LAPTOP-JUCO3OMC, CYGWIN_NT-10.0-26200

Dual-Tempest


svaria_WeightDistrib test:
-----------------------------------------------
   N =  1,  n = 20000000,  r =  0,  k = 256,  Alpha =      0,  Beta =   0.25


-----------------------------------------------
Number of degrees of freedom          :   67
Chi-square statistic                  :   72.51
p-value of test                       :    0.30

-----------------------------------------------
CPU time used                    :  00:00:26.51

Generator state:
 Dual-output Tempest v7\n



***********************************************************
HOST = LAPTOP-JUCO3OMC, CYGWIN_NT-10.0-26200

Dual-Tempest


svaria_WeightDistrib test:
-----------------------------------------------
   N =  1,  n = 20000000,  r = 20,  k = 256,  Alpha =      0,  Beta =   0.25


-----------------------------------------------
Number of degrees of freedom          :   67
Chi-square statistic                  :   94.59
p-value of test                       :    0.01

-----------------------------------------------
CPU time used                    :  00:00:30.31

Generator state:
 Dual-output Tempest v7\n



***********************************************************
HOST = LAPTOP-JUCO3OMC, CYGWIN_NT-10.0-26200

Dual-Tempest


svaria_WeightDistrib test:
-----------------------------------------------
   N =  1,  n = 20000000,  r = 28,  k = 256,  Alpha =      0,  Beta =   0.25


-----------------------------------------------
Number of degrees of freedom          :   67
Chi-square statistic                  :   52.71
p-value of test                       :    0.90

-----------------------------------------------
CPU time used                    :  00:00:28.67

Generator state:
 Dual-output Tempest v7\n



***********************************************************
HOST = LAPTOP-JUCO3OMC, CYGWIN_NT-10.0-26200

Dual-Tempest


svaria_WeightDistrib test:
-----------------------------------------------
   N =  1,  n = 20000000,  r =  0,  k = 256,  Alpha =      0,  Beta = 0.0625


-----------------------------------------------
Number of degrees of freedom          :   37
Chi-square statistic                  :   47.57
p-value of test                       :    0.11

-----------------------------------------------
CPU time used                    :  00:00:26.17

Generator state:
 Dual-output Tempest v7\n



***********************************************************
HOST = LAPTOP-JUCO3OMC, CYGWIN_NT-10.0-26200

Dual-Tempest


svaria_WeightDistrib test:
-----------------------------------------------
   N =  1,  n = 20000000,  r = 10,  k = 256,  Alpha =      0,  Beta = 0.0625


-----------------------------------------------
Number of degrees of freedom          :   37
Chi-square statistic                  :   29.44
p-value of test                       :    0.81

-----------------------------------------------
CPU time used                    :  00:00:29.00

Generator state:
 Dual-output Tempest v7\n



***********************************************************
HOST = LAPTOP-JUCO3OMC, CYGWIN_NT-10.0-26200

Dual-Tempest


svaria_WeightDistrib test:
-----------------------------------------------
   N =  1,  n = 20000000,  r = 26,  k = 256,  Alpha =      0,  Beta = 0.0625


-----------------------------------------------
Number of degrees of freedom          :   37
Chi-square statistic                  :   29.39
p-value of test                       :    0.81

-----------------------------------------------
CPU time used                    :  00:00:28.65

Generator state:
 Dual-output Tempest v7\n



***********************************************************
HOST = LAPTOP-JUCO3OMC, CYGWIN_NT-10.0-26200

Dual-Tempest


svaria_SumCollector test:
-----------------------------------------------
   N =  1,  n = 500000000,  r =  0,   g = 10


-----------------------------------------------
Number of degrees of freedom          :   29
Chi-square statistic                  :   28.30
p-value of test                       :    0.50

-----------------------------------------------
CPU time used                    :  00:00:56.34

Generator state:
 Dual-output Tempest v7\n



***********************************************************
HOST = LAPTOP-JUCO3OMC, CYGWIN_NT-10.0-26200

Dual-Tempest


smarsa_MatrixRank test:
-----------------------------------------------
   N = 10,  n = 1000000,  r =  0,    s = 5,    L = 30,    k = 30


-----------------------------------------------

Kolmogorov-Smirnov+ statistic = D+    :    0.16
p-value of test                       :    0.54

Kolmogorov-Smirnov- statistic = D-    :    0.14
p-value of test                       :    0.62

Anderson-Darling statistic = A2       :    0.33
p-value of test                       :    0.91

Test on the sum of all N observations
Number of degrees of freedom          :   40
Chi-square statistic                  :   40.78
p-value of test                       :    0.44

-----------------------------------------------
CPU time used                    :  00:00:34.65

Generator state:
 Dual-output Tempest v7\n



***********************************************************
HOST = LAPTOP-JUCO3OMC, CYGWIN_NT-10.0-26200

Dual-Tempest


smarsa_MatrixRank test:
-----------------------------------------------
   N = 10,  n = 1000000,  r = 25,    s = 5,    L = 30,    k = 30


-----------------------------------------------

Kolmogorov-Smirnov+ statistic = D+    :    0.16
p-value of test                       :    0.55

Kolmogorov-Smirnov- statistic = D-    :    0.22
p-value of test                       :    0.34

Anderson-Darling statistic = A2       :    0.42
p-value of test                       :    0.82

Test on the sum of all N observations
Number of degrees of freedom          :   40
Chi-square statistic                  :   41.36
p-value of test                       :    0.41

-----------------------------------------------
CPU time used                    :  00:00:34.68

Generator state:
 Dual-output Tempest v7\n



***********************************************************
HOST = LAPTOP-JUCO3OMC, CYGWIN_NT-10.0-26200

Dual-Tempest


smarsa_MatrixRank test:
-----------------------------------------------
   N =  1,  n = 5000,  r =  0,    s = 4,    L = 1000,    k = 1000


-----------------------------------------------
Number of degrees of freedom          :    3
Chi-square statistic                  :    4.35
p-value of test                       :    0.23

-----------------------------------------------
CPU time used                    :  00:00:57.57

Generator state:
 Dual-output Tempest v7\n



***********************************************************
HOST = LAPTOP-JUCO3OMC, CYGWIN_NT-10.0-26200

Dual-Tempest


smarsa_MatrixRank test:
-----------------------------------------------
   N =  1,  n = 5000,  r = 26,    s = 4,    L = 1000,    k = 1000


-----------------------------------------------
Number of degrees of freedom          :    3
Chi-square statistic                  :    8.98
p-value of test                       :    0.03

-----------------------------------------------
CPU time used                    :  00:00:57.06

Generator state:
 Dual-output Tempest v7\n



***********************************************************
HOST = LAPTOP-JUCO3OMC, CYGWIN_NT-10.0-26200

Dual-Tempest


smarsa_MatrixRank test:
-----------------------------------------------
   N =  1,  n = 80,  r = 15,    s = 15,    L = 5000,    k = 5000


-----------------------------------------------
Number of degrees of freedom          :    2
Chi-square statistic                  :    5.12
p-value of test                       :    0.08

-----------------------------------------------
CPU time used                    :  00:00:54.73

Generator state:
 Dual-output Tempest v7\n



***********************************************************
HOST = LAPTOP-JUCO3OMC, CYGWIN_NT-10.0-26200

Dual-Tempest


smarsa_MatrixRank test:
-----------------------------------------------
   N =  1,  n = 80,  r =  0,    s = 30,    L = 5000,    k = 5000


-----------------------------------------------
Number of degrees of freedom          :    2
Chi-square statistic                  :    2.94
p-value of test                       :    0.23

-----------------------------------------------
CPU time used                    :  00:00:49.79

Generator state:
 Dual-output Tempest v7\n



***********************************************************
HOST = LAPTOP-JUCO3OMC, CYGWIN_NT-10.0-26200

Dual-Tempest


smarsa_Savir2 test:
-----------------------------------------------
   N = 10,  n = 10000000,  r = 10,    m = 1048576,    t = 30


-----------------------------------------------

Kolmogorov-Smirnov+ statistic = D+    :    0.22
p-value of test                       :    0.33

Kolmogorov-Smirnov- statistic = D-    :   0.045
p-value of test                       :    0.93

Anderson-Darling statistic = A2       :    0.93
p-value of test                       :    0.40

Test on the sum of all N observations
Number of degrees of freedom          :  130
Chi-square statistic                  :  110.83
p-value of test                       :    0.89

-----------------------------------------------
CPU time used                    :  00:00:17.85

Generator state:
 Dual-output Tempest v7\n



***********************************************************
HOST = LAPTOP-JUCO3OMC, CYGWIN_NT-10.0-26200

Dual-Tempest


smarsa_GCD test:
-----------------------------------------------
   N = 10,  n = 50000000,  r =  0,   s = 30


-----------------------------------------------
Test results for GCD values:

Kolmogorov-Smirnov+ statistic = D+    :    0.19
p-value of test                       :    0.42

Kolmogorov-Smirnov- statistic = D-    :   0.062
p-value of test                       :    0.89

Anderson-Darling statistic = A2       :    0.40
p-value of test                       :    0.85

Test on the sum of all N observations
Number of degrees of freedom          : 17430
Chi-square statistic                  :17297.78
p-value of test                       :    0.76



-----------------------------------------------
CPU time used                    :  00:00:27.68

Generator state:
 Dual-output Tempest v7\n



***********************************************************
HOST = LAPTOP-JUCO3OMC, CYGWIN_NT-10.0-26200

Dual-Tempest


swalk_RandomWalk1 test:
-----------------------------------------------
   N =  1,  n = 100000000,  r =  0,   s = 5,   L0 =   50,   L1 =   50



-----------------------------------------------
Test on the values of the Statistic H

Number of degrees of freedom          :   36
ChiSquare statistic                   :   40.31
p-value of test                       :    0.29


-----------------------------------------------
Test on the values of the Statistic M

Number of degrees of freedom          :   35
ChiSquare statistic                   :   34.33
p-value of test                       :    0.50


-----------------------------------------------
Test on the values of the Statistic J

Number of degrees of freedom          :   25
ChiSquare statistic                   :   17.44
p-value of test                       :    0.87


-----------------------------------------------
Test on the values of the Statistic R

Number of degrees of freedom          :   24
ChiSquare statistic                   :   17.15
p-value of test                       :    0.84


-----------------------------------------------
Test on the values of the Statistic C

Number of degrees of freedom          :   17
ChiSquare statistic                   :   22.07
p-value of test                       :    0.18


-----------------------------------------------
CPU time used                    :  00:00:21.65

Generator state:
 Dual-output Tempest v7\n



***********************************************************
HOST = LAPTOP-JUCO3OMC, CYGWIN_NT-10.0-26200

Dual-Tempest


swalk_RandomWalk1 test:
-----------------------------------------------
   N =  1,  n = 100000000,  r = 25,   s = 5,   L0 =   50,   L1 =   50



-----------------------------------------------
Test on the values of the Statistic H

Number of degrees of freedom          :   36
ChiSquare statistic                   :   27.34
p-value of test                       :    0.85


-----------------------------------------------
Test on the values of the Statistic M

Number of degrees of freedom          :   35
ChiSquare statistic                   :   29.49
p-value of test                       :    0.73


-----------------------------------------------
Test on the values of the Statistic J

Number of degrees of freedom          :   25
ChiSquare statistic                   :   23.91
p-value of test                       :    0.52


-----------------------------------------------
Test on the values of the Statistic R

Number of degrees of freedom          :   24
ChiSquare statistic                   :   16.45
p-value of test                       :    0.87


-----------------------------------------------
Test on the values of the Statistic C

Number of degrees of freedom          :   17
ChiSquare statistic                   :   10.12
p-value of test                       :    0.90


-----------------------------------------------
CPU time used                    :  00:00:21.92

Generator state:
 Dual-output Tempest v7\n



***********************************************************
HOST = LAPTOP-JUCO3OMC, CYGWIN_NT-10.0-26200

Dual-Tempest


swalk_RandomWalk1 test:
-----------------------------------------------
   N =  1,  n = 10000000,  r =  0,   s = 10,   L0 = 1000,   L1 = 1000



-----------------------------------------------
Test on the values of the Statistic H

Number of degrees of freedom          :  146
ChiSquare statistic                   :  159.85
p-value of test                       :    0.20


-----------------------------------------------
Test on the values of the Statistic M

Number of degrees of freedom          :  146
ChiSquare statistic                   :  139.63
p-value of test                       :    0.63


-----------------------------------------------
Test on the values of the Statistic J

Number of degrees of freedom          :  500
ChiSquare statistic                   :  490.71
p-value of test                       :    0.61


-----------------------------------------------
Test on the values of the Statistic R

Number of degrees of freedom          :  136
ChiSquare statistic                   :  130.93
p-value of test                       :    0.61


-----------------------------------------------
Test on the values of the Statistic C

Number of degrees of freedom          :   74
ChiSquare statistic                   :   83.26
p-value of test                       :    0.22


-----------------------------------------------
CPU time used                    :  00:00:24.65

Generator state:
 Dual-output Tempest v7\n



***********************************************************
HOST = LAPTOP-JUCO3OMC, CYGWIN_NT-10.0-26200

Dual-Tempest


swalk_RandomWalk1 test:
-----------------------------------------------
   N =  1,  n = 10000000,  r = 20,   s = 10,   L0 = 1000,   L1 = 1000



-----------------------------------------------
Test on the values of the Statistic H

Number of degrees of freedom          :  146
ChiSquare statistic                   :  134.51
p-value of test                       :    0.74


-----------------------------------------------
Test on the values of the Statistic M

Number of degrees of freedom          :  146
ChiSquare statistic                   :  147.80
p-value of test                       :    0.44


-----------------------------------------------
Test on the values of the Statistic J

Number of degrees of freedom          :  500
ChiSquare statistic                   :  527.08
p-value of test                       :    0.19


-----------------------------------------------
Test on the values of the Statistic R

Number of degrees of freedom          :  136
ChiSquare statistic                   :  139.45
p-value of test                       :    0.40


-----------------------------------------------
Test on the values of the Statistic C

Number of degrees of freedom          :   74
ChiSquare statistic                   :   64.39
p-value of test                       :    0.78


-----------------------------------------------
CPU time used                    :  00:00:24.53

Generator state:
 Dual-output Tempest v7\n



***********************************************************
HOST = LAPTOP-JUCO3OMC, CYGWIN_NT-10.0-26200

Dual-Tempest


swalk_RandomWalk1 test:
-----------------------------------------------
   N =  1,  n = 1000000,  r =  0,   s = 15,   L0 = 10000,   L1 = 10000



-----------------------------------------------
Test on the values of the Statistic H

Number of degrees of freedom          :  384
ChiSquare statistic                   :  377.60
p-value of test                       :    0.58


-----------------------------------------------
Test on the values of the Statistic M

Number of degrees of freedom          :  384
ChiSquare statistic                   :  357.23
p-value of test                       :    0.83


-----------------------------------------------
Test on the values of the Statistic J

Number of degrees of freedom          : 5000
ChiSquare statistic                   : 4915.49
p-value of test                       :    0.80


-----------------------------------------------
Test on the values of the Statistic R

Number of degrees of freedom          :  378
ChiSquare statistic                   :  395.00
p-value of test                       :    0.26


-----------------------------------------------
Test on the values of the Statistic C

Number of degrees of freedom          :  200
ChiSquare statistic                   :  211.06
p-value of test                       :    0.28


-----------------------------------------------
CPU time used                    :  00:00:19.95

Generator state:
 Dual-output Tempest v7\n



***********************************************************
HOST = LAPTOP-JUCO3OMC, CYGWIN_NT-10.0-26200

Dual-Tempest


swalk_RandomWalk1 test:
-----------------------------------------------
   N =  1,  n = 1000000,  r = 15,   s = 15,   L0 = 10000,   L1 = 10000



-----------------------------------------------
Test on the values of the Statistic H

Number of degrees of freedom          :  384
ChiSquare statistic                   :  418.73
p-value of test                       :    0.11


-----------------------------------------------
Test on the values of the Statistic M

Number of degrees of freedom          :  384
ChiSquare statistic                   :  354.03
p-value of test                       :    0.86


-----------------------------------------------
Test on the values of the Statistic J

Number of degrees of freedom          : 5000
ChiSquare statistic                   : 4888.43
p-value of test                       :    0.87


-----------------------------------------------
Test on the values of the Statistic R

Number of degrees of freedom          :  378
ChiSquare statistic                   :  395.08
p-value of test                       :    0.26


-----------------------------------------------
Test on the values of the Statistic C

Number of degrees of freedom          :  200
ChiSquare statistic                   :  187.01
p-value of test                       :    0.74


-----------------------------------------------
CPU time used                    :  00:00:19.92

Generator state:
 Dual-output Tempest v7\n



***********************************************************
HOST = LAPTOP-JUCO3OMC, CYGWIN_NT-10.0-26200

Dual-Tempest


scomp_LinearComp test:
-----------------------------------------------
   N =  1,  n = 400020,  r =  0,    s = 1



-----------------------------------------------
Number of degrees of freedom          :   12
Chi2 statistic for size of jumps      :   16.08
p-value of test                       :    0.19


-----------------------------------------------
Normal statistic for number of jumps  :   -0.84
p-value of test                       :    0.80



-----------------------------------------------
CPU time used                    :  00:01:19.84

Generator state:
 Dual-output Tempest v7\n



***********************************************************
HOST = LAPTOP-JUCO3OMC, CYGWIN_NT-10.0-26200

Dual-Tempest


scomp_LinearComp test:
-----------------------------------------------
   N =  1,  n = 400020,  r = 29,    s = 1



-----------------------------------------------
Number of degrees of freedom          :   12
Chi2 statistic for size of jumps      :    7.47
p-value of test                       :    0.82


-----------------------------------------------
Normal statistic for number of jumps  :   -0.92
p-value of test                       :    0.82



-----------------------------------------------
CPU time used                    :  00:01:19.76

Generator state:
 Dual-output Tempest v7\n



***********************************************************
HOST = LAPTOP-JUCO3OMC, CYGWIN_NT-10.0-26200

Dual-Tempest


scomp_LempelZiv test:
-----------------------------------------------
   N = 10,  n = 134217728,  r =  0,   s =   30,   k =   27


-----------------------------------------------

Kolmogorov-Smirnov+ statistic = D+    :    0.19
p-value of test                       :    0.43

Kolmogorov-Smirnov- statistic = D-    :   0.040
p-value of test                       :    0.94

Anderson-Darling statistic = A2       :    0.43
p-value of test                       :    0.81

Tests on the sum of all N observations
Standardized normal statistic         :   -0.79
p-value of test                       :    0.78

Sample variance                       :    0.92
p-value of test                       :    0.51

-----------------------------------------------
CPU time used                    :  00:00:37.48

Generator state:
 Dual-output Tempest v7\n



***********************************************************
HOST = LAPTOP-JUCO3OMC, CYGWIN_NT-10.0-26200

Dual-Tempest


scomp_LempelZiv test:
-----------------------------------------------
   N = 10,  n = 134217728,  r = 15,   s =   15,   k =   27


-----------------------------------------------

Kolmogorov-Smirnov+ statistic = D+    :    0.22
p-value of test                       :    0.34

Kolmogorov-Smirnov- statistic = D-    :    0.13
p-value of test                       :    0.65

Anderson-Darling statistic = A2       :    0.48
p-value of test                       :    0.76

Tests on the sum of all N observations
Standardized normal statistic         :  -0.092
p-value of test                       :    0.54

Sample variance                       :    1.41
p-value of test                       :    0.18

-----------------------------------------------
CPU time used                    :  00:00:39.54

Generator state:
 Dual-output Tempest v7\n



***********************************************************
HOST = LAPTOP-JUCO3OMC, CYGWIN_NT-10.0-26200

Dual-Tempest


sspectral_Fourier3 test:
-----------------------------------------------
   N = 100000,  n = 16384,  r =  0,   s =    3,   k =   14


-----------------------------------------------

Kolmogorov-Smirnov+ statistic = D+    : 7.45e-3
p-value of test                       :    0.63

Kolmogorov-Smirnov- statistic = D-    : 6.87e-3
p-value of test                       :    0.68

Anderson-Darling statistic = A2       :    0.31
p-value of test                       :    0.93

-----------------------------------------------
CPU time used                    :  00:00:24.06

Generator state:
 Dual-output Tempest v7\n



***********************************************************
HOST = LAPTOP-JUCO3OMC, CYGWIN_NT-10.0-26200

Dual-Tempest


sspectral_Fourier3 test:
-----------------------------------------------
   N = 100000,  n = 16384,  r = 27,   s =    3,   k =   14


-----------------------------------------------

Kolmogorov-Smirnov+ statistic = D+    : 8.74e-3
p-value of test                       :    0.53

Kolmogorov-Smirnov- statistic = D-    : 6.18e-3
p-value of test                       :    0.73

Anderson-Darling statistic = A2       :    0.33
p-value of test                       :    0.91

-----------------------------------------------
CPU time used                    :  00:00:23.50

Generator state:
 Dual-output Tempest v7\n



***********************************************************
HOST = LAPTOP-JUCO3OMC, CYGWIN_NT-10.0-26200

Dual-Tempest


sstring_LongestHeadRun test:
-----------------------------------------------
   N =  1,  n = 1000,  r =  0,   s = 3,   L = 10000020


-----------------------------------------------
Number of degrees of freedom          :    8
Chi-square statistic                  :   17.08
p-value of test                       :    0.03

-----------------------------------------------
Global longest run of 1               :   29.00
p-value of test                       :    0.9905



-----------------------------------------------
CPU time used                    :  00:00:51.32

Generator state:
 Dual-output Tempest v7\n



***********************************************************
HOST = LAPTOP-JUCO3OMC, CYGWIN_NT-10.0-26200

Dual-Tempest


sstring_LongestHeadRun test:
-----------------------------------------------
   N =  1,  n = 1000,  r = 27,   s = 3,   L = 10000020


-----------------------------------------------
Number of degrees of freedom          :    8
Chi-square statistic                  :   14.01
p-value of test                       :    0.08

-----------------------------------------------
Global longest run of 1               :   33.00
p-value of test                       :    0.44



-----------------------------------------------
CPU time used                    :  00:00:52.26

Generator state:
 Dual-output Tempest v7\n



***********************************************************
HOST = LAPTOP-JUCO3OMC, CYGWIN_NT-10.0-26200

Dual-Tempest


sstring_PeriodsInStrings test:
-----------------------------------------------
   N = 10,  n = 500000000,  r =  0,   s =   10


-----------------------------------------------

Kolmogorov-Smirnov+ statistic = D+    :    0.12
p-value of test                       :    0.70

Kolmogorov-Smirnov- statistic = D-    :    0.23
p-value of test                       :    0.29

Anderson-Darling statistic = A2       :    0.77
p-value of test                       :    0.50

Test on the sum of all N observations
Number of degrees of freedom          :  200
Chi-square statistic                  :  211.79
p-value of test                       :    0.27

-----------------------------------------------
CPU time used                    :  00:01:45.81

Generator state:
 Dual-output Tempest v7\n



***********************************************************
HOST = LAPTOP-JUCO3OMC, CYGWIN_NT-10.0-26200

Dual-Tempest


sstring_PeriodsInStrings test:
-----------------------------------------------
   N = 10,  n = 500000000,  r = 20,   s =   10


-----------------------------------------------

Kolmogorov-Smirnov+ statistic = D+    :    0.22
p-value of test                       :    0.34

Kolmogorov-Smirnov- statistic = D-    :    0.14
p-value of test                       :    0.64

Anderson-Darling statistic = A2       :    0.43
p-value of test                       :    0.82

Test on the sum of all N observations
Number of degrees of freedom          :  200
Chi-square statistic                  :  192.78
p-value of test                       :    0.63

-----------------------------------------------
CPU time used                    :  00:01:25.07

Generator state:
 Dual-output Tempest v7\n



***********************************************************
HOST = LAPTOP-JUCO3OMC, CYGWIN_NT-10.0-26200

Dual-Tempest


sstring_HammingWeight2 test:
-----------------------------------------------
   N = 10,  n = 1000000000,  r =  0,   s = 3,   L = 1000000


-----------------------------------------------

Kolmogorov-Smirnov+ statistic = D+    :    0.21
p-value of test                       :    0.37

Kolmogorov-Smirnov- statistic = D-    :    0.16
p-value of test                       :    0.56

Anderson-Darling statistic = A2       :    0.53
p-value of test                       :    0.71

Test on the sum of all N observations
Number of degrees of freedom          : 10000
Chi-square statistic                  :10006.18
p-value of test                       :    0.48

-----------------------------------------------
CPU time used                    :  00:00:33.68

Generator state:
 Dual-output Tempest v7\n



***********************************************************
HOST = LAPTOP-JUCO3OMC, CYGWIN_NT-10.0-26200

Dual-Tempest


sstring_HammingWeight2 test:
-----------------------------------------------
   N = 10,  n = 1000000000,  r = 27,   s = 3,   L = 1000000


-----------------------------------------------

Kolmogorov-Smirnov+ statistic = D+    :   0.081
p-value of test                       :    0.84

Kolmogorov-Smirnov- statistic = D-    :    0.22
p-value of test                       :    0.34

Anderson-Darling statistic = A2       :    0.44
p-value of test                       :    0.81

Test on the sum of all N observations
Number of degrees of freedom          : 10000
Chi-square statistic                  :10072.10
p-value of test                       :    0.30

-----------------------------------------------
CPU time used                    :  00:00:34.48

Generator state:
 Dual-output Tempest v7\n



***********************************************************
HOST = LAPTOP-JUCO3OMC, CYGWIN_NT-10.0-26200

Dual-Tempest


sstring_HammingCorr test:
-----------------------------------------------
   N =  1,  n = 1000000000,  r = 10,   s = 10,   L = 30



-----------------------------------------------
Normal statistic                      :   -1.70
p-value of test                       :    0.96

-----------------------------------------------
CPU time used                    :  00:00:40.23

Generator state:
 Dual-output Tempest v7\n



***********************************************************
HOST = LAPTOP-JUCO3OMC, CYGWIN_NT-10.0-26200

Dual-Tempest


sstring_HammingCorr test:
-----------------------------------------------
   N =  1,  n = 100000000,  r = 10,   s = 10,   L = 300



-----------------------------------------------
Normal statistic                      :    0.49
p-value of test                       :    0.31

-----------------------------------------------
CPU time used                    :  00:00:39.53

Generator state:
 Dual-output Tempest v7\n



***********************************************************
HOST = LAPTOP-JUCO3OMC, CYGWIN_NT-10.0-26200

Dual-Tempest


sstring_HammingCorr test:
-----------------------------------------------
   N =  1,  n = 100000000,  r = 10,   s = 10,   L = 1200



-----------------------------------------------
Normal statistic                      :   -0.84
p-value of test                       :    0.80

-----------------------------------------------
CPU time used                    :  00:02:36.98

Generator state:
 Dual-output Tempest v7\n



***********************************************************
HOST = LAPTOP-JUCO3OMC, CYGWIN_NT-10.0-26200

Dual-Tempest


sstring_HammingIndep test:
-----------------------------------------------
   N = 10,  n = 30000000,  r =  0,   s = 3,   L = 30,   d = 0



Counters with expected numbers >= 10
-----------------------------------------------

Kolmogorov-Smirnov+ statistic = D+    :   0.058
p-value of test                       :    0.90

Kolmogorov-Smirnov- statistic = D-    :    0.26
p-value of test                       :    0.22

Anderson-Darling statistic = A2       :    0.57
p-value of test                       :    0.67

Test on the sum of all N observations
Number of degrees of freedom          : 4890
Chi-square statistic                  : 4963.92
p-value of test                       :    0.23

-----------------------------------------------
CPU time used                    :  00:01:03.21

Generator state:
 Dual-output Tempest v7\n



***********************************************************
HOST = LAPTOP-JUCO3OMC, CYGWIN_NT-10.0-26200

Dual-Tempest


sstring_HammingIndep test:
-----------------------------------------------
   N = 10,  n = 30000000,  r = 27,   s = 3,   L = 30,   d = 0



Counters with expected numbers >= 10
-----------------------------------------------

Kolmogorov-Smirnov+ statistic = D+    :    0.14
p-value of test                       :    0.61

Kolmogorov-Smirnov- statistic = D-    :    0.20
p-value of test                       :    0.39

Anderson-Darling statistic = A2       :    0.41
p-value of test                       :    0.83

Test on the sum of all N observations
Number of degrees of freedom          : 4890
Chi-square statistic                  : 4883.98
p-value of test                       :    0.52

-----------------------------------------------
CPU time used                    :  00:01:04.95

Generator state:
 Dual-output Tempest v7\n



***********************************************************
HOST = LAPTOP-JUCO3OMC, CYGWIN_NT-10.0-26200

Dual-Tempest


sstring_HammingIndep test:
-----------------------------------------------
   N =  1,  n = 30000000,  r =  0,   s = 4,   L = 300,   d = 0



Counters with expected numbers >= 10
-----------------------------------------------
Number of degrees of freedom          : 4117
Chi-square statistic                  : 4132.48
p-value of test                       :    0.43

-----------------------------------------------
CPU time used                    :  00:00:47.78

Generator state:
 Dual-output Tempest v7\n



***********************************************************
HOST = LAPTOP-JUCO3OMC, CYGWIN_NT-10.0-26200

Dual-Tempest


sstring_HammingIndep test:
-----------------------------------------------
   N =  1,  n = 30000000,  r = 26,   s = 4,   L = 300,   d = 0



Counters with expected numbers >= 10
-----------------------------------------------
Number of degrees of freedom          : 4117
Chi-square statistic                  : 3982.89
p-value of test                       :    0.93

-----------------------------------------------
CPU time used                    :  00:00:49.20

Generator state:
 Dual-output Tempest v7\n



***********************************************************
HOST = LAPTOP-JUCO3OMC, CYGWIN_NT-10.0-26200

Dual-Tempest


sstring_HammingIndep test:
-----------------------------------------------
   N =  1,  n = 10000000,  r =  0,   s = 5,   L = 1200,   d = 0



Counters with expected numbers >= 10
-----------------------------------------------
Number of degrees of freedom          : 11825
Chi-square statistic                  :11799.32
p-value of test                       :    0.56

-----------------------------------------------
CPU time used                    :  00:00:52.85

Generator state:
 Dual-output Tempest v7\n



***********************************************************
HOST = LAPTOP-JUCO3OMC, CYGWIN_NT-10.0-26200

Dual-Tempest


sstring_HammingIndep test:
-----------------------------------------------
   N =  1,  n = 10000000,  r = 25,   s = 5,   L = 1200,   d = 0



Counters with expected numbers >= 10
-----------------------------------------------
Number of degrees of freedom          : 11825
Chi-square statistic                  :11756.47
p-value of test                       :    0.67

-----------------------------------------------
CPU time used                    :  00:00:54.64

Generator state:
 Dual-output Tempest v7\n



***********************************************************
HOST = LAPTOP-JUCO3OMC, CYGWIN_NT-10.0-26200

Dual-Tempest


sstring_Run test:
-----------------------------------------------
   N =  1,  n = 2000000000,  r =  0,   s =    3


-----------------------------------------------
Total number of 1 runs:  2000000000

Number of degrees of freedom          :   54
Chi2 statistic for number of runs     :   58.33
p-value of test                       :    0.32


-----------------------------------------------
Total number of bits:  7999878444

Normal statistic for number of bits   :   -0.96
p-value of test                       :    0.83



-----------------------------------------------
CPU time used                    :  00:00:40.23

Generator state:
 Dual-output Tempest v7\n



***********************************************************
HOST = LAPTOP-JUCO3OMC, CYGWIN_NT-10.0-26200

Dual-Tempest


sstring_Run test:
-----------------------------------------------
   N =  1,  n = 2000000000,  r = 27,   s =    3


-----------------------------------------------
Total number of 1 runs:  2000000000

Number of degrees of freedom          :   54
Chi2 statistic for number of runs     :   59.41
p-value of test                       :    0.29


-----------------------------------------------
Total number of bits:  8000068050

Normal statistic for number of bits   :    0.54
p-value of test                       :    0.30



-----------------------------------------------
CPU time used                    :  00:00:41.00

Generator state:
 Dual-output Tempest v7\n



***********************************************************
HOST = LAPTOP-JUCO3OMC, CYGWIN_NT-10.0-26200

Dual-Tempest


sstring_AutoCor test:
-----------------------------------------------
   N = 10,  n = 1000000030,  r =  0,   s = 3,   d = 1


-----------------------------------------------

Kolmogorov-Smirnov+ statistic = D+    :   0.063
p-value of test                       :    0.89

Kolmogorov-Smirnov- statistic = D-    :    0.25
p-value of test                       :    0.24

Anderson-Darling statistic = A2       :    1.13
p-value of test                       :    0.29

Tests on the sum of all N observations
Standardized normal statistic         :    1.17
p-value of test                       :    0.12

Sample variance                       :    1.06
p-value of test                       :    0.39

-----------------------------------------------
CPU time used                    :  00:00:47.65

Generator state:
 Dual-output Tempest v7\n



***********************************************************
HOST = LAPTOP-JUCO3OMC, CYGWIN_NT-10.0-26200

Dual-Tempest


sstring_AutoCor test:
-----------------------------------------------
   N = 10,  n = 1000000029,  r =  0,   s = 3,   d = 3


-----------------------------------------------

Kolmogorov-Smirnov+ statistic = D+    :   0.052
p-value of test                       :    0.92

Kolmogorov-Smirnov- statistic = D-    :    0.22
p-value of test                       :    0.34

Anderson-Darling statistic = A2       :    0.58
p-value of test                       :    0.66

Tests on the sum of all N observations
Standardized normal statistic         :    0.88
p-value of test                       :    0.19

Sample variance                       :    0.87
p-value of test                       :    0.55

-----------------------------------------------
CPU time used                    :  00:00:39.14

Generator state:
 Dual-output Tempest v7\n



***********************************************************
HOST = LAPTOP-JUCO3OMC, CYGWIN_NT-10.0-26200

Dual-Tempest


sstring_AutoCor test:
-----------------------------------------------
   N = 10,  n = 1000000030,  r = 27,   s = 3,   d = 1


-----------------------------------------------

Kolmogorov-Smirnov+ statistic = D+    :    0.27
p-value of test                       :    0.20

Kolmogorov-Smirnov- statistic = D-    :    0.11
p-value of test                       :    0.74

Anderson-Darling statistic = A2       :    0.91
p-value of test                       :    0.40

Tests on the sum of all N observations
Standardized normal statistic         :   -0.70
p-value of test                       :    0.76

Sample variance                       :    1.38
p-value of test                       :    0.19

-----------------------------------------------
CPU time used                    :  00:00:47.95

Generator state:
 Dual-output Tempest v7\n



***********************************************************
HOST = LAPTOP-JUCO3OMC, CYGWIN_NT-10.0-26200

Dual-Tempest


sstring_AutoCor test:
-----------------------------------------------
   N = 10,  n = 1000000029,  r = 27,   s = 3,   d = 3


-----------------------------------------------

Kolmogorov-Smirnov+ statistic = D+    :    0.19
p-value of test                       :    0.42

Kolmogorov-Smirnov- statistic = D-    :    0.10
p-value of test                       :    0.76

Anderson-Darling statistic = A2       :    0.93
p-value of test                       :    0.40

Tests on the sum of all N observations
Standardized normal statistic         :   -0.83
p-value of test                       :    0.80

Sample variance                       :    1.96
p-value of test                       :    0.04

-----------------------------------------------
CPU time used                    :  00:00:39.14

Generator state:
 Dual-output Tempest v7\n




========= Summary results of BigCrush =========

 Version:          TestU01 1.2.3
 Generator:        Dual-Tempest
 Number of statistics:  160
 Total CPU time:   01:43:46.54

 All tests were passed



