xxxxxxxxxxxxxxxxxxxxxxxxxxxxxxxxxxxxxxxxxxxxxxxxxxxxxxxxxxx
                 Starting Crush
                 Version: TestU01 1.2.3
xxxxxxxxxxxxxxxxxxxxxxxxxxxxxxxxxxxxxxxxxxxxxxxxxxxxxxxxxxx


***********************************************************
Test smarsa_SerialOver calling smultin_MultinomialOver

***********************************************************
HOST = LAPTOP-JUCO3OMC, CYGWIN_NT-10.0-26200

Dual-Tempest


smultin_MultinomialOver test:
-----------------------------------------------
   N =  1,  n = 500000000,  r =  0,   d = 4096,   t =  2,
       Sparse =  FALSE

       GenerCell = smultin_GenerCellSerial
       Number of cells = d^t =           16777216
       Expected number per cell =   29.802322
       Hashing =  FALSE

   For Delta > -1, we use the ChiSquare approximation
   Correction factor of the ChiSquare: 
       Delta =     1,    Mu =     0.01677312,    Sigma =          1

-----------------------------------------------
Test Results for Delta =   1.0000

Number of degrees of freedom          : 16773120
Value of the statistic                : 1.68e+7
p-value of test                       :    0.72


-----------------------------------------------
CPU time used                    :  00:00:17.59

Generator state:
 Dual-output Tempest v7\n



***********************************************************
Test smarsa_SerialOver calling smultin_MultinomialOver

***********************************************************
HOST = LAPTOP-JUCO3OMC, CYGWIN_NT-10.0-26200

Dual-Tempest


smultin_MultinomialOver test:
-----------------------------------------------
   N =  1,  n = 300000000,  r =  0,   d =   64,   t =  4,
       Sparse =  FALSE

       GenerCell = smultin_GenerCellSerial
       Number of cells = d^t =           16777216
       Expected number per cell =   17.881393
       Hashing =  FALSE

   For Delta > -1, we use the ChiSquare approximation
   Correction factor of the ChiSquare: 
       Delta =     1,    Mu =    0.027525119,    Sigma =          1

-----------------------------------------------
Test Results for Delta =   1.0000

Number of degrees of freedom          : 16515072
Value of the statistic                : 1.65e+7
p-value of test                       :    0.33


-----------------------------------------------
CPU time used                    :  00:00:10.73

Generator state:
 Dual-output Tempest v7\n



***********************************************************
Test smarsa_CollisionOver calling smultin_MultinomialOver

***********************************************************
HOST = LAPTOP-JUCO3OMC, CYGWIN_NT-10.0-26200

Dual-Tempest


smultin_MultinomialOver test:
-----------------------------------------------
   N = 10,  n = 10000000,  r =  0,   d = 1048576,   t =  2,
       Sparse =   TRUE

       GenerCell = smultin_GenerCellSerial
       Number of cells = d^t =      1099511627776
       Expected number per cell =  1 /  109951.16
       EColl = n^2 / (2k) =  45.47473509
       Hashing =   TRUE

       Collision test

       CollisionOver:   density = n / k =  1 /  109951.16
       Expected number of collisions = Mu =      45.47


-----------------------------------------------
Results of CollisionOver test:

POISSON approximation                 :
Expected number of collisions = N*Mu  :      454.75
Observed number of collisions         :      460
p-value of test                       :    0.41

-----------------------------
Total number of cells containing j balls

  j =  0                              :   10995016278220
  j =  1                              :         99999080
  j =  2                              :              460
  j =  3                              :                0
  j =  4                              :                0
  j =  5                              :                0

-----------------------------------------------
CPU time used                    :  00:00:13.64

Generator state:
 Dual-output Tempest v7\n



***********************************************************
Test smarsa_CollisionOver calling smultin_MultinomialOver

***********************************************************
HOST = LAPTOP-JUCO3OMC, CYGWIN_NT-10.0-26200

Dual-Tempest


smultin_MultinomialOver test:
-----------------------------------------------
   N = 10,  n = 10000000,  r = 10,   d = 1048576,   t =  2,
       Sparse =   TRUE

       GenerCell = smultin_GenerCellSerial
       Number of cells = d^t =      1099511627776
       Expected number per cell =  1 /  109951.16
       EColl = n^2 / (2k) =  45.47473509
       Hashing =   TRUE

       Collision test

       CollisionOver:   density = n / k =  1 /  109951.16
       Expected number of collisions = Mu =      45.47


-----------------------------------------------
Results of CollisionOver test:

POISSON approximation                 :
Expected number of collisions = N*Mu  :      454.75
Observed number of collisions         :      451
p-value of test                       :    0.56

-----------------------------
Total number of cells containing j balls

  j =  0                              :   10995016278211
  j =  1                              :         99999098
  j =  2                              :              451
  j =  3                              :                0
  j =  4                              :                0
  j =  5                              :                0

-----------------------------------------------
CPU time used                    :  00:00:14.48

Generator state:
 Dual-output Tempest v7\n



***********************************************************
Test smarsa_CollisionOver calling smultin_MultinomialOver

***********************************************************
HOST = LAPTOP-JUCO3OMC, CYGWIN_NT-10.0-26200

Dual-Tempest


smultin_MultinomialOver test:
-----------------------------------------------
   N = 10,  n = 10000000,  r =  0,   d = 1024,   t =  4,
       Sparse =   TRUE

       GenerCell = smultin_GenerCellSerial
       Number of cells = d^t =      1099511627776
       Expected number per cell =  1 /  109951.16
       EColl = n^2 / (2k) =  45.47473509
       Hashing =   TRUE

       Collision test

       CollisionOver:   density = n / k =  1 /  109951.16
       Expected number of collisions = Mu =      45.47


-----------------------------------------------
Results of CollisionOver test:

POISSON approximation                 :
Expected number of collisions = N*Mu  :      454.75
Observed number of collisions         :      435
p-value of test                       :    0.82

-----------------------------
Total number of cells containing j balls

  j =  0                              :   10995016278195
  j =  1                              :         99999130
  j =  2                              :              435
  j =  3                              :                0
  j =  4                              :                0
  j =  5                              :                0

-----------------------------------------------
CPU time used                    :  00:00:18.59

Generator state:
 Dual-output Tempest v7\n



***********************************************************
Test smarsa_CollisionOver calling smultin_MultinomialOver

***********************************************************
HOST = LAPTOP-JUCO3OMC, CYGWIN_NT-10.0-26200

Dual-Tempest


smultin_MultinomialOver test:
-----------------------------------------------
   N = 10,  n = 10000000,  r = 20,   d = 1024,   t =  4,
       Sparse =   TRUE

       GenerCell = smultin_GenerCellSerial
       Number of cells = d^t =      1099511627776
       Expected number per cell =  1 /  109951.16
       EColl = n^2 / (2k) =  45.47473509
       Hashing =   TRUE

       Collision test

       CollisionOver:   density = n / k =  1 /  109951.16
       Expected number of collisions = Mu =      45.47


-----------------------------------------------
Results of CollisionOver test:

POISSON approximation                 :
Expected number of collisions = N*Mu  :      454.75
Observed number of collisions         :      444
p-value of test                       :    0.68

-----------------------------
Total number of cells containing j balls

  j =  0                              :   10995016278204
  j =  1                              :         99999112
  j =  2                              :              444
  j =  3                              :                0
  j =  4                              :                0
  j =  5                              :                0

-----------------------------------------------
CPU time used                    :  00:00:19.57

Generator state:
 Dual-output Tempest v7\n



***********************************************************
Test smarsa_CollisionOver calling smultin_MultinomialOver

***********************************************************
HOST = LAPTOP-JUCO3OMC, CYGWIN_NT-10.0-26200

Dual-Tempest


smultin_MultinomialOver test:
-----------------------------------------------
   N = 10,  n = 10000000,  r =  0,   d =   32,   t =  8,
       Sparse =   TRUE

       GenerCell = smultin_GenerCellSerial
       Number of cells = d^t =      1099511627776
       Expected number per cell =  1 /  109951.16
       EColl = n^2 / (2k) =  45.47473509
       Hashing =   TRUE

       Collision test

       CollisionOver:   density = n / k =  1 /  109951.16
       Expected number of collisions = Mu =      45.47


-----------------------------------------------
Results of CollisionOver test:

POISSON approximation                 :
Expected number of collisions = N*Mu  :      454.75
Observed number of collisions         :      459
p-value of test                       :    0.43

-----------------------------
Total number of cells containing j balls

  j =  0                              :   10995016278219
  j =  1                              :         99999082
  j =  2                              :              459
  j =  3                              :                0
  j =  4                              :                0
  j =  5                              :                0

-----------------------------------------------
CPU time used                    :  00:00:18.82

Generator state:
 Dual-output Tempest v7\n



***********************************************************
Test smarsa_CollisionOver calling smultin_MultinomialOver

***********************************************************
HOST = LAPTOP-JUCO3OMC, CYGWIN_NT-10.0-26200

Dual-Tempest


smultin_MultinomialOver test:
-----------------------------------------------
   N = 10,  n = 10000000,  r = 25,   d =   32,   t =  8,
       Sparse =   TRUE

       GenerCell = smultin_GenerCellSerial
       Number of cells = d^t =      1099511627776
       Expected number per cell =  1 /  109951.16
       EColl = n^2 / (2k) =  45.47473509
       Hashing =   TRUE

       Collision test

       CollisionOver:   density = n / k =  1 /  109951.16
       Expected number of collisions = Mu =      45.47


-----------------------------------------------
Results of CollisionOver test:

POISSON approximation                 :
Expected number of collisions = N*Mu  :      454.75
Observed number of collisions         :      448
p-value of test                       :    0.61

-----------------------------
Total number of cells containing j balls

  j =  0                              :   10995016278208
  j =  1                              :         99999104
  j =  2                              :              448
  j =  3                              :                0
  j =  4                              :                0
  j =  5                              :                0

-----------------------------------------------
CPU time used                    :  00:00:19.45

Generator state:
 Dual-output Tempest v7\n



***********************************************************
Test smarsa_CollisionOver calling smultin_MultinomialOver

***********************************************************
HOST = LAPTOP-JUCO3OMC, CYGWIN_NT-10.0-26200

Dual-Tempest


smultin_MultinomialOver test:
-----------------------------------------------
   N = 10,  n = 10000000,  r =  0,   d =    4,   t = 20,
       Sparse =   TRUE

       GenerCell = smultin_GenerCellSerial
       Number of cells = d^t =      1099511627776
       Expected number per cell =  1 /  109951.16
       EColl = n^2 / (2k) =  45.47473509
       Hashing =   TRUE

       Collision test

       CollisionOver:   density = n / k =  1 /  109951.16
       Expected number of collisions = Mu =      45.47


-----------------------------------------------
Results of CollisionOver test:

POISSON approximation                 :
Expected number of collisions = N*Mu  :      454.74
Observed number of collisions         :      445
p-value of test                       :    0.67

-----------------------------
Total number of cells containing j balls

  j =  0                              :   10995016278205
  j =  1                              :         99999110
  j =  2                              :              445
  j =  3                              :                0
  j =  4                              :                0
  j =  5                              :                0

-----------------------------------------------
CPU time used                    :  00:00:18.65

Generator state:
 Dual-output Tempest v7\n



***********************************************************
Test smarsa_CollisionOver calling smultin_MultinomialOver

***********************************************************
HOST = LAPTOP-JUCO3OMC, CYGWIN_NT-10.0-26200

Dual-Tempest


smultin_MultinomialOver test:
-----------------------------------------------
   N = 10,  n = 10000000,  r = 28,   d =    4,   t = 20,
       Sparse =   TRUE

       GenerCell = smultin_GenerCellSerial
       Number of cells = d^t =      1099511627776
       Expected number per cell =  1 /  109951.16
       EColl = n^2 / (2k) =  45.47473509
       Hashing =   TRUE

       Collision test

       CollisionOver:   density = n / k =  1 /  109951.16
       Expected number of collisions = Mu =      45.47


-----------------------------------------------
Results of CollisionOver test:

POISSON approximation                 :
Expected number of collisions = N*Mu  :      454.74
Observed number of collisions         :      461
p-value of test                       :    0.39

-----------------------------
Total number of cells containing j balls

  j =  0                              :   10995016278221
  j =  1                              :         99999078
  j =  2                              :              461
  j =  3                              :                0
  j =  4                              :                0
  j =  5                              :                0

-----------------------------------------------
CPU time used                    :  00:00:19.32

Generator state:
 Dual-output Tempest v7\n



***********************************************************
HOST = LAPTOP-JUCO3OMC, CYGWIN_NT-10.0-26200

Dual-Tempest


smarsa_BirthdaySpacings test:
-----------------------------------------------
   N =  5,  n = 20000000,  r =  0,    d = 2147483648,    t = 2,    p = 1


      Number of cells = d^t = 4611686018427387904
      Lambda = Poisson mean =     433.6809


----------------------------------------------------
Total expected number = N*Lambda      :    2168.40
Total observed number                 :    2120
p-value of test                       :    0.85


-----------------------------------------------
CPU time used                    :  00:00:13.39

Generator state:
 Dual-output Tempest v7\n



***********************************************************
HOST = LAPTOP-JUCO3OMC, CYGWIN_NT-10.0-26200

Dual-Tempest


smarsa_BirthdaySpacings test:
-----------------------------------------------
   N =  5,  n = 20000000,  r =  0,    d = 2097152,    t = 3,    p = 1


      Number of cells = d^t = 9223372036854775808
      Lambda = Poisson mean =     216.8404


----------------------------------------------------
Total expected number = N*Lambda      :    1084.20
Total observed number                 :    1054
p-value of test                       :    0.82


-----------------------------------------------
CPU time used                    :  00:00:14.03

Generator state:
 Dual-output Tempest v7\n



***********************************************************
HOST = LAPTOP-JUCO3OMC, CYGWIN_NT-10.0-26200

Dual-Tempest


smarsa_BirthdaySpacings test:
-----------------------------------------------
   N =  5,  n = 20000000,  r =  0,    d = 65536,    t = 4,    p = 1


      Number of cells = d^t = 18446744073709551616
      Lambda = Poisson mean =     108.4202


----------------------------------------------------
Total expected number = N*Lambda      :     542.10
Total observed number                 :     555
p-value of test                       :    0.30


-----------------------------------------------
CPU time used                    :  00:00:14.48

Generator state:
 Dual-output Tempest v7\n



***********************************************************
HOST = LAPTOP-JUCO3OMC, CYGWIN_NT-10.0-26200

Dual-Tempest


smarsa_BirthdaySpacings test:
-----------------------------------------------
   N =  3,  n = 20000000,  r =  0,    d = 512,    t = 7,    p = 1


      Number of cells = d^t = 9223372036854775808
      Lambda = Poisson mean =     216.8404


----------------------------------------------------
Total expected number = N*Lambda      :     650.52
Total observed number                 :     638
p-value of test                       :    0.68


-----------------------------------------------
CPU time used                    :  00:00:09.62

Generator state:
 Dual-output Tempest v7\n



***********************************************************
HOST = LAPTOP-JUCO3OMC, CYGWIN_NT-10.0-26200

Dual-Tempest


smarsa_BirthdaySpacings test:
-----------------------------------------------
   N =  3,  n = 20000000,  r =  7,    d = 512,    t = 7,    p = 1


      Number of cells = d^t = 9223372036854775808
      Lambda = Poisson mean =     216.8404


----------------------------------------------------
Total expected number = N*Lambda      :     650.52
Total observed number                 :     646
p-value of test                       :    0.56


-----------------------------------------------
CPU time used                    :  00:00:09.82

Generator state:
 Dual-output Tempest v7\n



***********************************************************
HOST = LAPTOP-JUCO3OMC, CYGWIN_NT-10.0-26200

Dual-Tempest


smarsa_BirthdaySpacings test:
-----------------------------------------------
   N =  3,  n = 20000000,  r = 14,    d = 256,    t = 8,    p = 1


      Number of cells = d^t = 18446744073709551616
      Lambda = Poisson mean =     108.4202


----------------------------------------------------
Total expected number = N*Lambda      :     325.26
Total observed number                 :     299
p-value of test                       :    0.92


-----------------------------------------------
CPU time used                    :  00:00:10.14

Generator state:
 Dual-output Tempest v7\n



***********************************************************
HOST = LAPTOP-JUCO3OMC, CYGWIN_NT-10.0-26200

Dual-Tempest


smarsa_BirthdaySpacings test:
-----------------------------------------------
   N =  3,  n = 20000000,  r = 22,    d = 256,    t = 8,    p = 1


      Number of cells = d^t = 18446744073709551616
      Lambda = Poisson mean =     108.4202


----------------------------------------------------
Total expected number = N*Lambda      :     325.26
Total observed number                 :     348
p-value of test                       :    0.11


-----------------------------------------------
CPU time used                    :  00:00:10.07

Generator state:
 Dual-output Tempest v7\n



***********************************************************
HOST = LAPTOP-JUCO3OMC, CYGWIN_NT-10.0-26200

Dual-Tempest


snpair_ClosePairs test:
-----------------------------------------------
   N = 10,  n = 2000000,  r =  0,  t = 2,  p = 0,  m = 30,  Torus =  TRUE


---------------------------------------
Test based on the 2 nearest points (NP):

Stat. AD on the N values (NP)         :    2.99
p-value of test                       :    0.03


A2 test based on the spacings between the
   successive jump times of process Y_n(t):

A2 test on the values of A2 (m-NP)    :    0.95
p-value of test                       :    0.38

Test on the Nm values of W_{n,i}(mNP1):    0.83
p-value of test                       :    0.46

Test on the jump times of Y
   (superposition of Yn):

Expected number of jumps of Y = mN    :     300
Number of jumps of Y                  :     293
p-value of test                       :    0.64

Stat. AD (mNP2)                       :    0.73
p-value of test                       :    0.53

-----------------------------------------------
CPU time used                    :  00:00:04.26

Generator state:
 Dual-output Tempest v7\n



***********************************************************
HOST = LAPTOP-JUCO3OMC, CYGWIN_NT-10.0-26200

Dual-Tempest


snpair_ClosePairs test:
-----------------------------------------------
   N = 10,  n = 2000000,  r =  0,  t = 3,  p = 0,  m = 30,  Torus =  TRUE


---------------------------------------
Test based on the 2 nearest points (NP):

Stat. AD on the N values (NP)         :    0.67
p-value of test                       :    0.58


A2 test based on the spacings between the
   successive jump times of process Y_n(t):

A2 test on the values of A2 (m-NP)    :    1.69
p-value of test                       :    0.14

Test on the Nm values of W_{n,i}(mNP1):    1.23
p-value of test                       :    0.26

Test on the jump times of Y
   (superposition of Yn):

Expected number of jumps of Y = mN    :     300
Number of jumps of Y                  :     298
p-value of test                       :    0.53

Stat. AD (mNP2)                       :    0.30
p-value of test                       :    0.94

Stat. AD after spacings (mNP2-S)      :    0.53
p-value of test                       :    0.72

-----------------------------------------------
CPU time used                    :  00:00:05.98

Generator state:
 Dual-output Tempest v7\n



***********************************************************
HOST = LAPTOP-JUCO3OMC, CYGWIN_NT-10.0-26200

Dual-Tempest


snpair_ClosePairs test:
-----------------------------------------------
   N =  5,  n = 2000000,  r =  0,  t = 7,  p = 0,  m = 30,  Torus =  TRUE


---------------------------------------
Test based on the 2 nearest points (NP):

Stat. AD on the N values (NP)         :    0.40
p-value of test                       :    0.84


A2 test based on the spacings between the
   successive jump times of process Y_n(t):

A2 test on the values of A2 (m-NP)    :    0.95
p-value of test                       :    0.38

Test on the Nm values of W_{n,i}(mNP1):    1.60
p-value of test                       :    0.15

Test on the jump times of Y
   (superposition of Yn):

Expected number of jumps of Y = mN    :     150
Number of jumps of Y                  :     139
p-value of test                       :    0.80

Stat. AD (mNP2)                       :    0.53
p-value of test                       :    0.72

Stat. AD after spacings (mNP2-S)      :    0.50
p-value of test                       :    0.74

-----------------------------------------------
CPU time used                    :  00:00:10.92

Generator state:
 Dual-output Tempest v7\n



***********************************************************
HOST = LAPTOP-JUCO3OMC, CYGWIN_NT-10.0-26200

Dual-Tempest


snpair_ClosePairsBitMatch test:
-----------------------------------------------
   N =  4,  n = 4000000,  r =  0,  t = 2


-----------------------------------------------
Max of all bit distances              :   22.00
p-value of test                       :    0.37

-----------------------------------------------
CPU time used                    :  00:00:03.98

Generator state:
 Dual-output Tempest v7\n



***********************************************************
HOST = LAPTOP-JUCO3OMC, CYGWIN_NT-10.0-26200

Dual-Tempest


snpair_ClosePairsBitMatch test:
-----------------------------------------------
   N =  2,  n = 4000000,  r =  0,  t = 4


-----------------------------------------------
Max of all bit distances              :   11.00
p-value of test                       :    0.06

-----------------------------------------------
CPU time used                    :  00:00:03.71

Generator state:
 Dual-output Tempest v7\n



***********************************************************
HOST = LAPTOP-JUCO3OMC, CYGWIN_NT-10.0-26200

Dual-Tempest


sknuth_SimpPoker test:
-----------------------------------------------
   N =  1,  n = 40000000,  r =  0,   d =   16,   k =   16


-----------------------------------------------
Number of degrees of freedom          :   12
Chi-square statistic                  :   10.22
p-value of test                       :    0.60

-----------------------------------------------
CPU time used                    :  00:00:06.39

Generator state:
 Dual-output Tempest v7\n



***********************************************************
HOST = LAPTOP-JUCO3OMC, CYGWIN_NT-10.0-26200

Dual-Tempest


sknuth_SimpPoker test:
-----------------------------------------------
   N =  1,  n = 40000000,  r = 26,   d =   16,   k =   16


-----------------------------------------------
Number of degrees of freedom          :   12
Chi-square statistic                  :    4.56
p-value of test                       :    0.97

-----------------------------------------------
CPU time used                    :  00:00:07.67

Generator state:
 Dual-output Tempest v7\n



***********************************************************
HOST = LAPTOP-JUCO3OMC, CYGWIN_NT-10.0-26200

Dual-Tempest


sknuth_SimpPoker test:
-----------------------------------------------
   N =  1,  n = 10000000,  r =  0,   d =   64,   k =   64


-----------------------------------------------
Number of degrees of freedom          :   23
Chi-square statistic                  :   24.81
p-value of test                       :    0.36

-----------------------------------------------
CPU time used                    :  00:00:06.50

Generator state:
 Dual-output Tempest v7\n



***********************************************************
HOST = LAPTOP-JUCO3OMC, CYGWIN_NT-10.0-26200

Dual-Tempest


sknuth_SimpPoker test:
-----------------------------------------------
   N =  1,  n = 10000000,  r = 24,   d =   64,   k =   64


-----------------------------------------------
Number of degrees of freedom          :   23
Chi-square statistic                  :   21.62
p-value of test                       :    0.54

-----------------------------------------------
CPU time used                    :  00:00:07.89

Generator state:
 Dual-output Tempest v7\n



***********************************************************
HOST = LAPTOP-JUCO3OMC, CYGWIN_NT-10.0-26200

Dual-Tempest


sknuth_CouponCollector test:
-----------------------------------------------
   N =  1,  n = 40000000,  r =  0,   d =    4


-----------------------------------------------
Number of degrees of freedom          :   51
Chi-square statistic                  :   52.62
p-value of test                       :    0.41

-----------------------------------------------
CPU time used                    :  00:00:03.23

Generator state:
 Dual-output Tempest v7\n



***********************************************************
HOST = LAPTOP-JUCO3OMC, CYGWIN_NT-10.0-26200

Dual-Tempest


sknuth_CouponCollector test:
-----------------------------------------------
   N =  1,  n = 40000000,  r = 28,   d =    4


-----------------------------------------------
Number of degrees of freedom          :   51
Chi-square statistic                  :   47.97
p-value of test                       :    0.59

-----------------------------------------------
CPU time used                    :  00:00:03.76

Generator state:
 Dual-output Tempest v7\n



***********************************************************
HOST = LAPTOP-JUCO3OMC, CYGWIN_NT-10.0-26200

Dual-Tempest


sknuth_CouponCollector test:
-----------------------------------------------
   N =  1,  n = 10000000,  r =  0,   d =   16


-----------------------------------------------
Number of degrees of freedom          :   46
Chi-square statistic                  :   42.15
p-value of test                       :    0.63

-----------------------------------------------
CPU time used                    :  00:00:04.23

Generator state:
 Dual-output Tempest v7\n



***********************************************************
HOST = LAPTOP-JUCO3OMC, CYGWIN_NT-10.0-26200

Dual-Tempest


sknuth_CouponCollector test:
-----------------------------------------------
   N =  1,  n = 10000000,  r = 26,   d =   16


-----------------------------------------------
Number of degrees of freedom          :   46
Chi-square statistic                  :   66.32
p-value of test                       :    0.03

-----------------------------------------------
CPU time used                    :  00:00:04.92

Generator state:
 Dual-output Tempest v7\n



***********************************************************
HOST = LAPTOP-JUCO3OMC, CYGWIN_NT-10.0-26200

Dual-Tempest


sknuth_Gap test:
-----------------------------------------------
   N =  1,  n = 100000000,  r =  0,   Alpha =        0,   Beta  =    0.125


-----------------------------------------------
Number of degrees of freedom          :  106
Chi-square statistic                  :  101.57
p-value of test                       :    0.60

-----------------------------------------------
CPU time used                    :  00:00:05.14

Generator state:
 Dual-output Tempest v7\n



***********************************************************
HOST = LAPTOP-JUCO3OMC, CYGWIN_NT-10.0-26200

Dual-Tempest


sknuth_Gap test:
-----------------------------------------------
   N =  1,  n = 100000000,  r = 27,   Alpha =        0,   Beta  =    0.125


-----------------------------------------------
Number of degrees of freedom          :  106
Chi-square statistic                  :   79.54
p-value of test                       :    0.97

-----------------------------------------------
CPU time used                    :  00:00:05.84

Generator state:
 Dual-output Tempest v7\n



***********************************************************
HOST = LAPTOP-JUCO3OMC, CYGWIN_NT-10.0-26200

Dual-Tempest


sknuth_Gap test:
-----------------------------------------------
   N =  1,  n = 5000000,  r =  0,   Alpha =        0,   Beta  = 0.00390625


-----------------------------------------------
Number of degrees of freedom          : 1936
Chi-square statistic                  : 1960.83
p-value of test                       :    0.34

-----------------------------------------------
CPU time used                    :  00:00:06.59

Generator state:
 Dual-output Tempest v7\n



***********************************************************
HOST = LAPTOP-JUCO3OMC, CYGWIN_NT-10.0-26200

Dual-Tempest


sknuth_Gap test:
-----------------------------------------------
   N =  1,  n = 5000000,  r = 22,   Alpha =        0,   Beta  = 0.00390625


-----------------------------------------------
Number of degrees of freedom          : 1936
Chi-square statistic                  : 1888.64
p-value of test                       :    0.78

-----------------------------------------------
CPU time used                    :  00:00:06.75

Generator state:
 Dual-output Tempest v7\n



***********************************************************
HOST = LAPTOP-JUCO3OMC, CYGWIN_NT-10.0-26200

Dual-Tempest


sknuth_Run test:
-----------------------------------------------
   N =  1,  n = 500000000,  r =  0,   Up =  TRUE


-----------------------------------------------
Number of degrees of freedom          :    6
Chi-square statistic                  :    4.80
p-value of test                       :    0.57

-----------------------------------------------
CPU time used                    :  00:00:04.42

Generator state:
 Dual-output Tempest v7\n



***********************************************************
HOST = LAPTOP-JUCO3OMC, CYGWIN_NT-10.0-26200

Dual-Tempest


sknuth_Run test:
-----------------------------------------------
   N =  1,  n = 500000000,  r = 15,   Up = FALSE


-----------------------------------------------
Number of degrees of freedom          :    6
Chi-square statistic                  :    7.11
p-value of test                       :    0.31

-----------------------------------------------
CPU time used                    :  00:00:05.53

Generator state:
 Dual-output Tempest v7\n



***********************************************************
Test sknuth_Permutation calling smultin_Multinomial

***********************************************************
HOST = LAPTOP-JUCO3OMC, CYGWIN_NT-10.0-26200

Dual-Tempest


smultin_Multinomial test:
-----------------------------------------------
   N =  1,  n = 50000000,  r =  0,   t = 10,
       Sparse =  FALSE

       GenerCell = smultin_GenerCellPermut
       Number of cells = t! =            3628800
       Expected number per cell =    13.77866
       Hashing =  FALSE

   For Delta > -1, we use the ChiSquare approximation
   Correction factor of the ChiSquare: 
       Delta =     1,    Mu =     0.03628799,    Sigma =          1

-----------------------------------------------
Test Results for Delta =   1.0000

Number of degrees of freedom          : 3628799
Value of the statistic                : 3.63e+6
p-value of test                       :    0.18


-----------------------------------------------
CPU time used                    :  00:00:09.67

Generator state:
 Dual-output Tempest v7\n



***********************************************************
Test sknuth_Permutation calling smultin_Multinomial

***********************************************************
HOST = LAPTOP-JUCO3OMC, CYGWIN_NT-10.0-26200

Dual-Tempest


smultin_Multinomial test:
-----------------------------------------------
   N =  1,  n = 50000000,  r = 15,   t = 10,
       Sparse =  FALSE

       GenerCell = smultin_GenerCellPermut
       Number of cells = t! =            3628800
       Expected number per cell =    13.77866
       Hashing =  FALSE

   For Delta > -1, we use the ChiSquare approximation
   Correction factor of the ChiSquare: 
       Delta =     1,    Mu =     0.03628799,    Sigma =          1

-----------------------------------------------
Test Results for Delta =   1.0000

Number of degrees of freedom          : 3628799
Value of the statistic                : 3.63e+6
p-value of test                       :    0.22


-----------------------------------------------
CPU time used                    :  00:00:09.53

Generator state:
 Dual-output Tempest v7\n



***********************************************************
Test sknuth_CollisionPermut calling smultin_Multinomial

***********************************************************
HOST = LAPTOP-JUCO3OMC, CYGWIN_NT-10.0-26200

Dual-Tempest


smultin_Multinomial test:
-----------------------------------------------
   N =  5,  n = 10000000,  r =  0,   t = 13,
       Sparse =   TRUE

       GenerCell = smultin_GenerCellPermut
       Number of cells = t! =         6227020800
       Expected number per cell =  1 /  622.70208
       EColl = n^2 / (2k) =  8029.521918
       Hashing =   TRUE

       Collision test,    Mu =      8025.2245,    Sigma =    89.5098

-----------------------------------------------
Test Results for Collisions

For the total number of collisions, we use
      the Poisson approximation:
Expected number of collisions = N*Mu  :    40126.12
Observed number of collisions         :    40237
p-value of test                       :    0.29


-----------------------------
Total number of cells containing j balls

  j =  0                              :      31085144237
  j =  1                              :         49919542
  j =  2                              :            40205
  j =  3                              :               16
  j =  4                              :                0
  j =  5                              :                0

-----------------------------------------------
CPU time used                    :  00:00:19.59

Generator state:
 Dual-output Tempest v7\n



***********************************************************
Test sknuth_CollisionPermut calling smultin_Multinomial

***********************************************************
HOST = LAPTOP-JUCO3OMC, CYGWIN_NT-10.0-26200

Dual-Tempest


smultin_Multinomial test:
-----------------------------------------------
   N =  5,  n = 10000000,  r = 15,   t = 13,
       Sparse =   TRUE

       GenerCell = smultin_GenerCellPermut
       Number of cells = t! =         6227020800
       Expected number per cell =  1 /  622.70208
       EColl = n^2 / (2k) =  8029.521918
       Hashing =   TRUE

       Collision test,    Mu =      8025.2245,    Sigma =    89.5098

-----------------------------------------------
Test Results for Collisions

For the total number of collisions, we use
      the Poisson approximation:
Expected number of collisions = N*Mu  :    40126.12
Observed number of collisions         :    39961
p-value of test                       :    0.79


-----------------------------
Total number of cells containing j balls

  j =  0                              :      31085143961
  j =  1                              :         49920096
  j =  2                              :            39925
  j =  3                              :               18
  j =  4                              :                0
  j =  5                              :                0

-----------------------------------------------
CPU time used                    :  00:00:19.76

Generator state:
 Dual-output Tempest v7\n



***********************************************************
HOST = LAPTOP-JUCO3OMC, CYGWIN_NT-10.0-26200

Dual-Tempest


sknuth_MaxOft test:
-----------------------------------------------
   N = 10,  n = 10000000,  r =  0,   d = 100000,   t =  5

      Number of categories = 100000
      Expected number per category  = 100.00


-----------------------------------------------
Test results for chi2 with 99999 degrees of freedom:

Kolmogorov-Smirnov+ statistic = D+    :    0.14
p-value of test                       :    0.63

Kolmogorov-Smirnov- statistic = D-    :    0.22
p-value of test                       :    0.34

Anderson-Darling statistic = A2       :    0.55
p-value of test                       :    0.70

Test on the sum of all N observations
Number of degrees of freedom          : 999990
Chi-square statistic                  : 1.00e+6
p-value of test                       :    0.31


-----------------------------------------------
Test results for Anderson-Darling:

Kolmogorov-Smirnov+ statistic = D+    :    0.29
p-value of test                       :    0.16

Kolmogorov-Smirnov- statistic = D-    :    0.16
p-value of test                       :    0.54

Anderson-Darling statistic = A2       :    1.04
p-value of test                       :    0.33


-----------------------------------------------
CPU time used                    :  00:00:17.60

Generator state:
 Dual-output Tempest v7\n



***********************************************************
HOST = LAPTOP-JUCO3OMC, CYGWIN_NT-10.0-26200

Dual-Tempest


sknuth_MaxOft test:
-----------------------------------------------
   N =  5,  n = 10000000,  r =  0,   d = 100000,   t = 10

      Number of categories = 100000
      Expected number per category  = 100.00


-----------------------------------------------
Test results for chi2 with 99999 degrees of freedom:

Kolmogorov-Smirnov+ statistic = D+    :    0.37
p-value of test                       :    0.20

Kolmogorov-Smirnov- statistic = D-    :    0.17
p-value of test                       :    0.68

Anderson-Darling statistic = A2       :    0.90
p-value of test                       :    0.41

Test on the sum of all N observations
Number of degrees of freedom          : 499995
Chi-square statistic                  : 4.99e+5
p-value of test                       :    0.79


-----------------------------------------------
Test results for Anderson-Darling:

Kolmogorov-Smirnov+ statistic = D+    :    0.29
p-value of test                       :    0.37

Kolmogorov-Smirnov- statistic = D-    :    0.32
p-value of test                       :    0.30

Anderson-Darling statistic = A2       :    1.28
p-value of test                       :    0.24


-----------------------------------------------
CPU time used                    :  00:00:11.31

Generator state:
 Dual-output Tempest v7\n



***********************************************************
HOST = LAPTOP-JUCO3OMC, CYGWIN_NT-10.0-26200

Dual-Tempest


sknuth_MaxOft test:
-----------------------------------------------
   N =  1,  n = 10000000,  r =  0,   d = 100000,   t = 20

      Number of categories = 100000
      Expected number per category  = 100.00


-----------------------------------------------
Number of degrees of freedom          : 99999
Chi-square statistic                  : 1.00e+5
p-value of test                       :    0.45


-----------------------------------------------
Anderson-Darling statistic            :   0.029
p-value of test                       :    0.97


-----------------------------------------------
CPU time used                    :  00:00:03.04

Generator state:
 Dual-output Tempest v7\n



***********************************************************
HOST = LAPTOP-JUCO3OMC, CYGWIN_NT-10.0-26200

Dual-Tempest


sknuth_MaxOft test:
-----------------------------------------------
   N =  1,  n = 10000000,  r =  0,   d = 100000,   t = 30

      Number of categories = 100000
      Expected number per category  = 100.00


-----------------------------------------------
Number of degrees of freedom          : 99999
Chi-square statistic                  :99487.28
p-value of test                       :    0.87


-----------------------------------------------
Anderson-Darling statistic            :    0.12
p-value of test                       :    0.88


-----------------------------------------------
CPU time used                    :  00:00:03.95

Generator state:
 Dual-output Tempest v7\n



***********************************************************
HOST = LAPTOP-JUCO3OMC, CYGWIN_NT-10.0-26200

Dual-Tempest


svaria_SampleProd test:
-----------------------------------------------
   N =  1,  n = 10000000,  r =  0,   t = 10


-----------------------------------------------
Anderson-Darling statistic            :    0.78
p-value of test                       :    0.22

-----------------------------------------------
CPU time used                    :  00:00:02.03

Generator state:
 Dual-output Tempest v7\n



***********************************************************
HOST = LAPTOP-JUCO3OMC, CYGWIN_NT-10.0-26200

Dual-Tempest


svaria_SampleProd test:
-----------------------------------------------
   N =  1,  n = 10000000,  r =  0,   t = 30


-----------------------------------------------
Anderson-Darling statistic            :    0.62
p-value of test                       :    0.38

-----------------------------------------------
CPU time used                    :  00:00:03.62

Generator state:
 Dual-output Tempest v7\n



***********************************************************
HOST = LAPTOP-JUCO3OMC, CYGWIN_NT-10.0-26200

Dual-Tempest


svaria_SampleMean test:
-----------------------------------------------
   N = 10000000,  n = 20,  r =  0


-----------------------------------------------

Kolmogorov-Smirnov+ statistic = D+    : 1.62e-4
p-value of test                       :    0.59

Kolmogorov-Smirnov- statistic = D-    : 1.47e-4
p-value of test                       :    0.65

Anderson-Darling statistic = A2       :    0.34
p-value of test                       :    0.91

-----------------------------------------------
CPU time used                    :  00:00:04.23

Generator state:
 Dual-output Tempest v7\n



***********************************************************
HOST = LAPTOP-JUCO3OMC, CYGWIN_NT-10.0-26200

Dual-Tempest


svaria_SampleCorr test:
-----------------------------------------------
   N =  1,  n = 500000000,  r =  0,   k = 1


-----------------------------------------------
Normal statistic                      :    0.37
p-value of test                       :    0.36

-----------------------------------------------
CPU time used                    :  00:00:04.42

Generator state:
 Dual-output Tempest v7\n



***********************************************************
HOST = LAPTOP-JUCO3OMC, CYGWIN_NT-10.0-26200

Dual-Tempest


svaria_AppearanceSpacings test:
-----------------------------------------------
   N =  1,   Q = 10000000,   K = 400000000,   r = 0,   s = 30,   L = 15

   Sequences of n = (K + Q)L =   6150000000 bits
   Q = 10000000 initialization blocks
   K = 400000000 blocks for the test
   the blocks have L = 15 bits



-----------------------------------------------
Normal statistic                      :   -2.37
p-value of test                       :    0.9912

-----------------------------------------------
CPU time used                    :  00:00:04.67

Generator state:
 Dual-output Tempest v7\n



***********************************************************
HOST = LAPTOP-JUCO3OMC, CYGWIN_NT-10.0-26200

Dual-Tempest


svaria_AppearanceSpacings test:
-----------------------------------------------
   N =  1,   Q = 10000000,   K = 100000000,   r = 20,   s = 10,   L = 15

   Sequences of n = (K + Q)L =   1650000000 bits
   Q = 10000000 initialization blocks
   K = 100000000 blocks for the test
   the blocks have L = 15 bits



-----------------------------------------------
Normal statistic                      :    0.30
p-value of test                       :    0.38

-----------------------------------------------
CPU time used                    :  00:00:02.59

Generator state:
 Dual-output Tempest v7\n



***********************************************************
HOST = LAPTOP-JUCO3OMC, CYGWIN_NT-10.0-26200

Dual-Tempest


svaria_WeightDistrib test:
-----------------------------------------------
   N =  1,  n = 2000000,  r =  0,  k = 256,  Alpha =      0,  Beta =  0.125


-----------------------------------------------
Number of degrees of freedom          :   46
Chi-square statistic                  :   36.27
p-value of test                       :    0.85

-----------------------------------------------
CPU time used                    :  00:00:04.25

Generator state:
 Dual-output Tempest v7\n



***********************************************************
HOST = LAPTOP-JUCO3OMC, CYGWIN_NT-10.0-26200

Dual-Tempest


svaria_WeightDistrib test:
-----------------------------------------------
   N =  1,  n = 2000000,  r =  8,  k = 256,  Alpha =      0,  Beta =  0.125


-----------------------------------------------
Number of degrees of freedom          :   46
Chi-square statistic                  :   60.41
p-value of test                       :    0.08

-----------------------------------------------
CPU time used                    :  00:00:04.64

Generator state:
 Dual-output Tempest v7\n



***********************************************************
HOST = LAPTOP-JUCO3OMC, CYGWIN_NT-10.0-26200

Dual-Tempest


svaria_WeightDistrib test:
-----------------------------------------------
   N =  1,  n = 2000000,  r = 16,  k = 256,  Alpha =      0,  Beta =  0.125


-----------------------------------------------
Number of degrees of freedom          :   46
Chi-square statistic                  :   51.53
p-value of test                       :    0.27

-----------------------------------------------
CPU time used                    :  00:00:04.93

Generator state:
 Dual-output Tempest v7\n



***********************************************************
HOST = LAPTOP-JUCO3OMC, CYGWIN_NT-10.0-26200

Dual-Tempest


svaria_WeightDistrib test:
-----------------------------------------------
   N =  1,  n = 2000000,  r = 24,  k = 256,  Alpha =      0,  Beta =  0.125


-----------------------------------------------
Number of degrees of freedom          :   46
Chi-square statistic                  :   49.69
p-value of test                       :    0.33

-----------------------------------------------
CPU time used                    :  00:00:04.89

Generator state:
 Dual-output Tempest v7\n



***********************************************************
HOST = LAPTOP-JUCO3OMC, CYGWIN_NT-10.0-26200

Dual-Tempest


svaria_SumCollector test:
-----------------------------------------------
   N =  1,  n = 20000000,  r =  0,   g = 10


-----------------------------------------------
Number of degrees of freedom          :   25
Chi-square statistic                  :   23.22
p-value of test                       :    0.56

-----------------------------------------------
CPU time used                    :  00:00:03.56

Generator state:
 Dual-output Tempest v7\n



***********************************************************
HOST = LAPTOP-JUCO3OMC, CYGWIN_NT-10.0-26200

Dual-Tempest


smarsa_MatrixRank test:
-----------------------------------------------
   N =  1,  n = 1000000,  r =  0,    s = 30,    L = 60,    k = 60


-----------------------------------------------
Number of degrees of freedom          :    4
Chi-square statistic                  :    3.43
p-value of test                       :    0.49

-----------------------------------------------
CPU time used                    :  00:00:13.03

Generator state:
 Dual-output Tempest v7\n



***********************************************************
HOST = LAPTOP-JUCO3OMC, CYGWIN_NT-10.0-26200

Dual-Tempest


smarsa_MatrixRank test:
-----------------------------------------------
   N =  1,  n = 1000000,  r = 20,    s = 10,    L = 60,    k = 60


-----------------------------------------------
Number of degrees of freedom          :    4
Chi-square statistic                  :    1.01
p-value of test                       :    0.91

-----------------------------------------------
CPU time used                    :  00:00:15.71

Generator state:
 Dual-output Tempest v7\n



***********************************************************
HOST = LAPTOP-JUCO3OMC, CYGWIN_NT-10.0-26200

Dual-Tempest


smarsa_MatrixRank test:
-----------------------------------------------
   N =  1,  n = 50000,  r =  0,    s = 30,    L = 300,    k = 300


-----------------------------------------------
Number of degrees of freedom          :    3
Chi-square statistic                  :    5.80
p-value of test                       :    0.12

-----------------------------------------------
CPU time used                    :  00:00:24.23

Generator state:
 Dual-output Tempest v7\n



***********************************************************
HOST = LAPTOP-JUCO3OMC, CYGWIN_NT-10.0-26200

Dual-Tempest


smarsa_MatrixRank test:
-----------------------------------------------
   N =  1,  n = 50000,  r = 20,    s = 10,    L = 300,    k = 300


-----------------------------------------------
Number of degrees of freedom          :    3
Chi-square statistic                  :    0.84
p-value of test                       :    0.84

-----------------------------------------------
CPU time used                    :  00:00:29.56

Generator state:
 Dual-output Tempest v7\n



***********************************************************
HOST = LAPTOP-JUCO3OMC, CYGWIN_NT-10.0-26200

Dual-Tempest


smarsa_MatrixRank test:
-----------------------------------------------
   N =  1,  n = 2000,  r =  0,    s = 30,    L = 1200,    k = 1200


-----------------------------------------------
Number of degrees of freedom          :    3
Chi-square statistic                  :    7.34
p-value of test                       :    0.06

-----------------------------------------------
CPU time used                    :  00:00:34.10

Generator state:
 Dual-output Tempest v7\n



***********************************************************
HOST = LAPTOP-JUCO3OMC, CYGWIN_NT-10.0-26200

Dual-Tempest


smarsa_MatrixRank test:
-----------------------------------------------
   N =  1,  n = 2000,  r = 20,    s = 10,    L = 1200,    k = 1200


-----------------------------------------------
Number of degrees of freedom          :    3
Chi-square statistic                  :    5.74
p-value of test                       :    0.13

-----------------------------------------------
CPU time used                    :  00:00:42.12

Generator state:
 Dual-output Tempest v7\n



***********************************************************
HOST = LAPTOP-JUCO3OMC, CYGWIN_NT-10.0-26200

Dual-Tempest


smarsa_Savir2 test:
-----------------------------------------------
   N =  1,  n = 20000000,  r =  0,    m = 1048576,    t = 30


-----------------------------------------------
Number of degrees of freedom          :   17
Chi-square statistic                  :   17.70
p-value of test                       :    0.41

-----------------------------------------------
CPU time used                    :  00:00:05.14

Generator state:
 Dual-output Tempest v7\n



***********************************************************
HOST = LAPTOP-JUCO3OMC, CYGWIN_NT-10.0-26200

Dual-Tempest


smarsa_GCD test:
-----------------------------------------------
   N =  1,  n = 100000000,  r =  0,   s = 30


-----------------------------------------------
Number of degrees of freedom          : 2465
Chi2 statistic for GCD values         : 2504.92
p-value of test                       :    0.28



-----------------------------------------------
CPU time used                    :  00:00:06.04

Generator state:
 Dual-output Tempest v7\n



***********************************************************
HOST = LAPTOP-JUCO3OMC, CYGWIN_NT-10.0-26200

Dual-Tempest


smarsa_GCD test:
-----------------------------------------------
   N =  1,  n = 40000000,  r = 10,   s = 20


-----------------------------------------------
Number of degrees of freedom          : 1559
Chi2 statistic for GCD values         : 1534.92
p-value of test                       :    0.66



-----------------------------------------------
CPU time used                    :  00:00:01.90

Generator state:
 Dual-output Tempest v7\n



***********************************************************
HOST = LAPTOP-JUCO3OMC, CYGWIN_NT-10.0-26200

Dual-Tempest


swalk_RandomWalk1 test:
-----------------------------------------------
   N =  1,  n = 50000000,  r =  0,   s = 30,   L0 =   90,   L1 =   90



-----------------------------------------------
Test on the values of the Statistic H

Number of degrees of freedom          :   46
ChiSquare statistic                   :   47.42
p-value of test                       :    0.41


-----------------------------------------------
Test on the values of the Statistic M

Number of degrees of freedom          :   47
ChiSquare statistic                   :   42.62
p-value of test                       :    0.65


-----------------------------------------------
Test on the values of the Statistic J

Number of degrees of freedom          :   45
ChiSquare statistic                   :   34.59
p-value of test                       :    0.87


-----------------------------------------------
Test on the values of the Statistic R

Number of degrees of freedom          :   36
ChiSquare statistic                   :   35.89
p-value of test                       :    0.47


-----------------------------------------------
Test on the values of the Statistic C

Number of degrees of freedom          :   23
ChiSquare statistic                   :   21.75
p-value of test                       :    0.54


-----------------------------------------------
CPU time used                    :  00:00:16.79

Generator state:
 Dual-output Tempest v7\n



***********************************************************
HOST = LAPTOP-JUCO3OMC, CYGWIN_NT-10.0-26200

Dual-Tempest


swalk_RandomWalk1 test:
-----------------------------------------------
   N =  1,  n = 10000000,  r = 20,   s = 10,   L0 =   90,   L1 =   90



-----------------------------------------------
Test on the values of the Statistic H

Number of degrees of freedom          :   44
ChiSquare statistic                   :   40.17
p-value of test                       :    0.64


-----------------------------------------------
Test on the values of the Statistic M

Number of degrees of freedom          :   45
ChiSquare statistic                   :   35.02
p-value of test                       :    0.86


-----------------------------------------------
Test on the values of the Statistic J

Number of degrees of freedom          :   45
ChiSquare statistic                   :   39.54
p-value of test                       :    0.70


-----------------------------------------------
Test on the values of the Statistic R

Number of degrees of freedom          :   35
ChiSquare statistic                   :   41.17
p-value of test                       :    0.22


-----------------------------------------------
Test on the values of the Statistic C

Number of degrees of freedom          :   22
ChiSquare statistic                   :   19.31
p-value of test                       :    0.63


-----------------------------------------------
CPU time used                    :  00:00:04.04

Generator state:
 Dual-output Tempest v7\n



***********************************************************
HOST = LAPTOP-JUCO3OMC, CYGWIN_NT-10.0-26200

Dual-Tempest


swalk_RandomWalk1 test:
-----------------------------------------------
   N =  1,  n = 5000000,  r =  0,   s = 30,   L0 = 1000,   L1 = 1000



-----------------------------------------------
Test on the values of the Statistic H

Number of degrees of freedom          :  140
ChiSquare statistic                   :  133.27
p-value of test                       :    0.64


-----------------------------------------------
Test on the values of the Statistic M

Number of degrees of freedom          :  141
ChiSquare statistic                   :  113.95
p-value of test                       :    0.95


-----------------------------------------------
Test on the values of the Statistic J

Number of degrees of freedom          :  500
ChiSquare statistic                   :  536.36
p-value of test                       :    0.13


-----------------------------------------------
Test on the values of the Statistic R

Number of degrees of freedom          :  132
ChiSquare statistic                   :   90.54
p-value of test                       :    0.9977


-----------------------------------------------
Test on the values of the Statistic C

Number of degrees of freedom          :   72
ChiSquare statistic                   :   62.09
p-value of test                       :    0.79


-----------------------------------------------
CPU time used                    :  00:00:14.06

Generator state:
 Dual-output Tempest v7\n



***********************************************************
HOST = LAPTOP-JUCO3OMC, CYGWIN_NT-10.0-26200

Dual-Tempest


swalk_RandomWalk1 test:
-----------------------------------------------
   N =  1,  n = 1000000,  r = 20,   s = 10,   L0 = 1000,   L1 = 1000



-----------------------------------------------
Test on the values of the Statistic H

Number of degrees of freedom          :  128
ChiSquare statistic                   :  117.04
p-value of test                       :    0.75


-----------------------------------------------
Test on the values of the Statistic M

Number of degrees of freedom          :  130
ChiSquare statistic                   :  124.36
p-value of test                       :    0.62


-----------------------------------------------
Test on the values of the Statistic J

Number of degrees of freedom          :  500
ChiSquare statistic                   :  532.81
p-value of test                       :    0.15


-----------------------------------------------
Test on the values of the Statistic R

Number of degrees of freedom          :  122
ChiSquare statistic                   :  104.88
p-value of test                       :    0.87


-----------------------------------------------
Test on the values of the Statistic C

Number of degrees of freedom          :   66
ChiSquare statistic                   :   66.30
p-value of test                       :    0.47


-----------------------------------------------
CPU time used                    :  00:00:03.50

Generator state:
 Dual-output Tempest v7\n



***********************************************************
HOST = LAPTOP-JUCO3OMC, CYGWIN_NT-10.0-26200

Dual-Tempest


swalk_RandomWalk1 test:
-----------------------------------------------
   N =  1,  n = 500000,  r =  0,   s = 30,   L0 = 10000,   L1 = 10000



-----------------------------------------------
Test on the values of the Statistic H

Number of degrees of freedom          :  366
ChiSquare statistic                   :  405.37
p-value of test                       :    0.08


-----------------------------------------------
Test on the values of the Statistic M

Number of degrees of freedom          :  366
ChiSquare statistic                   :  378.93
p-value of test                       :    0.31


-----------------------------------------------
Test on the values of the Statistic J

Number of degrees of freedom          : 5000
ChiSquare statistic                   : 5030.31
p-value of test                       :    0.38


-----------------------------------------------
Test on the values of the Statistic R

Number of degrees of freedom          :  360
ChiSquare statistic                   :  412.64
p-value of test                       :    0.03


-----------------------------------------------
Test on the values of the Statistic C

Number of degrees of freedom          :  192
ChiSquare statistic                   :  154.89
p-value of test                       :    0.98


-----------------------------------------------
CPU time used                    :  00:00:12.45

Generator state:
 Dual-output Tempest v7\n



***********************************************************
HOST = LAPTOP-JUCO3OMC, CYGWIN_NT-10.0-26200

Dual-Tempest


swalk_RandomWalk1 test:
-----------------------------------------------
   N =  1,  n = 100000,  r = 20,   s = 10,   L0 = 10000,   L1 = 10000



-----------------------------------------------
Test on the values of the Statistic H

Number of degrees of freedom          :  318
ChiSquare statistic                   :  266.34
p-value of test                       :    0.98


-----------------------------------------------
Test on the values of the Statistic M

Number of degrees of freedom          :  318
ChiSquare statistic                   :  330.58
p-value of test                       :    0.30


-----------------------------------------------
Test on the values of the Statistic J

Number of degrees of freedom          : 5000
ChiSquare statistic                   : 5141.35
p-value of test                       :    0.08


-----------------------------------------------
Test on the values of the Statistic R

Number of degrees of freedom          :  315
ChiSquare statistic                   :  290.26
p-value of test                       :    0.84


-----------------------------------------------
Test on the values of the Statistic C

Number of degrees of freedom          :  169
ChiSquare statistic                   :  176.12
p-value of test                       :    0.34


-----------------------------------------------
CPU time used                    :  00:00:03.18

Generator state:
 Dual-output Tempest v7\n



***********************************************************
HOST = LAPTOP-JUCO3OMC, CYGWIN_NT-10.0-26200

Dual-Tempest


scomp_LinearComp test:
-----------------------------------------------
   N =  1,  n = 120000,  r =  0,    s = 1



-----------------------------------------------
Number of degrees of freedom          :   10
Chi2 statistic for size of jumps      :   11.34
p-value of test                       :    0.33


-----------------------------------------------
Normal statistic for number of jumps  :    0.77
p-value of test                       :    0.22



-----------------------------------------------
CPU time used                    :  00:00:07.87

Generator state:
 Dual-output Tempest v7\n



***********************************************************
HOST = LAPTOP-JUCO3OMC, CYGWIN_NT-10.0-26200

Dual-Tempest


scomp_LinearComp test:
-----------------------------------------------
   N =  1,  n = 120000,  r = 29,    s = 1



-----------------------------------------------
Number of degrees of freedom          :   10
Chi2 statistic for size of jumps      :   12.96
p-value of test                       :    0.23


-----------------------------------------------
Normal statistic for number of jumps  :    0.97
p-value of test                       :    0.17



-----------------------------------------------
CPU time used                    :  00:00:07.90

Generator state:
 Dual-output Tempest v7\n



***********************************************************
HOST = LAPTOP-JUCO3OMC, CYGWIN_NT-10.0-26200

Dual-Tempest


scomp_LempelZiv test:
-----------------------------------------------
   N = 10,  n = 33554432,  r =  0,   s =   30,   k =   25


-----------------------------------------------

Kolmogorov-Smirnov+ statistic = D+    :   0.064
p-value of test                       :    0.89

Kolmogorov-Smirnov- statistic = D-    :    0.26
p-value of test                       :    0.22

Anderson-Darling statistic = A2       :    0.77
p-value of test                       :    0.50

Tests on the sum of all N observations
Standardized normal statistic         :    0.87
p-value of test                       :    0.19

Sample variance                       :    0.95
p-value of test                       :    0.48

-----------------------------------------------
CPU time used                    :  00:00:07.15

Generator state:
 Dual-output Tempest v7\n



***********************************************************
HOST = LAPTOP-JUCO3OMC, CYGWIN_NT-10.0-26200

Dual-Tempest


sspectral_Fourier3 test:
-----------------------------------------------
   N = 50000,  n = 16384,  r =  0,   s =   30,   k =   14


-----------------------------------------------

Kolmogorov-Smirnov+ statistic = D+    :   0.014
p-value of test                       :    0.20

Kolmogorov-Smirnov- statistic = D-    : 4.01e-3
p-value of test                       :    0.87

Anderson-Darling statistic = A2       :    0.66
p-value of test                       :    0.60

-----------------------------------------------
CPU time used                    :  00:00:10.51

Generator state:
 Dual-output Tempest v7\n



***********************************************************
HOST = LAPTOP-JUCO3OMC, CYGWIN_NT-10.0-26200

Dual-Tempest


sspectral_Fourier3 test:
-----------------------------------------------
   N = 50000,  n = 16384,  r = 20,   s =   10,   k =   14


-----------------------------------------------

Kolmogorov-Smirnov+ statistic = D+    : 8.41e-3
p-value of test                       :    0.56

Kolmogorov-Smirnov- statistic = D-    : 8.76e-3
p-value of test                       :    0.53

Anderson-Darling statistic = A2       :    0.32
p-value of test                       :    0.92

-----------------------------------------------
CPU time used                    :  00:00:11.17

Generator state:
 Dual-output Tempest v7\n



***********************************************************
HOST = LAPTOP-JUCO3OMC, CYGWIN_NT-10.0-26200

Dual-Tempest


sstring_LongestHeadRun test:
-----------------------------------------------
   N =  1,  n = 1000,  r =  0,   s = 30,   L = 10000020


-----------------------------------------------
Number of degrees of freedom          :    8
Chi-square statistic                  :    7.46
p-value of test                       :    0.49

-----------------------------------------------
Global longest run of 1               :   31.00
p-value of test                       :    0.69



-----------------------------------------------
CPU time used                    :  00:00:30.26

Generator state:
 Dual-output Tempest v7\n



***********************************************************
HOST = LAPTOP-JUCO3OMC, CYGWIN_NT-10.0-26200

Dual-Tempest


sstring_LongestHeadRun test:
-----------------------------------------------
   N =  1,  n = 300,  r = 20,   s = 10,   L = 10000020


-----------------------------------------------
Number of degrees of freedom          :    7
Chi-square statistic                  :    2.16
p-value of test                       :    0.95

-----------------------------------------------
Global longest run of 1               :   30.00
p-value of test                       :    0.50



-----------------------------------------------
CPU time used                    :  00:00:11.25

Generator state:
 Dual-output Tempest v7\n



***********************************************************
HOST = LAPTOP-JUCO3OMC, CYGWIN_NT-10.0-26200

Dual-Tempest


sstring_PeriodsInStrings test:
-----------------------------------------------
   N =  1,  n = 300000000,  r =  0,   s =   30


-----------------------------------------------
Number of degrees of freedom          :  302
Chi-square statistic                  :  359.11
p-value of test                       :    0.01

-----------------------------------------------
CPU time used                    :  00:00:07.81

Generator state:
 Dual-output Tempest v7\n



***********************************************************
HOST = LAPTOP-JUCO3OMC, CYGWIN_NT-10.0-26200

Dual-Tempest


sstring_PeriodsInStrings test:
-----------------------------------------------
   N =  1,  n = 300000000,  r = 15,   s =   15


-----------------------------------------------
Number of degrees of freedom          :   56
Chi-square statistic                  :   44.63
p-value of test                       :    0.86

-----------------------------------------------
CPU time used                    :  00:00:05.84

Generator state:
 Dual-output Tempest v7\n



***********************************************************
HOST = LAPTOP-JUCO3OMC, CYGWIN_NT-10.0-26200

Dual-Tempest


sstring_HammingWeight2 test:
-----------------------------------------------
   N = 100,  n = 100000000,  r =  0,   s = 30,   L = 1000000


-----------------------------------------------

Kolmogorov-Smirnov+ statistic = D+    :   0.073
p-value of test                       :    0.33

Kolmogorov-Smirnov- statistic = D-    :   0.066
p-value of test                       :    0.40

Anderson-Darling statistic = A2       :    0.56
p-value of test                       :    0.68

Test on the sum of all N observations
Number of degrees of freedom          : 10000
Chi-square statistic                  :10018.95
p-value of test                       :    0.44

-----------------------------------------------
CPU time used                    :  00:00:05.82

Generator state:
 Dual-output Tempest v7\n



***********************************************************
HOST = LAPTOP-JUCO3OMC, CYGWIN_NT-10.0-26200

Dual-Tempest


sstring_HammingWeight2 test:
-----------------------------------------------
   N = 30,  n = 100000000,  r = 20,   s = 10,   L = 1000000


-----------------------------------------------

Kolmogorov-Smirnov+ statistic = D+    :   0.082
p-value of test                       :    0.63

Kolmogorov-Smirnov- statistic = D-    :    0.18
p-value of test                       :    0.13

Anderson-Darling statistic = A2       :    1.04
p-value of test                       :    0.34

Test on the sum of all N observations
Number of degrees of freedom          : 3000
Chi-square statistic                  : 3030.49
p-value of test                       :    0.34

-----------------------------------------------
CPU time used                    :  00:00:03.92

Generator state:
 Dual-output Tempest v7\n



***********************************************************
HOST = LAPTOP-JUCO3OMC, CYGWIN_NT-10.0-26200

Dual-Tempest


sstring_HammingCorr test:
-----------------------------------------------
   N =  1,  n = 500000000,  r =  0,   s = 30,   L = 30



-----------------------------------------------
Normal statistic                      :    1.03
p-value of test                       :    0.15

-----------------------------------------------
CPU time used                    :  00:00:08.89

Generator state:
 Dual-output Tempest v7\n



***********************************************************
HOST = LAPTOP-JUCO3OMC, CYGWIN_NT-10.0-26200

Dual-Tempest


sstring_HammingCorr test:
-----------------------------------------------
   N =  1,  n = 50000000,  r =  0,   s = 30,   L = 300



-----------------------------------------------
Normal statistic                      :   -0.19
p-value of test                       :    0.57

-----------------------------------------------
CPU time used                    :  00:00:08.87

Generator state:
 Dual-output Tempest v7\n



***********************************************************
HOST = LAPTOP-JUCO3OMC, CYGWIN_NT-10.0-26200

Dual-Tempest


sstring_HammingCorr test:
-----------------------------------------------
   N =  1,  n = 10000000,  r =  0,   s = 30,   L = 1200



-----------------------------------------------
Normal statistic                      :    1.05
p-value of test                       :    0.15

-----------------------------------------------
CPU time used                    :  00:00:07.07

Generator state:
 Dual-output Tempest v7\n



***********************************************************
HOST = LAPTOP-JUCO3OMC, CYGWIN_NT-10.0-26200

Dual-Tempest


sstring_HammingIndep test:
-----------------------------------------------
   N =  1,  n = 300000000,  r =  0,   s = 30,   L = 30,   d = 0



Counters with expected numbers >= 10
-----------------------------------------------
Number of degrees of freedom          :  577
Chi-square statistic                  :  606.97
p-value of test                       :    0.19

-----------------------------------------------
CPU time used                    :  00:00:10.81

Generator state:
 Dual-output Tempest v7\n



***********************************************************
HOST = LAPTOP-JUCO3OMC, CYGWIN_NT-10.0-26200

Dual-Tempest


sstring_HammingIndep test:
-----------------------------------------------
   N =  1,  n = 100000000,  r = 20,   s = 10,   L = 30,   d = 0



Counters with expected numbers >= 10
-----------------------------------------------
Number of degrees of freedom          :  533
Chi-square statistic                  :  536.57
p-value of test                       :    0.45

-----------------------------------------------
CPU time used                    :  00:00:08.14

Generator state:
 Dual-output Tempest v7\n



***********************************************************
HOST = LAPTOP-JUCO3OMC, CYGWIN_NT-10.0-26200

Dual-Tempest


sstring_HammingIndep test:
-----------------------------------------------
   N =  1,  n = 30000000,  r =  0,   s = 30,   L = 300,   d = 0



Counters with expected numbers >= 10
-----------------------------------------------
Number of degrees of freedom          : 4117
Chi-square statistic                  : 4033.35
p-value of test                       :    0.82

-----------------------------------------------
CPU time used                    :  00:00:10.76

Generator state:
 Dual-output Tempest v7\n



***********************************************************
HOST = LAPTOP-JUCO3OMC, CYGWIN_NT-10.0-26200

Dual-Tempest


sstring_HammingIndep test:
-----------------------------------------------
   N =  1,  n = 10000000,  r = 20,   s = 10,   L = 300,   d = 0



Counters with expected numbers >= 10
-----------------------------------------------
Number of degrees of freedom          : 3585
Chi-square statistic                  : 3595.19
p-value of test                       :    0.45

-----------------------------------------------
CPU time used                    :  00:00:07.93

Generator state:
 Dual-output Tempest v7\n



***********************************************************
HOST = LAPTOP-JUCO3OMC, CYGWIN_NT-10.0-26200

Dual-Tempest


sstring_HammingIndep test:
-----------------------------------------------
   N =  1,  n = 10000000,  r =  0,   s = 30,   L = 1200,   d = 0



Counters with expected numbers >= 10
-----------------------------------------------
Number of degrees of freedom          : 11825
Chi-square statistic                  :11619.52
p-value of test                       :    0.91

-----------------------------------------------
CPU time used                    :  00:00:14.25

Generator state:
 Dual-output Tempest v7\n



***********************************************************
HOST = LAPTOP-JUCO3OMC, CYGWIN_NT-10.0-26200

Dual-Tempest


sstring_HammingIndep test:
-----------------------------------------------
   N =  1,  n = 1000000,  r = 20,   s = 10,   L = 1200,   d = 0



Counters with expected numbers >= 10
-----------------------------------------------
Number of degrees of freedom          : 7473
Chi-square statistic                  : 7418.95
p-value of test                       :    0.67

-----------------------------------------------
CPU time used                    :  00:00:03.20

Generator state:
 Dual-output Tempest v7\n



***********************************************************
HOST = LAPTOP-JUCO3OMC, CYGWIN_NT-10.0-26200

Dual-Tempest


sstring_Run test:
-----------------------------------------------
   N =  1,  n = 1000000000,  r =  0,   s =   30


-----------------------------------------------
Total number of 1 runs:  1000000004

Number of degrees of freedom          :   52
Chi2 statistic for number of runs     :   48.53
p-value of test                       :    0.61


-----------------------------------------------
Total number of bits:  4000042560

Normal statistic for number of bits   :    0.48
p-value of test                       :    0.32



-----------------------------------------------
CPU time used                    :  00:00:11.81

Generator state:
 Dual-output Tempest v7\n



***********************************************************
HOST = LAPTOP-JUCO3OMC, CYGWIN_NT-10.0-26200

Dual-Tempest


sstring_Run test:
-----------------------------------------------
   N =  1,  n = 1000000000,  r = 20,   s =   10


-----------------------------------------------
Total number of 1 runs:  1000000002

Number of degrees of freedom          :   52
Chi2 statistic for number of runs     :   62.14
p-value of test                       :    0.16


-----------------------------------------------
Total number of bits:  3999949550

Normal statistic for number of bits   :   -0.56
p-value of test                       :    0.71



-----------------------------------------------
CPU time used                    :  00:00:15.06

Generator state:
 Dual-output Tempest v7\n



***********************************************************
HOST = LAPTOP-JUCO3OMC, CYGWIN_NT-10.0-26200

Dual-Tempest


sstring_AutoCor test:
-----------------------------------------------
   N = 10,  n = 1000000021,  r =  0,   s = 30,   d = 1


-----------------------------------------------

Kolmogorov-Smirnov+ statistic = D+    :    0.17
p-value of test                       :    0.50

Kolmogorov-Smirnov- statistic = D-    :    0.28
p-value of test                       :    0.18

Anderson-Darling statistic = A2       :    1.04
p-value of test                       :    0.33

Tests on the sum of all N observations
Standardized normal statistic         :    0.55
p-value of test                       :    0.29

Sample variance                       :    0.28
p-value of test                       :    0.98

-----------------------------------------------
CPU time used                    :  00:00:07.67

Generator state:
 Dual-output Tempest v7\n



***********************************************************
HOST = LAPTOP-JUCO3OMC, CYGWIN_NT-10.0-26200

Dual-Tempest


sstring_AutoCor test:
-----------------------------------------------
   N =  5,  n = 1000000001,  r = 20,   s = 10,   d = 1


-----------------------------------------------

Kolmogorov-Smirnov+ statistic = D+    :    0.13
p-value of test                       :    0.79

Kolmogorov-Smirnov- statistic = D-    :    0.35
p-value of test                       :    0.24

Anderson-Darling statistic = A2       :    1.15
p-value of test                       :    0.29

Tests on the sum of all N observations
Standardized normal statistic         :    1.11
p-value of test                       :    0.13

Sample variance                       :    1.71
p-value of test                       :    0.14

-----------------------------------------------
CPU time used                    :  00:00:09.00

Generator state:
 Dual-output Tempest v7\n



***********************************************************
HOST = LAPTOP-JUCO3OMC, CYGWIN_NT-10.0-26200

Dual-Tempest


sstring_AutoCor test:
-----------------------------------------------
   N = 10,  n = 1000000020,  r =  0,   s = 30,   d = 30


-----------------------------------------------

Kolmogorov-Smirnov+ statistic = D+    :    0.17
p-value of test                       :    0.50

Kolmogorov-Smirnov- statistic = D-    :    0.21
p-value of test                       :    0.35

Anderson-Darling statistic = A2       :    0.39
p-value of test                       :    0.85

Tests on the sum of all N observations
Standardized normal statistic         :    0.32
p-value of test                       :    0.37

Sample variance                       :    1.01
p-value of test                       :    0.43

-----------------------------------------------
CPU time used                    :  00:00:06.59

Generator state:
 Dual-output Tempest v7\n



***********************************************************
HOST = LAPTOP-JUCO3OMC, CYGWIN_NT-10.0-26200

Dual-Tempest


sstring_AutoCor test:
-----------------------------------------------
   N =  5,  n = 1000000010,  r = 20,   s = 10,   d = 10


-----------------------------------------------

Kolmogorov-Smirnov+ statistic = D+    :    0.32
p-value of test                       :    0.30

Kolmogorov-Smirnov- statistic = D-    :    0.13
p-value of test                       :    0.79

Anderson-Darling statistic = A2       :    0.48
p-value of test                       :    0.76

Tests on the sum of all N observations
Standardized normal statistic         :   -0.64
p-value of test                       :    0.74

Sample variance                       :    0.73
p-value of test                       :    0.57

-----------------------------------------------
CPU time used                    :  00:00:07.43

Generator state:
 Dual-output Tempest v7\n




========= Summary results of Crush =========

 Version:          TestU01 1.2.3
 Generator:        Dual-Tempest
 Number of statistics:  144
 Total CPU time:   00:16:12.90

 All tests were passed



