============================================================
  TestU01 Crush (144 tests, ~10^12 bits)
============================================================

Algorithm: ADC-Bolt
This will take several hours...

xxxxxxxxxxxxxxxxxxxxxxxxxxxxxxxxxxxxxxxxxxxxxxxxxxxxxxxxxxx
                 Starting Crush
                 Version: TestU01 1.2.3
xxxxxxxxxxxxxxxxxxxxxxxxxxxxxxxxxxxxxxxxxxxxxxxxxxxxxxxxxxx


***********************************************************
Test smarsa_SerialOver calling smultin_MultinomialOver

***********************************************************
HOST = LAPTOP-JUCO3OMC, CYGWIN_NT-10.0-26200

ADC-Bolt


smultin_MultinomialOver test:
-----------------------------------------------
   N =  1,  n = 500000000,  r =  0,   d = 4096,   t =  2,
       Sparse =  FALSE

       GenerCell = smultin_GenerCellSerial
       Number of cells = d^t =           16777216
       Expected number per cell =   29.802322
       Hashing =  FALSE

   For Delta > -1, we use the ChiSquare approximation
   Correction factor of the ChiSquare: 
       Delta =     1,    Mu =     0.01677312,    Sigma =          1

-----------------------------------------------
Test Results for Delta =   1.0000

Number of degrees of freedom          : 16773120
Value of the statistic                : 1.68e+7
p-value of test                       :    0.77


-----------------------------------------------
CPU time used                    :  00:00:12.82

Generator state:
 ADC-Bolt (ADD+ADD, 70.3 Gbit/s)




***********************************************************
Test smarsa_SerialOver calling smultin_MultinomialOver

***********************************************************
HOST = LAPTOP-JUCO3OMC, CYGWIN_NT-10.0-26200

ADC-Bolt


smultin_MultinomialOver test:
-----------------------------------------------
   N =  1,  n = 300000000,  r =  0,   d =   64,   t =  4,
       Sparse =  FALSE

       GenerCell = smultin_GenerCellSerial
       Number of cells = d^t =           16777216
       Expected number per cell =   17.881393
       Hashing =  FALSE

   For Delta > -1, we use the ChiSquare approximation
   Correction factor of the ChiSquare: 
       Delta =     1,    Mu =    0.027525119,    Sigma =          1

-----------------------------------------------
Test Results for Delta =   1.0000

Number of degrees of freedom          : 16515072
Value of the statistic                : 1.65e+7
p-value of test                       :    0.05


-----------------------------------------------
CPU time used                    :  00:00:07.85

Generator state:
 ADC-Bolt (ADD+ADD, 70.3 Gbit/s)




***********************************************************
Test smarsa_CollisionOver calling smultin_MultinomialOver

***********************************************************
HOST = LAPTOP-JUCO3OMC, CYGWIN_NT-10.0-26200

ADC-Bolt


smultin_MultinomialOver test:
-----------------------------------------------
   N = 10,  n = 10000000,  r =  0,   d = 1048576,   t =  2,
       Sparse =   TRUE

       GenerCell = smultin_GenerCellSerial
       Number of cells = d^t =      1099511627776
       Expected number per cell =  1 /  109951.16
       EColl = n^2 / (2k) =  45.47473509
       Hashing =   TRUE

       Collision test

       CollisionOver:   density = n / k =  1 /  109951.16
       Expected number of collisions = Mu =      45.47


-----------------------------------------------
Results of CollisionOver test:

POISSON approximation                 :
Expected number of collisions = N*Mu  :      454.75
Observed number of collisions         :      459
p-value of test                       :    0.43

-----------------------------
Total number of cells containing j balls

  j =  0                              :   10995016278219
  j =  1                              :         99999082
  j =  2                              :              459
  j =  3                              :                0
  j =  4                              :                0
  j =  5                              :                0

-----------------------------------------------
CPU time used                    :  00:00:13.64

Generator state:
 ADC-Bolt (ADD+ADD, 70.3 Gbit/s)




***********************************************************
Test smarsa_CollisionOver calling smultin_MultinomialOver

***********************************************************
HOST = LAPTOP-JUCO3OMC, CYGWIN_NT-10.0-26200

ADC-Bolt


smultin_MultinomialOver test:
-----------------------------------------------
   N = 10,  n = 10000000,  r = 10,   d = 1048576,   t =  2,
       Sparse =   TRUE

       GenerCell = smultin_GenerCellSerial
       Number of cells = d^t =      1099511627776
       Expected number per cell =  1 /  109951.16
       EColl = n^2 / (2k) =  45.47473509
       Hashing =   TRUE

       Collision test

       CollisionOver:   density = n / k =  1 /  109951.16
       Expected number of collisions = Mu =      45.47


-----------------------------------------------
Results of CollisionOver test:

POISSON approximation                 :
Expected number of collisions = N*Mu  :      454.75
Observed number of collisions         :      425
p-value of test                       :    0.92

-----------------------------
Total number of cells containing j balls

  j =  0                              :   10995016278185
  j =  1                              :         99999150
  j =  2                              :              425
  j =  3                              :                0
  j =  4                              :                0
  j =  5                              :                0

-----------------------------------------------
CPU time used                    :  00:00:14.39

Generator state:
 ADC-Bolt (ADD+ADD, 70.3 Gbit/s)




***********************************************************
Test smarsa_CollisionOver calling smultin_MultinomialOver

***********************************************************
HOST = LAPTOP-JUCO3OMC, CYGWIN_NT-10.0-26200

ADC-Bolt


smultin_MultinomialOver test:
-----------------------------------------------
   N = 10,  n = 10000000,  r =  0,   d = 1024,   t =  4,
       Sparse =   TRUE

       GenerCell = smultin_GenerCellSerial
       Number of cells = d^t =      1099511627776
       Expected number per cell =  1 /  109951.16
       EColl = n^2 / (2k) =  45.47473509
       Hashing =   TRUE

       Collision test

       CollisionOver:   density = n / k =  1 /  109951.16
       Expected number of collisions = Mu =      45.47


-----------------------------------------------
Results of CollisionOver test:

POISSON approximation                 :
Expected number of collisions = N*Mu  :      454.75
Observed number of collisions         :      461
p-value of test                       :    0.39

-----------------------------
Total number of cells containing j balls

  j =  0                              :   10995016278221
  j =  1                              :         99999078
  j =  2                              :              461
  j =  3                              :                0
  j =  4                              :                0
  j =  5                              :                0

-----------------------------------------------
CPU time used                    :  00:00:18.85

Generator state:
 ADC-Bolt (ADD+ADD, 70.3 Gbit/s)




***********************************************************
Test smarsa_CollisionOver calling smultin_MultinomialOver

***********************************************************
HOST = LAPTOP-JUCO3OMC, CYGWIN_NT-10.0-26200

ADC-Bolt


smultin_MultinomialOver test:
-----------------------------------------------
   N = 10,  n = 10000000,  r = 20,   d = 1024,   t =  4,
       Sparse =   TRUE

       GenerCell = smultin_GenerCellSerial
       Number of cells = d^t =      1099511627776
       Expected number per cell =  1 /  109951.16
       EColl = n^2 / (2k) =  45.47473509
       Hashing =   TRUE

       Collision test

       CollisionOver:   density = n / k =  1 /  109951.16
       Expected number of collisions = Mu =      45.47


-----------------------------------------------
Results of CollisionOver test:

POISSON approximation                 :
Expected number of collisions = N*Mu  :      454.75
Observed number of collisions         :      460
p-value of test                       :    0.41

-----------------------------
Total number of cells containing j balls

  j =  0                              :   10995016278220
  j =  1                              :         99999080
  j =  2                              :              460
  j =  3                              :                0
  j =  4                              :                0
  j =  5                              :                0

-----------------------------------------------
CPU time used                    :  00:00:19.26

Generator state:
 ADC-Bolt (ADD+ADD, 70.3 Gbit/s)




***********************************************************
Test smarsa_CollisionOver calling smultin_MultinomialOver

***********************************************************
HOST = LAPTOP-JUCO3OMC, CYGWIN_NT-10.0-26200

ADC-Bolt


smultin_MultinomialOver test:
-----------------------------------------------
   N = 10,  n = 10000000,  r =  0,   d =   32,   t =  8,
       Sparse =   TRUE

       GenerCell = smultin_GenerCellSerial
       Number of cells = d^t =      1099511627776
       Expected number per cell =  1 /  109951.16
       EColl = n^2 / (2k) =  45.47473509
       Hashing =   TRUE

       Collision test

       CollisionOver:   density = n / k =  1 /  109951.16
       Expected number of collisions = Mu =      45.47


-----------------------------------------------
Results of CollisionOver test:

POISSON approximation                 :
Expected number of collisions = N*Mu  :      454.75
Observed number of collisions         :      469
p-value of test                       :    0.26

-----------------------------
Total number of cells containing j balls

  j =  0                              :   10995016278229
  j =  1                              :         99999062
  j =  2                              :              469
  j =  3                              :                0
  j =  4                              :                0
  j =  5                              :                0

-----------------------------------------------
CPU time used                    :  00:00:20.18

Generator state:
 ADC-Bolt (ADD+ADD, 70.3 Gbit/s)




***********************************************************
Test smarsa_CollisionOver calling smultin_MultinomialOver

***********************************************************
HOST = LAPTOP-JUCO3OMC, CYGWIN_NT-10.0-26200

ADC-Bolt


smultin_MultinomialOver test:
-----------------------------------------------
   N = 10,  n = 10000000,  r = 25,   d =   32,   t =  8,
       Sparse =   TRUE

       GenerCell = smultin_GenerCellSerial
       Number of cells = d^t =      1099511627776
       Expected number per cell =  1 /  109951.16
       EColl = n^2 / (2k) =  45.47473509
       Hashing =   TRUE

       Collision test

       CollisionOver:   density = n / k =  1 /  109951.16
       Expected number of collisions = Mu =      45.47


-----------------------------------------------
Results of CollisionOver test:

POISSON approximation                 :
Expected number of collisions = N*Mu  :      454.75
Observed number of collisions         :      458
p-value of test                       :    0.45

-----------------------------
Total number of cells containing j balls

  j =  0                              :   10995016278218
  j =  1                              :         99999084
  j =  2                              :              458
  j =  3                              :                0
  j =  4                              :                0
  j =  5                              :                0

-----------------------------------------------
CPU time used                    :  00:00:20.82

Generator state:
 ADC-Bolt (ADD+ADD, 70.3 Gbit/s)




***********************************************************
Test smarsa_CollisionOver calling smultin_MultinomialOver

***********************************************************
HOST = LAPTOP-JUCO3OMC, CYGWIN_NT-10.0-26200

ADC-Bolt


smultin_MultinomialOver test:
-----------------------------------------------
   N = 10,  n = 10000000,  r =  0,   d =    4,   t = 20,
       Sparse =   TRUE

       GenerCell = smultin_GenerCellSerial
       Number of cells = d^t =      1099511627776
       Expected number per cell =  1 /  109951.16
       EColl = n^2 / (2k) =  45.47473509
       Hashing =   TRUE

       Collision test

       CollisionOver:   density = n / k =  1 /  109951.16
       Expected number of collisions = Mu =      45.47


-----------------------------------------------
Results of CollisionOver test:

POISSON approximation                 :
Expected number of collisions = N*Mu  :      454.74
Observed number of collisions         :      449
p-value of test                       :    0.59

-----------------------------
Total number of cells containing j balls

  j =  0                              :   10995016278209
  j =  1                              :         99999102
  j =  2                              :              449
  j =  3                              :                0
  j =  4                              :                0
  j =  5                              :                0

-----------------------------------------------
CPU time used                    :  00:00:19.95

Generator state:
 ADC-Bolt (ADD+ADD, 70.3 Gbit/s)




***********************************************************
Test smarsa_CollisionOver calling smultin_MultinomialOver

***********************************************************
HOST = LAPTOP-JUCO3OMC, CYGWIN_NT-10.0-26200

ADC-Bolt


smultin_MultinomialOver test:
-----------------------------------------------
   N = 10,  n = 10000000,  r = 28,   d =    4,   t = 20,
       Sparse =   TRUE

       GenerCell = smultin_GenerCellSerial
       Number of cells = d^t =      1099511627776
       Expected number per cell =  1 /  109951.16
       EColl = n^2 / (2k) =  45.47473509
       Hashing =   TRUE

       Collision test

       CollisionOver:   density = n / k =  1 /  109951.16
       Expected number of collisions = Mu =      45.47


-----------------------------------------------
Results of CollisionOver test:

POISSON approximation                 :
Expected number of collisions = N*Mu  :      454.74
Observed number of collisions         :      440
p-value of test                       :    0.75

-----------------------------
Total number of cells containing j balls

  j =  0                              :   10995016278200
  j =  1                              :         99999120
  j =  2                              :              440
  j =  3                              :                0
  j =  4                              :                0
  j =  5                              :                0

-----------------------------------------------
CPU time used                    :  00:00:20.17

Generator state:
 ADC-Bolt (ADD+ADD, 70.3 Gbit/s)




***********************************************************
HOST = LAPTOP-JUCO3OMC, CYGWIN_NT-10.0-26200

ADC-Bolt


smarsa_BirthdaySpacings test:
-----------------------------------------------
   N =  5,  n = 20000000,  r =  0,    d = 2147483648,    t = 2,    p = 1


      Number of cells = d^t = 4611686018427387904
      Lambda = Poisson mean =     433.6809


----------------------------------------------------
Total expected number = N*Lambda      :    2168.40
Total observed number                 :    2188
p-value of test                       :    0.34


-----------------------------------------------
CPU time used                    :  00:00:12.34

Generator state:
 ADC-Bolt (ADD+ADD, 70.3 Gbit/s)




***********************************************************
HOST = LAPTOP-JUCO3OMC, CYGWIN_NT-10.0-26200

ADC-Bolt


smarsa_BirthdaySpacings test:
-----------------------------------------------
   N =  5,  n = 20000000,  r =  0,    d = 2097152,    t = 3,    p = 1


      Number of cells = d^t = 9223372036854775808
      Lambda = Poisson mean =     216.8404


----------------------------------------------------
Total expected number = N*Lambda      :    1084.20
Total observed number                 :    1108
p-value of test                       :    0.24


-----------------------------------------------
CPU time used                    :  00:00:12.71

Generator state:
 ADC-Bolt (ADD+ADD, 70.3 Gbit/s)




***********************************************************
HOST = LAPTOP-JUCO3OMC, CYGWIN_NT-10.0-26200

ADC-Bolt


smarsa_BirthdaySpacings test:
-----------------------------------------------
   N =  5,  n = 20000000,  r =  0,    d = 65536,    t = 4,    p = 1


      Number of cells = d^t = 18446744073709551616
      Lambda = Poisson mean =     108.4202


----------------------------------------------------
Total expected number = N*Lambda      :     542.10
Total observed number                 :     532
p-value of test                       :    0.66


-----------------------------------------------
CPU time used                    :  00:00:12.98

Generator state:
 ADC-Bolt (ADD+ADD, 70.3 Gbit/s)




***********************************************************
HOST = LAPTOP-JUCO3OMC, CYGWIN_NT-10.0-26200

ADC-Bolt


smarsa_BirthdaySpacings test:
-----------------------------------------------
   N =  3,  n = 20000000,  r =  0,    d = 512,    t = 7,    p = 1


      Number of cells = d^t = 9223372036854775808
      Lambda = Poisson mean =     216.8404


----------------------------------------------------
Total expected number = N*Lambda      :     650.52
Total observed number                 :     606
p-value of test                       :    0.96


-----------------------------------------------
CPU time used                    :  00:00:08.35

Generator state:
 ADC-Bolt (ADD+ADD, 70.3 Gbit/s)




***********************************************************
HOST = LAPTOP-JUCO3OMC, CYGWIN_NT-10.0-26200

ADC-Bolt


smarsa_BirthdaySpacings test:
-----------------------------------------------
   N =  3,  n = 20000000,  r =  7,    d = 512,    t = 7,    p = 1


      Number of cells = d^t = 9223372036854775808
      Lambda = Poisson mean =     216.8404


----------------------------------------------------
Total expected number = N*Lambda      :     650.52
Total observed number                 :     662
p-value of test                       :    0.33


-----------------------------------------------
CPU time used                    :  00:00:08.57

Generator state:
 ADC-Bolt (ADD+ADD, 70.3 Gbit/s)




***********************************************************
HOST = LAPTOP-JUCO3OMC, CYGWIN_NT-10.0-26200

ADC-Bolt


smarsa_BirthdaySpacings test:
-----------------------------------------------
   N =  3,  n = 20000000,  r = 14,    d = 256,    t = 8,    p = 1


      Number of cells = d^t = 18446744073709551616
      Lambda = Poisson mean =     108.4202


----------------------------------------------------
Total expected number = N*Lambda      :     325.26
Total observed number                 :     335
p-value of test                       :    0.30


-----------------------------------------------
CPU time used                    :  00:00:08.78

Generator state:
 ADC-Bolt (ADD+ADD, 70.3 Gbit/s)




***********************************************************
HOST = LAPTOP-JUCO3OMC, CYGWIN_NT-10.0-26200

ADC-Bolt


smarsa_BirthdaySpacings test:
-----------------------------------------------
   N =  3,  n = 20000000,  r = 22,    d = 256,    t = 8,    p = 1


      Number of cells = d^t = 18446744073709551616
      Lambda = Poisson mean =     108.4202


----------------------------------------------------
Total expected number = N*Lambda      :     325.26
Total observed number                 :     319
p-value of test                       :    0.62


-----------------------------------------------
CPU time used                    :  00:00:08.73

Generator state:
 ADC-Bolt (ADD+ADD, 70.3 Gbit/s)




***********************************************************
HOST = LAPTOP-JUCO3OMC, CYGWIN_NT-10.0-26200

ADC-Bolt


snpair_ClosePairs test:
-----------------------------------------------
   N = 10,  n = 2000000,  r =  0,  t = 2,  p = 0,  m = 30,  Torus =  TRUE


---------------------------------------
Test based on the 2 nearest points (NP):

Stat. AD on the N values (NP)         :    0.69
p-value of test                       :    0.56


A2 test based on the spacings between the
   successive jump times of process Y_n(t):

A2 test on the values of A2 (m-NP)    :    0.30
p-value of test                       :    0.94

Test on the Nm values of W_{n,i}(mNP1):    1.18
p-value of test                       :    0.27

Test on the jump times of Y
   (superposition of Yn):

Expected number of jumps of Y = mN    :     300
Number of jumps of Y                  :     294
p-value of test                       :    0.62

Stat. AD (mNP2)                       :    1.24
p-value of test                       :    0.25

-----------------------------------------------
CPU time used                    :  00:00:04.26

Generator state:
 ADC-Bolt (ADD+ADD, 70.3 Gbit/s)




***********************************************************
HOST = LAPTOP-JUCO3OMC, CYGWIN_NT-10.0-26200

ADC-Bolt


snpair_ClosePairs test:
-----------------------------------------------
   N = 10,  n = 2000000,  r =  0,  t = 3,  p = 0,  m = 30,  Torus =  TRUE


---------------------------------------
Test based on the 2 nearest points (NP):

Stat. AD on the N values (NP)         :    0.75
p-value of test                       :    0.52


A2 test based on the spacings between the
   successive jump times of process Y_n(t):

A2 test on the values of A2 (m-NP)    :    0.58
p-value of test                       :    0.66

Test on the Nm values of W_{n,i}(mNP1):    0.53
p-value of test                       :    0.71

Test on the jump times of Y
   (superposition of Yn):

Expected number of jumps of Y = mN    :     300
Number of jumps of Y                  :     301
p-value of test                       :    0.48

Stat. AD (mNP2)                       :    0.52
p-value of test                       :    0.73

Stat. AD after spacings (mNP2-S)      :    1.33
p-value of test                       :    0.22

-----------------------------------------------
CPU time used                    :  00:00:06.01

Generator state:
 ADC-Bolt (ADD+ADD, 70.3 Gbit/s)




***********************************************************
HOST = LAPTOP-JUCO3OMC, CYGWIN_NT-10.0-26200

ADC-Bolt


snpair_ClosePairs test:
-----------------------------------------------
   N =  5,  n = 2000000,  r =  0,  t = 7,  p = 0,  m = 30,  Torus =  TRUE


---------------------------------------
Test based on the 2 nearest points (NP):

Stat. AD on the N values (NP)         :    0.44
p-value of test                       :    0.80


A2 test based on the spacings between the
   successive jump times of process Y_n(t):

A2 test on the values of A2 (m-NP)    :    0.71
p-value of test                       :    0.54

Test on the Nm values of W_{n,i}(mNP1):    0.57
p-value of test                       :    0.68

Test on the jump times of Y
   (superposition of Yn):

Expected number of jumps of Y = mN    :     150
Number of jumps of Y                  :     149
p-value of test                       :    0.51

Stat. AD (mNP2)                       :    0.41
p-value of test                       :    0.84

Stat. AD after spacings (mNP2-S)      :    2.48
p-value of test                       :    0.05

-----------------------------------------------
CPU time used                    :  00:00:10.78

Generator state:
 ADC-Bolt (ADD+ADD, 70.3 Gbit/s)




***********************************************************
HOST = LAPTOP-JUCO3OMC, CYGWIN_NT-10.0-26200

ADC-Bolt


snpair_ClosePairsBitMatch test:
-----------------------------------------------
   N =  4,  n = 4000000,  r =  0,  t = 2


-----------------------------------------------
Max of all bit distances              :   23.00
p-value of test                       :    0.11

-----------------------------------------------
CPU time used                    :  00:00:03.96

Generator state:
 ADC-Bolt (ADD+ADD, 70.3 Gbit/s)




***********************************************************
HOST = LAPTOP-JUCO3OMC, CYGWIN_NT-10.0-26200

ADC-Bolt


snpair_ClosePairsBitMatch test:
-----------------------------------------------
   N =  2,  n = 4000000,  r =  0,  t = 4


-----------------------------------------------
Max of all bit distances              :   11.00
p-value of test                       :    0.06

-----------------------------------------------
CPU time used                    :  00:00:03.68

Generator state:
 ADC-Bolt (ADD+ADD, 70.3 Gbit/s)




***********************************************************
HOST = LAPTOP-JUCO3OMC, CYGWIN_NT-10.0-26200

ADC-Bolt


sknuth_SimpPoker test:
-----------------------------------------------
   N =  1,  n = 40000000,  r =  0,   d =   16,   k =   16


-----------------------------------------------
Number of degrees of freedom          :   12
Chi-square statistic                  :   16.75
p-value of test                       :    0.16

-----------------------------------------------
CPU time used                    :  00:00:04.17

Generator state:
 ADC-Bolt (ADD+ADD, 70.3 Gbit/s)




***********************************************************
HOST = LAPTOP-JUCO3OMC, CYGWIN_NT-10.0-26200

ADC-Bolt


sknuth_SimpPoker test:
-----------------------------------------------
   N =  1,  n = 40000000,  r = 26,   d =   16,   k =   16


-----------------------------------------------
Number of degrees of freedom          :   12
Chi-square statistic                  :    9.36
p-value of test                       :    0.67

-----------------------------------------------
CPU time used                    :  00:00:05.50

Generator state:
 ADC-Bolt (ADD+ADD, 70.3 Gbit/s)




***********************************************************
HOST = LAPTOP-JUCO3OMC, CYGWIN_NT-10.0-26200

ADC-Bolt


sknuth_SimpPoker test:
-----------------------------------------------
   N =  1,  n = 10000000,  r =  0,   d =   64,   k =   64


-----------------------------------------------
Number of degrees of freedom          :   23
Chi-square statistic                  :   22.84
p-value of test                       :    0.47

-----------------------------------------------
CPU time used                    :  00:00:04.56

Generator state:
 ADC-Bolt (ADD+ADD, 70.3 Gbit/s)




***********************************************************
HOST = LAPTOP-JUCO3OMC, CYGWIN_NT-10.0-26200

ADC-Bolt


sknuth_SimpPoker test:
-----------------------------------------------
   N =  1,  n = 10000000,  r = 24,   d =   64,   k =   64


-----------------------------------------------
Number of degrees of freedom          :   23
Chi-square statistic                  :   15.77
p-value of test                       :    0.86

-----------------------------------------------
CPU time used                    :  00:00:05.96

Generator state:
 ADC-Bolt (ADD+ADD, 70.3 Gbit/s)




***********************************************************
HOST = LAPTOP-JUCO3OMC, CYGWIN_NT-10.0-26200

ADC-Bolt


sknuth_CouponCollector test:
-----------------------------------------------
   N =  1,  n = 40000000,  r =  0,   d =    4


-----------------------------------------------
Number of degrees of freedom          :   51
Chi-square statistic                  :   63.68
p-value of test                       :    0.11

-----------------------------------------------
CPU time used                    :  00:00:02.03

Generator state:
 ADC-Bolt (ADD+ADD, 70.3 Gbit/s)




***********************************************************
HOST = LAPTOP-JUCO3OMC, CYGWIN_NT-10.0-26200

ADC-Bolt


sknuth_CouponCollector test:
-----------------------------------------------
   N =  1,  n = 40000000,  r = 28,   d =    4


-----------------------------------------------
Number of degrees of freedom          :   51
Chi-square statistic                  :   76.00
p-value of test                       :    0.01

-----------------------------------------------
CPU time used                    :  00:00:02.54

Generator state:
 ADC-Bolt (ADD+ADD, 70.3 Gbit/s)




***********************************************************
HOST = LAPTOP-JUCO3OMC, CYGWIN_NT-10.0-26200

ADC-Bolt


sknuth_CouponCollector test:
-----------------------------------------------
   N =  1,  n = 10000000,  r =  0,   d =   16


-----------------------------------------------
Number of degrees of freedom          :   46
Chi-square statistic                  :   62.22
p-value of test                       :    0.06

-----------------------------------------------
CPU time used                    :  00:00:02.62

Generator state:
 ADC-Bolt (ADD+ADD, 70.3 Gbit/s)




***********************************************************
HOST = LAPTOP-JUCO3OMC, CYGWIN_NT-10.0-26200

ADC-Bolt


sknuth_CouponCollector test:
-----------------------------------------------
   N =  1,  n = 10000000,  r = 26,   d =   16


-----------------------------------------------
Number of degrees of freedom          :   46
Chi-square statistic                  :   39.09
p-value of test                       :    0.75

-----------------------------------------------
CPU time used                    :  00:00:03.37

Generator state:
 ADC-Bolt (ADD+ADD, 70.3 Gbit/s)




***********************************************************
HOST = LAPTOP-JUCO3OMC, CYGWIN_NT-10.0-26200

ADC-Bolt


sknuth_Gap test:
-----------------------------------------------
   N =  1,  n = 100000000,  r =  0,   Alpha =        0,   Beta  =    0.125


-----------------------------------------------
Number of degrees of freedom          :  106
Chi-square statistic                  :  103.11
p-value of test                       :    0.56

-----------------------------------------------
CPU time used                    :  00:00:02.84

Generator state:
 ADC-Bolt (ADD+ADD, 70.3 Gbit/s)




***********************************************************
HOST = LAPTOP-JUCO3OMC, CYGWIN_NT-10.0-26200

ADC-Bolt


sknuth_Gap test:
-----------------------------------------------
   N =  1,  n = 100000000,  r = 27,   Alpha =        0,   Beta  =    0.125


-----------------------------------------------
Number of degrees of freedom          :  106
Chi-square statistic                  :  113.10
p-value of test                       :    0.30

-----------------------------------------------
CPU time used                    :  00:00:04.01

Generator state:
 ADC-Bolt (ADD+ADD, 70.3 Gbit/s)




***********************************************************
HOST = LAPTOP-JUCO3OMC, CYGWIN_NT-10.0-26200

ADC-Bolt


sknuth_Gap test:
-----------------------------------------------
   N =  1,  n = 5000000,  r =  0,   Alpha =        0,   Beta  = 0.00390625


-----------------------------------------------
Number of degrees of freedom          : 1936
Chi-square statistic                  : 1960.51
p-value of test                       :    0.34

-----------------------------------------------
CPU time used                    :  00:00:03.35

Generator state:
 ADC-Bolt (ADD+ADD, 70.3 Gbit/s)




***********************************************************
HOST = LAPTOP-JUCO3OMC, CYGWIN_NT-10.0-26200

ADC-Bolt


sknuth_Gap test:
-----------------------------------------------
   N =  1,  n = 5000000,  r = 22,   Alpha =        0,   Beta  = 0.00390625


-----------------------------------------------
Number of degrees of freedom          : 1936
Chi-square statistic                  : 1914.89
p-value of test                       :    0.63

-----------------------------------------------
CPU time used                    :  00:00:04.70

Generator state:
 ADC-Bolt (ADD+ADD, 70.3 Gbit/s)




***********************************************************
HOST = LAPTOP-JUCO3OMC, CYGWIN_NT-10.0-26200

ADC-Bolt


sknuth_Run test:
-----------------------------------------------
   N =  1,  n = 500000000,  r =  0,   Up =  TRUE


-----------------------------------------------
Number of degrees of freedom          :    6
Chi-square statistic                  :    9.70
p-value of test                       :    0.14

-----------------------------------------------
CPU time used                    :  00:00:02.56

Generator state:
 ADC-Bolt (ADD+ADD, 70.3 Gbit/s)




***********************************************************
HOST = LAPTOP-JUCO3OMC, CYGWIN_NT-10.0-26200

ADC-Bolt


sknuth_Run test:
-----------------------------------------------
   N =  1,  n = 500000000,  r = 15,   Up = FALSE


-----------------------------------------------
Number of degrees of freedom          :    6
Chi-square statistic                  :    2.12
p-value of test                       :    0.91

-----------------------------------------------
CPU time used                    :  00:00:03.79

Generator state:
 ADC-Bolt (ADD+ADD, 70.3 Gbit/s)




***********************************************************
Test sknuth_Permutation calling smultin_Multinomial

***********************************************************
HOST = LAPTOP-JUCO3OMC, CYGWIN_NT-10.0-26200

ADC-Bolt


smultin_Multinomial test:
-----------------------------------------------
   N =  1,  n = 50000000,  r =  0,   t = 10,
       Sparse =  FALSE

       GenerCell = smultin_GenerCellPermut
       Number of cells = t! =            3628800
       Expected number per cell =    13.77866
       Hashing =  FALSE

   For Delta > -1, we use the ChiSquare approximation
   Correction factor of the ChiSquare: 
       Delta =     1,    Mu =     0.03628799,    Sigma =          1

-----------------------------------------------
Test Results for Delta =   1.0000

Number of degrees of freedom          : 3628799
Value of the statistic                : 3.62e+6
p-value of test                       :    0.94


-----------------------------------------------
CPU time used                    :  00:00:07.78

Generator state:
 ADC-Bolt (ADD+ADD, 70.3 Gbit/s)




***********************************************************
Test sknuth_Permutation calling smultin_Multinomial

***********************************************************
HOST = LAPTOP-JUCO3OMC, CYGWIN_NT-10.0-26200

ADC-Bolt


smultin_Multinomial test:
-----------------------------------------------
   N =  1,  n = 50000000,  r = 15,   t = 10,
       Sparse =  FALSE

       GenerCell = smultin_GenerCellPermut
       Number of cells = t! =            3628800
       Expected number per cell =    13.77866
       Hashing =  FALSE

   For Delta > -1, we use the ChiSquare approximation
   Correction factor of the ChiSquare: 
       Delta =     1,    Mu =     0.03628799,    Sigma =          1

-----------------------------------------------
Test Results for Delta =   1.0000

Number of degrees of freedom          : 3628799
Value of the statistic                : 3.63e+6
p-value of test                       :    0.31


-----------------------------------------------
CPU time used                    :  00:00:09.35

Generator state:
 ADC-Bolt (ADD+ADD, 70.3 Gbit/s)




***********************************************************
Test sknuth_CollisionPermut calling smultin_Multinomial

***********************************************************
HOST = LAPTOP-JUCO3OMC, CYGWIN_NT-10.0-26200

ADC-Bolt


smultin_Multinomial test:
-----------------------------------------------
   N =  5,  n = 10000000,  r =  0,   t = 13,
       Sparse =   TRUE

       GenerCell = smultin_GenerCellPermut
       Number of cells = t! =         6227020800
       Expected number per cell =  1 /  622.70208
       EColl = n^2 / (2k) =  8029.521918
       Hashing =   TRUE

       Collision test,    Mu =      8025.2245,    Sigma =    89.5098

-----------------------------------------------
Test Results for Collisions

For the total number of collisions, we use
      the Poisson approximation:
Expected number of collisions = N*Mu  :    40126.12
Observed number of collisions         :    39762
p-value of test                       :    0.97


-----------------------------
Total number of cells containing j balls

  j =  0                              :      31085143762
  j =  1                              :         49920494
  j =  2                              :            39726
  j =  3                              :               18
  j =  4                              :                0
  j =  5                              :                0

-----------------------------------------------
CPU time used                    :  00:00:17.87

Generator state:
 ADC-Bolt (ADD+ADD, 70.3 Gbit/s)




***********************************************************
Test sknuth_CollisionPermut calling smultin_Multinomial

***********************************************************
HOST = LAPTOP-JUCO3OMC, CYGWIN_NT-10.0-26200

ADC-Bolt


smultin_Multinomial test:
-----------------------------------------------
   N =  5,  n = 10000000,  r = 15,   t = 13,
       Sparse =   TRUE

       GenerCell = smultin_GenerCellPermut
       Number of cells = t! =         6227020800
       Expected number per cell =  1 /  622.70208
       EColl = n^2 / (2k) =  8029.521918
       Hashing =   TRUE

       Collision test,    Mu =      8025.2245,    Sigma =    89.5098

-----------------------------------------------
Test Results for Collisions

For the total number of collisions, we use
      the Poisson approximation:
Expected number of collisions = N*Mu  :    40126.12
Observed number of collisions         :    39996
p-value of test                       :    0.74


-----------------------------
Total number of cells containing j balls

  j =  0                              :      31085143996
  j =  1                              :         49920029
  j =  2                              :            39954
  j =  3                              :               21
  j =  4                              :                0
  j =  5                              :                0

-----------------------------------------------
CPU time used                    :  00:00:17.89

Generator state:
 ADC-Bolt (ADD+ADD, 70.3 Gbit/s)




***********************************************************
HOST = LAPTOP-JUCO3OMC, CYGWIN_NT-10.0-26200

ADC-Bolt


sknuth_MaxOft test:
-----------------------------------------------
   N = 10,  n = 10000000,  r =  0,   d = 100000,   t =  5

      Number of categories = 100000
      Expected number per category  = 100.00


-----------------------------------------------
Test results for chi2 with 99999 degrees of freedom:

Kolmogorov-Smirnov+ statistic = D+    :   0.023
p-value of test                       :    0.97

Kolmogorov-Smirnov- statistic = D-    :    0.37
p-value of test                       :    0.05

Anderson-Darling statistic = A2       :    1.26
p-value of test                       :    0.25

Test on the sum of all N observations
Number of degrees of freedom          : 999990
Chi-square statistic                  : 1.00e+6
p-value of test                       :    0.07


-----------------------------------------------
Test results for Anderson-Darling:

Kolmogorov-Smirnov+ statistic = D+    :    0.27
p-value of test                       :    0.19

Kolmogorov-Smirnov- statistic = D-    :   0.095
p-value of test                       :    0.79

Anderson-Darling statistic = A2       :    0.96
p-value of test                       :    0.38


-----------------------------------------------
CPU time used                    :  00:00:12.78

Generator state:
 ADC-Bolt (ADD+ADD, 70.3 Gbit/s)




***********************************************************
HOST = LAPTOP-JUCO3OMC, CYGWIN_NT-10.0-26200

ADC-Bolt


sknuth_MaxOft test:
-----------------------------------------------
   N =  5,  n = 10000000,  r =  0,   d = 100000,   t = 10

      Number of categories = 100000
      Expected number per category  = 100.00


-----------------------------------------------
Test results for chi2 with 99999 degrees of freedom:

Kolmogorov-Smirnov+ statistic = D+    :    0.37
p-value of test                       :    0.21

Kolmogorov-Smirnov- statistic = D-    :    0.27
p-value of test                       :    0.42

Anderson-Darling statistic = A2       :    0.84
p-value of test                       :    0.44

Test on the sum of all N observations
Number of degrees of freedom          : 499995
Chi-square statistic                  : 5.00e+5
p-value of test                       :    0.69


-----------------------------------------------
Test results for Anderson-Darling:

Kolmogorov-Smirnov+ statistic = D+    :    0.25
p-value of test                       :    0.47

Kolmogorov-Smirnov- statistic = D-    :    0.31
p-value of test                       :    0.32

Anderson-Darling statistic = A2       :    0.51
p-value of test                       :    0.73


-----------------------------------------------
CPU time used                    :  00:00:07.09

Generator state:
 ADC-Bolt (ADD+ADD, 70.3 Gbit/s)




***********************************************************
HOST = LAPTOP-JUCO3OMC, CYGWIN_NT-10.0-26200

ADC-Bolt


sknuth_MaxOft test:
-----------------------------------------------
   N =  1,  n = 10000000,  r =  0,   d = 100000,   t = 20

      Number of categories = 100000
      Expected number per category  = 100.00


-----------------------------------------------
Number of degrees of freedom          : 99999
Chi-square statistic                  :99632.38
p-value of test                       :    0.79


-----------------------------------------------
Anderson-Darling statistic            :    0.61
p-value of test                       :    0.39


-----------------------------------------------
CPU time used                    :  00:00:01.70

Generator state:
 ADC-Bolt (ADD+ADD, 70.3 Gbit/s)




***********************************************************
HOST = LAPTOP-JUCO3OMC, CYGWIN_NT-10.0-26200

ADC-Bolt


sknuth_MaxOft test:
-----------------------------------------------
   N =  1,  n = 10000000,  r =  0,   d = 100000,   t = 30

      Number of categories = 100000
      Expected number per category  = 100.00


-----------------------------------------------
Number of degrees of freedom          : 99999
Chi-square statistic                  :99355.52
p-value of test                       :    0.93


-----------------------------------------------
Anderson-Darling statistic            :    0.95
p-value of test                       :    0.05


-----------------------------------------------
CPU time used                    :  00:00:02.01

Generator state:
 ADC-Bolt (ADD+ADD, 70.3 Gbit/s)




***********************************************************
HOST = LAPTOP-JUCO3OMC, CYGWIN_NT-10.0-26200

ADC-Bolt


svaria_SampleProd test:
-----------------------------------------------
   N =  1,  n = 10000000,  r =  0,   t = 10


-----------------------------------------------
Anderson-Darling statistic            :    0.56
p-value of test                       :    0.44

-----------------------------------------------
CPU time used                    :  00:00:01.25

Generator state:
 ADC-Bolt (ADD+ADD, 70.3 Gbit/s)




***********************************************************
HOST = LAPTOP-JUCO3OMC, CYGWIN_NT-10.0-26200

ADC-Bolt


svaria_SampleProd test:
-----------------------------------------------
   N =  1,  n = 10000000,  r =  0,   t = 30


-----------------------------------------------
Anderson-Darling statistic            :    0.38
p-value of test                       :    0.62

-----------------------------------------------
CPU time used                    :  00:00:02.00

Generator state:
 ADC-Bolt (ADD+ADD, 70.3 Gbit/s)




***********************************************************
HOST = LAPTOP-JUCO3OMC, CYGWIN_NT-10.0-26200

ADC-Bolt


svaria_SampleMean test:
-----------------------------------------------
   N = 10000000,  n = 20,  r =  0


-----------------------------------------------

Kolmogorov-Smirnov+ statistic = D+    : 1.77e-4
p-value of test                       :    0.53

Kolmogorov-Smirnov- statistic = D-    : 2.29e-4
p-value of test                       :    0.35

Anderson-Darling statistic = A2       :    0.78
p-value of test                       :    0.49

-----------------------------------------------
CPU time used                    :  00:00:02.40

Generator state:
 ADC-Bolt (ADD+ADD, 70.3 Gbit/s)




***********************************************************
HOST = LAPTOP-JUCO3OMC, CYGWIN_NT-10.0-26200

ADC-Bolt


svaria_SampleCorr test:
-----------------------------------------------
   N =  1,  n = 500000000,  r =  0,   k = 1


-----------------------------------------------
Normal statistic                      :    1.55
p-value of test                       :    0.06

-----------------------------------------------
CPU time used                    :  00:00:01.42

Generator state:
 ADC-Bolt (ADD+ADD, 70.3 Gbit/s)




***********************************************************
HOST = LAPTOP-JUCO3OMC, CYGWIN_NT-10.0-26200

ADC-Bolt


svaria_AppearanceSpacings test:
-----------------------------------------------
   N =  1,   Q = 10000000,   K = 400000000,   r = 0,   s = 30,   L = 15

   Sequences of n = (K + Q)L =   6150000000 bits
   Q = 10000000 initialization blocks
   K = 400000000 blocks for the test
   the blocks have L = 15 bits



-----------------------------------------------
Normal statistic                      :   -1.13
p-value of test                       :    0.87

-----------------------------------------------
CPU time used                    :  00:00:02.37

Generator state:
 ADC-Bolt (ADD+ADD, 70.3 Gbit/s)




***********************************************************
HOST = LAPTOP-JUCO3OMC, CYGWIN_NT-10.0-26200

ADC-Bolt


svaria_AppearanceSpacings test:
-----------------------------------------------
   N =  1,   Q = 10000000,   K = 100000000,   r = 20,   s = 10,   L = 15

   Sequences of n = (K + Q)L =   1650000000 bits
   Q = 10000000 initialization blocks
   K = 100000000 blocks for the test
   the blocks have L = 15 bits



-----------------------------------------------
Normal statistic                      :    0.97
p-value of test                       :    0.17

-----------------------------------------------
CPU time used                    :  00:00:01.12

Generator state:
 ADC-Bolt (ADD+ADD, 70.3 Gbit/s)




***********************************************************
HOST = LAPTOP-JUCO3OMC, CYGWIN_NT-10.0-26200

ADC-Bolt


svaria_WeightDistrib test:
-----------------------------------------------
   N =  1,  n = 2000000,  r =  0,  k = 256,  Alpha =      0,  Beta =  0.125


-----------------------------------------------
Number of degrees of freedom          :   46
Chi-square statistic                  :   48.49
p-value of test                       :    0.37

-----------------------------------------------
CPU time used                    :  00:00:01.34

Generator state:
 ADC-Bolt (ADD+ADD, 70.3 Gbit/s)




***********************************************************
HOST = LAPTOP-JUCO3OMC, CYGWIN_NT-10.0-26200

ADC-Bolt


svaria_WeightDistrib test:
-----------------------------------------------
   N =  1,  n = 2000000,  r =  8,  k = 256,  Alpha =      0,  Beta =  0.125


-----------------------------------------------
Number of degrees of freedom          :   46
Chi-square statistic                  :   40.17
p-value of test                       :    0.71

-----------------------------------------------
CPU time used                    :  00:00:01.82

Generator state:
 ADC-Bolt (ADD+ADD, 70.3 Gbit/s)




***********************************************************
HOST = LAPTOP-JUCO3OMC, CYGWIN_NT-10.0-26200

ADC-Bolt


svaria_WeightDistrib test:
-----------------------------------------------
   N =  1,  n = 2000000,  r = 16,  k = 256,  Alpha =      0,  Beta =  0.125


-----------------------------------------------
Number of degrees of freedom          :   46
Chi-square statistic                  :   47.14
p-value of test                       :    0.43

-----------------------------------------------
CPU time used                    :  00:00:01.89

Generator state:
 ADC-Bolt (ADD+ADD, 70.3 Gbit/s)




***********************************************************
HOST = LAPTOP-JUCO3OMC, CYGWIN_NT-10.0-26200

ADC-Bolt


svaria_WeightDistrib test:
-----------------------------------------------
   N =  1,  n = 2000000,  r = 24,  k = 256,  Alpha =      0,  Beta =  0.125


-----------------------------------------------
Number of degrees of freedom          :   46
Chi-square statistic                  :   57.59
p-value of test                       :    0.12

-----------------------------------------------
CPU time used                    :  00:00:01.81

Generator state:
 ADC-Bolt (ADD+ADD, 70.3 Gbit/s)




***********************************************************
HOST = LAPTOP-JUCO3OMC, CYGWIN_NT-10.0-26200

ADC-Bolt


svaria_SumCollector test:
-----------------------------------------------
   N =  1,  n = 20000000,  r =  0,   g = 10


-----------------------------------------------
Number of degrees of freedom          :   25
Chi-square statistic                  :   21.55
p-value of test                       :    0.66

-----------------------------------------------
CPU time used                    :  00:00:01.23

Generator state:
 ADC-Bolt (ADD+ADD, 70.3 Gbit/s)




***********************************************************
HOST = LAPTOP-JUCO3OMC, CYGWIN_NT-10.0-26200

ADC-Bolt


smarsa_MatrixRank test:
-----------------------------------------------
   N =  1,  n = 1000000,  r =  0,    s = 30,    L = 60,    k = 60


-----------------------------------------------
Number of degrees of freedom          :    4
Chi-square statistic                  :    5.42
p-value of test                       :    0.25

-----------------------------------------------
CPU time used                    :  00:00:09.79

Generator state:
 ADC-Bolt (ADD+ADD, 70.3 Gbit/s)




***********************************************************
HOST = LAPTOP-JUCO3OMC, CYGWIN_NT-10.0-26200

ADC-Bolt


smarsa_MatrixRank test:
-----------------------------------------------
   N =  1,  n = 1000000,  r = 20,    s = 10,    L = 60,    k = 60


-----------------------------------------------
Number of degrees of freedom          :    4
Chi-square statistic                  :    8.48
p-value of test                       :    0.08

-----------------------------------------------
CPU time used                    :  00:00:10.85

Generator state:
 ADC-Bolt (ADD+ADD, 70.3 Gbit/s)




***********************************************************
HOST = LAPTOP-JUCO3OMC, CYGWIN_NT-10.0-26200

ADC-Bolt


smarsa_MatrixRank test:
-----------------------------------------------
   N =  1,  n = 50000,  r =  0,    s = 30,    L = 300,    k = 300


-----------------------------------------------
Number of degrees of freedom          :    3
Chi-square statistic                  :    4.74
p-value of test                       :    0.19

-----------------------------------------------
CPU time used                    :  00:00:16.78

Generator state:
 ADC-Bolt (ADD+ADD, 70.3 Gbit/s)




***********************************************************
HOST = LAPTOP-JUCO3OMC, CYGWIN_NT-10.0-26200

ADC-Bolt


smarsa_MatrixRank test:
-----------------------------------------------
   N =  1,  n = 50000,  r = 20,    s = 10,    L = 300,    k = 300


-----------------------------------------------
Number of degrees of freedom          :    3
Chi-square statistic                  :    3.95
p-value of test                       :    0.27

-----------------------------------------------
CPU time used                    :  00:00:18.92

Generator state:
 ADC-Bolt (ADD+ADD, 70.3 Gbit/s)




***********************************************************
HOST = LAPTOP-JUCO3OMC, CYGWIN_NT-10.0-26200

ADC-Bolt


smarsa_MatrixRank test:
-----------------------------------------------
   N =  1,  n = 2000,  r =  0,    s = 30,    L = 1200,    k = 1200


-----------------------------------------------
Number of degrees of freedom          :    3
Chi-square statistic                  :    2.88
p-value of test                       :    0.41

-----------------------------------------------
CPU time used                    :  00:00:21.46

Generator state:
 ADC-Bolt (ADD+ADD, 70.3 Gbit/s)




***********************************************************
HOST = LAPTOP-JUCO3OMC, CYGWIN_NT-10.0-26200

ADC-Bolt


smarsa_MatrixRank test:
-----------------------------------------------
   N =  1,  n = 2000,  r = 20,    s = 10,    L = 1200,    k = 1200


-----------------------------------------------
Number of degrees of freedom          :    3
Chi-square statistic                  :    1.63
p-value of test                       :    0.65

-----------------------------------------------
CPU time used                    :  00:00:25.31

Generator state:
 ADC-Bolt (ADD+ADD, 70.3 Gbit/s)




***********************************************************
HOST = LAPTOP-JUCO3OMC, CYGWIN_NT-10.0-26200

ADC-Bolt


smarsa_Savir2 test:
-----------------------------------------------
   N =  1,  n = 20000000,  r =  0,    m = 1048576,    t = 30


-----------------------------------------------
Number of degrees of freedom          :   17
Chi-square statistic                  :   17.09
p-value of test                       :    0.45

-----------------------------------------------
CPU time used                    :  00:00:02.04

Generator state:
 ADC-Bolt (ADD+ADD, 70.3 Gbit/s)




***********************************************************
HOST = LAPTOP-JUCO3OMC, CYGWIN_NT-10.0-26200

ADC-Bolt


smarsa_GCD test:
-----------------------------------------------
   N =  1,  n = 100000000,  r =  0,   s = 30


-----------------------------------------------
Number of degrees of freedom          : 2465
Chi2 statistic for GCD values         : 2416.37
p-value of test                       :    0.75



-----------------------------------------------
CPU time used                    :  00:00:05.03

Generator state:
 ADC-Bolt (ADD+ADD, 70.3 Gbit/s)




***********************************************************
HOST = LAPTOP-JUCO3OMC, CYGWIN_NT-10.0-26200

ADC-Bolt


smarsa_GCD test:
-----------------------------------------------
   N =  1,  n = 40000000,  r = 10,   s = 20


-----------------------------------------------
Number of degrees of freedom          : 1559
Chi2 statistic for GCD values         : 1650.75
p-value of test                       :    0.05



-----------------------------------------------
CPU time used                    :  00:00:01.45

Generator state:
 ADC-Bolt (ADD+ADD, 70.3 Gbit/s)




***********************************************************
HOST = LAPTOP-JUCO3OMC, CYGWIN_NT-10.0-26200

ADC-Bolt


swalk_RandomWalk1 test:
-----------------------------------------------
   N =  1,  n = 50000000,  r =  0,   s = 30,   L0 =   90,   L1 =   90



-----------------------------------------------
Test on the values of the Statistic H

Number of degrees of freedom          :   46
ChiSquare statistic                   :   50.67
p-value of test                       :    0.29


-----------------------------------------------
Test on the values of the Statistic M

Number of degrees of freedom          :   47
ChiSquare statistic                   :   44.79
p-value of test                       :    0.56


-----------------------------------------------
Test on the values of the Statistic J

Number of degrees of freedom          :   45
ChiSquare statistic                   :   41.78
p-value of test                       :    0.61


-----------------------------------------------
Test on the values of the Statistic R

Number of degrees of freedom          :   36
ChiSquare statistic                   :   44.64
p-value of test                       :    0.15


-----------------------------------------------
Test on the values of the Statistic C

Number of degrees of freedom          :   23
ChiSquare statistic                   :   11.07
p-value of test                       :    0.98


-----------------------------------------------
CPU time used                    :  00:00:11.40

Generator state:
 ADC-Bolt (ADD+ADD, 70.3 Gbit/s)




***********************************************************
HOST = LAPTOP-JUCO3OMC, CYGWIN_NT-10.0-26200

ADC-Bolt


swalk_RandomWalk1 test:
-----------------------------------------------
   N =  1,  n = 10000000,  r = 20,   s = 10,   L0 =   90,   L1 =   90



-----------------------------------------------
Test on the values of the Statistic H

Number of degrees of freedom          :   44
ChiSquare statistic                   :   51.82
p-value of test                       :    0.20


-----------------------------------------------
Test on the values of the Statistic M

Number of degrees of freedom          :   45
ChiSquare statistic                   :   56.59
p-value of test                       :    0.12


-----------------------------------------------
Test on the values of the Statistic J

Number of degrees of freedom          :   45
ChiSquare statistic                   :   41.73
p-value of test                       :    0.61


-----------------------------------------------
Test on the values of the Statistic R

Number of degrees of freedom          :   35
ChiSquare statistic                   :   22.03
p-value of test                       :    0.96


-----------------------------------------------
Test on the values of the Statistic C

Number of degrees of freedom          :   22
ChiSquare statistic                   :   34.12
p-value of test                       :    0.05


-----------------------------------------------
CPU time used                    :  00:00:02.46

Generator state:
 ADC-Bolt (ADD+ADD, 70.3 Gbit/s)




***********************************************************
HOST = LAPTOP-JUCO3OMC, CYGWIN_NT-10.0-26200

ADC-Bolt


swalk_RandomWalk1 test:
-----------------------------------------------
   N =  1,  n = 5000000,  r =  0,   s = 30,   L0 = 1000,   L1 = 1000



-----------------------------------------------
Test on the values of the Statistic H

Number of degrees of freedom          :  140
ChiSquare statistic                   :  126.31
p-value of test                       :    0.79


-----------------------------------------------
Test on the values of the Statistic M

Number of degrees of freedom          :  141
ChiSquare statistic                   :  149.70
p-value of test                       :    0.29


-----------------------------------------------
Test on the values of the Statistic J

Number of degrees of freedom          :  500
ChiSquare statistic                   :  532.84
p-value of test                       :    0.15


-----------------------------------------------
Test on the values of the Statistic R

Number of degrees of freedom          :  132
ChiSquare statistic                   :  139.91
p-value of test                       :    0.30


-----------------------------------------------
Test on the values of the Statistic C

Number of degrees of freedom          :   72
ChiSquare statistic                   :   62.38
p-value of test                       :    0.78


-----------------------------------------------
CPU time used                    :  00:00:09.29

Generator state:
 ADC-Bolt (ADD+ADD, 70.3 Gbit/s)




***********************************************************
HOST = LAPTOP-JUCO3OMC, CYGWIN_NT-10.0-26200

ADC-Bolt


swalk_RandomWalk1 test:
-----------------------------------------------
   N =  1,  n = 1000000,  r = 20,   s = 10,   L0 = 1000,   L1 = 1000



-----------------------------------------------
Test on the values of the Statistic H

Number of degrees of freedom          :  128
ChiSquare statistic                   :  135.05
p-value of test                       :    0.32


-----------------------------------------------
Test on the values of the Statistic M

Number of degrees of freedom          :  130
ChiSquare statistic                   :  104.01
p-value of test                       :    0.95


-----------------------------------------------
Test on the values of the Statistic J

Number of degrees of freedom          :  500
ChiSquare statistic                   :  506.63
p-value of test                       :    0.41


-----------------------------------------------
Test on the values of the Statistic R

Number of degrees of freedom          :  122
ChiSquare statistic                   :   97.81
p-value of test                       :    0.95


-----------------------------------------------
Test on the values of the Statistic C

Number of degrees of freedom          :   66
ChiSquare statistic                   :   56.64
p-value of test                       :    0.79


-----------------------------------------------
CPU time used                    :  00:00:01.98

Generator state:
 ADC-Bolt (ADD+ADD, 70.3 Gbit/s)




***********************************************************
HOST = LAPTOP-JUCO3OMC, CYGWIN_NT-10.0-26200

ADC-Bolt


swalk_RandomWalk1 test:
-----------------------------------------------
   N =  1,  n = 500000,  r =  0,   s = 30,   L0 = 10000,   L1 = 10000



-----------------------------------------------
Test on the values of the Statistic H

Number of degrees of freedom          :  366
ChiSquare statistic                   :  340.18
p-value of test                       :    0.83


-----------------------------------------------
Test on the values of the Statistic M

Number of degrees of freedom          :  366
ChiSquare statistic                   :  339.45
p-value of test                       :    0.84


-----------------------------------------------
Test on the values of the Statistic J

Number of degrees of freedom          : 5000
ChiSquare statistic                   : 5108.90
p-value of test                       :    0.14


-----------------------------------------------
Test on the values of the Statistic R

Number of degrees of freedom          :  360
ChiSquare statistic                   :  412.88
p-value of test                       :    0.03


-----------------------------------------------
Test on the values of the Statistic C

Number of degrees of freedom          :  192
ChiSquare statistic                   :  178.00
p-value of test                       :    0.76


-----------------------------------------------
CPU time used                    :  00:00:08.28

Generator state:
 ADC-Bolt (ADD+ADD, 70.3 Gbit/s)




***********************************************************
HOST = LAPTOP-JUCO3OMC, CYGWIN_NT-10.0-26200

ADC-Bolt


swalk_RandomWalk1 test:
-----------------------------------------------
   N =  1,  n = 100000,  r = 20,   s = 10,   L0 = 10000,   L1 = 10000



-----------------------------------------------
Test on the values of the Statistic H

Number of degrees of freedom          :  318
ChiSquare statistic                   :  317.23
p-value of test                       :    0.50


-----------------------------------------------
Test on the values of the Statistic M

Number of degrees of freedom          :  318
ChiSquare statistic                   :  318.63
p-value of test                       :    0.48


-----------------------------------------------
Test on the values of the Statistic J

Number of degrees of freedom          : 5000
ChiSquare statistic                   : 4960.07
p-value of test                       :    0.65


-----------------------------------------------
Test on the values of the Statistic R

Number of degrees of freedom          :  315
ChiSquare statistic                   :  349.65
p-value of test                       :    0.09


-----------------------------------------------
Test on the values of the Statistic C

Number of degrees of freedom          :  169
ChiSquare statistic                   :  166.34
p-value of test                       :    0.54


-----------------------------------------------
CPU time used                    :  00:00:01.71

Generator state:
 ADC-Bolt (ADD+ADD, 70.3 Gbit/s)




***********************************************************
HOST = LAPTOP-JUCO3OMC, CYGWIN_NT-10.0-26200

ADC-Bolt


scomp_LinearComp test:
-----------------------------------------------
   N =  1,  n = 120000,  r =  0,    s = 1



-----------------------------------------------
Number of degrees of freedom          :   10
Chi2 statistic for size of jumps      :    5.12
p-value of test                       :    0.88


-----------------------------------------------
Normal statistic for number of jumps  :    0.18
p-value of test                       :    0.43



-----------------------------------------------
CPU time used                    :  00:00:06.15

Generator state:
 ADC-Bolt (ADD+ADD, 70.3 Gbit/s)




***********************************************************
HOST = LAPTOP-JUCO3OMC, CYGWIN_NT-10.0-26200

ADC-Bolt


scomp_LinearComp test:
-----------------------------------------------
   N =  1,  n = 120000,  r = 29,    s = 1



-----------------------------------------------
Number of degrees of freedom          :   10
Chi2 statistic for size of jumps      :    7.30
p-value of test                       :    0.70


-----------------------------------------------
Normal statistic for number of jumps  :    0.91
p-value of test                       :    0.18



-----------------------------------------------
CPU time used                    :  00:00:06.25

Generator state:
 ADC-Bolt (ADD+ADD, 70.3 Gbit/s)




***********************************************************
HOST = LAPTOP-JUCO3OMC, CYGWIN_NT-10.0-26200

ADC-Bolt


scomp_LempelZiv test:
-----------------------------------------------
   N = 10,  n = 33554432,  r =  0,   s =   30,   k =   25


-----------------------------------------------

Kolmogorov-Smirnov+ statistic = D+    :    0.27
p-value of test                       :    0.19

Kolmogorov-Smirnov- statistic = D-    :   0.039
p-value of test                       :    0.94

Anderson-Darling statistic = A2       :    1.30
p-value of test                       :    0.23

Tests on the sum of all N observations
Standardized normal statistic         :   -1.37
p-value of test                       :    0.91

Sample variance                       :    1.05
p-value of test                       :    0.39

-----------------------------------------------
CPU time used                    :  00:00:06.00

Generator state:
 ADC-Bolt (ADD+ADD, 70.3 Gbit/s)




***********************************************************
HOST = LAPTOP-JUCO3OMC, CYGWIN_NT-10.0-26200

ADC-Bolt


sspectral_Fourier3 test:
-----------------------------------------------
   N = 50000,  n = 16384,  r =  0,   s =   30,   k =   14


-----------------------------------------------

Kolmogorov-Smirnov+ statistic = D+    : 9.00e-3
p-value of test                       :    0.51

Kolmogorov-Smirnov- statistic = D-    : 5.51e-3
p-value of test                       :    0.78

Anderson-Darling statistic = A2       :    0.34
p-value of test                       :    0.91

-----------------------------------------------
CPU time used                    :  00:00:09.75

Generator state:
 ADC-Bolt (ADD+ADD, 70.3 Gbit/s)




***********************************************************
HOST = LAPTOP-JUCO3OMC, CYGWIN_NT-10.0-26200

ADC-Bolt


sspectral_Fourier3 test:
-----------------------------------------------
   N = 50000,  n = 16384,  r = 20,   s =   10,   k =   14


-----------------------------------------------

Kolmogorov-Smirnov+ statistic = D+    :   0.014
p-value of test                       :    0.20

Kolmogorov-Smirnov- statistic = D-    : 5.60e-3
p-value of test                       :    0.77

Anderson-Darling statistic = A2       :    0.77
p-value of test                       :    0.50

-----------------------------------------------
CPU time used                    :  00:00:10.09

Generator state:
 ADC-Bolt (ADD+ADD, 70.3 Gbit/s)




***********************************************************
HOST = LAPTOP-JUCO3OMC, CYGWIN_NT-10.0-26200

ADC-Bolt


sstring_LongestHeadRun test:
-----------------------------------------------
   N =  1,  n = 1000,  r =  0,   s = 30,   L = 10000020


-----------------------------------------------
Number of degrees of freedom          :    8
Chi-square statistic                  :   13.77
p-value of test                       :    0.09

-----------------------------------------------
Global longest run of 1               :   32.00
p-value of test                       :    0.50



-----------------------------------------------
CPU time used                    :  00:00:27.67

Generator state:
 ADC-Bolt (ADD+ADD, 70.3 Gbit/s)




***********************************************************
HOST = LAPTOP-JUCO3OMC, CYGWIN_NT-10.0-26200

ADC-Bolt


sstring_LongestHeadRun test:
-----------------------------------------------
   N =  1,  n = 300,  r = 20,   s = 10,   L = 10000020


-----------------------------------------------
Number of degrees of freedom          :    7
Chi-square statistic                  :    2.90
p-value of test                       :    0.89

-----------------------------------------------
Global longest run of 1               :   33.00
p-value of test                       :    0.16



-----------------------------------------------
CPU time used                    :  00:00:09.35

Generator state:
 ADC-Bolt (ADD+ADD, 70.3 Gbit/s)




***********************************************************
HOST = LAPTOP-JUCO3OMC, CYGWIN_NT-10.0-26200

ADC-Bolt


sstring_PeriodsInStrings test:
-----------------------------------------------
   N =  1,  n = 300000000,  r =  0,   s =   30


-----------------------------------------------
Number of degrees of freedom          :  302
Chi-square statistic                  :  296.65
p-value of test                       :    0.58

-----------------------------------------------
CPU time used                    :  00:00:06.45

Generator state:
 ADC-Bolt (ADD+ADD, 70.3 Gbit/s)




***********************************************************
HOST = LAPTOP-JUCO3OMC, CYGWIN_NT-10.0-26200

ADC-Bolt


sstring_PeriodsInStrings test:
-----------------------------------------------
   N =  1,  n = 300000000,  r = 15,   s =   15


-----------------------------------------------
Number of degrees of freedom          :   56
Chi-square statistic                  :   51.92
p-value of test                       :    0.63

-----------------------------------------------
CPU time used                    :  00:00:04.57

Generator state:
 ADC-Bolt (ADD+ADD, 70.3 Gbit/s)




***********************************************************
HOST = LAPTOP-JUCO3OMC, CYGWIN_NT-10.0-26200

ADC-Bolt


sstring_HammingWeight2 test:
-----------------------------------------------
   N = 100,  n = 100000000,  r =  0,   s = 30,   L = 1000000


-----------------------------------------------

Kolmogorov-Smirnov+ statistic = D+    :   0.036
p-value of test                       :    0.75

Kolmogorov-Smirnov- statistic = D-    :   0.076
p-value of test                       :    0.30

Anderson-Darling statistic = A2       :    0.60
p-value of test                       :    0.65

Test on the sum of all N observations
Number of degrees of freedom          : 10000
Chi-square statistic                  :10085.22
p-value of test                       :    0.27

-----------------------------------------------
CPU time used                    :  00:00:04.31

Generator state:
 ADC-Bolt (ADD+ADD, 70.3 Gbit/s)




***********************************************************
HOST = LAPTOP-JUCO3OMC, CYGWIN_NT-10.0-26200

ADC-Bolt


sstring_HammingWeight2 test:
-----------------------------------------------
   N = 30,  n = 100000000,  r = 20,   s = 10,   L = 1000000


-----------------------------------------------

Kolmogorov-Smirnov+ statistic = D+    :   0.035
p-value of test                       :    0.91

Kolmogorov-Smirnov- statistic = D-    :    0.19
p-value of test                       :    0.09

Anderson-Darling statistic = A2       :    1.41
p-value of test                       :    0.20

Test on the sum of all N observations
Number of degrees of freedom          : 3000
Chi-square statistic                  : 3094.31
p-value of test                       :    0.11

-----------------------------------------------
CPU time used                    :  00:00:02.73

Generator state:
 ADC-Bolt (ADD+ADD, 70.3 Gbit/s)




***********************************************************
HOST = LAPTOP-JUCO3OMC, CYGWIN_NT-10.0-26200

ADC-Bolt


sstring_HammingCorr test:
-----------------------------------------------
   N =  1,  n = 500000000,  r =  0,   s = 30,   L = 30



-----------------------------------------------
Normal statistic                      :    1.16
p-value of test                       :    0.12

-----------------------------------------------
CPU time used                    :  00:00:06.70

Generator state:
 ADC-Bolt (ADD+ADD, 70.3 Gbit/s)




***********************************************************
HOST = LAPTOP-JUCO3OMC, CYGWIN_NT-10.0-26200

ADC-Bolt


sstring_HammingCorr test:
-----------------------------------------------
   N =  1,  n = 50000000,  r =  0,   s = 30,   L = 300



-----------------------------------------------
Normal statistic                      :  -0.058
p-value of test                       :    0.52

-----------------------------------------------
CPU time used                    :  00:00:06.76

Generator state:
 ADC-Bolt (ADD+ADD, 70.3 Gbit/s)




***********************************************************
HOST = LAPTOP-JUCO3OMC, CYGWIN_NT-10.0-26200

ADC-Bolt


sstring_HammingCorr test:
-----------------------------------------------
   N =  1,  n = 10000000,  r =  0,   s = 30,   L = 1200



-----------------------------------------------
Normal statistic                      :    0.18
p-value of test                       :    0.43

-----------------------------------------------
CPU time used                    :  00:00:05.31

Generator state:
 ADC-Bolt (ADD+ADD, 70.3 Gbit/s)




***********************************************************
HOST = LAPTOP-JUCO3OMC, CYGWIN_NT-10.0-26200

ADC-Bolt


sstring_HammingIndep test:
-----------------------------------------------
   N =  1,  n = 300000000,  r =  0,   s = 30,   L = 30,   d = 0



Counters with expected numbers >= 10
-----------------------------------------------
Number of degrees of freedom          :  577
Chi-square statistic                  :  568.28
p-value of test                       :    0.59

-----------------------------------------------
CPU time used                    :  00:00:08.23

Generator state:
 ADC-Bolt (ADD+ADD, 70.3 Gbit/s)




***********************************************************
HOST = LAPTOP-JUCO3OMC, CYGWIN_NT-10.0-26200

ADC-Bolt


sstring_HammingIndep test:
-----------------------------------------------
   N =  1,  n = 100000000,  r = 20,   s = 10,   L = 30,   d = 0



Counters with expected numbers >= 10
-----------------------------------------------
Number of degrees of freedom          :  533
Chi-square statistic                  :  511.05
p-value of test                       :    0.75

-----------------------------------------------
CPU time used                    :  00:00:05.76

Generator state:
 ADC-Bolt (ADD+ADD, 70.3 Gbit/s)




***********************************************************
HOST = LAPTOP-JUCO3OMC, CYGWIN_NT-10.0-26200

ADC-Bolt


sstring_HammingIndep test:
-----------------------------------------------
   N =  1,  n = 30000000,  r =  0,   s = 30,   L = 300,   d = 0



Counters with expected numbers >= 10
-----------------------------------------------
Number of degrees of freedom          : 4117
Chi-square statistic                  : 4089.16
p-value of test                       :    0.62

-----------------------------------------------
CPU time used                    :  00:00:08.18

Generator state:
 ADC-Bolt (ADD+ADD, 70.3 Gbit/s)




***********************************************************
HOST = LAPTOP-JUCO3OMC, CYGWIN_NT-10.0-26200

ADC-Bolt


sstring_HammingIndep test:
-----------------------------------------------
   N =  1,  n = 10000000,  r = 20,   s = 10,   L = 300,   d = 0



Counters with expected numbers >= 10
-----------------------------------------------
Number of degrees of freedom          : 3585
Chi-square statistic                  : 3563.73
p-value of test                       :    0.60

-----------------------------------------------
CPU time used                    :  00:00:05.54

Generator state:
 ADC-Bolt (ADD+ADD, 70.3 Gbit/s)




***********************************************************
HOST = LAPTOP-JUCO3OMC, CYGWIN_NT-10.0-26200

ADC-Bolt


sstring_HammingIndep test:
-----------------------------------------------
   N =  1,  n = 10000000,  r =  0,   s = 30,   L = 1200,   d = 0



Counters with expected numbers >= 10
-----------------------------------------------
Number of degrees of freedom          : 11825
Chi-square statistic                  :11838.66
p-value of test                       :    0.46

-----------------------------------------------
CPU time used                    :  00:00:10.53

Generator state:
 ADC-Bolt (ADD+ADD, 70.3 Gbit/s)




***********************************************************
HOST = LAPTOP-JUCO3OMC, CYGWIN_NT-10.0-26200

ADC-Bolt


sstring_HammingIndep test:
-----------------------------------------------
   N =  1,  n = 1000000,  r = 20,   s = 10,   L = 1200,   d = 0



Counters with expected numbers >= 10
-----------------------------------------------
Number of degrees of freedom          : 7473
Chi-square statistic                  : 7281.91
p-value of test                       :    0.94

-----------------------------------------------
CPU time used                    :  00:00:02.18

Generator state:
 ADC-Bolt (ADD+ADD, 70.3 Gbit/s)




***********************************************************
HOST = LAPTOP-JUCO3OMC, CYGWIN_NT-10.0-26200

ADC-Bolt


sstring_Run test:
-----------------------------------------------
   N =  1,  n = 1000000000,  r =  0,   s =   30


-----------------------------------------------
Total number of 1 runs:  1000000004

Number of degrees of freedom          :   52
Chi2 statistic for number of runs     :   46.28
p-value of test                       :    0.70


-----------------------------------------------
Total number of bits:  3999952710

Normal statistic for number of bits   :   -0.53
p-value of test                       :    0.70



-----------------------------------------------
CPU time used                    :  00:00:10.48

Generator state:
 ADC-Bolt (ADD+ADD, 70.3 Gbit/s)




***********************************************************
HOST = LAPTOP-JUCO3OMC, CYGWIN_NT-10.0-26200

ADC-Bolt


sstring_Run test:
-----------------------------------------------
   N =  1,  n = 1000000000,  r = 20,   s =   10


-----------------------------------------------
Total number of 1 runs:  1000000000

Number of degrees of freedom          :   52
Chi2 statistic for number of runs     :   50.70
p-value of test                       :    0.53


-----------------------------------------------
Total number of bits:  4000110310

Normal statistic for number of bits   :    1.23
p-value of test                       :    0.11



-----------------------------------------------
CPU time used                    :  00:00:12.01

Generator state:
 ADC-Bolt (ADD+ADD, 70.3 Gbit/s)




***********************************************************
HOST = LAPTOP-JUCO3OMC, CYGWIN_NT-10.0-26200

ADC-Bolt


sstring_AutoCor test:
-----------------------------------------------
   N = 10,  n = 1000000021,  r =  0,   s = 30,   d = 1


-----------------------------------------------

Kolmogorov-Smirnov+ statistic = D+    :   0.044
p-value of test                       :    0.94

Kolmogorov-Smirnov- statistic = D-    :    0.26
p-value of test                       :    0.23

Anderson-Darling statistic = A2       :    0.87
p-value of test                       :    0.43

Tests on the sum of all N observations
Standardized normal statistic         :    1.16
p-value of test                       :    0.12

Sample variance                       :    0.79
p-value of test                       :    0.63

-----------------------------------------------
CPU time used                    :  00:00:06.79

Generator state:
 ADC-Bolt (ADD+ADD, 70.3 Gbit/s)




***********************************************************
HOST = LAPTOP-JUCO3OMC, CYGWIN_NT-10.0-26200

ADC-Bolt


sstring_AutoCor test:
-----------------------------------------------
   N =  5,  n = 1000000001,  r = 20,   s = 10,   d = 1


-----------------------------------------------

Kolmogorov-Smirnov+ statistic = D+    :   0.065
p-value of test                       :    0.92

Kolmogorov-Smirnov- statistic = D-    :    0.40
p-value of test                       :    0.15

Anderson-Darling statistic = A2       :    0.85
p-value of test                       :    0.44

Tests on the sum of all N observations
Standardized normal statistic         :    1.03
p-value of test                       :    0.15

Sample variance                       :    1.05
p-value of test                       :    0.38

-----------------------------------------------
CPU time used                    :  00:00:07.67

Generator state:
 ADC-Bolt (ADD+ADD, 70.3 Gbit/s)




***********************************************************
HOST = LAPTOP-JUCO3OMC, CYGWIN_NT-10.0-26200

ADC-Bolt


sstring_AutoCor test:
-----------------------------------------------
   N = 10,  n = 1000000020,  r =  0,   s = 30,   d = 30


-----------------------------------------------

Kolmogorov-Smirnov+ statistic = D+    :   0.016
p-value of test                       :    0.98

Kolmogorov-Smirnov- statistic = D-    :    0.37
p-value of test                       :    0.05

Anderson-Darling statistic = A2       :    2.98
p-value of test                       :    0.03

Tests on the sum of all N observations
Standardized normal statistic         :    2.32
p-value of test                       :    0.01

Sample variance                       :    1.17
p-value of test                       :    0.31

-----------------------------------------------
CPU time used                    :  00:00:05.64

Generator state:
 ADC-Bolt (ADD+ADD, 70.3 Gbit/s)




***********************************************************
HOST = LAPTOP-JUCO3OMC, CYGWIN_NT-10.0-26200

ADC-Bolt


sstring_AutoCor test:
-----------------------------------------------
   N =  5,  n = 1000000010,  r = 20,   s = 10,   d = 10


-----------------------------------------------

Kolmogorov-Smirnov+ statistic = D+    :    0.36
p-value of test                       :    0.22

Kolmogorov-Smirnov- statistic = D-    :    0.19
p-value of test                       :    0.63

Anderson-Darling statistic = A2       :    0.79
p-value of test                       :    0.48

Tests on the sum of all N observations
Standardized normal statistic         :   -0.68
p-value of test                       :    0.75

Sample variance                       :    0.52
p-value of test                       :    0.72

-----------------------------------------------
CPU time used                    :  00:00:06.15

Generator state:
 ADC-Bolt (ADD+ADD, 70.3 Gbit/s)





========= Summary results of Crush =========

 Version:          TestU01 1.2.3
 Generator:        ADC-Bolt
 Number of statistics:  144
 Total CPU time:   00:12:45.89

 All tests were passed




============================================================
  Crush completed!
============================================================
