RNG_test using PractRand version 0.96
RNG = RNG_stdin64, seed = unknown
test set = core, folding = standard (64 bit)

rng=RNG_stdin64, seed=unknown
length= 256 megabytes (2^28 bytes), time= 2.1 seconds
  no anomalies in 199 test result(s)

rng=RNG_stdin64, seed=unknown
length= 512 megabytes (2^29 bytes), time= 3.9 seconds
  Test Name                         Raw       Processed     Evaluation       
  [Low16/64]Gap-16:B                R=  +5.0  p =  4.9e-4   unusual          
  [Low4/64]Gap-16:A                 R=  -4.5  p =1-2.6e-4   unusual          
  ...and 211 test result(s) without anomalies

rng=RNG_stdin64, seed=unknown
length= 1 gigabyte (2^30 bytes), time= 7.3 seconds
  no anomalies in 227 test result(s)

rng=RNG_stdin64, seed=unknown
length= 2 gigabytes (2^31 bytes), time= 14.0 seconds
  no anomalies in 242 test result(s)

rng=RNG_stdin64, seed=unknown
length= 4 gigabytes (2^32 bytes), time= 27.5 seconds
  no anomalies in 256 test result(s)

rng=RNG_stdin64, seed=unknown
length= 8 gigabytes (2^33 bytes), time= 53.8 seconds
  no anomalies in 270 test result(s)

rng=RNG_stdin64, seed=unknown
length= 16 gigabytes (2^34 bytes), time= 107 seconds
  no anomalies in 283 test result(s)

rng=RNG_stdin64, seed=unknown
length= 32 gigabytes (2^35 bytes), time= 210 seconds
  no anomalies in 296 test result(s)

rng=RNG_stdin64, seed=unknown
length= 64 gigabytes (2^36 bytes), time= 418 seconds
  no anomalies in 308 test result(s)

rng=RNG_stdin64, seed=unknown
length= 128 gigabytes (2^37 bytes), time= 927 seconds
  no anomalies in 320 test result(s)

rng=RNG_stdin64, seed=unknown
length= 256 gigabytes (2^38 bytes), time= 2040 seconds
  no anomalies in 332 test result(s)

rng=RNG_stdin64, seed=unknown
length= 512 gigabytes (2^39 bytes), time= 4097 seconds
  no anomalies in 343 test result(s)

rng=RNG_stdin64, seed=unknown
length= 1 terabyte (2^40 bytes), time= 8160 seconds
  no anomalies in 354 test result(s)

error reading from file
