RNG_test using PractRand version 0.96
RNG = RNG_stdin64, seed = unknown
test set = core, folding = standard (64 bit)

rng=RNG_stdin64, seed=unknown
length= 1 kilobyte (2^10 bytes), time= 0.0 seconds
  no anomalies in 6 test result(s)

rng=RNG_stdin64, seed=unknown
length= 2 kilobytes (2^11 bytes), time= 0.1 seconds
  no anomalies in 8 test result(s)

rng=RNG_stdin64, seed=unknown
length= 4 kilobytes (2^12 bytes), time= 0.1 seconds
  no anomalies in 19 test result(s)

rng=RNG_stdin64, seed=unknown
length= 8 kilobytes (2^13 bytes), time= 0.2 seconds
  no anomalies in 22 test result(s)

rng=RNG_stdin64, seed=unknown
length= 16 kilobytes (2^14 bytes), time= 0.3 seconds
  Test Name                         Raw       Processed     Evaluation       
  DC6-9x1Bytes-1                    R=  -4.3  p =1-7.7e-3   unusual          
  ...and 35 test result(s) without anomalies

rng=RNG_stdin64, seed=unknown
length= 32 kilobytes (2^15 bytes), time= 0.4 seconds
  no anomalies in 40 test result(s)

rng=RNG_stdin64, seed=unknown
length= 64 kilobytes (2^16 bytes), time= 0.5 seconds
  Test Name                         Raw       Processed     Evaluation       
  [Low16/64]DC6-9x1Bytes-1          R=  +6.3  p =  4.1e-3   unusual          
  ...and 57 test result(s) without anomalies

rng=RNG_stdin64, seed=unknown
length= 128 kilobytes (2^17 bytes), time= 0.7 seconds
  no anomalies in 65 test result(s)

rng=RNG_stdin64, seed=unknown
length= 256 kilobytes (2^18 bytes), time= 0.8 seconds
  no anomalies in 80 test result(s)

rng=RNG_stdin64, seed=unknown
length= 512 kilobytes (2^19 bytes), time= 1.0 seconds
  no anomalies in 88 test result(s)

rng=RNG_stdin64, seed=unknown
length= 1 megabyte (2^20 bytes), time= 1.2 seconds
  no anomalies in 101 test result(s)

rng=RNG_stdin64, seed=unknown
length= 2 megabytes (2^21 bytes), time= 1.4 seconds
  no anomalies in 111 test result(s)

rng=RNG_stdin64, seed=unknown
length= 4 megabytes (2^22 bytes), time= 1.6 seconds
  no anomalies in 124 test result(s)

rng=RNG_stdin64, seed=unknown
length= 8 megabytes (2^23 bytes), time= 1.8 seconds
  no anomalies in 135 test result(s)

rng=RNG_stdin64, seed=unknown
length= 16 megabytes (2^24 bytes), time= 2.0 seconds
  no anomalies in 147 test result(s)

rng=RNG_stdin64, seed=unknown
length= 32 megabytes (2^25 bytes), time= 2.4 seconds
  no anomalies in 159 test result(s)

rng=RNG_stdin64, seed=unknown
length= 64 megabytes (2^26 bytes), time= 2.9 seconds
  no anomalies in 172 test result(s)

rng=RNG_stdin64, seed=unknown
length= 128 megabytes (2^27 bytes), time= 3.8 seconds
  no anomalies in 185 test result(s)

rng=RNG_stdin64, seed=unknown
length= 256 megabytes (2^28 bytes), time= 5.3 seconds
  no anomalies in 199 test result(s)

rng=RNG_stdin64, seed=unknown
length= 512 megabytes (2^29 bytes), time= 8.2 seconds
  no anomalies in 213 test result(s)

rng=RNG_stdin64, seed=unknown
length= 1 gigabyte (2^30 bytes), time= 13.8 seconds
  no anomalies in 227 test result(s)

rng=RNG_stdin64, seed=unknown
length= 2 gigabytes (2^31 bytes), time= 25.0 seconds
  no anomalies in 242 test result(s)

rng=RNG_stdin64, seed=unknown
length= 4 gigabytes (2^32 bytes), time= 47.1 seconds
  Test Name                         Raw       Processed     Evaluation       
  BCFN(2+2,13-0U)                   R=  -7.6  p =1-6.4e-4   unusual          
  ...and 255 test result(s) without anomalies

rng=RNG_stdin64, seed=unknown
length= 8 gigabytes (2^33 bytes), time= 91.9 seconds
  no anomalies in 270 test result(s)

rng=RNG_stdin64, seed=unknown
length= 16 gigabytes (2^34 bytes), time= 181 seconds
  no anomalies in 283 test result(s)

rng=RNG_stdin64, seed=unknown
length= 32 gigabytes (2^35 bytes), time= 373 seconds
  no anomalies in 296 test result(s)

rng=RNG_stdin64, seed=unknown
length= 64 gigabytes (2^36 bytes), time= 783 seconds
  no anomalies in 308 test result(s)

rng=RNG_stdin64, seed=unknown
length= 128 gigabytes (2^37 bytes), time= 1546 seconds
  Test Name                         Raw       Processed     Evaluation       
  DC6-9x1Bytes-1                    R=  +5.8  p =  1.0e-3   unusual          
  ...and 319 test result(s) without anomalies

rng=RNG_stdin64, seed=unknown
length= 256 gigabytes (2^38 bytes), time= 3337 seconds
  no anomalies in 332 test result(s)

rng=RNG_stdin64, seed=unknown
length= 512 gigabytes (2^39 bytes), time= 6350 seconds
  no anomalies in 343 test result(s)

rng=RNG_stdin64, seed=unknown
length= 1 terabyte (2^40 bytes), time= 11853 seconds
  no anomalies in 354 test result(s)

