xxxxxxxxxxxxxxxxxxxxxxxxxxxxxxxxxxxxxxxxxxxxxxxxxxxxxxxxxxx
                 Starting SmallCrush
                 Version: TestU01 1.2.3
xxxxxxxxxxxxxxxxxxxxxxxxxxxxxxxxxxxxxxxxxxxxxxxxxxxxxxxxxxx


***********************************************************
HOST = LAPTOP-JUCO3OMC, CYGWIN_NT-10.0-26200

Dual-Tempest


smarsa_BirthdaySpacings test:
-----------------------------------------------
   N =  1,  n = 5000000,  r =  0,    d = 1073741824,    t = 2,    p = 1


      Number of cells = d^t = 1152921504606846976
      Lambda = Poisson mean =      27.1051


----------------------------------------------------
Total expected number = N*Lambda      :      27.11
Total observed number                 :      31
p-value of test                       :    0.25


-----------------------------------------------
CPU time used                    :  00:00:00.62

Generator state:
 Dual-output Tempest v7\n



***********************************************************
Test sknuth_Collision calling smultin_Multinomial

***********************************************************
HOST = LAPTOP-JUCO3OMC, CYGWIN_NT-10.0-26200

Dual-Tempest


smultin_Multinomial test:
-----------------------------------------------
   N =  1,  n = 5000000,  r =  0,   d = 65536,   t =  2,
       Sparse =   TRUE

       GenerCell = smultin_GenerCellSerial
       Number of cells = d^t =         4294967296
       Expected number per cell =  1 /  858.99346
       EColl = n^2 / (2k) =  2910.383046
       Hashing =   TRUE

       Collision test,    Mu =      2909.2534,    Sigma =    53.8957

-----------------------------------------------
Test Results for Collisions

Expected number of collisions = Mu    :     2909.25
Observed number of collisions         :     2832
p-value of test                       :    0.92

-----------------------------
Total number of cells containing j balls

  j =  0                              :       4289970128
  j =  1                              :          4994336
  j =  2                              :             2832
  j =  3                              :                0
  j =  4                              :                0
  j =  5                              :                0

-----------------------------------------------
CPU time used                    :  00:00:00.70

Generator state:
 Dual-output Tempest v7\n



***********************************************************
HOST = LAPTOP-JUCO3OMC, CYGWIN_NT-10.0-26200

Dual-Tempest


sknuth_Gap test:
-----------------------------------------------
   N =  1,  n = 200000,  r = 22,   Alpha =        0,   Beta  = 0.00390625


-----------------------------------------------
Number of degrees of freedom          : 1114
Chi-square statistic                  : 1135.76
p-value of test                       :    0.32

-----------------------------------------------
CPU time used                    :  00:00:00.28

Generator state:
 Dual-output Tempest v7\n



***********************************************************
HOST = LAPTOP-JUCO3OMC, CYGWIN_NT-10.0-26200

Dual-Tempest


sknuth_SimpPoker test:
-----------------------------------------------
   N =  1,  n = 400000,  r = 24,   d =   64,   k =   64


-----------------------------------------------
Number of degrees of freedom          :   19
Chi-square statistic                  :   16.72
p-value of test                       :    0.61

-----------------------------------------------
CPU time used                    :  00:00:00.29

Generator state:
 Dual-output Tempest v7\n



***********************************************************
HOST = LAPTOP-JUCO3OMC, CYGWIN_NT-10.0-26200

Dual-Tempest


sknuth_CouponCollector test:
-----------------------------------------------
   N =  1,  n = 500000,  r = 26,   d =   16


-----------------------------------------------
Number of degrees of freedom          :   44
Chi-square statistic                  :   44.78
p-value of test                       :    0.44

-----------------------------------------------
CPU time used                    :  00:00:00.25

Generator state:
 Dual-output Tempest v7\n



***********************************************************
HOST = LAPTOP-JUCO3OMC, CYGWIN_NT-10.0-26200

Dual-Tempest


sknuth_MaxOft test:
-----------------------------------------------
   N =  1,  n = 2000000,  r =  0,   d = 100000,   t =  6

      Number of categories = 100000
      Expected number per category  = 20.00


-----------------------------------------------
Number of degrees of freedom          : 99999
Chi-square statistic                  :99966.70
p-value of test                       :    0.53


-----------------------------------------------
Anderson-Darling statistic            :    0.29
p-value of test                       :    0.71


-----------------------------------------------
CPU time used                    :  00:00:00.29

Generator state:
 Dual-output Tempest v7\n



***********************************************************
HOST = LAPTOP-JUCO3OMC, CYGWIN_NT-10.0-26200

Dual-Tempest


svaria_WeightDistrib test:
-----------------------------------------------
   N =  1,  n = 200000,  r = 27,  k = 256,  Alpha =      0,  Beta =  0.125


-----------------------------------------------
Number of degrees of freedom          :   41
Chi-square statistic                  :   41.47
p-value of test                       :    0.45

-----------------------------------------------
CPU time used                    :  00:00:00.26

Generator state:
 Dual-output Tempest v7\n



***********************************************************
HOST = LAPTOP-JUCO3OMC, CYGWIN_NT-10.0-26200

Dual-Tempest


smarsa_MatrixRank test:
-----------------------------------------------
   N =  1,  n = 20000,  r = 20,    s = 10,    L = 60,    k = 60


-----------------------------------------------
Number of degrees of freedom          :    3
Chi-square statistic                  :    7.21
p-value of test                       :    0.07

-----------------------------------------------
CPU time used                    :  00:00:00.23

Generator state:
 Dual-output Tempest v7\n



***********************************************************
HOST = LAPTOP-JUCO3OMC, CYGWIN_NT-10.0-26200

Dual-Tempest


sstring_HammingIndep test:
-----------------------------------------------
   N =  1,  n = 500000,  r = 20,   s = 10,   L = 300,   d = 0



Counters with expected numbers >= 10
-----------------------------------------------
Number of degrees of freedom          : 2209
Chi-square statistic                  : 2301.07
p-value of test                       :    0.08

-----------------------------------------------
CPU time used                    :  00:00:00.40

Generator state:
 Dual-output Tempest v7\n



***********************************************************
HOST = LAPTOP-JUCO3OMC, CYGWIN_NT-10.0-26200

Dual-Tempest


swalk_RandomWalk1 test:
-----------------------------------------------
   N =  1,  n = 1000000,  r =  0,   s = 30,   L0 =  150,   L1 =  150



-----------------------------------------------
Test on the values of the Statistic H

Number of degrees of freedom          :   52
ChiSquare statistic                   :   61.61
p-value of test                       :    0.17


-----------------------------------------------
Test on the values of the Statistic M

Number of degrees of freedom          :   52
ChiSquare statistic                   :   70.13
p-value of test                       :    0.05


-----------------------------------------------
Test on the values of the Statistic J

Number of degrees of freedom          :   75
ChiSquare statistic                   :   89.58
p-value of test                       :    0.12


-----------------------------------------------
Test on the values of the Statistic R

Number of degrees of freedom          :   44
ChiSquare statistic                   :   43.62
p-value of test                       :    0.49


-----------------------------------------------
Test on the values of the Statistic C

Number of degrees of freedom          :   26
ChiSquare statistic                   :   19.98
p-value of test                       :    0.79


-----------------------------------------------
CPU time used                    :  00:00:00.39

Generator state:
 Dual-output Tempest v7\n




========= Summary results of SmallCrush =========

 Version:          TestU01 1.2.3
 Generator:        Dual-Tempest
 Number of statistics:  15
 Total CPU time:   00:00:03.78

 All tests were passed



