=== ADC-Bolt SmallCrush ===
xxxxxxxxxxxxxxxxxxxxxxxxxxxxxxxxxxxxxxxxxxxxxxxxxxxxxxxxxxx
                 Starting SmallCrush
                 Version: TestU01 1.2.3
xxxxxxxxxxxxxxxxxxxxxxxxxxxxxxxxxxxxxxxxxxxxxxxxxxxxxxxxxxx


***********************************************************
HOST = LAPTOP-JUCO3OMC, CYGWIN_NT-10.0-26200

ADC-Bolt


smarsa_BirthdaySpacings test:
-----------------------------------------------
   N =  1,  n = 5000000,  r =  0,    d = 1073741824,    t = 2,    p = 1


      Number of cells = d^t = 1152921504606846976
      Lambda = Poisson mean =      27.1051


----------------------------------------------------
Total expected number = N*Lambda      :      27.11
Total observed number                 :      30
p-value of test                       :    0.31


-----------------------------------------------
CPU time used                    :  00:00:00.59

Generator state:
 ADC-Bolt\n



***********************************************************
Test sknuth_Collision calling smultin_Multinomial

***********************************************************
HOST = LAPTOP-JUCO3OMC, CYGWIN_NT-10.0-26200

ADC-Bolt


smultin_Multinomial test:
-----------------------------------------------
   N =  1,  n = 5000000,  r =  0,   d = 65536,   t =  2,
       Sparse =   TRUE

       GenerCell = smultin_GenerCellSerial
       Number of cells = d^t =         4294967296
       Expected number per cell =  1 /  858.99346
       EColl = n^2 / (2k) =  2910.383046
       Hashing =   TRUE

       Collision test,    Mu =      2909.2534,    Sigma =    53.8957

-----------------------------------------------
Test Results for Collisions

Expected number of collisions = Mu    :     2909.25
Observed number of collisions         :     2912
p-value of test                       :    0.48

-----------------------------
Total number of cells containing j balls

  j =  0                              :       4289970208
  j =  1                              :          4994178
  j =  2                              :             2908
  j =  3                              :                2
  j =  4                              :                0
  j =  5                              :                0

-----------------------------------------------
CPU time used                    :  00:00:00.51

Generator state:
 ADC-Bolt\n



***********************************************************
HOST = LAPTOP-JUCO3OMC, CYGWIN_NT-10.0-26200

ADC-Bolt


sknuth_Gap test:
-----------------------------------------------
   N =  1,  n = 200000,  r = 22,   Alpha =        0,   Beta  = 0.00390625


-----------------------------------------------
Number of degrees of freedom          : 1114
Chi-square statistic                  : 1112.33
p-value of test                       :    0.51

-----------------------------------------------
CPU time used                    :  00:00:00.18

Generator state:
 ADC-Bolt\n



***********************************************************
HOST = LAPTOP-JUCO3OMC, CYGWIN_NT-10.0-26200

ADC-Bolt


sknuth_SimpPoker test:
-----------------------------------------------
   N =  1,  n = 400000,  r = 24,   d =   64,   k =   64


-----------------------------------------------
Number of degrees of freedom          :   19
Chi-square statistic                  :   17.82
p-value of test                       :    0.53

-----------------------------------------------
CPU time used                    :  00:00:00.21

Generator state:
 ADC-Bolt\n



***********************************************************
HOST = LAPTOP-JUCO3OMC, CYGWIN_NT-10.0-26200

ADC-Bolt


sknuth_CouponCollector test:
-----------------------------------------------
   N =  1,  n = 500000,  r = 26,   d =   16


-----------------------------------------------
Number of degrees of freedom          :   44
Chi-square statistic                  :   47.83
p-value of test                       :    0.32

-----------------------------------------------
CPU time used                    :  00:00:00.17

Generator state:
 ADC-Bolt\n



***********************************************************
HOST = LAPTOP-JUCO3OMC, CYGWIN_NT-10.0-26200

ADC-Bolt


sknuth_MaxOft test:
-----------------------------------------------
   N =  1,  n = 2000000,  r =  0,   d = 100000,   t =  6

      Number of categories = 100000
      Expected number per category  = 20.00


-----------------------------------------------
Number of degrees of freedom          : 99999
Chi-square statistic                  :99620.20
p-value of test                       :    0.80


-----------------------------------------------
Anderson-Darling statistic            :    0.61
p-value of test                       :    0.39


-----------------------------------------------
CPU time used                    :  00:00:00.25

Generator state:
 ADC-Bolt\n



***********************************************************
HOST = LAPTOP-JUCO3OMC, CYGWIN_NT-10.0-26200

ADC-Bolt


svaria_WeightDistrib test:
-----------------------------------------------
   N =  1,  n = 200000,  r = 27,  k = 256,  Alpha =      0,  Beta =  0.125


-----------------------------------------------
Number of degrees of freedom          :   41
Chi-square statistic                  :   36.74
p-value of test                       :    0.66

-----------------------------------------------
CPU time used                    :  00:00:00.18

Generator state:
 ADC-Bolt\n



***********************************************************
HOST = LAPTOP-JUCO3OMC, CYGWIN_NT-10.0-26200

ADC-Bolt


smarsa_MatrixRank test:
-----------------------------------------------
   N =  1,  n = 20000,  r = 20,    s = 10,    L = 60,    k = 60


-----------------------------------------------
Number of degrees of freedom          :    3
Chi-square statistic                  :    2.26
p-value of test                       :    0.52

-----------------------------------------------
CPU time used                    :  00:00:00.23

Generator state:
 ADC-Bolt\n



***********************************************************
HOST = LAPTOP-JUCO3OMC, CYGWIN_NT-10.0-26200

ADC-Bolt


sstring_HammingIndep test:
-----------------------------------------------
   N =  1,  n = 500000,  r = 20,   s = 10,   L = 300,   d = 0



Counters with expected numbers >= 10
-----------------------------------------------
Number of degrees of freedom          : 2209
Chi-square statistic                  : 2275.82
p-value of test                       :    0.16

-----------------------------------------------
CPU time used                    :  00:00:00.26

Generator state:
 ADC-Bolt\n



***********************************************************
HOST = LAPTOP-JUCO3OMC, CYGWIN_NT-10.0-26200

ADC-Bolt


swalk_RandomWalk1 test:
-----------------------------------------------
   N =  1,  n = 1000000,  r =  0,   s = 30,   L0 =  150,   L1 =  150



-----------------------------------------------
Test on the values of the Statistic H

Number of degrees of freedom          :   52
ChiSquare statistic                   :   61.10
p-value of test                       :    0.18


-----------------------------------------------
Test on the values of the Statistic M

Number of degrees of freedom          :   52
ChiSquare statistic                   :   54.07
p-value of test                       :    0.40


-----------------------------------------------
Test on the values of the Statistic J

Number of degrees of freedom          :   75
ChiSquare statistic                   :   81.24
p-value of test                       :    0.29


-----------------------------------------------
Test on the values of the Statistic R

Number of degrees of freedom          :   44
ChiSquare statistic                   :   48.89
p-value of test                       :    0.28


-----------------------------------------------
Test on the values of the Statistic C

Number of degrees of freedom          :   26
ChiSquare statistic                   :   18.48
p-value of test                       :    0.86


-----------------------------------------------
CPU time used                    :  00:00:00.35

Generator state:
 ADC-Bolt\n




========= Summary results of SmallCrush =========

 Version:          TestU01 1.2.3
 Generator:        ADC-Bolt
 Number of statistics:  15
 Total CPU time:   00:00:03.01

 All tests were passed



